#
# There is insufficient memory for the Java Runtime Environment to continue.
# Native memory allocation (mmap) failed to map 266338304 bytes for Failed to commit area from 0x00000000e0000000 to 0x00000000efe00000 of length 266338304.
# Possible reasons:
#   The system is out of physical RAM or swap space
#   The process is running with CompressedOops enabled, and the Java Heap may be blocking the growth of the native heap
# Possible solutions:
#   Reduce memory load on the system
#   Increase physical memory or swap space
#   Check if swap backing store is full
#   Decrease Java heap size (-Xmx/-Xms)
#   Decrease number of Java threads
#   Decrease Java thread stack sizes (-Xss)
#   Set larger code cache with -XX:ReservedCodeCacheSize=
# This output file may be truncated or incomplete.
#
#  Out of Memory Error (./src/hotspot/os/windows/os_windows.cpp:3386), pid=17216, tid=13288
#
# JRE version:  (11.0.18+10) (build )
# Java VM: OpenJDK 64-Bit Server VM (11.0.18+10-LTS, mixed mode, sharing, tiered, compressed oops, g1 gc, windows-amd64)
# No core dump will be written. Minidumps are not enabled by default on client versions of Windows
#

---------------  S U M M A R Y ------------

Command Line: -Dorg.gradle.internal.worker.tmpdir=C:\Users\Administrator\Desktop\seb42_main_003-backend\server\build\tmp\test\work -Dorg.gradle.native=false -Xmx512m -Dfile.encoding=x-windows-949 -Duser.country=KR -Duser.language=ko -Duser.variant -ea worker.org.gradle.process.internal.worker.GradleWorkerMain 'Gradle Test Executor 27'

Host: 12th Gen Intel(R) Core(TM) i5-12400F, 12 cores, 15G,  Windows 10 , 64 bit Build 19041 (10.0.19041.2364)
Time: Tue Mar 28 23:38:18 2023  Windows 10 , 64 bit Build 19041 (10.0.19041.2364) elapsed time: 0.011397 seconds (0d 0h 0m 0s)

---------------  T H R E A D  ---------------

Current thread (0x0000027c3cc9c000):  JavaThread "Unknown thread" [_thread_in_vm, id=13288, stack(0x000000f94eb00000,0x000000f94ec00000)]

Stack: [0x000000f94eb00000,0x000000f94ec00000]
Native frames: (J=compiled Java code, j=interpreted, Vv=VM code, C=native code)
V  [jvm.dll+0x62bdca]
V  [jvm.dll+0x7b9bc9]
V  [jvm.dll+0x7bb2b8]
V  [jvm.dll+0x7bb993]
V  [jvm.dll+0x253258]
V  [jvm.dll+0x6290ca]
V  [jvm.dll+0x61d685]
V  [jvm.dll+0x30e45c]
V  [jvm.dll+0x30e2e2]
V  [jvm.dll+0x312ff6]
V  [jvm.dll+0x35ab4f]
V  [jvm.dll+0x35a580]
V  [jvm.dll+0x2eac58]
V  [jvm.dll+0x2ebdb6]
V  [jvm.dll+0x793b77]
V  [jvm.dll+0x795301]
V  [jvm.dll+0x367989]
V  [jvm.dll+0x776a10]
V  [jvm.dll+0x3d94df]
V  [jvm.dll+0x3db871]
C  [jli.dll+0x5207]
C  [ucrtbase.dll+0x21bb2]
C  [KERNEL32.DLL+0x17614]
C  [ntdll.dll+0x526a1]


---------------  P R O C E S S  ---------------

Threads class SMR info:
_java_thread_list=0x0000027c3aa29ae0, length=0, elements={
}

Java Threads: ( => current thread )

Other Threads:
  0x0000027c3ccb1800 GCTaskThread "GC Thread#0" [stack: 0x000000f94ec00000,0x000000f94ed00000] [id=8312]
  0x0000027c3ccc7000 ConcurrentGCThread "G1 Main Marker" [stack: 0x000000f94ed00000,0x000000f94ee00000] [id=11396]
  0x0000027c3ccc8800 ConcurrentGCThread "G1 Conc#0" [stack: 0x000000f94ee00000,0x000000f94ef00000] [id=1960]

[error occurred during error reporting (printing all threads), id 0xc0000005, EXCEPTION_ACCESS_VIOLATION (0xc0000005) at pc=0x00007ffc030aaa87]

VM state:not at safepoint (not fully initialized)

VM Mutex/Monitor currently owned by a thread:  ([mutex/lock_event])
[0x0000027c3cc95ec0] Heap_lock - owner thread: 0x0000027c3cc9c000

Heap address: 0x00000000e0000000, size: 512 MB, Compressed Oops mode: Non-zero based: 0x00000000e0000000
Narrow klass base: 0x0000000000000000, Narrow klass shift: 0

GC Heap History (0 events):
No events

Deoptimization events (0 events):
No events

Classes redefined (0 events):
No events

Internal exceptions (0 events):
No events

Events (1 events):
Event: 0.008 Loaded shared library C:\Program Files\Zulu\zulu-11\bin\zip.dll


Dynamic libraries:
0x00007ff715f50000 - 0x00007ff715f5d000 	C:\Program Files\Zulu\zulu-11\bin\java.exe
0x00007ffc43990000 - 0x00007ffc43b88000 	C:\Windows\SYSTEM32\ntdll.dll
0x00007ffc43810000 - 0x00007ffc438cf000 	C:\Windows\System32\KERNEL32.DLL
0x00007ffc413a0000 - 0x00007ffc41672000 	C:\Windows\System32\KERNELBASE.dll
0x00007ffc41110000 - 0x00007ffc41210000 	C:\Windows\System32\ucrtbase.dll
0x00007ffc2c5e0000 - 0x00007ffc2c5f7000 	C:\Program Files\Zulu\zulu-11\bin\jli.dll
0x00007ffc2ae50000 - 0x00007ffc2ae65000 	C:\Program Files\Zulu\zulu-11\bin\VCRUNTIME140.dll
0x00007ffc41aa0000 - 0x00007ffc41c41000 	C:\Windows\System32\USER32.dll
0x00007ffc419a0000 - 0x00007ffc419c2000 	C:\Windows\System32\win32u.dll
0x00007ffc43650000 - 0x00007ffc4367b000 	C:\Windows\System32\GDI32.dll
0x00007ffc41290000 - 0x00007ffc4139f000 	C:\Windows\System32\gdi32full.dll
0x00007ffc41680000 - 0x00007ffc4171d000 	C:\Windows\System32\msvcp_win.dll
0x00007ffc316c0000 - 0x00007ffc3195a000 	C:\Windows\WinSxS\amd64_microsoft.windows.common-controls_6595b64144ccf1df_6.0.19041.1110_none_60b5254171f9507e\COMCTL32.dll
0x00007ffc41c50000 - 0x00007ffc41cee000 	C:\Windows\System32\msvcrt.dll
0x00007ffc43110000 - 0x00007ffc43142000 	C:\Windows\System32\IMM32.DLL
0x00007ffc16aa0000 - 0x00007ffc16b3b000 	C:\Program Files\Zulu\zulu-11\bin\msvcp140.dll
0x00007ffc02db0000 - 0x00007ffc03946000 	C:\Program Files\Zulu\zulu-11\bin\server\jvm.dll
0x00007ffc42c30000 - 0x00007ffc42cde000 	C:\Windows\System32\ADVAPI32.dll
0x00007ffc421f0000 - 0x00007ffc4228c000 	C:\Windows\System32\sechost.dll
0x00007ffc41d00000 - 0x00007ffc41e25000 	C:\Windows\System32\RPCRT4.dll
0x00007ffc41cf0000 - 0x00007ffc41cf8000 	C:\Windows\System32\PSAPI.DLL
0x00007ffc3ae50000 - 0x00007ffc3ae5a000 	C:\Windows\SYSTEM32\VERSION.dll
0x00007ffc35920000 - 0x00007ffc35947000 	C:\Windows\SYSTEM32\WINMM.dll
0x00007ffc3e8f0000 - 0x00007ffc3e8f9000 	C:\Windows\SYSTEM32\WSOCK32.dll
0x00007ffc430a0000 - 0x00007ffc4310b000 	C:\Windows\System32\WS2_32.dll
0x00007ffc3ef20000 - 0x00007ffc3ef32000 	C:\Windows\SYSTEM32\kernel.appcore.dll
0x00007ffc2c950000 - 0x00007ffc2c960000 	C:\Program Files\Zulu\zulu-11\bin\verify.dll
0x00007ffc32480000 - 0x00007ffc32664000 	C:\Windows\SYSTEM32\DBGHELP.DLL
0x00007ffc2cbc0000 - 0x00007ffc2cbf5000 	C:\Windows\SYSTEM32\dbgcore.DLL
0x00007ffc41080000 - 0x00007ffc41102000 	C:\Windows\System32\bcryptPrimitives.dll
0x00007ffc2acd0000 - 0x00007ffc2acf8000 	C:\Program Files\Zulu\zulu-11\bin\java.dll
0x00007ffc2c450000 - 0x00007ffc2c45a000 	C:\Program Files\Zulu\zulu-11\bin\jimage.dll
0x00007ffc27700000 - 0x00007ffc27718000 	C:\Program Files\Zulu\zulu-11\bin\zip.dll

dbghelp: loaded successfully - version: 4.0.5 - missing functions: none
symbol engine: initialized successfully - sym options: 0x614 - pdb path: .;C:\Program Files\Zulu\zulu-11\bin;C:\Windows\SYSTEM32;C:\Windows\WinSxS\amd64_microsoft.windows.common-controls_6595b64144ccf1df_6.0.19041.1110_none_60b5254171f9507e;C:\Program Files\Zulu\zulu-11\bin\server

VM Arguments:
jvm_args: -Dorg.gradle.internal.worker.tmpdir=C:\Users\Administrator\Desktop\seb42_main_003-backend\server\build\tmp\test\work -Dorg.gradle.native=false -Xmx512m -Dfile.encoding=x-windows-949 -Duser.country=KR -Duser.language=ko -Duser.variant -ea 
java_command: worker.org.gradle.process.internal.worker.GradleWorkerMain 'Gradle Test Executor 27'
java_class_path (initial): C:\\Users\\Administrator\\.gradle\\caches\\7.6.1\\workerMain\\gradle-worker.jar;C:\\Users\\Administrator\\Desktop\\seb42_main_003-backend\\server\\build\\classes\\java\\test;C:\\Users\\Administrator\\Desktop\\seb42_main_003-backend\\server\\build\\resources\\test;C:\\Users\\Administrator\\Desktop\\seb42_main_003-backend\\server\\build\\classes\\java\\main;C:\\Users\\Administrator\\Desktop\\seb42_main_003-backend\\server\\build\\resources\\main;C:\\Users\\Administrator\\.gradle\\caches\\modules-2\\files-2.1\\org.springframework.boot\\spring-boot-starter-data-jpa\\2.7.9\\5af4a206fd4eaac881b7d96ca1ef19b2111a355c\\spring-boot-starter-data-jpa-2.7.9.jar;C:\\Users\\Administrator\\.gradle\\caches\\modules-2\\files-2.1\\org.springframework.boot\\spring-boot-starter-validation\\2.7.9\\7cfc9801c13eefd3d20499c2371d921eb11c328\\spring-boot-starter-validation-2.7.9.jar;C:\\Users\\Administrator\\.gradle\\caches\\modules-2\\files-2.1\\org.springframework.boot\\spring-boot-starter-security\\2.7.9\\ca8e422a56493e99a7c8c9d56d92091256d9fed7\\spring-boot-starter-security-2.7.9.jar;C:\\Users\\Administrator\\.gradle\\caches\\modules-2\\files-2.1\\org.springframework.boot\\spring-boot-starter-web\\2.7.9\\e745a069e2b7ca51e378fcbc397d14dd82178199\\spring-boot-starter-web-2.7.9.jar;C:\\Users\\Administrator\\.gradle\\caches\\modules-2\\files-2.1\\org.springframework.boot\\spring-boot-starter-data-redis\\2.7.9\\7aa0e971c046ade09793b1f1b1af26a5ef24cbf2\\spring-boot-starter-data-redis-2.7.9.jar;C:\\Users\\Administrator\\.gradle\\caches\\modules-2\\files-2.1\\org.springframework.boot\\spring-boot-starter-oauth2-client\\2.7.9\\f4549de02f690218f5f649c3653ffe186e304a33\\spring-boot-starter-oauth2-client-2.7.9.jar;C:\\Users\\Administrator\\.gradle\\caches\\modules-2\\files-2.1\\org.apache.httpcomponents.client5\\httpclient5\\5.2.1\\c900514d3446d9ce5d9dbd90c21192048125440\\httpclient5-5.2.1.jar;C:\\Users\\Administrator\\.gradle\\caches\\modules-2\\files-2.1\\org.mapstruct\
Launcher Type: SUN_STANDARD

[Global flags]
     intx CICompilerCount                          = 4                                         {product} {ergonomic}
     uint ConcGCThreads                            = 3                                         {product} {ergonomic}
     uint G1ConcRefinementThreads                  = 10                                        {product} {ergonomic}
   size_t G1HeapRegionSize                         = 1048576                                   {product} {ergonomic}
    uintx GCDrainStackTargetSize                   = 64                                        {product} {ergonomic}
   size_t InitialHeapSize                          = 266338304                                 {product} {ergonomic}
   size_t MarkStackSize                            = 4194304                                   {product} {ergonomic}
   size_t MaxHeapSize                              = 536870912                                 {product} {command line}
   size_t MinHeapDeltaBytes                        = 1048576                                   {product} {ergonomic}
    uintx NonNMethodCodeHeapSize                   = 5836300                                {pd product} {ergonomic}
    uintx NonProfiledCodeHeapSize                  = 122910970                              {pd product} {ergonomic}
    uintx ProfiledCodeHeapSize                     = 122910970                              {pd product} {ergonomic}
    uintx ReservedCodeCacheSize                    = 251658240                              {pd product} {ergonomic}
     bool SegmentedCodeCache                       = true                                      {product} {ergonomic}
     bool UseCompressedClassPointers               = true                                 {lp64_product} {ergonomic}
     bool UseCompressedOops                        = true                                 {lp64_product} {ergonomic}
     bool UseG1GC                                  = true                                      {product} {ergonomic}
     bool UseLargePagesIndividualAllocation        = false                                  {pd product} {ergonomic}

Logging:
Log output configuration:
 #0: stdout all=warning uptime,level,tags
 #1: stderr all=off uptime,level,tags

Environment Variables:
JAVA_HOME=C:\Program Files\Zulu\zulu-11
JRE_HOME=C:\Program Files\Zulu\zulu-11\jre\
CLASSPATH=C:\Program Files\Zulu\zulu-11\lib
PATH=C:\Program Files\Zulu\zulu-11\bin\;C:\Windows\system32;C:\Windows;C:\Windows\system32;C:\Windows;C:\Program Files (x86)\NAT Service;C:\Windows\system32;C:\Windows;C:\Windows\System32\Wbem;C:\Windows\System32\WindowsPowerShell\v1.0\;C:\Windows\System32\OpenSSH\;C:\Program Files\Bandizip\;C:\Program Files\Zulu\zulu-11\bin;C:\Program Files (x86)\NVIDIA Corporation\PhysX\Common;C:\Program Files\NVIDIA Corporation\NVIDIA NvDLISR;C:\Program Files\dotnet\;C:\Program Files\Git\cmd;C:\Apache24\bin;C:\Program Files\PuTTY\;C:\Users\Administrator\AppData\Local\Microsoft\WindowsApps;
USERNAME=Administrator
OS=Windows_NT
PROCESSOR_IDENTIFIER=Intel64 Family 6 Model 151 Stepping 5, GenuineIntel
TMP=C:\Users\ADMINI~1\AppData\Local\Temp
TEMP=C:\Users\ADMINI~1\AppData\Local\Temp



---------------  S Y S T E M  ---------------

OS: Windows 10 , 64 bit Build 19041 (10.0.19041.2364)
OS uptime: 0 days 14:57 hours
Hyper-V role detected

CPU:total 12 (initial active 12) (6 cores per cpu, 2 threads per core) family 6 model 151 stepping 5 microcode 0x1a, cmov, cx8, fxsr, mmx, sse, sse2, sse3, ssse3, sse4.1, sse4.2, popcnt, avx, avx2, aes, clmul, erms, 3dnowpref, lzcnt, ht, tsc, tscinvbit, bmi1, bmi2, adx, sha, fma

Memory: 4k page, system-wide physical 16243M (4880M free)
TotalPageFile size 19169M (AvailPageFile size 136M)
current process WorkingSet (physical memory assigned to process): 10M, peak: 10M
current process commit charge ("private bytes"): 63M, peak: 317M

vm_info: OpenJDK 64-Bit Server VM (11.0.18+10-LTS) for windows-amd64 JRE (Zulu11.62+17-CA) (11.0.18+10-LTS), built on Jan  4 2023 15:02:54 by "zulu_re" with MS VC++ 15.9 (VS2017)

END.
