#
# There is insufficient memory for the Java Runtime Environment to continue.
# Native memory allocation (mmap) failed to map 53477376 bytes for Failed to commit area from 0x0000000712000000 to 0x0000000715300000 of length 53477376.
# Possible reasons:
#   The system is out of physical RAM or swap space
#   The process is running with CompressedOops enabled, and the Java Heap may be blocking the growth of the native heap
# Possible solutions:
#   Reduce memory load on the system
#   Increase physical memory or swap space
#   Check if swap backing store is full
#   Decrease Java heap size (-Xmx/-Xms)
#   Decrease number of Java threads
#   Decrease Java thread stack sizes (-Xss)
#   Set larger code cache with -XX:ReservedCodeCacheSize=
#   JVM is running with Zero Based Compressed Oops mode in which the Java heap is
#     placed in the first 32GB address space. The Java Heap base address is the
#     maximum limit for the native heap growth. Please use -XX:HeapBaseMinAddress
#     to set the Java Heap base and to place the Java Heap above 32GB virtual address.
# This output file may be truncated or incomplete.
#
#  Out of Memory Error (./src/hotspot/os/windows/os_windows.cpp:3386), pid=17704, tid=8280
#
# JRE version: OpenJDK Runtime Environment Zulu11.62+17-CA (11.0.18+10) (build 11.0.18+10-LTS)
# Java VM: OpenJDK 64-Bit Server VM Zulu11.62+17-CA (11.0.18+10-LTS, mixed mode, tiered, compressed oops, g1 gc, windows-amd64)
# No core dump will be written. Minidumps are not enabled by default on client versions of Windows
#

---------------  S U M M A R Y ------------

Command Line: -javaagent:C:\Program Files\JetBrains\IntelliJ IDEA Community Edition 2022.3.2\lib\idea_rt.jar=49881:C:\Program Files\JetBrains\IntelliJ IDEA Community Edition 2022.3.2\bin -Dfile.encoding=UTF-8 com.project.chamong.ChamongApplication

Host: 12th Gen Intel(R) Core(TM) i5-12400F, 12 cores, 15G,  Windows 10 , 64 bit Build 19041 (10.0.19041.2364)
Time: Mon Mar 27 21:11:22 2023  Windows 10 , 64 bit Build 19041 (10.0.19041.2364) elapsed time: 3.368055 seconds (0d 0h 0m 3s)

---------------  T H R E A D  ---------------

Current thread (0x00000188a8f18000):  VMThread "VM Thread" [stack: 0x0000004191300000,0x0000004191400000] [id=8280]

Stack: [0x0000004191300000,0x0000004191400000]
[error occurred during error reporting (printing stack bounds), id 0xc0000005, EXCEPTION_ACCESS_VIOLATION (0xc0000005) at pc=0x000001888d55112d]

Native frames: (J=compiled Java code, j=interpreted, Vv=VM code, C=native code)
V  [jvm.dll+0x62bdca]
V  [jvm.dll+0x7b9bc9]
V  [jvm.dll+0x7bb2b8]
V  [jvm.dll+0x7bb8f5]
V  [jvm.dll+0x7bb8ab]
V  [jvm.dll+0x62b157]
V  [jvm.dll+0x62b868]
C  [ntdll.dll+0xa241f]
C  [ntdll.dll+0x514a4]
C  [ntdll.dll+0xa0f4e]
C  0x000001888d55112d

VM_Operation (0x0000004190df9d50): G1CollectForAllocation, mode: safepoint, requested by thread 0x0000018884d4e000


---------------  P R O C E S S  ---------------

Threads class SMR info:
_java_thread_list=0x00000188ae561fd0, length=17, elements={
0x0000018884d4e000, 0x00000188a8f1c000, 0x00000188a8f1d800, 0x00000188a9836800,
0x00000188a9837800, 0x00000188a9839000, 0x00000188a9843800, 0x00000188a9845800,
0x00000188a985f800, 0x00000188a99db800, 0x00000188aa034000, 0x00000188a9a28800,
0x00000188aa563800, 0x00000188ae626000, 0x00000188ae627000, 0x00000188ae625800,
0x00000188ae628800
}

Java Threads: ( => current thread )
  0x0000018884d4e000 JavaThread "main" [_thread_blocked, id=4904, stack(0x0000004190d00000,0x0000004190e00000)]
  0x00000188a8f1c000 JavaThread "Reference Handler" daemon [_thread_blocked, id=4820, stack(0x0000004191400000,0x0000004191500000)]
  0x00000188a8f1d800 JavaThread "Finalizer" daemon [_thread_blocked, id=18600, stack(0x0000004191500000,0x0000004191600000)]
  0x00000188a9836800 JavaThread "Signal Dispatcher" daemon [_thread_blocked, id=7560, stack(0x0000004191600000,0x0000004191700000)]
  0x00000188a9837800 JavaThread "Attach Listener" daemon [_thread_blocked, id=20396, stack(0x0000004191700000,0x0000004191800000)]
  0x00000188a9839000 JavaThread "Service Thread" daemon [_thread_blocked, id=15112, stack(0x0000004191800000,0x0000004191900000)]
  0x00000188a9843800 JavaThread "C2 CompilerThread0" daemon [_thread_blocked, id=1468, stack(0x0000004191900000,0x0000004191a00000)]
  0x00000188a9845800 JavaThread "C1 CompilerThread0" daemon [_thread_blocked, id=16804, stack(0x0000004191a00000,0x0000004191b00000)]
  0x00000188a985f800 JavaThread "Sweeper thread" daemon [_thread_blocked, id=17260, stack(0x0000004191b00000,0x0000004191c00000)]
  0x00000188a99db800 JavaThread "Common-Cleaner" daemon [_thread_blocked, id=11616, stack(0x0000004191c00000,0x0000004191d00000)]
  0x00000188aa034000 JavaThread "Monitor Ctrl-Break" daemon [_thread_in_native, id=19852, stack(0x0000004191e00000,0x0000004191f00000)]
  0x00000188a9a28800 JavaThread "C2 CompilerThread1" daemon [_thread_blocked, id=19016, stack(0x0000004191d00000,0x0000004191e00000)]
  0x00000188aa563800 JavaThread "C2 CompilerThread2" daemon [_thread_in_native, id=19464, stack(0x0000004192000000,0x0000004192100000)]
  0x00000188ae626000 JavaThread "Catalina-utility-1" [_thread_blocked, id=16328, stack(0x0000004192600000,0x0000004192700000)]
  0x00000188ae627000 JavaThread "Catalina-utility-2" [_thread_blocked, id=13116, stack(0x0000004192900000,0x0000004192a00000)]
  0x00000188ae625800 JavaThread "container-0" [_thread_blocked, id=12360, stack(0x0000004192a00000,0x0000004192b00000)]
  0x00000188ae628800 JavaThread "mysql-cj-abandoned-connection-cleanup" daemon [_thread_blocked, id=15448, stack(0x0000004192b00000,0x0000004192c00000)]

Other Threads:
=>0x00000188a8f18000 VMThread "VM Thread" [stack: 0x0000004191300000,0x0000004191400000] [id=8280]
  0x00000188aa037800 WatcherThread [stack: 0x0000004191f00000,0x0000004192000000] [id=20024]
  0x0000018884d64800 GCTaskThread "GC Thread#0" [stack: 0x0000004190e00000,0x0000004190f00000] [id=17836]
  0x00000188aa274000 GCTaskThread "GC Thread#1" [stack: 0x0000004192100000,0x0000004192200000] [id=15848]
  0x00000188aaa25000 GCTaskThread "GC Thread#2" [stack: 0x0000004192200000,0x0000004192300000] [id=18584]
  0x00000188aa512800 GCTaskThread "GC Thread#3" [stack: 0x0000004192300000,0x0000004192400000] [id=11640]
  0x00000188aaf32800 GCTaskThread "GC Thread#4" [stack: 0x0000004192400000,0x0000004192500000] [id=13044]
  0x00000188ab040800 GCTaskThread "GC Thread#5" [stack: 0x0000004192500000,0x0000004192600000] [id=2136]
  0x00000188ae607800 GCTaskThread "GC Thread#6" [stack: 0x0000004192c00000,0x0000004192d00000] [id=13684]
  0x00000188ae612800 GCTaskThread "GC Thread#7" [stack: 0x0000004192d00000,0x0000004192e00000] [id=19968]
  0x0000018884dbb000 ConcurrentGCThread "G1 Main Marker" [stack: 0x0000004190f00000,0x0000004191000000] [id=1528]
  0x0000018884dbf800 ConcurrentGCThread "G1 Conc#0" [stack: 0x0000004191000000,0x0000004191100000] [id=12936]
  0x00000188aafea800 ConcurrentGCThread "G1 Conc#1" [stack: 0x0000004192700000,0x0000004192800000] [id=4088]
  0x00000188ab705800 ConcurrentGCThread "G1 Conc#2" [stack: 0x0000004192800000,0x0000004192900000] [id=11404]
  0x00000188a8df6800 ConcurrentGCThread "G1 Refine#0" [stack: 0x0000004191100000,0x0000004191200000] [id=4816]
  0x00000188a8df8000 ConcurrentGCThread "G1 Young RemSet Sampling" [stack: 0x0000004191200000,0x0000004191300000] [id=14448]

Threads with active compile tasks:
C2 CompilerThread1     3375 4238   !   4       jdk.internal.loader.URLClassPath$JarLoader::checkResource (78 bytes)
C2 CompilerThread2     3375 4203   !   4       jdk.internal.loader.BuiltinClassLoader::findClassOnClassPathOrNull (64 bytes)

VM state:at safepoint (normal execution)

VM Mutex/Monitor currently owned by a thread:  ([mutex/lock_event])
[0x0000018884d49820] Threads_lock - owner thread: 0x00000188a8f18000
[0x0000018884d48aa0] Heap_lock - owner thread: 0x0000018884d4e000

Heap address: 0x0000000702200000, size: 4062 MB, Compressed Oops mode: Zero based, Oop shift amount: 3
Narrow klass base: 0x0000000800000000, Narrow klass shift: 0
Compressed class space size: 1073741824 Address: 0x0000000800000000

Heap:
 garbage-first heap   total 312320K, used 20791K [0x0000000702200000, 0x0000000800000000)
  region size 1024K, 13 young (13312K), 13 survivors (13312K)
 Metaspace       used 51193K, capacity 52475K, committed 52736K, reserved 1095680K
  class space    used 6365K, capacity 6894K, committed 6912K, reserved 1048576K
Heap Regions: E=young(eden), S=young(survivor), O=old, HS=humongous(starts), HC=humongous(continues), CS=collection set, F=free, A=archive, TAMS=top-at-mark-start (previous, next)
|   0|0x0000000702200000, 0x0000000702300000, 0x0000000702300000|100%|HS|  |TAMS 0x0000000702300000, 0x0000000702200000| Complete 
|   1|0x0000000702300000, 0x0000000702400000, 0x0000000702400000|100%| O|  |TAMS 0x0000000702400000, 0x0000000702300000| Untracked 
|   2|0x0000000702400000, 0x0000000702500000, 0x0000000702500000|100%| O|  |TAMS 0x0000000702500000, 0x0000000702400000| Untracked 
|   3|0x0000000702500000, 0x0000000702600000, 0x0000000702600000|100%| O|  |TAMS 0x0000000702600000, 0x0000000702500000| Untracked 
|   4|0x0000000702600000, 0x0000000702700000, 0x0000000702700000|100%| O|  |TAMS 0x0000000702700000, 0x0000000702600000| Untracked 
|   5|0x0000000702700000, 0x0000000702800000, 0x0000000702800000|100%| O|  |TAMS 0x0000000702800000, 0x0000000702700000| Untracked 
|   6|0x0000000702800000, 0x0000000702900000, 0x0000000702900000|100%| O|  |TAMS 0x0000000702900000, 0x0000000702800000| Untracked 
|   7|0x0000000702900000, 0x00000007029af200, 0x0000000702a00000| 68%| O|  |TAMS 0x00000007029af200, 0x0000000702900000| Untracked 
|   8|0x0000000702a00000, 0x0000000702a00000, 0x0000000702b00000|  0%| F|  |TAMS 0x0000000702a00000, 0x0000000702a00000| Untracked 
|   9|0x0000000702b00000, 0x0000000702b00000, 0x0000000702c00000|  0%| F|  |TAMS 0x0000000702b00000, 0x0000000702b00000| Untracked 
|  10|0x0000000702c00000, 0x0000000702c00000, 0x0000000702d00000|  0%| F|  |TAMS 0x0000000702c00000, 0x0000000702c00000| Untracked 
|  11|0x0000000702d00000, 0x0000000702d00000, 0x0000000702e00000|  0%| F|  |TAMS 0x0000000702d00000, 0x0000000702d00000| Untracked 
|  12|0x0000000702e00000, 0x0000000702e00000, 0x0000000702f00000|  0%| F|  |TAMS 0x0000000702e00000, 0x0000000702e00000| Untracked 
|  13|0x0000000702f00000, 0x0000000702f00000, 0x0000000703000000|  0%| F|  |TAMS 0x0000000702f00000, 0x0000000702f00000| Untracked 
|  14|0x0000000703000000, 0x0000000703000000, 0x0000000703100000|  0%| F|  |TAMS 0x0000000703000000, 0x0000000703000000| Untracked 
|  15|0x0000000703100000, 0x0000000703100000, 0x0000000703200000|  0%| F|  |TAMS 0x0000000703100000, 0x0000000703100000| Untracked 
|  16|0x0000000703200000, 0x0000000703200000, 0x0000000703300000|  0%| F|  |TAMS 0x0000000703200000, 0x0000000703200000| Untracked 
|  17|0x0000000703300000, 0x0000000703300000, 0x0000000703400000|  0%| F|  |TAMS 0x0000000703300000, 0x0000000703300000| Untracked 
|  18|0x0000000703400000, 0x0000000703400000, 0x0000000703500000|  0%| F|  |TAMS 0x0000000703400000, 0x0000000703400000| Untracked 
|  19|0x0000000703500000, 0x0000000703500000, 0x0000000703600000|  0%| F|  |TAMS 0x0000000703500000, 0x0000000703500000| Untracked 
|  20|0x0000000703600000, 0x0000000703600000, 0x0000000703700000|  0%| F|  |TAMS 0x0000000703600000, 0x0000000703600000| Untracked 
|  21|0x0000000703700000, 0x0000000703700000, 0x0000000703800000|  0%| F|  |TAMS 0x0000000703700000, 0x0000000703700000| Untracked 
|  22|0x0000000703800000, 0x0000000703800000, 0x0000000703900000|  0%| F|  |TAMS 0x0000000703800000, 0x0000000703800000| Untracked 
|  23|0x0000000703900000, 0x0000000703900000, 0x0000000703a00000|  0%| F|  |TAMS 0x0000000703900000, 0x0000000703900000| Untracked 
|  24|0x0000000703a00000, 0x0000000703a00000, 0x0000000703b00000|  0%| F|  |TAMS 0x0000000703a00000, 0x0000000703a00000| Untracked 
|  25|0x0000000703b00000, 0x0000000703b00000, 0x0000000703c00000|  0%| F|  |TAMS 0x0000000703b00000, 0x0000000703b00000| Untracked 
|  26|0x0000000703c00000, 0x0000000703c00000, 0x0000000703d00000|  0%| F|  |TAMS 0x0000000703c00000, 0x0000000703c00000| Untracked 
|  27|0x0000000703d00000, 0x0000000703d00000, 0x0000000703e00000|  0%| F|  |TAMS 0x0000000703d00000, 0x0000000703d00000| Untracked 
|  28|0x0000000703e00000, 0x0000000703e00000, 0x0000000703f00000|  0%| F|  |TAMS 0x0000000703e00000, 0x0000000703e00000| Untracked 
|  29|0x0000000703f00000, 0x0000000703f00000, 0x0000000704000000|  0%| F|  |TAMS 0x0000000703f00000, 0x0000000703f00000| Untracked 
|  30|0x0000000704000000, 0x0000000704000000, 0x0000000704100000|  0%| F|  |TAMS 0x0000000704000000, 0x0000000704000000| Untracked 
|  31|0x0000000704100000, 0x0000000704100000, 0x0000000704200000|  0%| F|  |TAMS 0x0000000704100000, 0x0000000704100000| Untracked 
|  32|0x0000000704200000, 0x0000000704200000, 0x0000000704300000|  0%| F|  |TAMS 0x0000000704200000, 0x0000000704200000| Untracked 
|  33|0x0000000704300000, 0x0000000704300000, 0x0000000704400000|  0%| F|  |TAMS 0x0000000704300000, 0x0000000704300000| Untracked 
|  34|0x0000000704400000, 0x0000000704400000, 0x0000000704500000|  0%| F|  |TAMS 0x0000000704400000, 0x0000000704400000| Untracked 
|  35|0x0000000704500000, 0x0000000704500000, 0x0000000704600000|  0%| F|  |TAMS 0x0000000704500000, 0x0000000704500000| Untracked 
|  36|0x0000000704600000, 0x0000000704600000, 0x0000000704700000|  0%| F|  |TAMS 0x0000000704600000, 0x0000000704600000| Untracked 
|  37|0x0000000704700000, 0x0000000704700000, 0x0000000704800000|  0%| F|  |TAMS 0x0000000704700000, 0x0000000704700000| Untracked 
|  38|0x0000000704800000, 0x0000000704800000, 0x0000000704900000|  0%| F|  |TAMS 0x0000000704800000, 0x0000000704800000| Untracked 
|  39|0x0000000704900000, 0x0000000704900000, 0x0000000704a00000|  0%| F|  |TAMS 0x0000000704900000, 0x0000000704900000| Untracked 
|  40|0x0000000704a00000, 0x0000000704a00000, 0x0000000704b00000|  0%| F|  |TAMS 0x0000000704a00000, 0x0000000704a00000| Untracked 
|  41|0x0000000704b00000, 0x0000000704b00000, 0x0000000704c00000|  0%| F|  |TAMS 0x0000000704b00000, 0x0000000704b00000| Untracked 
|  42|0x0000000704c00000, 0x0000000704c00000, 0x0000000704d00000|  0%| F|  |TAMS 0x0000000704c00000, 0x0000000704c00000| Untracked 
|  43|0x0000000704d00000, 0x0000000704d00000, 0x0000000704e00000|  0%| F|  |TAMS 0x0000000704d00000, 0x0000000704d00000| Untracked 
|  44|0x0000000704e00000, 0x0000000704e00000, 0x0000000704f00000|  0%| F|  |TAMS 0x0000000704e00000, 0x0000000704e00000| Untracked 
|  45|0x0000000704f00000, 0x0000000704f00000, 0x0000000705000000|  0%| F|  |TAMS 0x0000000704f00000, 0x0000000704f00000| Untracked 
|  46|0x0000000705000000, 0x0000000705000000, 0x0000000705100000|  0%| F|  |TAMS 0x0000000705000000, 0x0000000705000000| Untracked 
|  47|0x0000000705100000, 0x0000000705100000, 0x0000000705200000|  0%| F|  |TAMS 0x0000000705100000, 0x0000000705100000| Untracked 
|  48|0x0000000705200000, 0x0000000705200000, 0x0000000705300000|  0%| F|  |TAMS 0x0000000705200000, 0x0000000705200000| Untracked 
|  49|0x0000000705300000, 0x0000000705300000, 0x0000000705400000|  0%| F|  |TAMS 0x0000000705300000, 0x0000000705300000| Untracked 
|  50|0x0000000705400000, 0x0000000705400000, 0x0000000705500000|  0%| F|  |TAMS 0x0000000705400000, 0x0000000705400000| Untracked 
|  51|0x0000000705500000, 0x0000000705500000, 0x0000000705600000|  0%| F|  |TAMS 0x0000000705500000, 0x0000000705500000| Untracked 
|  52|0x0000000705600000, 0x0000000705600000, 0x0000000705700000|  0%| F|  |TAMS 0x0000000705600000, 0x0000000705600000| Untracked 
|  53|0x0000000705700000, 0x0000000705700000, 0x0000000705800000|  0%| F|  |TAMS 0x0000000705700000, 0x0000000705700000| Untracked 
|  54|0x0000000705800000, 0x0000000705800000, 0x0000000705900000|  0%| F|  |TAMS 0x0000000705800000, 0x0000000705800000| Untracked 
|  55|0x0000000705900000, 0x0000000705900000, 0x0000000705a00000|  0%| F|  |TAMS 0x0000000705900000, 0x0000000705900000| Untracked 
|  56|0x0000000705a00000, 0x0000000705a00000, 0x0000000705b00000|  0%| F|  |TAMS 0x0000000705a00000, 0x0000000705a00000| Untracked 
|  57|0x0000000705b00000, 0x0000000705b00000, 0x0000000705c00000|  0%| F|  |TAMS 0x0000000705b00000, 0x0000000705b00000| Untracked 
|  58|0x0000000705c00000, 0x0000000705c00000, 0x0000000705d00000|  0%| F|  |TAMS 0x0000000705c00000, 0x0000000705c00000| Untracked 
|  59|0x0000000705d00000, 0x0000000705d00000, 0x0000000705e00000|  0%| F|  |TAMS 0x0000000705d00000, 0x0000000705d00000| Untracked 
|  60|0x0000000705e00000, 0x0000000705e00000, 0x0000000705f00000|  0%| F|  |TAMS 0x0000000705e00000, 0x0000000705e00000| Untracked 
|  61|0x0000000705f00000, 0x0000000705f00000, 0x0000000706000000|  0%| F|  |TAMS 0x0000000705f00000, 0x0000000705f00000| Untracked 
|  62|0x0000000706000000, 0x0000000706000000, 0x0000000706100000|  0%| F|  |TAMS 0x0000000706000000, 0x0000000706000000| Untracked 
|  63|0x0000000706100000, 0x0000000706100000, 0x0000000706200000|  0%| F|  |TAMS 0x0000000706100000, 0x0000000706100000| Untracked 
|  64|0x0000000706200000, 0x0000000706200000, 0x0000000706300000|  0%| F|  |TAMS 0x0000000706200000, 0x0000000706200000| Untracked 
|  65|0x0000000706300000, 0x0000000706300000, 0x0000000706400000|  0%| F|  |TAMS 0x0000000706300000, 0x0000000706300000| Untracked 
|  66|0x0000000706400000, 0x0000000706400000, 0x0000000706500000|  0%| F|  |TAMS 0x0000000706400000, 0x0000000706400000| Untracked 
|  67|0x0000000706500000, 0x0000000706500000, 0x0000000706600000|  0%| F|  |TAMS 0x0000000706500000, 0x0000000706500000| Untracked 
|  68|0x0000000706600000, 0x0000000706600000, 0x0000000706700000|  0%| F|  |TAMS 0x0000000706600000, 0x0000000706600000| Untracked 
|  69|0x0000000706700000, 0x0000000706700000, 0x0000000706800000|  0%| F|  |TAMS 0x0000000706700000, 0x0000000706700000| Untracked 
|  70|0x0000000706800000, 0x0000000706800000, 0x0000000706900000|  0%| F|  |TAMS 0x0000000706800000, 0x0000000706800000| Untracked 
|  71|0x0000000706900000, 0x0000000706900000, 0x0000000706a00000|  0%| F|  |TAMS 0x0000000706900000, 0x0000000706900000| Untracked 
|  72|0x0000000706a00000, 0x0000000706a00000, 0x0000000706b00000|  0%| F|  |TAMS 0x0000000706a00000, 0x0000000706a00000| Untracked 
|  73|0x0000000706b00000, 0x0000000706b00000, 0x0000000706c00000|  0%| F|  |TAMS 0x0000000706b00000, 0x0000000706b00000| Untracked 
|  74|0x0000000706c00000, 0x0000000706c00000, 0x0000000706d00000|  0%| F|  |TAMS 0x0000000706c00000, 0x0000000706c00000| Untracked 
|  75|0x0000000706d00000, 0x0000000706d00000, 0x0000000706e00000|  0%| F|  |TAMS 0x0000000706d00000, 0x0000000706d00000| Untracked 
|  76|0x0000000706e00000, 0x0000000706e00000, 0x0000000706f00000|  0%| F|  |TAMS 0x0000000706e00000, 0x0000000706e00000| Untracked 
|  77|0x0000000706f00000, 0x0000000706f00000, 0x0000000707000000|  0%| F|  |TAMS 0x0000000706f00000, 0x0000000706f00000| Untracked 
|  78|0x0000000707000000, 0x0000000707000000, 0x0000000707100000|  0%| F|  |TAMS 0x0000000707000000, 0x0000000707000000| Untracked 
|  79|0x0000000707100000, 0x0000000707100000, 0x0000000707200000|  0%| F|  |TAMS 0x0000000707100000, 0x0000000707100000| Untracked 
|  80|0x0000000707200000, 0x0000000707200000, 0x0000000707300000|  0%| F|  |TAMS 0x0000000707200000, 0x0000000707200000| Untracked 
|  81|0x0000000707300000, 0x0000000707300000, 0x0000000707400000|  0%| F|  |TAMS 0x0000000707300000, 0x0000000707300000| Untracked 
|  82|0x0000000707400000, 0x0000000707400000, 0x0000000707500000|  0%| F|  |TAMS 0x0000000707400000, 0x0000000707400000| Untracked 
|  83|0x0000000707500000, 0x0000000707500000, 0x0000000707600000|  0%| F|  |TAMS 0x0000000707500000, 0x0000000707500000| Untracked 
|  84|0x0000000707600000, 0x0000000707600000, 0x0000000707700000|  0%| F|  |TAMS 0x0000000707600000, 0x0000000707600000| Untracked 
|  85|0x0000000707700000, 0x0000000707700000, 0x0000000707800000|  0%| F|  |TAMS 0x0000000707700000, 0x0000000707700000| Untracked 
|  86|0x0000000707800000, 0x0000000707800000, 0x0000000707900000|  0%| F|  |TAMS 0x0000000707800000, 0x0000000707800000| Untracked 
|  87|0x0000000707900000, 0x0000000707900000, 0x0000000707a00000|  0%| F|  |TAMS 0x0000000707900000, 0x0000000707900000| Untracked 
|  88|0x0000000707a00000, 0x0000000707a00000, 0x0000000707b00000|  0%| F|  |TAMS 0x0000000707a00000, 0x0000000707a00000| Untracked 
|  89|0x0000000707b00000, 0x0000000707b00000, 0x0000000707c00000|  0%| F|  |TAMS 0x0000000707b00000, 0x0000000707b00000| Untracked 
|  90|0x0000000707c00000, 0x0000000707c00000, 0x0000000707d00000|  0%| F|  |TAMS 0x0000000707c00000, 0x0000000707c00000| Untracked 
|  91|0x0000000707d00000, 0x0000000707d00000, 0x0000000707e00000|  0%| F|  |TAMS 0x0000000707d00000, 0x0000000707d00000| Untracked 
|  92|0x0000000707e00000, 0x0000000707e00000, 0x0000000707f00000|  0%| F|  |TAMS 0x0000000707e00000, 0x0000000707e00000| Untracked 
|  93|0x0000000707f00000, 0x0000000707f00000, 0x0000000708000000|  0%| F|  |TAMS 0x0000000707f00000, 0x0000000707f00000| Untracked 
|  94|0x0000000708000000, 0x0000000708000000, 0x0000000708100000|  0%| F|  |TAMS 0x0000000708000000, 0x0000000708000000| Untracked 
|  95|0x0000000708100000, 0x0000000708100000, 0x0000000708200000|  0%| F|  |TAMS 0x0000000708100000, 0x0000000708100000| Untracked 
|  96|0x0000000708200000, 0x0000000708200000, 0x0000000708300000|  0%| F|  |TAMS 0x0000000708200000, 0x0000000708200000| Untracked 
|  97|0x0000000708300000, 0x0000000708300000, 0x0000000708400000|  0%| F|  |TAMS 0x0000000708300000, 0x0000000708300000| Untracked 
|  98|0x0000000708400000, 0x0000000708400000, 0x0000000708500000|  0%| F|  |TAMS 0x0000000708400000, 0x0000000708400000| Untracked 
|  99|0x0000000708500000, 0x0000000708500000, 0x0000000708600000|  0%| F|  |TAMS 0x0000000708500000, 0x0000000708500000| Untracked 
| 100|0x0000000708600000, 0x0000000708600000, 0x0000000708700000|  0%| F|  |TAMS 0x0000000708600000, 0x0000000708600000| Untracked 
| 101|0x0000000708700000, 0x0000000708700000, 0x0000000708800000|  0%| F|  |TAMS 0x0000000708700000, 0x0000000708700000| Untracked 
| 102|0x0000000708800000, 0x0000000708800000, 0x0000000708900000|  0%| F|  |TAMS 0x0000000708800000, 0x0000000708800000| Untracked 
| 103|0x0000000708900000, 0x0000000708900000, 0x0000000708a00000|  0%| F|  |TAMS 0x0000000708900000, 0x0000000708900000| Untracked 
| 104|0x0000000708a00000, 0x0000000708a00000, 0x0000000708b00000|  0%| F|  |TAMS 0x0000000708a00000, 0x0000000708a00000| Untracked 
| 105|0x0000000708b00000, 0x0000000708b00000, 0x0000000708c00000|  0%| F|  |TAMS 0x0000000708b00000, 0x0000000708b00000| Untracked 
| 106|0x0000000708c00000, 0x0000000708c00000, 0x0000000708d00000|  0%| F|  |TAMS 0x0000000708c00000, 0x0000000708c00000| Untracked 
| 107|0x0000000708d00000, 0x0000000708d00000, 0x0000000708e00000|  0%| F|  |TAMS 0x0000000708d00000, 0x0000000708d00000| Untracked 
| 108|0x0000000708e00000, 0x0000000708e9eb00, 0x0000000708f00000| 61%| S|CS|TAMS 0x0000000708e00000, 0x0000000708e00000| Complete 
| 109|0x0000000708f00000, 0x0000000709000000, 0x0000000709000000|100%| S|CS|TAMS 0x0000000708f00000, 0x0000000708f00000| Complete 
| 110|0x0000000709000000, 0x0000000709100000, 0x0000000709100000|100%| S|CS|TAMS 0x0000000709000000, 0x0000000709000000| Complete 
| 111|0x0000000709100000, 0x0000000709200000, 0x0000000709200000|100%| S|CS|TAMS 0x0000000709100000, 0x0000000709100000| Complete 
| 112|0x0000000709200000, 0x0000000709300000, 0x0000000709300000|100%| S|CS|TAMS 0x0000000709200000, 0x0000000709200000| Complete 
| 113|0x0000000709300000, 0x0000000709400000, 0x0000000709400000|100%| S|CS|TAMS 0x0000000709300000, 0x0000000709300000| Complete 
| 114|0x0000000709400000, 0x0000000709500000, 0x0000000709500000|100%| S|CS|TAMS 0x0000000709400000, 0x0000000709400000| Complete 
| 115|0x0000000709500000, 0x0000000709600000, 0x0000000709600000|100%| S|CS|TAMS 0x0000000709500000, 0x0000000709500000| Complete 
| 116|0x0000000709600000, 0x0000000709700000, 0x0000000709700000|100%| S|CS|TAMS 0x0000000709600000, 0x0000000709600000| Complete 
| 117|0x0000000709700000, 0x0000000709800000, 0x0000000709800000|100%| S|CS|TAMS 0x0000000709700000, 0x0000000709700000| Complete 
| 118|0x0000000709800000, 0x0000000709900000, 0x0000000709900000|100%| S|CS|TAMS 0x0000000709800000, 0x0000000709800000| Complete 
| 119|0x0000000709900000, 0x0000000709a00000, 0x0000000709a00000|100%| S|CS|TAMS 0x0000000709900000, 0x0000000709900000| Complete 
| 120|0x0000000709a00000, 0x0000000709b00000, 0x0000000709b00000|100%| S|CS|TAMS 0x0000000709a00000, 0x0000000709a00000| Complete 
| 121|0x0000000709b00000, 0x0000000709b00000, 0x0000000709c00000|  0%| F|  |TAMS 0x0000000709b00000, 0x0000000709b00000| Untracked 
| 122|0x0000000709c00000, 0x0000000709c00000, 0x0000000709d00000|  0%| F|  |TAMS 0x0000000709c00000, 0x0000000709c00000| Untracked 
| 123|0x0000000709d00000, 0x0000000709d00000, 0x0000000709e00000|  0%| F|  |TAMS 0x0000000709d00000, 0x0000000709d00000| Untracked 
| 124|0x0000000709e00000, 0x0000000709e00000, 0x0000000709f00000|  0%| F|  |TAMS 0x0000000709e00000, 0x0000000709e00000| Untracked 
| 125|0x0000000709f00000, 0x0000000709f00000, 0x000000070a000000|  0%| F|  |TAMS 0x0000000709f00000, 0x0000000709f00000| Untracked 
| 126|0x000000070a000000, 0x000000070a000000, 0x000000070a100000|  0%| F|  |TAMS 0x000000070a000000, 0x000000070a000000| Untracked 
| 127|0x000000070a100000, 0x000000070a100000, 0x000000070a200000|  0%| F|  |TAMS 0x000000070a100000, 0x000000070a100000| Untracked 
| 128|0x000000070a200000, 0x000000070a200000, 0x000000070a300000|  0%| F|  |TAMS 0x000000070a200000, 0x000000070a200000| Untracked 
| 129|0x000000070a300000, 0x000000070a300000, 0x000000070a400000|  0%| F|  |TAMS 0x000000070a300000, 0x000000070a300000| Untracked 
| 130|0x000000070a400000, 0x000000070a400000, 0x000000070a500000|  0%| F|  |TAMS 0x000000070a400000, 0x000000070a400000| Untracked 
| 131|0x000000070a500000, 0x000000070a500000, 0x000000070a600000|  0%| F|  |TAMS 0x000000070a500000, 0x000000070a500000| Untracked 
| 132|0x000000070a600000, 0x000000070a600000, 0x000000070a700000|  0%| F|  |TAMS 0x000000070a600000, 0x000000070a600000| Untracked 
| 133|0x000000070a700000, 0x000000070a700000, 0x000000070a800000|  0%| F|  |TAMS 0x000000070a700000, 0x000000070a700000| Untracked 
| 134|0x000000070a800000, 0x000000070a800000, 0x000000070a900000|  0%| F|  |TAMS 0x000000070a800000, 0x000000070a800000| Untracked 
| 135|0x000000070a900000, 0x000000070a900000, 0x000000070aa00000|  0%| F|  |TAMS 0x000000070a900000, 0x000000070a900000| Untracked 
| 136|0x000000070aa00000, 0x000000070aa00000, 0x000000070ab00000|  0%| F|  |TAMS 0x000000070aa00000, 0x000000070aa00000| Untracked 
| 137|0x000000070ab00000, 0x000000070ab00000, 0x000000070ac00000|  0%| F|  |TAMS 0x000000070ab00000, 0x000000070ab00000| Untracked 
| 138|0x000000070ac00000, 0x000000070ac00000, 0x000000070ad00000|  0%| F|  |TAMS 0x000000070ac00000, 0x000000070ac00000| Untracked 
| 139|0x000000070ad00000, 0x000000070ad00000, 0x000000070ae00000|  0%| F|  |TAMS 0x000000070ad00000, 0x000000070ad00000| Untracked 
| 140|0x000000070ae00000, 0x000000070ae00000, 0x000000070af00000|  0%| F|  |TAMS 0x000000070ae00000, 0x000000070ae00000| Untracked 
| 141|0x000000070af00000, 0x000000070af00000, 0x000000070b000000|  0%| F|  |TAMS 0x000000070af00000, 0x000000070af00000| Untracked 
| 142|0x000000070b000000, 0x000000070b000000, 0x000000070b100000|  0%| F|  |TAMS 0x000000070b000000, 0x000000070b000000| Untracked 
| 143|0x000000070b100000, 0x000000070b100000, 0x000000070b200000|  0%| F|  |TAMS 0x000000070b100000, 0x000000070b100000| Untracked 
| 144|0x000000070b200000, 0x000000070b200000, 0x000000070b300000|  0%| F|  |TAMS 0x000000070b200000, 0x000000070b200000| Untracked 
| 145|0x000000070b300000, 0x000000070b300000, 0x000000070b400000|  0%| F|  |TAMS 0x000000070b300000, 0x000000070b300000| Untracked 
| 146|0x000000070b400000, 0x000000070b400000, 0x000000070b500000|  0%| F|  |TAMS 0x000000070b400000, 0x000000070b400000| Untracked 
| 147|0x000000070b500000, 0x000000070b500000, 0x000000070b600000|  0%| F|  |TAMS 0x000000070b500000, 0x000000070b500000| Untracked 
| 148|0x000000070b600000, 0x000000070b600000, 0x000000070b700000|  0%| F|  |TAMS 0x000000070b600000, 0x000000070b600000| Untracked 
| 149|0x000000070b700000, 0x000000070b700000, 0x000000070b800000|  0%| F|  |TAMS 0x000000070b700000, 0x000000070b700000| Untracked 
| 150|0x000000070b800000, 0x000000070b800000, 0x000000070b900000|  0%| F|  |TAMS 0x000000070b800000, 0x000000070b800000| Untracked 
| 151|0x000000070b900000, 0x000000070b900000, 0x000000070ba00000|  0%| F|  |TAMS 0x000000070b900000, 0x000000070b900000| Untracked 
| 152|0x000000070ba00000, 0x000000070ba00000, 0x000000070bb00000|  0%| F|  |TAMS 0x000000070ba00000, 0x000000070ba00000| Untracked 
| 153|0x000000070bb00000, 0x000000070bb00000, 0x000000070bc00000|  0%| F|  |TAMS 0x000000070bb00000, 0x000000070bb00000| Untracked 
| 154|0x000000070bc00000, 0x000000070bc00000, 0x000000070bd00000|  0%| F|  |TAMS 0x000000070bc00000, 0x000000070bc00000| Untracked 
| 155|0x000000070bd00000, 0x000000070bd00000, 0x000000070be00000|  0%| F|  |TAMS 0x000000070bd00000, 0x000000070bd00000| Untracked 
| 156|0x000000070be00000, 0x000000070be00000, 0x000000070bf00000|  0%| F|  |TAMS 0x000000070be00000, 0x000000070be00000| Untracked 
| 157|0x000000070bf00000, 0x000000070bf00000, 0x000000070c000000|  0%| F|  |TAMS 0x000000070bf00000, 0x000000070bf00000| Untracked 
| 158|0x000000070c000000, 0x000000070c000000, 0x000000070c100000|  0%| F|  |TAMS 0x000000070c000000, 0x000000070c000000| Untracked 
| 159|0x000000070c100000, 0x000000070c100000, 0x000000070c200000|  0%| F|  |TAMS 0x000000070c100000, 0x000000070c100000| Untracked 
| 160|0x000000070c200000, 0x000000070c200000, 0x000000070c300000|  0%| F|  |TAMS 0x000000070c200000, 0x000000070c200000| Untracked 
| 161|0x000000070c300000, 0x000000070c300000, 0x000000070c400000|  0%| F|  |TAMS 0x000000070c300000, 0x000000070c300000| Untracked 
| 162|0x000000070c400000, 0x000000070c400000, 0x000000070c500000|  0%| F|  |TAMS 0x000000070c400000, 0x000000070c400000| Untracked 
| 163|0x000000070c500000, 0x000000070c500000, 0x000000070c600000|  0%| F|  |TAMS 0x000000070c500000, 0x000000070c500000| Untracked 
| 164|0x000000070c600000, 0x000000070c600000, 0x000000070c700000|  0%| F|  |TAMS 0x000000070c600000, 0x000000070c600000| Untracked 
| 165|0x000000070c700000, 0x000000070c700000, 0x000000070c800000|  0%| F|  |TAMS 0x000000070c700000, 0x000000070c700000| Untracked 
| 166|0x000000070c800000, 0x000000070c800000, 0x000000070c900000|  0%| F|  |TAMS 0x000000070c800000, 0x000000070c800000| Untracked 
| 167|0x000000070c900000, 0x000000070c900000, 0x000000070ca00000|  0%| F|  |TAMS 0x000000070c900000, 0x000000070c900000| Untracked 
| 168|0x000000070ca00000, 0x000000070ca00000, 0x000000070cb00000|  0%| F|  |TAMS 0x000000070ca00000, 0x000000070ca00000| Untracked 
| 169|0x000000070cb00000, 0x000000070cb00000, 0x000000070cc00000|  0%| F|  |TAMS 0x000000070cb00000, 0x000000070cb00000| Untracked 
| 170|0x000000070cc00000, 0x000000070cc00000, 0x000000070cd00000|  0%| F|  |TAMS 0x000000070cc00000, 0x000000070cc00000| Untracked 
| 171|0x000000070cd00000, 0x000000070cd00000, 0x000000070ce00000|  0%| F|  |TAMS 0x000000070cd00000, 0x000000070cd00000| Untracked 
| 172|0x000000070ce00000, 0x000000070ce00000, 0x000000070cf00000|  0%| F|  |TAMS 0x000000070ce00000, 0x000000070ce00000| Untracked 
| 173|0x000000070cf00000, 0x000000070cf00000, 0x000000070d000000|  0%| F|  |TAMS 0x000000070cf00000, 0x000000070cf00000| Untracked 
| 174|0x000000070d000000, 0x000000070d000000, 0x000000070d100000|  0%| F|  |TAMS 0x000000070d000000, 0x000000070d000000| Untracked 
| 175|0x000000070d100000, 0x000000070d100000, 0x000000070d200000|  0%| F|  |TAMS 0x000000070d100000, 0x000000070d100000| Untracked 
| 176|0x000000070d200000, 0x000000070d200000, 0x000000070d300000|  0%| F|  |TAMS 0x000000070d200000, 0x000000070d200000| Untracked 
| 177|0x000000070d300000, 0x000000070d300000, 0x000000070d400000|  0%| F|  |TAMS 0x000000070d300000, 0x000000070d300000| Untracked 
| 178|0x000000070d400000, 0x000000070d400000, 0x000000070d500000|  0%| F|  |TAMS 0x000000070d400000, 0x000000070d400000| Untracked 
| 179|0x000000070d500000, 0x000000070d500000, 0x000000070d600000|  0%| F|  |TAMS 0x000000070d500000, 0x000000070d500000| Untracked 
| 180|0x000000070d600000, 0x000000070d600000, 0x000000070d700000|  0%| F|  |TAMS 0x000000070d600000, 0x000000070d600000| Untracked 
| 181|0x000000070d700000, 0x000000070d700000, 0x000000070d800000|  0%| F|  |TAMS 0x000000070d700000, 0x000000070d700000| Untracked 
| 182|0x000000070d800000, 0x000000070d800000, 0x000000070d900000|  0%| F|  |TAMS 0x000000070d800000, 0x000000070d800000| Untracked 
| 183|0x000000070d900000, 0x000000070d900000, 0x000000070da00000|  0%| F|  |TAMS 0x000000070d900000, 0x000000070d900000| Untracked 
| 184|0x000000070da00000, 0x000000070da00000, 0x000000070db00000|  0%| F|  |TAMS 0x000000070da00000, 0x000000070da00000| Untracked 
| 185|0x000000070db00000, 0x000000070db00000, 0x000000070dc00000|  0%| F|  |TAMS 0x000000070db00000, 0x000000070db00000| Untracked 
| 186|0x000000070dc00000, 0x000000070dc00000, 0x000000070dd00000|  0%| F|  |TAMS 0x000000070dc00000, 0x000000070dc00000| Untracked 
| 187|0x000000070dd00000, 0x000000070dd00000, 0x000000070de00000|  0%| F|  |TAMS 0x000000070dd00000, 0x000000070dd00000| Untracked 
| 188|0x000000070de00000, 0x000000070de00000, 0x000000070df00000|  0%| F|  |TAMS 0x000000070de00000, 0x000000070de00000| Untracked 
| 189|0x000000070df00000, 0x000000070df00000, 0x000000070e000000|  0%| F|  |TAMS 0x000000070df00000, 0x000000070df00000| Untracked 
| 190|0x000000070e000000, 0x000000070e000000, 0x000000070e100000|  0%| F|  |TAMS 0x000000070e000000, 0x000000070e000000| Untracked 
| 191|0x000000070e100000, 0x000000070e100000, 0x000000070e200000|  0%| F|  |TAMS 0x000000070e100000, 0x000000070e100000| Untracked 
| 192|0x000000070e200000, 0x000000070e200000, 0x000000070e300000|  0%| F|  |TAMS 0x000000070e200000, 0x000000070e200000| Untracked 
| 193|0x000000070e300000, 0x000000070e300000, 0x000000070e400000|  0%| F|  |TAMS 0x000000070e300000, 0x000000070e300000| Untracked 
| 194|0x000000070e400000, 0x000000070e400000, 0x000000070e500000|  0%| F|  |TAMS 0x000000070e400000, 0x000000070e400000| Untracked 
| 195|0x000000070e500000, 0x000000070e500000, 0x000000070e600000|  0%| F|  |TAMS 0x000000070e500000, 0x000000070e500000| Untracked 
| 196|0x000000070e600000, 0x000000070e600000, 0x000000070e700000|  0%| F|  |TAMS 0x000000070e600000, 0x000000070e600000| Untracked 
| 197|0x000000070e700000, 0x000000070e700000, 0x000000070e800000|  0%| F|  |TAMS 0x000000070e700000, 0x000000070e700000| Untracked 
| 198|0x000000070e800000, 0x000000070e800000, 0x000000070e900000|  0%| F|  |TAMS 0x000000070e800000, 0x000000070e800000| Untracked 
| 199|0x000000070e900000, 0x000000070e900000, 0x000000070ea00000|  0%| F|  |TAMS 0x000000070e900000, 0x000000070e900000| Untracked 
| 200|0x000000070ea00000, 0x000000070ea00000, 0x000000070eb00000|  0%| F|  |TAMS 0x000000070ea00000, 0x000000070ea00000| Untracked 
| 201|0x000000070eb00000, 0x000000070eb00000, 0x000000070ec00000|  0%| F|  |TAMS 0x000000070eb00000, 0x000000070eb00000| Untracked 
| 202|0x000000070ec00000, 0x000000070ec00000, 0x000000070ed00000|  0%| F|  |TAMS 0x000000070ec00000, 0x000000070ec00000| Untracked 
| 203|0x000000070ed00000, 0x000000070ed00000, 0x000000070ee00000|  0%| F|  |TAMS 0x000000070ed00000, 0x000000070ed00000| Untracked 
| 204|0x000000070ee00000, 0x000000070ee00000, 0x000000070ef00000|  0%| F|  |TAMS 0x000000070ee00000, 0x000000070ee00000| Untracked 
| 205|0x000000070ef00000, 0x000000070ef00000, 0x000000070f000000|  0%| F|  |TAMS 0x000000070ef00000, 0x000000070ef00000| Untracked 
| 206|0x000000070f000000, 0x000000070f000000, 0x000000070f100000|  0%| F|  |TAMS 0x000000070f000000, 0x000000070f000000| Untracked 
| 207|0x000000070f100000, 0x000000070f100000, 0x000000070f200000|  0%| F|  |TAMS 0x000000070f100000, 0x000000070f100000| Untracked 
| 208|0x000000070f200000, 0x000000070f200000, 0x000000070f300000|  0%| F|  |TAMS 0x000000070f200000, 0x000000070f200000| Untracked 
| 209|0x000000070f300000, 0x000000070f300000, 0x000000070f400000|  0%| F|  |TAMS 0x000000070f300000, 0x000000070f300000| Untracked 
| 210|0x000000070f400000, 0x000000070f400000, 0x000000070f500000|  0%| F|  |TAMS 0x000000070f400000, 0x000000070f400000| Untracked 
| 211|0x000000070f500000, 0x000000070f500000, 0x000000070f600000|  0%| F|  |TAMS 0x000000070f500000, 0x000000070f500000| Untracked 
| 212|0x000000070f600000, 0x000000070f600000, 0x000000070f700000|  0%| F|  |TAMS 0x000000070f600000, 0x000000070f600000| Untracked 
| 213|0x000000070f700000, 0x000000070f700000, 0x000000070f800000|  0%| F|  |TAMS 0x000000070f700000, 0x000000070f700000| Untracked 
| 214|0x000000070f800000, 0x000000070f800000, 0x000000070f900000|  0%| F|  |TAMS 0x000000070f800000, 0x000000070f800000| Untracked 
| 215|0x000000070f900000, 0x000000070f900000, 0x000000070fa00000|  0%| F|  |TAMS 0x000000070f900000, 0x000000070f900000| Untracked 
| 216|0x000000070fa00000, 0x000000070fa00000, 0x000000070fb00000|  0%| F|  |TAMS 0x000000070fa00000, 0x000000070fa00000| Untracked 
| 217|0x000000070fb00000, 0x000000070fb00000, 0x000000070fc00000|  0%| F|  |TAMS 0x000000070fb00000, 0x000000070fb00000| Untracked 
| 218|0x000000070fc00000, 0x000000070fc00000, 0x000000070fd00000|  0%| F|  |TAMS 0x000000070fc00000, 0x000000070fc00000| Untracked 
| 219|0x000000070fd00000, 0x000000070fd00000, 0x000000070fe00000|  0%| F|  |TAMS 0x000000070fd00000, 0x000000070fd00000| Untracked 
| 220|0x000000070fe00000, 0x000000070fe00000, 0x000000070ff00000|  0%| F|  |TAMS 0x000000070fe00000, 0x000000070fe00000| Untracked 
| 221|0x000000070ff00000, 0x000000070ff00000, 0x0000000710000000|  0%| F|  |TAMS 0x000000070ff00000, 0x000000070ff00000| Untracked 
| 222|0x0000000710000000, 0x0000000710000000, 0x0000000710100000|  0%| F|  |TAMS 0x0000000710000000, 0x0000000710000000| Untracked 
| 223|0x0000000710100000, 0x0000000710100000, 0x0000000710200000|  0%| F|  |TAMS 0x0000000710100000, 0x0000000710100000| Untracked 
| 224|0x0000000710200000, 0x0000000710200000, 0x0000000710300000|  0%| F|  |TAMS 0x0000000710200000, 0x0000000710200000| Untracked 
| 225|0x0000000710300000, 0x0000000710300000, 0x0000000710400000|  0%| F|  |TAMS 0x0000000710300000, 0x0000000710300000| Untracked 
| 226|0x0000000710400000, 0x0000000710400000, 0x0000000710500000|  0%| F|  |TAMS 0x0000000710400000, 0x0000000710400000| Untracked 
| 227|0x0000000710500000, 0x0000000710500000, 0x0000000710600000|  0%| F|  |TAMS 0x0000000710500000, 0x0000000710500000| Untracked 
| 228|0x0000000710600000, 0x0000000710600000, 0x0000000710700000|  0%| F|  |TAMS 0x0000000710600000, 0x0000000710600000| Untracked 
| 229|0x0000000710700000, 0x0000000710700000, 0x0000000710800000|  0%| F|  |TAMS 0x0000000710700000, 0x0000000710700000| Untracked 
| 230|0x0000000710800000, 0x0000000710800000, 0x0000000710900000|  0%| F|  |TAMS 0x0000000710800000, 0x0000000710800000| Untracked 
| 231|0x0000000710900000, 0x0000000710900000, 0x0000000710a00000|  0%| F|  |TAMS 0x0000000710900000, 0x0000000710900000| Untracked 
| 232|0x0000000710a00000, 0x0000000710a00000, 0x0000000710b00000|  0%| F|  |TAMS 0x0000000710a00000, 0x0000000710a00000| Untracked 
| 233|0x0000000710b00000, 0x0000000710b00000, 0x0000000710c00000|  0%| F|  |TAMS 0x0000000710b00000, 0x0000000710b00000| Untracked 
| 234|0x0000000710c00000, 0x0000000710c00000, 0x0000000710d00000|  0%| F|  |TAMS 0x0000000710c00000, 0x0000000710c00000| Untracked 
| 235|0x0000000710d00000, 0x0000000710d00000, 0x0000000710e00000|  0%| F|  |TAMS 0x0000000710d00000, 0x0000000710d00000| Untracked 
| 236|0x0000000710e00000, 0x0000000710e00000, 0x0000000710f00000|  0%| F|  |TAMS 0x0000000710e00000, 0x0000000710e00000| Untracked 
| 237|0x0000000710f00000, 0x0000000710f00000, 0x0000000711000000|  0%| F|  |TAMS 0x0000000710f00000, 0x0000000710f00000| Untracked 
| 238|0x0000000711000000, 0x0000000711000000, 0x0000000711100000|  0%| F|  |TAMS 0x0000000711000000, 0x0000000711000000| Untracked 
| 239|0x0000000711100000, 0x0000000711100000, 0x0000000711200000|  0%| F|  |TAMS 0x0000000711100000, 0x0000000711100000| Untracked 
| 240|0x0000000711200000, 0x0000000711200000, 0x0000000711300000|  0%| F|  |TAMS 0x0000000711200000, 0x0000000711200000| Untracked 
| 241|0x0000000711300000, 0x0000000711300000, 0x0000000711400000|  0%| F|  |TAMS 0x0000000711300000, 0x0000000711300000| Untracked 
| 242|0x0000000711400000, 0x0000000711400000, 0x0000000711500000|  0%| F|  |TAMS 0x0000000711400000, 0x0000000711400000| Untracked 
| 243|0x0000000711500000, 0x0000000711500000, 0x0000000711600000|  0%| F|  |TAMS 0x0000000711500000, 0x0000000711500000| Untracked 
| 244|0x0000000711600000, 0x0000000711600000, 0x0000000711700000|  0%| F|  |TAMS 0x0000000711600000, 0x0000000711600000| Untracked 
| 245|0x0000000711700000, 0x0000000711700000, 0x0000000711800000|  0%| F|  |TAMS 0x0000000711700000, 0x0000000711700000| Untracked 
| 246|0x0000000711800000, 0x0000000711800000, 0x0000000711900000|  0%| F|  |TAMS 0x0000000711800000, 0x0000000711800000| Untracked 
| 247|0x0000000711900000, 0x0000000711900000, 0x0000000711a00000|  0%| F|  |TAMS 0x0000000711900000, 0x0000000711900000| Untracked 
| 248|0x0000000711a00000, 0x0000000711a00000, 0x0000000711b00000|  0%| F|  |TAMS 0x0000000711a00000, 0x0000000711a00000| Untracked 
| 249|0x0000000711b00000, 0x0000000711b00000, 0x0000000711c00000|  0%| F|  |TAMS 0x0000000711b00000, 0x0000000711b00000| Untracked 
| 250|0x0000000711c00000, 0x0000000711c00000, 0x0000000711d00000|  0%| F|  |TAMS 0x0000000711c00000, 0x0000000711c00000| Untracked 
| 251|0x0000000711d00000, 0x0000000711d00000, 0x0000000711e00000|  0%| F|  |TAMS 0x0000000711d00000, 0x0000000711d00000| Untracked 
| 252|0x0000000711e00000, 0x0000000711e00000, 0x0000000711f00000|  0%| F|  |TAMS 0x0000000711e00000, 0x0000000711e00000| Untracked 
| 253|0x0000000711f00000, 0x0000000711f00000, 0x0000000712000000|  0%| F|  |TAMS 0x0000000711f00000, 0x0000000711f00000| Untracked 

Card table byte_map: [0x000001889d290000,0x000001889da80000] _byte_map_base: 0x0000018899a7f000

Marking Bits (Prev, Next): (CMBitMap*) 0x0000018884daa598, (CMBitMap*) 0x0000018884daa5d0
 Prev Bits: [0x000001889e270000, 0x00000188a21e8000)
 Next Bits: [0x00000188a21f0000, 0x00000188a6168000)

Polling page: 0x0000018882ca0000

Metaspace:

Usage:
  Non-class:     44.51 MB capacity,    43.78 MB ( 98%) used,   597.23 KB (  1%) free+waste,   155.56 KB ( <1%) overhead. 
      Class:      6.73 MB capacity,     6.22 MB ( 92%) used,   455.52 KB (  7%) free+waste,    72.88 KB (  1%) overhead. 
       Both:     51.25 MB capacity,    49.99 MB ( 98%) used,     1.03 MB (  2%) free+waste,   228.44 KB ( <1%) overhead. 

Virtual space:
  Non-class space:       46.00 MB reserved,      44.75 MB ( 97%) committed 
      Class space:        1.00 GB reserved,       6.75 MB ( <1%) committed 
             Both:        1.04 GB reserved,      51.50 MB (  5%) committed 

Chunk freelists:
   Non-Class:  51.00 KB
       Class:  18.00 KB
        Both:  69.00 KB

MaxMetaspaceSize: 17179869184.00 GB
CompressedClassSpaceSize: 1.00 GB
Initial GC threshold: 20.80 MB
Current GC threshold: 58.75 MB
CDS: off

CodeHeap 'non-profiled nmethods': size=120000Kb used=3168Kb max_used=3168Kb free=116831Kb
 bounds [0x0000018895020000, 0x0000018895340000, 0x000001889c550000]
CodeHeap 'profiled nmethods': size=120000Kb used=10031Kb max_used=10031Kb free=109968Kb
 bounds [0x000001888daf0000, 0x000001888e4c0000, 0x0000018895020000]
CodeHeap 'non-nmethods': size=5760Kb used=1233Kb max_used=1282Kb free=4526Kb
 bounds [0x000001888d550000, 0x000001888d7c0000, 0x000001888daf0000]
 total_blobs=4743 nmethods=4233 adapters=422
 compilation: enabled
              stopped_count=0, restarted_count=0
 full_count=0

Compilation events (20 events):
Event: 3.339 Thread 0x00000188a9845800 nmethod 4231 0x000001888e4b9690 code [0x000001888e4b9840, 0x000001888e4b99d8]
Event: 3.339 Thread 0x00000188a9845800 4226       3       sun.nio.cs.UTF_8::updatePositions (23 bytes)
Event: 3.339 Thread 0x00000188a9845800 nmethod 4226 0x000001888e4b9a90 code [0x000001888e4b9c80, 0x000001888e4ba0b8]
Event: 3.339 Thread 0x00000188a9845800 4225       3       sun.nio.cs.UTF_8$Decoder::xflow (31 bytes)
Event: 3.340 Thread 0x00000188a9845800 nmethod 4225 0x000001888e4ba210 code [0x000001888e4ba420, 0x000001888e4ba978]
Event: 3.341 Thread 0x00000188a9845800 4234       3       jdk.internal.math.FDBigInteger::mult (64 bytes)
Event: 3.341 Thread 0x00000188a9845800 nmethod 4234 0x000001888e4bab10 code [0x000001888e4bace0, 0x000001888e4baf18]
Event: 3.341 Thread 0x00000188a9845800 4236       3       jdk.internal.math.FDBigInteger::trimLeadingZeros (57 bytes)
Event: 3.341 Thread 0x00000188a9845800 nmethod 4236 0x000001888e4bb110 code [0x000001888e4bb2e0, 0x000001888e4bb5b8]
Event: 3.341 Thread 0x00000188a9845800 4235       3       jdk.internal.math.FDBigInteger::<init> (30 bytes)
Event: 3.341 Thread 0x00000188a9845800 nmethod 4235 0x000001888e4bb710 code [0x000001888e4bb8e0, 0x000001888e4bbae8]
Event: 3.342 Thread 0x00000188a9845800 4237       3       jdk.internal.math.FDBigInteger::size (10 bytes)
Event: 3.342 Thread 0x00000188a9845800 nmethod 4237 0x000001888e4bbc10 code [0x000001888e4bbdc0, 0x000001888e4bbeb8]
Event: 3.342 Thread 0x00000188a9843800 nmethod 4189 0x0000018895324710 code [0x0000018895325000, 0x000001889532e238]
Event: 3.343 Thread 0x00000188a9843800 4233 %     4       sun.nio.cs.UTF_8$Decoder::decodeArrayLoop @ 73 (691 bytes)
Event: 3.355 Thread 0x00000188a9a28800 nmethod 4229 0x0000018895333c10 code [0x0000018895333e40, 0x0000018895335080]
Event: 3.355 Thread 0x00000188a9a28800 4232       4       java.nio.Buffer::position (52 bytes)
Event: 3.356 Thread 0x00000188a9a28800 nmethod 4232 0x0000018895335b10 code [0x0000018895335ca0, 0x0000018895335d58]
Event: 3.357 Thread 0x00000188a9843800 nmethod 4233% 0x0000018895335e10 code [0x0000018895336120, 0x00000188953373d0]
Event: 3.358 Thread 0x00000188a9a28800 4238   !   4       jdk.internal.loader.URLClassPath$JarLoader::checkResource (78 bytes)

GC Heap History (11 events):
Event: 0.438 GC heap before
{Heap before GC invocations=0 (full 0):
 garbage-first heap   total 260096K, used 24576K [0x0000000702200000, 0x0000000800000000)
  region size 1024K, 24 young (24576K), 0 survivors (0K)
 Metaspace       used 11297K, capacity 11515K, committed 11648K, reserved 1060864K
  class space    used 1053K, capacity 1132K, committed 1152K, reserved 1048576K
}
Event: 0.440 GC heap after
{Heap after GC invocations=1 (full 0):
 garbage-first heap   total 260096K, used 8093K [0x0000000702200000, 0x0000000800000000)
  region size 1024K, 3 young (3072K), 3 survivors (3072K)
 Metaspace       used 11297K, capacity 11515K, committed 11648K, reserved 1060864K
  class space    used 1053K, capacity 1132K, committed 1152K, reserved 1048576K
}
Event: 0.901 GC heap before
{Heap before GC invocations=1 (full 0):
 garbage-first heap   total 260096K, used 56221K [0x0000000702200000, 0x0000000800000000)
  region size 1024K, 51 young (52224K), 3 survivors (3072K)
 Metaspace       used 20622K, capacity 21134K, committed 21248K, reserved 1069056K
  class space    used 2290K, capacity 2499K, committed 2560K, reserved 1048576K
}
Event: 0.905 GC heap after
{Heap after GC invocations=2 (full 0):
 garbage-first heap   total 260096K, used 9854K [0x0000000702200000, 0x0000000800000000)
  region size 1024K, 5 young (5120K), 5 survivors (5120K)
 Metaspace       used 20622K, capacity 21134K, committed 21248K, reserved 1069056K
  class space    used 2290K, capacity 2499K, committed 2560K, reserved 1048576K
}
Event: 1.222 GC heap before
{Heap before GC invocations=3 (full 0):
 garbage-first heap   total 260096K, used 62078K [0x0000000702200000, 0x0000000800000000)
  region size 1024K, 56 young (57344K), 5 survivors (5120K)
 Metaspace       used 27684K, capacity 28275K, committed 28544K, reserved 1075200K
  class space    used 3165K, capacity 3383K, committed 3456K, reserved 1048576K
}
Event: 1.225 GC heap after
{Heap after GC invocations=4 (full 0):
 garbage-first heap   total 260096K, used 12234K [0x0000000702200000, 0x0000000800000000)
  region size 1024K, 5 young (5120K), 5 survivors (5120K)
 Metaspace       used 27684K, capacity 28275K, committed 28544K, reserved 1075200K
  class space    used 3165K, capacity 3383K, committed 3456K, reserved 1048576K
}
Event: 1.726 GC heap before
{Heap before GC invocations=4 (full 0):
 garbage-first heap   total 260096K, used 86986K [0x0000000702200000, 0x0000000800000000)
  region size 1024K, 78 young (79872K), 5 survivors (5120K)
 Metaspace       used 34644K, capacity 35460K, committed 35584K, reserved 1081344K
  class space    used 4033K, capacity 4350K, committed 4352K, reserved 1048576K
}
Event: 1.729 GC heap after
{Heap after GC invocations=5 (full 0):
 garbage-first heap   total 260096K, used 14889K [0x0000000702200000, 0x0000000800000000)
  region size 1024K, 7 young (7168K), 7 survivors (7168K)
 Metaspace       used 34644K, capacity 35460K, committed 35584K, reserved 1081344K
  class space    used 4033K, capacity 4350K, committed 4352K, reserved 1048576K
}
Event: 1.753 GC heap before
{Heap before GC invocations=5 (full 0):
 garbage-first heap   total 260096K, used 16937K [0x0000000702200000, 0x0000000800000000)
  region size 1024K, 10 young (10240K), 7 survivors (7168K)
 Metaspace       used 34934K, capacity 35723K, committed 35840K, reserved 1081344K
  class space    used 4101K, capacity 4417K, committed 4480K, reserved 1048576K
}
Event: 1.757 GC heap after
{Heap after GC invocations=6 (full 0):
 garbage-first heap   total 260096K, used 15036K [0x0000000702200000, 0x0000000800000000)
  region size 1024K, 7 young (7168K), 7 survivors (7168K)
 Metaspace       used 34934K, capacity 35723K, committed 35840K, reserved 1081344K
  class space    used 4101K, capacity 4417K, committed 4480K, reserved 1048576K
}
Event: 3.359 GC heap before
{Heap before GC invocations=7 (full 0):
 garbage-first heap   total 260096K, used 144060K [0x0000000702200000, 0x0000000800000000)
  region size 1024K, 133 young (136192K), 7 survivors (7168K)
 Metaspace       used 51193K, capacity 52475K, committed 52736K, reserved 1095680K
  class space    used 6365K, capacity 6894K, committed 6912K, reserved 1048576K
}

Deoptimization events (20 events):
Event: 3.336 Thread 0x0000018884d4e000 DEOPT PACKING pc=0x000001888e4ae645 sp=0x0000004190dfb130
Event: 3.336 Thread 0x0000018884d4e000 DEOPT UNPACKING pc=0x000001888d59a95e sp=0x0000004190dfa608 mode 0
Event: 3.337 Thread 0x0000018884d4e000 DEOPT PACKING pc=0x000001888e4ae645 sp=0x0000004190dfb130
Event: 3.337 Thread 0x0000018884d4e000 DEOPT UNPACKING pc=0x000001888d59a95e sp=0x0000004190dfa608 mode 0
Event: 3.337 Thread 0x0000018884d4e000 DEOPT PACKING pc=0x000001888e4ae645 sp=0x0000004190dfb130
Event: 3.337 Thread 0x0000018884d4e000 DEOPT UNPACKING pc=0x000001888d59a95e sp=0x0000004190dfa608 mode 0
Event: 3.337 Thread 0x0000018884d4e000 DEOPT PACKING pc=0x000001888e4ae645 sp=0x0000004190dfb130
Event: 3.337 Thread 0x0000018884d4e000 DEOPT UNPACKING pc=0x000001888d59a95e sp=0x0000004190dfa608 mode 0
Event: 3.338 Thread 0x0000018884d4e000 DEOPT PACKING pc=0x000001888e4ae645 sp=0x0000004190dfb130
Event: 3.338 Thread 0x0000018884d4e000 DEOPT UNPACKING pc=0x000001888d59a95e sp=0x0000004190dfa608 mode 0
Event: 3.338 Thread 0x0000018884d4e000 DEOPT PACKING pc=0x000001888e4ae645 sp=0x0000004190dfb130
Event: 3.338 Thread 0x0000018884d4e000 DEOPT UNPACKING pc=0x000001888d59a95e sp=0x0000004190dfa608 mode 0
Event: 3.338 Thread 0x0000018884d4e000 DEOPT PACKING pc=0x000001888e4ae645 sp=0x0000004190dfb130
Event: 3.338 Thread 0x0000018884d4e000 DEOPT UNPACKING pc=0x000001888d59a95e sp=0x0000004190dfa608 mode 0
Event: 3.339 Thread 0x0000018884d4e000 DEOPT PACKING pc=0x000001888e4ae645 sp=0x0000004190dfb130
Event: 3.339 Thread 0x0000018884d4e000 DEOPT UNPACKING pc=0x000001888d59a95e sp=0x0000004190dfa608 mode 0
Event: 3.339 Thread 0x0000018884d4e000 DEOPT PACKING pc=0x000001888e4ae645 sp=0x0000004190dfb130
Event: 3.339 Thread 0x0000018884d4e000 DEOPT UNPACKING pc=0x000001888d59a95e sp=0x0000004190dfa608 mode 0
Event: 3.339 Thread 0x0000018884d4e000 DEOPT PACKING pc=0x000001888e4ae645 sp=0x0000004190dfb130
Event: 3.339 Thread 0x0000018884d4e000 DEOPT UNPACKING pc=0x000001888d59a95e sp=0x0000004190dfa608 mode 0

Classes redefined (0 events):
No events

Internal exceptions (20 events):
Event: 2.172 Thread 0x0000018884d4e000 Exception <a 'java/lang/ClassNotFoundException'{0x000000070f0a3410}: org/springframework/transaction/annotation/AbstractTransactionManagementConfigurationCustomizer> (0x000000070f0a3410) thrown at [./src/hotspot/share/classfile/systemDictionary.cpp, line 233]
Event: 2.173 Thread 0x0000018884d4e000 Exception <a 'java/lang/ClassNotFoundException'{0x000000070f0be098}: org/springframework/transaction/annotation/ProxyTransactionManagementConfigurationCustomizer> (0x000000070f0be098) thrown at [./src/hotspot/share/classfile/systemDictionary.cpp, line 233]
Event: 2.173 Thread 0x0000018884d4e000 Exception <a 'java/lang/ClassNotFoundException'{0x000000070f0d5318}: org/springframework/context/annotation/ImportAwareCustomizer> (0x000000070f0d5318) thrown at [./src/hotspot/share/classfile/systemDictionary.cpp, line 233]
Event: 2.174 Thread 0x0000018884d4e000 Exception <a 'java/lang/ClassNotFoundException'{0x000000070f0e7590}: org/springframework/beans/factory/AwareCustomizer> (0x000000070f0e7590) thrown at [./src/hotspot/share/classfile/systemDictionary.cpp, line 233]
Event: 2.174 Thread 0x0000018884d4e000 Implicit null exception at 0x000001889524b16c to 0x000001889524b340
Event: 2.217 Thread 0x0000018884d4e000 Implicit null exception at 0x000001889515a9d3 to 0x000001889515bb38
Event: 2.264 Thread 0x0000018884d4e000 Exception <a 'java/lang/NoSuchMethodError'{0x000000070e61e298}: 'void java.lang.invoke.DirectMethodHandle$Holder.invokeInterface(java.lang.Object, java.lang.Object, int)'> (0x000000070e61e298) thrown at [./src/hotspot/share/interpreter/linkResolver.cpp, line 773]
Event: 2.265 Thread 0x0000018884d4e000 Exception <a 'java/lang/NoSuchMethodError'{0x000000070e636350}: 'int java.lang.invoke.DirectMethodHandle$Holder.invokeVirtual(java.lang.Object, java.lang.Object)'> (0x000000070e636350) thrown at [./src/hotspot/share/interpreter/linkResolver.cpp, line 773]
Event: 2.267 Thread 0x0000018884d4e000 Exception <a 'java/lang/IncompatibleClassChangeError'{0x000000070e66bf30}: Found class java.lang.Object, but interface was expected> (0x000000070e66bf30) thrown at [./src/hotspot/share/interpreter/linkResolver.cpp, line 839]
Event: 2.267 Thread 0x0000018884d4e000 Exception <a 'java/lang/NoSuchMethodError'{0x000000070e670dd8}: 'void java.lang.invoke.DirectMethodHandle$Holder.invokeStatic(java.lang.Object, int, java.lang.Object)'> (0x000000070e670dd8) thrown at [./src/hotspot/share/interpreter/linkResolver.cpp, line 773]
Event: 2.318 Thread 0x0000018884d4e000 Exception <a 'java/lang/NoSuchMethodError'{0x000000070e19f378}: 'java.lang.Object java.lang.invoke.DirectMethodHandle$Holder.invokeStaticInit(java.lang.Object, int, int, int, int)'> (0x000000070e19f378) thrown at [./src/hotspot/share/interpreter/linkResolver.cpp, line 773]
Event: 2.636 Thread 0x0000018884d4e000 Exception <a 'java/lang/NoSuchMethodError'{0x000000070e06b450}: 'java.lang.Object java.lang.invoke.DirectMethodHandle$Holder.invokeStaticInit(java.lang.Object, java.lang.Object, int, int, int, int)'> (0x000000070e06b450) thrown at [./src/hotspot/share/interpreter/linkResolver.cpp, line 773]
Event: 2.734 Thread 0x0000018884d4e000 Implicit null exception at 0x00000188950e0a9c to 0x00000188950e21d8
Event: 2.815 Thread 0x0000018884d4e000 Exception <a 'java/io/FileNotFoundException'{0x000000070cda5780}> (0x000000070cda5780) thrown at [./src/hotspot/share/prims/jni.cpp, line 617]
Event: 2.816 Thread 0x0000018884d4e000 Exception <a 'java/io/FileNotFoundException'{0x000000070cda6f80}> (0x000000070cda6f80) thrown at [./src/hotspot/share/prims/jni.cpp, line 617]
Event: 2.838 Thread 0x0000018884d4e000 Exception <a 'java/lang/NoSuchMethodError'{0x000000070cbfc108}: 'int java.lang.invoke.DirectMethodHandle$Holder.invokeInterface(java.lang.Object, java.lang.Object, java.lang.Object, java.lang.Object)'> (0x000000070cbfc108) thrown at [./src/hotspot/share/interpreter/linkResolver.cpp, line 773]
Event: 2.876 Thread 0x0000018884d4e000 Exception <a 'java/lang/NoSuchMethodError'{0x000000070c683e38}: 'long java.lang.invoke.DirectMethodHandle$Holder.invokeVirtual(java.lang.Object, java.lang.Object)'> (0x000000070c683e38) thrown at [./src/hotspot/share/interpreter/linkResolver.cpp, line 773]
Event: 2.880 Thread 0x0000018884d4e000 Exception <a 'java/io/FileNotFoundException'{0x000000070c6da570}> (0x000000070c6da570) thrown at [./src/hotspot/share/prims/jni.cpp, line 617]
Event: 2.910 Thread 0x0000018884d4e000 Implicit null exception at 0x00000188952ab891 to 0x00000188952abfbc
Event: 2.948 Thread 0x0000018884d4e000 Implicit null exception at 0x00000188951feaeb to 0x00000188951fee30

Events (20 events):
Event: 3.356 loading class com/mysql/cj/exceptions/CJCommunicationsException done
Event: 3.356 loading class com/mysql/cj/jdbc/ConnectionImpl$5
Event: 3.356 loading class com/mysql/cj/jdbc/ConnectionImpl$5 done
Event: 3.357 loading class com/mysql/cj/jdbc/ConnectionImpl$2
Event: 3.357 loading class com/mysql/cj/jdbc/ConnectionImpl$2 done
Event: 3.357 loading class com/mysql/cj/jdbc/result/CachedResultSetMetaData
Event: 3.357 loading class com/mysql/cj/jdbc/result/CachedResultSetMetaData done
Event: 3.357 loading class com/mysql/cj/protocol/ColumnDefinition
Event: 3.357 loading class com/mysql/cj/protocol/ColumnDefinition done
Event: 3.357 loading class com/mysql/cj/protocol/ProtocolEntity
Event: 3.357 loading class com/mysql/cj/protocol/ProtocolEntity done
Event: 3.358 loading class com/mysql/cj/log/StandardLogger
Event: 3.358 loading class com/mysql/cj/log/StandardLogger done
Event: 3.358 loading class com/mysql/cj/log/Log
Event: 3.358 loading class com/mysql/cj/log/Log done
Event: 3.359 loading class com/mysql/cj/jdbc/JdbcPropertySetImpl
Event: 3.359 loading class com/mysql/cj/jdbc/JdbcPropertySetImpl done
Event: 3.359 loading class com/mysql/cj/conf/DefaultPropertySet
Event: 3.359 loading class com/mysql/cj/conf/DefaultPropertySet done
Event: 3.359 Executing VM operation: G1CollectForAllocation


Dynamic libraries:
0x00007ff7ed680000 - 0x00007ff7ed68d000 	C:\Program Files\Zulu\zulu-11\bin\java.exe
0x00007ffe3a4b0000 - 0x00007ffe3a6a8000 	C:\Windows\SYSTEM32\ntdll.dll
0x00007ffe39590000 - 0x00007ffe3964f000 	C:\Windows\System32\KERNEL32.DLL
0x00007ffe37ba0000 - 0x00007ffe37e72000 	C:\Windows\System32\KERNELBASE.dll
0x00007ffe37e80000 - 0x00007ffe37f80000 	C:\Windows\System32\ucrtbase.dll
0x00007ffe33590000 - 0x00007ffe335a7000 	C:\Program Files\Zulu\zulu-11\bin\jli.dll
0x00007ffe2c9c0000 - 0x00007ffe2c9d5000 	C:\Program Files\Zulu\zulu-11\bin\VCRUNTIME140.dll
0x00007ffe38c30000 - 0x00007ffe38dd1000 	C:\Windows\System32\USER32.dll
0x00007ffe37f80000 - 0x00007ffe37fa2000 	C:\Windows\System32\win32u.dll
0x00007ffe38990000 - 0x00007ffe389bb000 	C:\Windows\System32\GDI32.dll
0x00007ffe1e7b0000 - 0x00007ffe1ea4a000 	C:\Windows\WinSxS\amd64_microsoft.windows.common-controls_6595b64144ccf1df_6.0.19041.1110_none_60b5254171f9507e\COMCTL32.dll
0x00007ffe38350000 - 0x00007ffe3845f000 	C:\Windows\System32\gdi32full.dll
0x00007ffe381b0000 - 0x00007ffe3824d000 	C:\Windows\System32\msvcp_win.dll
0x00007ffe38ed0000 - 0x00007ffe38f6e000 	C:\Windows\System32\msvcrt.dll
0x00007ffe39650000 - 0x00007ffe39682000 	C:\Windows\System32\IMM32.DLL
0x00007ffe0d380000 - 0x00007ffe0d41b000 	C:\Program Files\Zulu\zulu-11\bin\msvcp140.dll
0x00007ffdee9d0000 - 0x00007ffdef566000 	C:\Program Files\Zulu\zulu-11\bin\server\jvm.dll
0x00007ffe3a1a0000 - 0x00007ffe3a24e000 	C:\Windows\System32\ADVAPI32.dll
0x00007ffe38760000 - 0x00007ffe387fc000 	C:\Windows\System32\sechost.dll
0x00007ffe389c0000 - 0x00007ffe38ae5000 	C:\Windows\System32\RPCRT4.dll
0x00007ffe38ec0000 - 0x00007ffe38ec8000 	C:\Windows\System32\PSAPI.DLL
0x00007ffe24c80000 - 0x00007ffe24c89000 	C:\Windows\SYSTEM32\WSOCK32.dll
0x00007ffe30fc0000 - 0x00007ffe30fe7000 	C:\Windows\SYSTEM32\WINMM.dll
0x00007ffe30a20000 - 0x00007ffe30a2a000 	C:\Windows\SYSTEM32\VERSION.dll
0x00007ffe38f70000 - 0x00007ffe38fdb000 	C:\Windows\System32\WS2_32.dll
0x00007ffe35a40000 - 0x00007ffe35a52000 	C:\Windows\SYSTEM32\kernel.appcore.dll
0x00007ffe33580000 - 0x00007ffe33590000 	C:\Program Files\Zulu\zulu-11\bin\verify.dll
0x00007ffe25200000 - 0x00007ffe253e4000 	C:\Windows\SYSTEM32\DBGHELP.DLL
0x00007ffe23e80000 - 0x00007ffe23eb5000 	C:\Windows\SYSTEM32\dbgcore.DLL
0x00007ffe38460000 - 0x00007ffe384e2000 	C:\Windows\System32\bcryptPrimitives.dll
0x00007ffe116f0000 - 0x00007ffe11718000 	C:\Program Files\Zulu\zulu-11\bin\java.dll
0x00007ffe2c6d0000 - 0x00007ffe2c6da000 	C:\Program Files\Zulu\zulu-11\bin\jimage.dll
0x00007ffe335f0000 - 0x00007ffe335fe000 	C:\Program Files\Zulu\zulu-11\bin\instrument.dll
0x00007ffe116d0000 - 0x00007ffe116e8000 	C:\Program Files\Zulu\zulu-11\bin\zip.dll
0x00007ffe39690000 - 0x00007ffe39dd4000 	C:\Windows\System32\SHELL32.dll
0x00007ffe35c40000 - 0x00007ffe363d2000 	C:\Windows\SYSTEM32\windows.storage.dll
0x00007ffe39e40000 - 0x00007ffe3a195000 	C:\Windows\System32\combase.dll
0x00007ffe37590000 - 0x00007ffe375c0000 	C:\Windows\SYSTEM32\Wldp.dll
0x00007ffe38fe0000 - 0x00007ffe3908d000 	C:\Windows\System32\SHCORE.dll
0x00007ffe3a250000 - 0x00007ffe3a2a5000 	C:\Windows\System32\shlwapi.dll
0x00007ffe37ae0000 - 0x00007ffe37aff000 	C:\Windows\SYSTEM32\profapi.dll
0x00007ffe106e0000 - 0x00007ffe106f9000 	C:\Program Files\Zulu\zulu-11\bin\net.dll
0x00007ffe30680000 - 0x00007ffe3078c000 	C:\Windows\SYSTEM32\WINHTTP.dll
0x00007ffe372f0000 - 0x00007ffe3735a000 	C:\Windows\system32\mswsock.dll
0x00007ffe105f0000 - 0x00007ffe10603000 	C:\Program Files\Zulu\zulu-11\bin\nio.dll
0x00007ffe26710000 - 0x00007ffe2672a000 	C:\Program Files\JetBrains\IntelliJ IDEA Community Edition 2022.3.2\bin\breakgen64.dll
0x00007ffe30f00000 - 0x00007ffe30f09000 	C:\Program Files\Zulu\zulu-11\bin\management.dll
0x00007ffe30eb0000 - 0x00007ffe30ebb000 	C:\Program Files\Zulu\zulu-11\bin\management_ext.dll
0x00007ffe1eab0000 - 0x00007ffe1eac7000 	C:\Windows\system32\napinsp.dll
0x00007ffe1ea90000 - 0x00007ffe1eaab000 	C:\Windows\system32\pnrpnsp.dll
0x00007ffe1ea70000 - 0x00007ffe1ea85000 	C:\Windows\system32\wshbth.dll
0x00007ffe334c0000 - 0x00007ffe334dd000 	C:\Windows\system32\NLAapi.dll
0x00007ffe36fb0000 - 0x00007ffe36feb000 	C:\Windows\SYSTEM32\IPHLPAPI.DLL
0x00007ffe36ff0000 - 0x00007ffe370ba000 	C:\Windows\SYSTEM32\DNSAPI.dll
0x00007ffe3a2b0000 - 0x00007ffe3a2b8000 	C:\Windows\System32\NSI.dll
0x00007ffe1ea50000 - 0x00007ffe1ea62000 	C:\Windows\System32\winrnr.dll
0x00007ffe2b900000 - 0x00007ffe2b90a000 	C:\Windows\System32\rasadhlp.dll
0x00007ffe2c2b0000 - 0x00007ffe2c330000 	C:\Windows\System32\fwpuclnt.dll
0x00007ffe38180000 - 0x00007ffe381a7000 	C:\Windows\System32\bcrypt.dll
0x00007ffe374e0000 - 0x00007ffe374f8000 	C:\Windows\SYSTEM32\CRYPTSP.dll
0x00007ffe36bd0000 - 0x00007ffe36c04000 	C:\Windows\system32\rsaenh.dll
0x00007ffe37aa0000 - 0x00007ffe37ace000 	C:\Windows\SYSTEM32\USERENV.dll
0x00007ffe37500000 - 0x00007ffe3750c000 	C:\Windows\SYSTEM32\CRYPTBASE.dll
0x00007ffe30ff0000 - 0x00007ffe31007000 	C:\Windows\SYSTEM32\dhcpcsvc6.DLL
0x00007ffe310e0000 - 0x00007ffe310fd000 	C:\Windows\SYSTEM32\dhcpcsvc.DLL
0x00007ffe30ea0000 - 0x00007ffe30eae000 	C:\Program Files\Zulu\zulu-11\bin\sunmscapi.dll
0x00007ffe37fb0000 - 0x00007ffe38106000 	C:\Windows\System32\CRYPT32.dll
0x00007ffe37600000 - 0x00007ffe37627000 	C:\Windows\SYSTEM32\ncrypt.dll
0x00007ffe375c0000 - 0x00007ffe375fb000 	C:\Windows\SYSTEM32\NTASN1.dll
0x00007ffe20280000 - 0x00007ffe202a5000 	C:\Program Files\Zulu\zulu-11\bin\sunec.dll

dbghelp: loaded successfully - version: 4.0.5 - missing functions: none
symbol engine: initialized successfully - sym options: 0x614 - pdb path: .;C:\Program Files\Zulu\zulu-11\bin;C:\Windows\SYSTEM32;C:\Windows\WinSxS\amd64_microsoft.windows.common-controls_6595b64144ccf1df_6.0.19041.1110_none_60b5254171f9507e;C:\Program Files\Zulu\zulu-11\bin\server;C:\Program Files\JetBrains\IntelliJ IDEA Community Edition 2022.3.2\bin

VM Arguments:
jvm_args: -javaagent:C:\Program Files\JetBrains\IntelliJ IDEA Community Edition 2022.3.2\lib\idea_rt.jar=49881:C:\Program Files\JetBrains\IntelliJ IDEA Community Edition 2022.3.2\bin -Dfile.encoding=UTF-8 
java_command: com.project.chamong.ChamongApplication
java_class_path (initial): C:\Users\Administrator\Desktop\chamong_main0327\seb42_main_003\server\out\production\classes;C:\Users\Administrator\Desktop\chamong_main0327\seb42_main_003\server\out\production\resources;C:\Users\Administrator\.gradle\caches\modules-2\files-2.1\org.springframework.boot\spring-boot-starter-data-jpa\2.7.9\5af4a206fd4eaac881b7d96ca1ef19b2111a355c\spring-boot-starter-data-jpa-2.7.9.jar;C:\Users\Administrator\.gradle\caches\modules-2\files-2.1\org.springframework.boot\spring-boot-starter-validation\2.7.9\7cfc9801c13eefd3d20499c2371d921eb11c328\spring-boot-starter-validation-2.7.9.jar;C:\Users\Administrator\.gradle\caches\modules-2\files-2.1\org.springframework.boot\spring-boot-starter-security\2.7.9\ca8e422a56493e99a7c8c9d56d92091256d9fed7\spring-boot-starter-security-2.7.9.jar;C:\Users\Administrator\.gradle\caches\modules-2\files-2.1\org.springframework.boot\spring-boot-starter-web\2.7.9\e745a069e2b7ca51e378fcbc397d14dd82178199\spring-boot-starter-web-2.7.9.jar;C:\Users\Administrator\.gradle\caches\modules-2\files-2.1\org.springframework.boot\spring-boot-starter-data-redis\2.7.9\7aa0e971c046ade09793b1f1b1af26a5ef24cbf2\spring-boot-starter-data-redis-2.7.9.jar;C:\Users\Administrator\.gradle\caches\modules-2\files-2.1\org.springframework.boot\spring-boot-starter-oauth2-client\2.7.9\f4549de02f690218f5f649c3653ffe186e304a33\spring-boot-starter-oauth2-client-2.7.9.jar;C:\Users\Administrator\.gradle\caches\modules-2\files-2.1\org.apache.httpcomponents.client5\httpclient5\5.2.1\c900514d3446d9ce5d9dbd90c21192048125440\httpclient5-5.2.1.jar;C:\Users\Administrator\.gradle\caches\modules-2\files-2.1\org.mapstruct\mapstruct\1.5.3.Final\5f5d063858957ef086858bc3d003f702082297f3\mapstruct-1.5.3.Final.jar;C:\Users\Administrator\.gradle\caches\modules-2\files-2.1\com.google.code.gson\gson\2.9.1\2cc2131b98ebfb04e2b2c7dfb84431f4045096b\gson-2.9.1.jar;C:\Users\Administrator\.gradle\caches\modules-2\files-2.1\io.jsonwebtoken\jjwt-api\0.11.5\f742940045619d06383e
Launcher Type: SUN_STANDARD

[Global flags]
     intx CICompilerCount                          = 4                                         {product} {ergonomic}
     uint ConcGCThreads                            = 3                                         {product} {ergonomic}
     uint G1ConcRefinementThreads                  = 10                                        {product} {ergonomic}
   size_t G1HeapRegionSize                         = 1048576                                   {product} {ergonomic}
    uintx GCDrainStackTargetSize                   = 64                                        {product} {ergonomic}
   size_t InitialHeapSize                          = 266338304                                 {product} {ergonomic}
   size_t MarkStackSize                            = 4194304                                   {product} {ergonomic}
   size_t MaxHeapSize                              = 4259315712                                {product} {ergonomic}
   size_t MaxNewSize                               = 2555379712                                {product} {ergonomic}
   size_t MinHeapDeltaBytes                        = 1048576                                   {product} {ergonomic}
    uintx NonNMethodCodeHeapSize                   = 5836300                                {pd product} {ergonomic}
    uintx NonProfiledCodeHeapSize                  = 122910970                              {pd product} {ergonomic}
    uintx ProfiledCodeHeapSize                     = 122910970                              {pd product} {ergonomic}
    uintx ReservedCodeCacheSize                    = 251658240                              {pd product} {ergonomic}
     bool SegmentedCodeCache                       = true                                      {product} {ergonomic}
     bool UseCompressedClassPointers               = true                                 {lp64_product} {ergonomic}
     bool UseCompressedOops                        = true                                 {lp64_product} {ergonomic}
     bool UseG1GC                                  = true                                      {product} {ergonomic}
     bool UseLargePagesIndividualAllocation        = false                                  {pd product} {ergonomic}

Logging:
Log output configuration:
 #0: stdout all=warning uptime,level,tags
 #1: stderr all=off uptime,level,tags

Environment Variables:
JAVA_HOME=C:\Program Files\Zulu\zulu-11
JRE_HOME=C:\Program Files\Zulu\zulu-11\jre\
CLASSPATH=C:\Program Files\Zulu\zulu-11\lib
PATH=C:\Program Files\Zulu\zulu-11\bin\;C:\Windows\system32;C:\Windows;C:\Windows\system32;C:\Windows;C:\Program Files (x86)\NAT Service;C:\Windows\system32;C:\Windows;C:\Windows\System32\Wbem;C:\Windows\System32\WindowsPowerShell\v1.0\;C:\Windows\System32\OpenSSH\;C:\Program Files\Bandizip\;C:\Program Files\Zulu\zulu-11\bin;C:\Program Files (x86)\NVIDIA Corporation\PhysX\Common;C:\Program Files\NVIDIA Corporation\NVIDIA NvDLISR;C:\Program Files\dotnet\;C:\Program Files\Git\cmd;C:\Apache24\bin;C:\Program Files\PuTTY\;C:\Users\Administrator\AppData\Local\Microsoft\WindowsApps;
USERNAME=Administrator
OS=Windows_NT
PROCESSOR_IDENTIFIER=Intel64 Family 6 Model 151 Stepping 5, GenuineIntel
TMP=C:\Users\ADMINI~1\AppData\Local\Temp
TEMP=C:\Users\ADMINI~1\AppData\Local\Temp



---------------  S Y S T E M  ---------------

OS: Windows 10 , 64 bit Build 19041 (10.0.19041.2364)
OS uptime: 0 days 12:29 hours
Hyper-V role detected

CPU:total 12 (initial active 12) (6 cores per cpu, 2 threads per core) family 6 model 151 stepping 5 microcode 0x1a, cmov, cx8, fxsr, mmx, sse, sse2, sse3, ssse3, sse4.1, sse4.2, popcnt, avx, avx2, aes, clmul, erms, 3dnowpref, lzcnt, ht, tsc, tscinvbit, bmi1, bmi2, adx, sha, fma

Memory: 4k page, system-wide physical 16243M (5473M free)
TotalPageFile size 19169M (AvailPageFile size 9M)
current process WorkingSet (physical memory assigned to process): 335M, peak: 335M
current process commit charge ("private bytes"): 481M, peak: 531M

vm_info: OpenJDK 64-Bit Server VM (11.0.18+10-LTS) for windows-amd64 JRE (Zulu11.62+17-CA) (11.0.18+10-LTS), built on Jan  4 2023 15:02:54 by "zulu_re" with MS VC++ 15.9 (VS2017)

END.
