#
# There is insufficient memory for the Java Runtime Environment to continue.
# Native memory allocation (malloc) failed to allocate 1160496 bytes for Chunk::new
# Possible reasons:
#   The system is out of physical RAM or swap space
#   The process is running with CompressedOops enabled, and the Java Heap may be blocking the growth of the native heap
# Possible solutions:
#   Reduce memory load on the system
#   Increase physical memory or swap space
#   Check if swap backing store is full
#   Decrease Java heap size (-Xmx/-Xms)
#   Decrease number of Java threads
#   Decrease Java thread stack sizes (-Xss)
#   Set larger code cache with -XX:ReservedCodeCacheSize=
#   JVM is running with Zero Based Compressed Oops mode in which the Java heap is
#     placed in the first 32GB address space. The Java Heap base address is the
#     maximum limit for the native heap growth. Please use -XX:HeapBaseMinAddress
#     to set the Java Heap base and to place the Java Heap above 32GB virtual address.
# This output file may be truncated or incomplete.
#
#  Out of Memory Error (./src/hotspot/share/memory/arena.cpp:197), pid=4548, tid=20012
#
# JRE version: OpenJDK Runtime Environment Zulu11.62+17-CA (11.0.18+10) (build 11.0.18+10-LTS)
# Java VM: OpenJDK 64-Bit Server VM Zulu11.62+17-CA (11.0.18+10-LTS, mixed mode, tiered, compressed oops, g1 gc, windows-amd64)
# No core dump will be written. Minidumps are not enabled by default on client versions of Windows
#

---------------  S U M M A R Y ------------

Command Line: -javaagent:C:\Program Files\JetBrains\IntelliJ IDEA Community Edition 2022.3.2\lib\idea_rt.jar=49876:C:\Program Files\JetBrains\IntelliJ IDEA Community Edition 2022.3.2\bin -Dfile.encoding=UTF-8 com.project.chamong.ChamongApplication

Host: 12th Gen Intel(R) Core(TM) i5-12400F, 12 cores, 15G,  Windows 10 , 64 bit Build 19041 (10.0.19041.2364)
Time: Mon Mar 27 21:11:00 2023  Windows 10 , 64 bit Build 19041 (10.0.19041.2364) elapsed time: 2.959893 seconds (0d 0h 0m 2s)

---------------  T H R E A D  ---------------

Current thread (0x000001a22babd000):  JavaThread "C2 CompilerThread0" daemon [_thread_in_native, id=20012, stack(0x00000088a4c00000,0x00000088a4d00000)]


Current CompileTask:
C2:   2959 3907       4       java.net.URLStreamHandler::parseURL (1201 bytes)

Stack: [0x00000088a4c00000,0x00000088a4d00000]
Native frames: (J=compiled Java code, j=interpreted, Vv=VM code, C=native code)
V  [jvm.dll+0x62bdca]
V  [jvm.dll+0x7b9bc9]
V  [jvm.dll+0x7bb2b8]
V  [jvm.dll+0x7bb993]
V  [jvm.dll+0x253258]
V  [jvm.dll+0xc240c]
V  [jvm.dll+0xc29cc]
V  [jvm.dll+0x361ea2]
V  [jvm.dll+0x32d6f3]
V  [jvm.dll+0x32ca2a]
V  [jvm.dll+0x208a53]
V  [jvm.dll+0x207bad]
V  [jvm.dll+0x18a041]
V  [jvm.dll+0x2174e4]
V  [jvm.dll+0x21572b]
V  [jvm.dll+0x77c770]
V  [jvm.dll+0x775694]
V  [jvm.dll+0x62ac35]
C  [ucrtbase.dll+0x21bb2]
C  [KERNEL32.DLL+0x17614]
C  [ntdll.dll+0x526a1]


---------------  P R O C E S S  ---------------

Threads class SMR info:
_java_thread_list=0x000001a22e3f0bd0, length=13, elements={
0x000001a206fc7800, }

Java Threads: ( => current thread )
  0x000001a206fc7800 JavaThread "main" [_thread_blocked, id=9576, stack(0x00000088a4000000,0x00000088a4100000)]
  0x000001a22b196800 JavaThread "Reference Handler" daemon [_thread_blocked, id=14112, stack(0x00000088a4700000,0x00000088a4800000)]
  0x000001a22b198000 JavaThread "Finalizer" daemon [_thread_blocked, id=18656, stack(0x00000088a4800000,0x00000088a4900000)]
  0x000001a22bab1800 JavaThread "Signal Dispatcher" daemon [_thread_blocked, id=292, stack(0x00000088a4900000,0x00000088a4a00000)]
  0x000001a22bab2800 JavaThread "Attach Listener" daemon [_thread_blocked, id=15768, stack(0x00000088a4a00000,0x00000088a4b00000)]
  0x000001a22bab4800 JavaThread "Service Thread" daemon [_thread_blocked, id=18176, stack(0x00000088a4b00000,0x00000088a4c00000)]
=>0x000001a22babd000 JavaThread "C2 CompilerThread0" daemon [_thread_in_native, id=20012, stack(0x00000088a4c00000,0x00000088a4d00000)]
  0x000001a22bac5000 JavaThread "C1 CompilerThread0" daemon [_thread_blocked, id=14524, stack(0x00000088a4d00000,0x00000088a4e00000)]
  0x000001a22badd000 JavaThread "Sweeper thread" daemon [_thread_blocked, id=17376, stack(0x00000088a4e00000,0x00000088a4f00000)]
  0x000001a22bc6b800 JavaThread "Common-Cleaner" daemon [_thread_blocked, id=15484, stack(0x00000088a4f00000,0x00000088a5000000)]
  0x000001a22c1ca000 JavaThread "Monitor Ctrl-Break" daemon [_thread_in_native, id=20308, stack(0x00000088a5100000,0x00000088a5200000)]
  0x000001a22bac0800 JavaThread "C2 CompilerThread1" daemon [_thread_in_native, id=16412, stack(0x00000088a5000000,0x00000088a5100000)]
  0x000001a22babf000 JavaThread "C2 CompilerThread2" daemon [_thread_in_native, id=14400, stack(0x00000088a5300000,0x00000088a5400000)]
  0x000001a22e471800 JavaThread "Catalina-utility-1" [_thread_blocked, id=10232, stack(0x00000088a5900000,0x00000088a5a00000)]
  0x000001a22daec800 JavaThread "Catalina-utility-2" [_thread_blocked, id=14848, stack(0x00000088a5c00000,0x00000088a5d00000)]
  0x000001a2305ef000 JavaThread "container-0" [_thread_blocked, id=7840, stack(0x00000088a5d00000,0x00000088a5e00000)]
  0x000001a230698800 JavaThread "mysql-cj-abandoned-connection-cleanup" daemon [_thread_in_vm, id=15480, stack(0x00000088a5e00000,0x00000088a5f00000)]

Other Threads:
  0x000001a22b193000 VMThread "VM Thread" [stack: 0x00000088a4600000,0x00000088a4700000] [id=18096]
  0x000001a22c2e8800 WatcherThread [stack: 0x00000088a5200000,0x00000088a5300000] [id=12368]
  0x000001a206fe0000 GCTaskThread "GC Thread#0" [stack: 0x00000088a4100000,0x00000088a4200000] [id=18932]
  0x000001a22c500800 GCTaskThread "GC Thread#1" [stack: 0x00000088a5400000,0x00000088a5500000] [id=14320]
  0x000001a22c320000 GCTaskThread "GC Thread#2" [stack: 0x00000088a5500000,0x00000088a5600000] [id=9500]
  0x000001a22cfb4000 GCTaskThread "GC Thread#3" [stack: 0x00000088a5600000,0x00000088a5700000] [id=14824]
  0x000001a22cfb4800 GCTaskThread "GC Thread#4" [stack: 0x00000088a5700000,0x00000088a5800000] [id=13512]
  0x000001a22cfd2000 GCTaskThread "GC Thread#5" [stack: 0x00000088a5800000,0x00000088a5900000] [id=3640]
  0x000001a20703e000 ConcurrentGCThread "G1 Main Marker" [stack: 0x00000088a4200000,0x00000088a4300000] [id=13264]
  0x000001a207041800 ConcurrentGCThread "G1 Conc#0" [stack: 0x00000088a4300000,0x00000088a4400000] [id=16484]
  0x000001a22d0a0000 ConcurrentGCThread "G1 Conc#1" [stack: 0x00000088a5a00000,0x00000088a5b00000] [id=3824]
  0x000001a22d174800 ConcurrentGCThread "G1 Conc#2" [stack: 0x00000088a5b00000,0x00000088a5c00000] [id=5348]
  0x000001a22b078800 ConcurrentGCThread "G1 Refine#0" [stack: 0x00000088a4400000,0x00000088a4500000] [id=14520]
  0x000001a22b079800 ConcurrentGCThread "G1 Young RemSet Sampling" [stack: 0x00000088a4500000,0x00000088a4600000] [id=17028]

Threads with active compile tasks:
C2 CompilerThread0     3042 3907       4       java.net.URLStreamHandler::parseURL (1201 bytes)
C2 CompilerThread1     3042 4039   !   4       org.springframework.core.annotation.AnnotationsScanner::processClassHierarchy (227 bytes)
C2 CompilerThread2     3042 4024 % !   4       java.util.jar.Attributes::read @ 155 (354 bytes)

VM state:synchronizing (normal execution)

VM Mutex/Monitor currently owned by a thread:  ([mutex/lock_event])
[0x000001a206fc3800] Threads_lock - owner thread: 0x000001a22b193000
[0x000001a206fc1f40] Heap_lock - owner thread: 0x000001a206fc7800

Heap address: 0x0000000702200000, size: 4062 MB, Compressed Oops mode: Zero based, Oop shift amount: 3
Narrow klass base: 0x0000000800000000, Narrow klass shift: 0
Compressed class space size: 1073741824 Address: 0x0000000800000000

Heap:
 garbage-first heap   total 260096K, used 102842K [0x0000000702200000, 0x0000000800000000)
  region size 1024K, 94 young (96256K), 7 survivors (7168K)
 Metaspace       used 44687K, capacity 45797K, committed 45824K, reserved 1093632K
  class space    used 5397K, capacity 5865K, committed 5888K, reserved 1048576K
Heap Regions: E=young(eden), S=young(survivor), O=old, HS=humongous(starts), HC=humongous(continues), CS=collection set, F=free, A=archive, TAMS=top-at-mark-start (previous, next)
|   0|0x0000000702200000, 0x0000000702300000, 0x0000000702300000|100%|HS|  |TAMS 0x0000000702300000, 0x0000000702200000| Complete 
|   1|0x0000000702300000, 0x0000000702400000, 0x0000000702400000|100%| O|  |TAMS 0x0000000702400000, 0x0000000702300000| Untracked 
|   2|0x0000000702400000, 0x0000000702500000, 0x0000000702500000|100%| O|  |TAMS 0x0000000702500000, 0x0000000702400000| Untracked 
|   3|0x0000000702500000, 0x0000000702600000, 0x0000000702600000|100%| O|  |TAMS 0x0000000702600000, 0x0000000702500000| Untracked 
|   4|0x0000000702600000, 0x0000000702700000, 0x0000000702700000|100%| O|  |TAMS 0x0000000702700000, 0x0000000702600000| Untracked 
|   5|0x0000000702700000, 0x0000000702800000, 0x0000000702800000|100%| O|  |TAMS 0x0000000702800000, 0x0000000702700000| Untracked 
|   6|0x0000000702800000, 0x0000000702900000, 0x0000000702900000|100%| O|  |TAMS 0x0000000702900000, 0x0000000702800000| Untracked 
|   7|0x0000000702900000, 0x00000007029a7c00, 0x0000000702a00000| 65%| O|  |TAMS 0x00000007029a7c00, 0x0000000702900000| Untracked 
|   8|0x0000000702a00000, 0x0000000702a00000, 0x0000000702b00000|  0%| F|  |TAMS 0x0000000702a00000, 0x0000000702a00000| Untracked 
|   9|0x0000000702b00000, 0x0000000702b00000, 0x0000000702c00000|  0%| F|  |TAMS 0x0000000702b00000, 0x0000000702b00000| Untracked 
|  10|0x0000000702c00000, 0x0000000702c00000, 0x0000000702d00000|  0%| F|  |TAMS 0x0000000702c00000, 0x0000000702c00000| Untracked 
|  11|0x0000000702d00000, 0x0000000702d00000, 0x0000000702e00000|  0%| F|  |TAMS 0x0000000702d00000, 0x0000000702d00000| Untracked 
|  12|0x0000000702e00000, 0x0000000702e00000, 0x0000000702f00000|  0%| F|  |TAMS 0x0000000702e00000, 0x0000000702e00000| Untracked 
|  13|0x0000000702f00000, 0x0000000702f00000, 0x0000000703000000|  0%| F|  |TAMS 0x0000000702f00000, 0x0000000702f00000| Untracked 
|  14|0x0000000703000000, 0x0000000703000000, 0x0000000703100000|  0%| F|  |TAMS 0x0000000703000000, 0x0000000703000000| Untracked 
|  15|0x0000000703100000, 0x0000000703100000, 0x0000000703200000|  0%| F|  |TAMS 0x0000000703100000, 0x0000000703100000| Untracked 
|  16|0x0000000703200000, 0x0000000703200000, 0x0000000703300000|  0%| F|  |TAMS 0x0000000703200000, 0x0000000703200000| Untracked 
|  17|0x0000000703300000, 0x0000000703300000, 0x0000000703400000|  0%| F|  |TAMS 0x0000000703300000, 0x0000000703300000| Untracked 
|  18|0x0000000703400000, 0x0000000703400000, 0x0000000703500000|  0%| F|  |TAMS 0x0000000703400000, 0x0000000703400000| Untracked 
|  19|0x0000000703500000, 0x0000000703500000, 0x0000000703600000|  0%| F|  |TAMS 0x0000000703500000, 0x0000000703500000| Untracked 
|  20|0x0000000703600000, 0x0000000703600000, 0x0000000703700000|  0%| F|  |TAMS 0x0000000703600000, 0x0000000703600000| Untracked 
|  21|0x0000000703700000, 0x0000000703700000, 0x0000000703800000|  0%| F|  |TAMS 0x0000000703700000, 0x0000000703700000| Untracked 
|  22|0x0000000703800000, 0x0000000703800000, 0x0000000703900000|  0%| F|  |TAMS 0x0000000703800000, 0x0000000703800000| Untracked 
|  23|0x0000000703900000, 0x0000000703900000, 0x0000000703a00000|  0%| F|  |TAMS 0x0000000703900000, 0x0000000703900000| Untracked 
|  24|0x0000000703a00000, 0x0000000703a00000, 0x0000000703b00000|  0%| F|  |TAMS 0x0000000703a00000, 0x0000000703a00000| Untracked 
|  25|0x0000000703b00000, 0x0000000703b00000, 0x0000000703c00000|  0%| F|  |TAMS 0x0000000703b00000, 0x0000000703b00000| Untracked 
|  26|0x0000000703c00000, 0x0000000703c00000, 0x0000000703d00000|  0%| F|  |TAMS 0x0000000703c00000, 0x0000000703c00000| Untracked 
|  27|0x0000000703d00000, 0x0000000703d00000, 0x0000000703e00000|  0%| F|  |TAMS 0x0000000703d00000, 0x0000000703d00000| Untracked 
|  28|0x0000000703e00000, 0x0000000703e00000, 0x0000000703f00000|  0%| F|  |TAMS 0x0000000703e00000, 0x0000000703e00000| Untracked 
|  29|0x0000000703f00000, 0x0000000703f00000, 0x0000000704000000|  0%| F|  |TAMS 0x0000000703f00000, 0x0000000703f00000| Untracked 
|  30|0x0000000704000000, 0x0000000704000000, 0x0000000704100000|  0%| F|  |TAMS 0x0000000704000000, 0x0000000704000000| Untracked 
|  31|0x0000000704100000, 0x0000000704100000, 0x0000000704200000|  0%| F|  |TAMS 0x0000000704100000, 0x0000000704100000| Untracked 
|  32|0x0000000704200000, 0x0000000704200000, 0x0000000704300000|  0%| F|  |TAMS 0x0000000704200000, 0x0000000704200000| Untracked 
|  33|0x0000000704300000, 0x0000000704300000, 0x0000000704400000|  0%| F|  |TAMS 0x0000000704300000, 0x0000000704300000| Untracked 
|  34|0x0000000704400000, 0x0000000704400000, 0x0000000704500000|  0%| F|  |TAMS 0x0000000704400000, 0x0000000704400000| Untracked 
|  35|0x0000000704500000, 0x0000000704500000, 0x0000000704600000|  0%| F|  |TAMS 0x0000000704500000, 0x0000000704500000| Untracked 
|  36|0x0000000704600000, 0x0000000704600000, 0x0000000704700000|  0%| F|  |TAMS 0x0000000704600000, 0x0000000704600000| Untracked 
|  37|0x0000000704700000, 0x0000000704700000, 0x0000000704800000|  0%| F|  |TAMS 0x0000000704700000, 0x0000000704700000| Untracked 
|  38|0x0000000704800000, 0x0000000704800000, 0x0000000704900000|  0%| F|  |TAMS 0x0000000704800000, 0x0000000704800000| Untracked 
|  39|0x0000000704900000, 0x0000000704900000, 0x0000000704a00000|  0%| F|  |TAMS 0x0000000704900000, 0x0000000704900000| Untracked 
|  40|0x0000000704a00000, 0x0000000704a00000, 0x0000000704b00000|  0%| F|  |TAMS 0x0000000704a00000, 0x0000000704a00000| Untracked 
|  41|0x0000000704b00000, 0x0000000704b00000, 0x0000000704c00000|  0%| F|  |TAMS 0x0000000704b00000, 0x0000000704b00000| Untracked 
|  42|0x0000000704c00000, 0x0000000704c00000, 0x0000000704d00000|  0%| F|  |TAMS 0x0000000704c00000, 0x0000000704c00000| Untracked 
|  43|0x0000000704d00000, 0x0000000704d00000, 0x0000000704e00000|  0%| F|  |TAMS 0x0000000704d00000, 0x0000000704d00000| Untracked 
|  44|0x0000000704e00000, 0x0000000704e00000, 0x0000000704f00000|  0%| F|  |TAMS 0x0000000704e00000, 0x0000000704e00000| Untracked 
|  45|0x0000000704f00000, 0x0000000704f00000, 0x0000000705000000|  0%| F|  |TAMS 0x0000000704f00000, 0x0000000704f00000| Untracked 
|  46|0x0000000705000000, 0x0000000705000000, 0x0000000705100000|  0%| F|  |TAMS 0x0000000705000000, 0x0000000705000000| Untracked 
|  47|0x0000000705100000, 0x0000000705100000, 0x0000000705200000|  0%| F|  |TAMS 0x0000000705100000, 0x0000000705100000| Untracked 
|  48|0x0000000705200000, 0x0000000705200000, 0x0000000705300000|  0%| F|  |TAMS 0x0000000705200000, 0x0000000705200000| Untracked 
|  49|0x0000000705300000, 0x0000000705300000, 0x0000000705400000|  0%| F|  |TAMS 0x0000000705300000, 0x0000000705300000| Untracked 
|  50|0x0000000705400000, 0x0000000705400000, 0x0000000705500000|  0%| F|  |TAMS 0x0000000705400000, 0x0000000705400000| Untracked 
|  51|0x0000000705500000, 0x0000000705500000, 0x0000000705600000|  0%| F|  |TAMS 0x0000000705500000, 0x0000000705500000| Untracked 
|  52|0x0000000705600000, 0x0000000705600000, 0x0000000705700000|  0%| F|  |TAMS 0x0000000705600000, 0x0000000705600000| Untracked 
|  53|0x0000000705700000, 0x0000000705700000, 0x0000000705800000|  0%| F|  |TAMS 0x0000000705700000, 0x0000000705700000| Untracked 
|  54|0x0000000705800000, 0x0000000705800000, 0x0000000705900000|  0%| F|  |TAMS 0x0000000705800000, 0x0000000705800000| Untracked 
|  55|0x0000000705900000, 0x0000000705900000, 0x0000000705a00000|  0%| F|  |TAMS 0x0000000705900000, 0x0000000705900000| Untracked 
|  56|0x0000000705a00000, 0x0000000705a00000, 0x0000000705b00000|  0%| F|  |TAMS 0x0000000705a00000, 0x0000000705a00000| Untracked 
|  57|0x0000000705b00000, 0x0000000705b00000, 0x0000000705c00000|  0%| F|  |TAMS 0x0000000705b00000, 0x0000000705b00000| Untracked 
|  58|0x0000000705c00000, 0x0000000705c00000, 0x0000000705d00000|  0%| F|  |TAMS 0x0000000705c00000, 0x0000000705c00000| Untracked 
|  59|0x0000000705d00000, 0x0000000705d00000, 0x0000000705e00000|  0%| F|  |TAMS 0x0000000705d00000, 0x0000000705d00000| Untracked 
|  60|0x0000000705e00000, 0x0000000705e00000, 0x0000000705f00000|  0%| F|  |TAMS 0x0000000705e00000, 0x0000000705e00000| Untracked 
|  61|0x0000000705f00000, 0x0000000705f00000, 0x0000000706000000|  0%| F|  |TAMS 0x0000000705f00000, 0x0000000705f00000| Untracked 
|  62|0x0000000706000000, 0x0000000706000000, 0x0000000706100000|  0%| F|  |TAMS 0x0000000706000000, 0x0000000706000000| Untracked 
|  63|0x0000000706100000, 0x0000000706100000, 0x0000000706200000|  0%| F|  |TAMS 0x0000000706100000, 0x0000000706100000| Untracked 
|  64|0x0000000706200000, 0x0000000706200000, 0x0000000706300000|  0%| F|  |TAMS 0x0000000706200000, 0x0000000706200000| Untracked 
|  65|0x0000000706300000, 0x0000000706300000, 0x0000000706400000|  0%| F|  |TAMS 0x0000000706300000, 0x0000000706300000| Untracked 
|  66|0x0000000706400000, 0x0000000706400000, 0x0000000706500000|  0%| F|  |TAMS 0x0000000706400000, 0x0000000706400000| Untracked 
|  67|0x0000000706500000, 0x0000000706500000, 0x0000000706600000|  0%| F|  |TAMS 0x0000000706500000, 0x0000000706500000| Untracked 
|  68|0x0000000706600000, 0x0000000706600000, 0x0000000706700000|  0%| F|  |TAMS 0x0000000706600000, 0x0000000706600000| Untracked 
|  69|0x0000000706700000, 0x0000000706700000, 0x0000000706800000|  0%| F|  |TAMS 0x0000000706700000, 0x0000000706700000| Untracked 
|  70|0x0000000706800000, 0x0000000706800000, 0x0000000706900000|  0%| F|  |TAMS 0x0000000706800000, 0x0000000706800000| Untracked 
|  71|0x0000000706900000, 0x0000000706900000, 0x0000000706a00000|  0%| F|  |TAMS 0x0000000706900000, 0x0000000706900000| Untracked 
|  72|0x0000000706a00000, 0x0000000706a00000, 0x0000000706b00000|  0%| F|  |TAMS 0x0000000706a00000, 0x0000000706a00000| Untracked 
|  73|0x0000000706b00000, 0x0000000706b00000, 0x0000000706c00000|  0%| F|  |TAMS 0x0000000706b00000, 0x0000000706b00000| Untracked 
|  74|0x0000000706c00000, 0x0000000706c00000, 0x0000000706d00000|  0%| F|  |TAMS 0x0000000706c00000, 0x0000000706c00000| Untracked 
|  75|0x0000000706d00000, 0x0000000706d00000, 0x0000000706e00000|  0%| F|  |TAMS 0x0000000706d00000, 0x0000000706d00000| Untracked 
|  76|0x0000000706e00000, 0x0000000706e00000, 0x0000000706f00000|  0%| F|  |TAMS 0x0000000706e00000, 0x0000000706e00000| Untracked 
|  77|0x0000000706f00000, 0x0000000706f00000, 0x0000000707000000|  0%| F|  |TAMS 0x0000000706f00000, 0x0000000706f00000| Untracked 
|  78|0x0000000707000000, 0x0000000707000000, 0x0000000707100000|  0%| F|  |TAMS 0x0000000707000000, 0x0000000707000000| Untracked 
|  79|0x0000000707100000, 0x0000000707100000, 0x0000000707200000|  0%| F|  |TAMS 0x0000000707100000, 0x0000000707100000| Untracked 
|  80|0x0000000707200000, 0x0000000707200000, 0x0000000707300000|  0%| F|  |TAMS 0x0000000707200000, 0x0000000707200000| Untracked 
|  81|0x0000000707300000, 0x0000000707300000, 0x0000000707400000|  0%| F|  |TAMS 0x0000000707300000, 0x0000000707300000| Untracked 
|  82|0x0000000707400000, 0x0000000707400000, 0x0000000707500000|  0%| F|  |TAMS 0x0000000707400000, 0x0000000707400000| Untracked 
|  83|0x0000000707500000, 0x0000000707500000, 0x0000000707600000|  0%| F|  |TAMS 0x0000000707500000, 0x0000000707500000| Untracked 
|  84|0x0000000707600000, 0x0000000707600000, 0x0000000707700000|  0%| F|  |TAMS 0x0000000707600000, 0x0000000707600000| Untracked 
|  85|0x0000000707700000, 0x0000000707700000, 0x0000000707800000|  0%| F|  |TAMS 0x0000000707700000, 0x0000000707700000| Untracked 
|  86|0x0000000707800000, 0x0000000707800000, 0x0000000707900000|  0%| F|  |TAMS 0x0000000707800000, 0x0000000707800000| Untracked 
|  87|0x0000000707900000, 0x0000000707900000, 0x0000000707a00000|  0%| F|  |TAMS 0x0000000707900000, 0x0000000707900000| Untracked 
|  88|0x0000000707a00000, 0x0000000707a00000, 0x0000000707b00000|  0%| F|  |TAMS 0x0000000707a00000, 0x0000000707a00000| Untracked 
|  89|0x0000000707b00000, 0x0000000707b00000, 0x0000000707c00000|  0%| F|  |TAMS 0x0000000707b00000, 0x0000000707b00000| Untracked 
|  90|0x0000000707c00000, 0x0000000707c00000, 0x0000000707d00000|  0%| F|  |TAMS 0x0000000707c00000, 0x0000000707c00000| Untracked 
|  91|0x0000000707d00000, 0x0000000707d00000, 0x0000000707e00000|  0%| F|  |TAMS 0x0000000707d00000, 0x0000000707d00000| Untracked 
|  92|0x0000000707e00000, 0x0000000707e00000, 0x0000000707f00000|  0%| F|  |TAMS 0x0000000707e00000, 0x0000000707e00000| Untracked 
|  93|0x0000000707f00000, 0x0000000707f00000, 0x0000000708000000|  0%| F|  |TAMS 0x0000000707f00000, 0x0000000707f00000| Untracked 
|  94|0x0000000708000000, 0x0000000708000000, 0x0000000708100000|  0%| F|  |TAMS 0x0000000708000000, 0x0000000708000000| Untracked 
|  95|0x0000000708100000, 0x0000000708100000, 0x0000000708200000|  0%| F|  |TAMS 0x0000000708100000, 0x0000000708100000| Untracked 
|  96|0x0000000708200000, 0x0000000708200000, 0x0000000708300000|  0%| F|  |TAMS 0x0000000708200000, 0x0000000708200000| Untracked 
|  97|0x0000000708300000, 0x0000000708300000, 0x0000000708400000|  0%| F|  |TAMS 0x0000000708300000, 0x0000000708300000| Untracked 
|  98|0x0000000708400000, 0x0000000708400000, 0x0000000708500000|  0%| F|  |TAMS 0x0000000708400000, 0x0000000708400000| Untracked 
|  99|0x0000000708500000, 0x0000000708500000, 0x0000000708600000|  0%| F|  |TAMS 0x0000000708500000, 0x0000000708500000| Untracked 
| 100|0x0000000708600000, 0x0000000708600000, 0x0000000708700000|  0%| F|  |TAMS 0x0000000708600000, 0x0000000708600000| Untracked 
| 101|0x0000000708700000, 0x0000000708700000, 0x0000000708800000|  0%| F|  |TAMS 0x0000000708700000, 0x0000000708700000| Untracked 
| 102|0x0000000708800000, 0x0000000708800000, 0x0000000708900000|  0%| F|  |TAMS 0x0000000708800000, 0x0000000708800000| Untracked 
| 103|0x0000000708900000, 0x0000000708900000, 0x0000000708a00000|  0%| F|  |TAMS 0x0000000708900000, 0x0000000708900000| Untracked 
| 104|0x0000000708a00000, 0x0000000708a00000, 0x0000000708b00000|  0%| F|  |TAMS 0x0000000708a00000, 0x0000000708a00000| Untracked 
| 105|0x0000000708b00000, 0x0000000708b00000, 0x0000000708c00000|  0%| F|  |TAMS 0x0000000708b00000, 0x0000000708b00000| Untracked 
| 106|0x0000000708c00000, 0x0000000708c00000, 0x0000000708d00000|  0%| F|  |TAMS 0x0000000708c00000, 0x0000000708c00000| Untracked 
| 107|0x0000000708d00000, 0x0000000708d00000, 0x0000000708e00000|  0%| F|  |TAMS 0x0000000708d00000, 0x0000000708d00000| Untracked 
| 108|0x0000000708e00000, 0x0000000708e00000, 0x0000000708f00000|  0%| F|  |TAMS 0x0000000708e00000, 0x0000000708e00000| Untracked 
| 109|0x0000000708f00000, 0x0000000708f00000, 0x0000000709000000|  0%| F|  |TAMS 0x0000000708f00000, 0x0000000708f00000| Untracked 
| 110|0x0000000709000000, 0x0000000709000000, 0x0000000709100000|  0%| F|  |TAMS 0x0000000709000000, 0x0000000709000000| Untracked 
| 111|0x0000000709100000, 0x0000000709100000, 0x0000000709200000|  0%| F|  |TAMS 0x0000000709100000, 0x0000000709100000| Untracked 
| 112|0x0000000709200000, 0x0000000709200000, 0x0000000709300000|  0%| F|  |TAMS 0x0000000709200000, 0x0000000709200000| Untracked 
| 113|0x0000000709300000, 0x0000000709300000, 0x0000000709400000|  0%| F|  |TAMS 0x0000000709300000, 0x0000000709300000| Untracked 
| 114|0x0000000709400000, 0x0000000709400000, 0x0000000709500000|  0%| F|  |TAMS 0x0000000709400000, 0x0000000709400000| Untracked 
| 115|0x0000000709500000, 0x0000000709500000, 0x0000000709600000|  0%| F|  |TAMS 0x0000000709500000, 0x0000000709500000| Untracked 
| 116|0x0000000709600000, 0x0000000709600000, 0x0000000709700000|  0%| F|  |TAMS 0x0000000709600000, 0x0000000709600000| Untracked 
| 117|0x0000000709700000, 0x0000000709700000, 0x0000000709800000|  0%| F|  |TAMS 0x0000000709700000, 0x0000000709700000| Untracked 
| 118|0x0000000709800000, 0x0000000709800000, 0x0000000709900000|  0%| F|  |TAMS 0x0000000709800000, 0x0000000709800000| Untracked 
| 119|0x0000000709900000, 0x0000000709900000, 0x0000000709a00000|  0%| F|  |TAMS 0x0000000709900000, 0x0000000709900000| Untracked 
| 120|0x0000000709a00000, 0x0000000709a00000, 0x0000000709b00000|  0%| F|  |TAMS 0x0000000709a00000, 0x0000000709a00000| Untracked 
| 121|0x0000000709b00000, 0x0000000709b00000, 0x0000000709c00000|  0%| F|  |TAMS 0x0000000709b00000, 0x0000000709b00000| Untracked 
| 122|0x0000000709c00000, 0x0000000709c00000, 0x0000000709d00000|  0%| F|  |TAMS 0x0000000709c00000, 0x0000000709c00000| Untracked 
| 123|0x0000000709d00000, 0x0000000709d00000, 0x0000000709e00000|  0%| F|  |TAMS 0x0000000709d00000, 0x0000000709d00000| Untracked 
| 124|0x0000000709e00000, 0x0000000709e00000, 0x0000000709f00000|  0%| F|  |TAMS 0x0000000709e00000, 0x0000000709e00000| Untracked 
| 125|0x0000000709f00000, 0x0000000709f00000, 0x000000070a000000|  0%| F|  |TAMS 0x0000000709f00000, 0x0000000709f00000| Untracked 
| 126|0x000000070a000000, 0x000000070a000000, 0x000000070a100000|  0%| F|  |TAMS 0x000000070a000000, 0x000000070a000000| Untracked 
| 127|0x000000070a100000, 0x000000070a100000, 0x000000070a200000|  0%| F|  |TAMS 0x000000070a100000, 0x000000070a100000| Untracked 
| 128|0x000000070a200000, 0x000000070a200000, 0x000000070a300000|  0%| F|  |TAMS 0x000000070a200000, 0x000000070a200000| Untracked 
| 129|0x000000070a300000, 0x000000070a300000, 0x000000070a400000|  0%| F|  |TAMS 0x000000070a300000, 0x000000070a300000| Untracked 
| 130|0x000000070a400000, 0x000000070a400000, 0x000000070a500000|  0%| F|  |TAMS 0x000000070a400000, 0x000000070a400000| Untracked 
| 131|0x000000070a500000, 0x000000070a500000, 0x000000070a600000|  0%| F|  |TAMS 0x000000070a500000, 0x000000070a500000| Untracked 
| 132|0x000000070a600000, 0x000000070a600000, 0x000000070a700000|  0%| F|  |TAMS 0x000000070a600000, 0x000000070a600000| Untracked 
| 133|0x000000070a700000, 0x000000070a700000, 0x000000070a800000|  0%| F|  |TAMS 0x000000070a700000, 0x000000070a700000| Untracked 
| 134|0x000000070a800000, 0x000000070a800000, 0x000000070a900000|  0%| F|  |TAMS 0x000000070a800000, 0x000000070a800000| Untracked 
| 135|0x000000070a900000, 0x000000070a900000, 0x000000070aa00000|  0%| F|  |TAMS 0x000000070a900000, 0x000000070a900000| Untracked 
| 136|0x000000070aa00000, 0x000000070aa00000, 0x000000070ab00000|  0%| F|  |TAMS 0x000000070aa00000, 0x000000070aa00000| Untracked 
| 137|0x000000070ab00000, 0x000000070ab00000, 0x000000070ac00000|  0%| F|  |TAMS 0x000000070ab00000, 0x000000070ab00000| Untracked 
| 138|0x000000070ac00000, 0x000000070ac00000, 0x000000070ad00000|  0%| F|  |TAMS 0x000000070ac00000, 0x000000070ac00000| Untracked 
| 139|0x000000070ad00000, 0x000000070ad00000, 0x000000070ae00000|  0%| F|  |TAMS 0x000000070ad00000, 0x000000070ad00000| Untracked 
| 140|0x000000070ae00000, 0x000000070ae00000, 0x000000070af00000|  0%| F|  |TAMS 0x000000070ae00000, 0x000000070ae00000| Untracked 
| 141|0x000000070af00000, 0x000000070af00000, 0x000000070b000000|  0%| F|  |TAMS 0x000000070af00000, 0x000000070af00000| Untracked 
| 142|0x000000070b000000, 0x000000070b000000, 0x000000070b100000|  0%| F|  |TAMS 0x000000070b000000, 0x000000070b000000| Untracked 
| 143|0x000000070b100000, 0x000000070b100000, 0x000000070b200000|  0%| F|  |TAMS 0x000000070b100000, 0x000000070b100000| Untracked 
| 144|0x000000070b200000, 0x000000070b200000, 0x000000070b300000|  0%| F|  |TAMS 0x000000070b200000, 0x000000070b200000| Untracked 
| 145|0x000000070b300000, 0x000000070b300000, 0x000000070b400000|  0%| F|  |TAMS 0x000000070b300000, 0x000000070b300000| Untracked 
| 146|0x000000070b400000, 0x000000070b400000, 0x000000070b500000|  0%| F|  |TAMS 0x000000070b400000, 0x000000070b400000| Untracked 
| 147|0x000000070b500000, 0x000000070b500000, 0x000000070b600000|  0%| F|  |TAMS 0x000000070b500000, 0x000000070b500000| Untracked 
| 148|0x000000070b600000, 0x000000070b600000, 0x000000070b700000|  0%| F|  |TAMS 0x000000070b600000, 0x000000070b600000| Untracked 
| 149|0x000000070b700000, 0x000000070b700000, 0x000000070b800000|  0%| F|  |TAMS 0x000000070b700000, 0x000000070b700000| Untracked 
| 150|0x000000070b800000, 0x000000070b800000, 0x000000070b900000|  0%| F|  |TAMS 0x000000070b800000, 0x000000070b800000| Untracked 
| 151|0x000000070b900000, 0x000000070b900000, 0x000000070ba00000|  0%| F|  |TAMS 0x000000070b900000, 0x000000070b900000| Untracked 
| 152|0x000000070ba00000, 0x000000070ba00000, 0x000000070bb00000|  0%| F|  |TAMS 0x000000070ba00000, 0x000000070ba00000| Untracked 
| 153|0x000000070bb00000, 0x000000070bb00000, 0x000000070bc00000|  0%| F|  |TAMS 0x000000070bb00000, 0x000000070bb00000| Untracked 
| 154|0x000000070bc00000, 0x000000070bc00000, 0x000000070bd00000|  0%| F|  |TAMS 0x000000070bc00000, 0x000000070bc00000| Untracked 
| 155|0x000000070bd00000, 0x000000070bd00000, 0x000000070be00000|  0%| F|  |TAMS 0x000000070bd00000, 0x000000070bd00000| Untracked 
| 156|0x000000070be00000, 0x000000070be00000, 0x000000070bf00000|  0%| F|  |TAMS 0x000000070be00000, 0x000000070be00000| Untracked 
| 157|0x000000070bf00000, 0x000000070bf00000, 0x000000070c000000|  0%| F|  |TAMS 0x000000070bf00000, 0x000000070bf00000| Untracked 
| 158|0x000000070c000000, 0x000000070c000000, 0x000000070c100000|  0%| F|  |TAMS 0x000000070c000000, 0x000000070c000000| Untracked 
| 159|0x000000070c100000, 0x000000070c100000, 0x000000070c200000|  0%| F|  |TAMS 0x000000070c100000, 0x000000070c100000| Untracked 
| 160|0x000000070c200000, 0x000000070c280800, 0x000000070c300000| 50%| E|  |TAMS 0x000000070c200000, 0x000000070c200000| Complete 
| 161|0x000000070c300000, 0x000000070c400000, 0x000000070c400000|100%| E|CS|TAMS 0x000000070c300000, 0x000000070c300000| Complete 
| 162|0x000000070c400000, 0x000000070c500000, 0x000000070c500000|100%| E|CS|TAMS 0x000000070c400000, 0x000000070c400000| Complete 
| 163|0x000000070c500000, 0x000000070c600000, 0x000000070c600000|100%| E|CS|TAMS 0x000000070c500000, 0x000000070c500000| Complete 
| 164|0x000000070c600000, 0x000000070c700000, 0x000000070c700000|100%| E|CS|TAMS 0x000000070c600000, 0x000000070c600000| Complete 
| 165|0x000000070c700000, 0x000000070c800000, 0x000000070c800000|100%| E|CS|TAMS 0x000000070c700000, 0x000000070c700000| Complete 
| 166|0x000000070c800000, 0x000000070c900000, 0x000000070c900000|100%| E|CS|TAMS 0x000000070c800000, 0x000000070c800000| Complete 
| 167|0x000000070c900000, 0x000000070ca00000, 0x000000070ca00000|100%| E|CS|TAMS 0x000000070c900000, 0x000000070c900000| Complete 
| 168|0x000000070ca00000, 0x000000070cb00000, 0x000000070cb00000|100%| E|CS|TAMS 0x000000070ca00000, 0x000000070ca00000| Complete 
| 169|0x000000070cb00000, 0x000000070cc00000, 0x000000070cc00000|100%| E|CS|TAMS 0x000000070cb00000, 0x000000070cb00000| Complete 
| 170|0x000000070cc00000, 0x000000070cd00000, 0x000000070cd00000|100%| E|CS|TAMS 0x000000070cc00000, 0x000000070cc00000| Complete 
| 171|0x000000070cd00000, 0x000000070ce00000, 0x000000070ce00000|100%| E|CS|TAMS 0x000000070cd00000, 0x000000070cd00000| Complete 
| 172|0x000000070ce00000, 0x000000070cf00000, 0x000000070cf00000|100%| E|CS|TAMS 0x000000070ce00000, 0x000000070ce00000| Complete 
| 173|0x000000070cf00000, 0x000000070d000000, 0x000000070d000000|100%| E|CS|TAMS 0x000000070cf00000, 0x000000070cf00000| Complete 
| 174|0x000000070d000000, 0x000000070d100000, 0x000000070d100000|100%| E|CS|TAMS 0x000000070d000000, 0x000000070d000000| Complete 
| 175|0x000000070d100000, 0x000000070d200000, 0x000000070d200000|100%| E|CS|TAMS 0x000000070d100000, 0x000000070d100000| Complete 
| 176|0x000000070d200000, 0x000000070d300000, 0x000000070d300000|100%| E|CS|TAMS 0x000000070d200000, 0x000000070d200000| Complete 
| 177|0x000000070d300000, 0x000000070d400000, 0x000000070d400000|100%| E|CS|TAMS 0x000000070d300000, 0x000000070d300000| Complete 
| 178|0x000000070d400000, 0x000000070d500000, 0x000000070d500000|100%| E|CS|TAMS 0x000000070d400000, 0x000000070d400000| Complete 
| 179|0x000000070d500000, 0x000000070d600000, 0x000000070d600000|100%| E|CS|TAMS 0x000000070d500000, 0x000000070d500000| Complete 
| 180|0x000000070d600000, 0x000000070d700000, 0x000000070d700000|100%| E|CS|TAMS 0x000000070d600000, 0x000000070d600000| Complete 
| 181|0x000000070d700000, 0x000000070d800000, 0x000000070d800000|100%| E|CS|TAMS 0x000000070d700000, 0x000000070d700000| Complete 
| 182|0x000000070d800000, 0x000000070d900000, 0x000000070d900000|100%| E|CS|TAMS 0x000000070d800000, 0x000000070d800000| Complete 
| 183|0x000000070d900000, 0x000000070da00000, 0x000000070da00000|100%| E|CS|TAMS 0x000000070d900000, 0x000000070d900000| Complete 
| 184|0x000000070da00000, 0x000000070db00000, 0x000000070db00000|100%| E|CS|TAMS 0x000000070da00000, 0x000000070da00000| Complete 
| 185|0x000000070db00000, 0x000000070dc00000, 0x000000070dc00000|100%| E|CS|TAMS 0x000000070db00000, 0x000000070db00000| Complete 
| 186|0x000000070dc00000, 0x000000070dd00000, 0x000000070dd00000|100%| E|CS|TAMS 0x000000070dc00000, 0x000000070dc00000| Complete 
| 187|0x000000070dd00000, 0x000000070de00000, 0x000000070de00000|100%| E|CS|TAMS 0x000000070dd00000, 0x000000070dd00000| Complete 
| 188|0x000000070de00000, 0x000000070df00000, 0x000000070df00000|100%| E|CS|TAMS 0x000000070de00000, 0x000000070de00000| Complete 
| 189|0x000000070df00000, 0x000000070e000000, 0x000000070e000000|100%| E|CS|TAMS 0x000000070df00000, 0x000000070df00000| Complete 
| 190|0x000000070e000000, 0x000000070e100000, 0x000000070e100000|100%| E|CS|TAMS 0x000000070e000000, 0x000000070e000000| Complete 
| 191|0x000000070e100000, 0x000000070e200000, 0x000000070e200000|100%| E|CS|TAMS 0x000000070e100000, 0x000000070e100000| Complete 
| 192|0x000000070e200000, 0x000000070e300000, 0x000000070e300000|100%| E|CS|TAMS 0x000000070e200000, 0x000000070e200000| Complete 
| 193|0x000000070e300000, 0x000000070e400000, 0x000000070e400000|100%| E|CS|TAMS 0x000000070e300000, 0x000000070e300000| Complete 
| 194|0x000000070e400000, 0x000000070e500000, 0x000000070e500000|100%| E|CS|TAMS 0x000000070e400000, 0x000000070e400000| Complete 
| 195|0x000000070e500000, 0x000000070e600000, 0x000000070e600000|100%| E|CS|TAMS 0x000000070e500000, 0x000000070e500000| Complete 
| 196|0x000000070e600000, 0x000000070e700000, 0x000000070e700000|100%| E|CS|TAMS 0x000000070e600000, 0x000000070e600000| Complete 
| 197|0x000000070e700000, 0x000000070e800000, 0x000000070e800000|100%| E|CS|TAMS 0x000000070e700000, 0x000000070e700000| Complete 
| 198|0x000000070e800000, 0x000000070e900000, 0x000000070e900000|100%| E|CS|TAMS 0x000000070e800000, 0x000000070e800000| Complete 
| 199|0x000000070e900000, 0x000000070ea00000, 0x000000070ea00000|100%| E|CS|TAMS 0x000000070e900000, 0x000000070e900000| Complete 
| 200|0x000000070ea00000, 0x000000070eb00000, 0x000000070eb00000|100%| E|CS|TAMS 0x000000070ea00000, 0x000000070ea00000| Complete 
| 201|0x000000070eb00000, 0x000000070ec00000, 0x000000070ec00000|100%| E|CS|TAMS 0x000000070eb00000, 0x000000070eb00000| Complete 
| 202|0x000000070ec00000, 0x000000070ecc6fe8, 0x000000070ed00000| 77%| S|CS|TAMS 0x000000070ec00000, 0x000000070ec00000| Complete 
| 203|0x000000070ed00000, 0x000000070ee00000, 0x000000070ee00000|100%| S|CS|TAMS 0x000000070ed00000, 0x000000070ed00000| Complete 
| 204|0x000000070ee00000, 0x000000070ef00000, 0x000000070ef00000|100%| S|CS|TAMS 0x000000070ee00000, 0x000000070ee00000| Complete 
| 205|0x000000070ef00000, 0x000000070f000000, 0x000000070f000000|100%| S|CS|TAMS 0x000000070ef00000, 0x000000070ef00000| Complete 
| 206|0x000000070f000000, 0x000000070f100000, 0x000000070f100000|100%| S|CS|TAMS 0x000000070f000000, 0x000000070f000000| Complete 
| 207|0x000000070f100000, 0x000000070f200000, 0x000000070f200000|100%| S|CS|TAMS 0x000000070f100000, 0x000000070f100000| Complete 
| 208|0x000000070f200000, 0x000000070f300000, 0x000000070f300000|100%| S|CS|TAMS 0x000000070f200000, 0x000000070f200000| Complete 
| 209|0x000000070f300000, 0x000000070f400000, 0x000000070f400000|100%| E|CS|TAMS 0x000000070f300000, 0x000000070f300000| Complete 
| 210|0x000000070f400000, 0x000000070f500000, 0x000000070f500000|100%| E|CS|TAMS 0x000000070f400000, 0x000000070f400000| Complete 
| 211|0x000000070f500000, 0x000000070f600000, 0x000000070f600000|100%| E|CS|TAMS 0x000000070f500000, 0x000000070f500000| Complete 
| 212|0x000000070f600000, 0x000000070f700000, 0x000000070f700000|100%| E|CS|TAMS 0x000000070f600000, 0x000000070f600000| Complete 
| 213|0x000000070f700000, 0x000000070f800000, 0x000000070f800000|100%| E|CS|TAMS 0x000000070f700000, 0x000000070f700000| Complete 
| 214|0x000000070f800000, 0x000000070f900000, 0x000000070f900000|100%| E|CS|TAMS 0x000000070f800000, 0x000000070f800000| Complete 
| 215|0x000000070f900000, 0x000000070fa00000, 0x000000070fa00000|100%| E|CS|TAMS 0x000000070f900000, 0x000000070f900000| Complete 
| 216|0x000000070fa00000, 0x000000070fb00000, 0x000000070fb00000|100%| E|CS|TAMS 0x000000070fa00000, 0x000000070fa00000| Complete 
| 217|0x000000070fb00000, 0x000000070fc00000, 0x000000070fc00000|100%| E|CS|TAMS 0x000000070fb00000, 0x000000070fb00000| Complete 
| 218|0x000000070fc00000, 0x000000070fd00000, 0x000000070fd00000|100%| E|CS|TAMS 0x000000070fc00000, 0x000000070fc00000| Complete 
| 219|0x000000070fd00000, 0x000000070fe00000, 0x000000070fe00000|100%| E|CS|TAMS 0x000000070fd00000, 0x000000070fd00000| Complete 
| 220|0x000000070fe00000, 0x000000070ff00000, 0x000000070ff00000|100%| E|CS|TAMS 0x000000070fe00000, 0x000000070fe00000| Complete 
| 221|0x000000070ff00000, 0x0000000710000000, 0x0000000710000000|100%| E|CS|TAMS 0x000000070ff00000, 0x000000070ff00000| Complete 
| 222|0x0000000710000000, 0x0000000710100000, 0x0000000710100000|100%| E|CS|TAMS 0x0000000710000000, 0x0000000710000000| Complete 
| 223|0x0000000710100000, 0x0000000710200000, 0x0000000710200000|100%| E|CS|TAMS 0x0000000710100000, 0x0000000710100000| Complete 
| 224|0x0000000710200000, 0x0000000710300000, 0x0000000710300000|100%| E|CS|TAMS 0x0000000710200000, 0x0000000710200000| Complete 
| 225|0x0000000710300000, 0x0000000710400000, 0x0000000710400000|100%| E|CS|TAMS 0x0000000710300000, 0x0000000710300000| Complete 
| 226|0x0000000710400000, 0x0000000710500000, 0x0000000710500000|100%| E|CS|TAMS 0x0000000710400000, 0x0000000710400000| Complete 
| 227|0x0000000710500000, 0x0000000710600000, 0x0000000710600000|100%| E|CS|TAMS 0x0000000710500000, 0x0000000710500000| Complete 
| 228|0x0000000710600000, 0x0000000710700000, 0x0000000710700000|100%| E|CS|TAMS 0x0000000710600000, 0x0000000710600000| Complete 
| 229|0x0000000710700000, 0x0000000710800000, 0x0000000710800000|100%| E|CS|TAMS 0x0000000710700000, 0x0000000710700000| Complete 
| 230|0x0000000710800000, 0x0000000710900000, 0x0000000710900000|100%| E|CS|TAMS 0x0000000710800000, 0x0000000710800000| Complete 
| 231|0x0000000710900000, 0x0000000710a00000, 0x0000000710a00000|100%| E|CS|TAMS 0x0000000710900000, 0x0000000710900000| Complete 
| 232|0x0000000710a00000, 0x0000000710b00000, 0x0000000710b00000|100%| E|CS|TAMS 0x0000000710a00000, 0x0000000710a00000| Complete 
| 233|0x0000000710b00000, 0x0000000710c00000, 0x0000000710c00000|100%| E|CS|TAMS 0x0000000710b00000, 0x0000000710b00000| Complete 
| 234|0x0000000710c00000, 0x0000000710d00000, 0x0000000710d00000|100%| E|CS|TAMS 0x0000000710c00000, 0x0000000710c00000| Complete 
| 235|0x0000000710d00000, 0x0000000710e00000, 0x0000000710e00000|100%| E|CS|TAMS 0x0000000710d00000, 0x0000000710d00000| Complete 
| 236|0x0000000710e00000, 0x0000000710f00000, 0x0000000710f00000|100%| E|CS|TAMS 0x0000000710e00000, 0x0000000710e00000| Complete 
| 237|0x0000000710f00000, 0x0000000711000000, 0x0000000711000000|100%| E|CS|TAMS 0x0000000710f00000, 0x0000000710f00000| Complete 
| 238|0x0000000711000000, 0x0000000711100000, 0x0000000711100000|100%| E|CS|TAMS 0x0000000711000000, 0x0000000711000000| Complete 
| 239|0x0000000711100000, 0x0000000711200000, 0x0000000711200000|100%| E|CS|TAMS 0x0000000711100000, 0x0000000711100000| Complete 
| 240|0x0000000711200000, 0x0000000711300000, 0x0000000711300000|100%| E|CS|TAMS 0x0000000711200000, 0x0000000711200000| Complete 
| 241|0x0000000711300000, 0x0000000711400000, 0x0000000711400000|100%| E|CS|TAMS 0x0000000711300000, 0x0000000711300000| Complete 
| 242|0x0000000711400000, 0x0000000711500000, 0x0000000711500000|100%| E|CS|TAMS 0x0000000711400000, 0x0000000711400000| Complete 
| 243|0x0000000711500000, 0x0000000711600000, 0x0000000711600000|100%| E|CS|TAMS 0x0000000711500000, 0x0000000711500000| Complete 
| 244|0x0000000711600000, 0x0000000711700000, 0x0000000711700000|100%| E|CS|TAMS 0x0000000711600000, 0x0000000711600000| Complete 
| 245|0x0000000711700000, 0x0000000711800000, 0x0000000711800000|100%| E|CS|TAMS 0x0000000711700000, 0x0000000711700000| Complete 
| 246|0x0000000711800000, 0x0000000711900000, 0x0000000711900000|100%| E|CS|TAMS 0x0000000711800000, 0x0000000711800000| Complete 
| 247|0x0000000711900000, 0x0000000711a00000, 0x0000000711a00000|100%| E|CS|TAMS 0x0000000711900000, 0x0000000711900000| Complete 
| 248|0x0000000711a00000, 0x0000000711b00000, 0x0000000711b00000|100%| E|CS|TAMS 0x0000000711a00000, 0x0000000711a00000| Complete 
| 249|0x0000000711b00000, 0x0000000711c00000, 0x0000000711c00000|100%| E|CS|TAMS 0x0000000711b00000, 0x0000000711b00000| Complete 
| 250|0x0000000711c00000, 0x0000000711d00000, 0x0000000711d00000|100%| E|CS|TAMS 0x0000000711c00000, 0x0000000711c00000| Complete 
| 251|0x0000000711d00000, 0x0000000711e00000, 0x0000000711e00000|100%| E|CS|TAMS 0x0000000711d00000, 0x0000000711d00000| Complete 
| 252|0x0000000711e00000, 0x0000000711f00000, 0x0000000711f00000|100%| E|CS|TAMS 0x0000000711e00000, 0x0000000711e00000| Complete 
| 253|0x0000000711f00000, 0x0000000712000000, 0x0000000712000000|100%| E|CS|TAMS 0x0000000711f00000, 0x0000000711f00000| Complete 

Card table byte_map: [0x000001a21f510000,0x000001a21fd00000] _byte_map_base: 0x000001a21bcff000

Marking Bits (Prev, Next): (CMBitMap*) 0x000001a20702c848, (CMBitMap*) 0x000001a20702c880
 Prev Bits: [0x000001a2204f0000, 0x000001a224468000)
 Next Bits: [0x000001a224470000, 0x000001a2283e8000)

Polling page: 0x000001a204ca0000

Metaspace:

Usage:
  Non-class:     39.00 MB capacity,    38.37 MB ( 98%) used,   499.27 KB (  1%) free+waste,   141.88 KB ( <1%) overhead. 
      Class:      5.73 MB capacity,     5.27 MB ( 92%) used,   401.24 KB (  7%) free+waste,    66.75 KB (  1%) overhead. 
       Both:     44.72 MB capacity,    43.64 MB ( 98%) used,   900.51 KB (  2%) free+waste,   208.63 KB ( <1%) overhead. 

Virtual space:
  Non-class space:       44.00 MB reserved,      39.00 MB ( 89%) committed 
      Class space:        1.00 GB reserved,       5.75 MB ( <1%) committed 
             Both:        1.04 GB reserved,      44.75 MB (  4%) committed 

Chunk freelists:
   Non-Class:  4.00 KB
       Class:  23.00 KB
        Both:  27.00 KB

MaxMetaspaceSize: 17179869184.00 GB
CompressedClassSpaceSize: 1.00 GB
Initial GC threshold: 20.80 MB
Current GC threshold: 58.75 MB
CDS: off

CodeHeap 'non-profiled nmethods': size=120000Kb used=2542Kb max_used=2542Kb free=117457Kb
 bounds [0x000001a2172a0000, 0x000001a217520000, 0x000001a21e7d0000]
CodeHeap 'profiled nmethods': size=120000Kb used=9519Kb max_used=9519Kb free=110480Kb
 bounds [0x000001a20fd70000, 0x000001a2106c0000, 0x000001a2172a0000]
CodeHeap 'non-nmethods': size=5760Kb used=1212Kb max_used=1259Kb free=4547Kb
 bounds [0x000001a20f7d0000, 0x000001a20fa40000, 0x000001a20fd70000]
 total_blobs=4549 nmethods=4067 adapters=394
 compilation: enabled
              stopped_count=0, restarted_count=0
 full_count=0

Compilation events (20 events):
Event: 2.915 Thread 0x000001a22babf000 3966       4       java.lang.Character::digit (6 bytes)
Event: 2.915 Thread 0x000001a22bac5000 3994       1       java.net.URI::getScheme (5 bytes)
Event: 2.915 Thread 0x000001a22bac5000 nmethod 3994 0x000001a217513a90 code [0x000001a217513c40, 0x000001a217513cf8]
Event: 2.915 Thread 0x000001a22babf000 nmethod 3966 0x000001a217513d90 code [0x000001a217513f20, 0x000001a217513ff8]
Event: 2.915 Thread 0x000001a22babf000 3970       4       java.io.ByteArrayOutputStream::ensureCapacity (16 bytes)
Event: 2.917 Thread 0x000001a22bac5000 3995       3       java.net.URI::quote (196 bytes)
Event: 2.917 Thread 0x000001a22babf000 nmethod 3970 0x000001a217514190 code [0x000001a217514340, 0x000001a2175146d8]
Event: 2.917 Thread 0x000001a22babf000 3963       4       java.lang.String::lastIndexOf (12 bytes)
Event: 2.918 Thread 0x000001a22bac5000 nmethod 3995 0x000001a210691410 code [0x000001a2106917c0, 0x000001a210693088]
Event: 2.918 Thread 0x000001a22babf000 nmethod 3963 0x000001a217514810 code [0x000001a2175149a0, 0x000001a217514b78]
Event: 2.918 Thread 0x000001a22babf000 3985       4       java.util.Collections::emptyMap (4 bytes)
Event: 2.919 Thread 0x000001a22babf000 nmethod 3985 0x000001a217514d10 code [0x000001a217514ea0, 0x000001a217514ef8]
Event: 2.919 Thread 0x000001a22babf000 3996       4       java.lang.ThreadLocal$ThreadLocalMap::getEntry (42 bytes)
Event: 2.919 Thread 0x000001a22bac5000 3997       3       java.util.zip.ZipCoder::get (20 bytes)
Event: 2.919 Thread 0x000001a22bac5000 nmethod 3997 0x000001a210693990 code [0x000001a210693b60, 0x000001a210693e38]
Event: 2.920 Thread 0x000001a22babf000 nmethod 3996 0x000001a217515010 code [0x000001a2175151c0, 0x000001a217515308]
Event: 2.920 Thread 0x000001a22babf000 3934       4       java.util.zip.CRC32::getValue (10 bytes)
Event: 2.920 Thread 0x000001a22babf000 nmethod 3934 0x000001a217515410 code [0x000001a2175155a0, 0x000001a2175155f8]
Event: 2.920 Thread 0x000001a22babf000 3929   !   4       java.util.zip.Inflater::finished (19 bytes)
Event: 2.920 Thread 0x000001a22bac5000 3998   !   3       java.util.zip.InflaterInputStream::read (138 bytes)

GC Heap History (10 events):
Event: 0.447 GC heap before
{Heap before GC invocations=0 (full 0):
 garbage-first heap   total 260096K, used 24576K [0x0000000702200000, 0x0000000800000000)
  region size 1024K, 24 young (24576K), 0 survivors (0K)
 Metaspace       used 11326K, capacity 11515K, committed 11648K, reserved 1060864K
  class space    used 1056K, capacity 1132K, committed 1152K, reserved 1048576K
}
Event: 0.450 GC heap after
{Heap after GC invocations=1 (full 0):
 garbage-first heap   total 260096K, used 8184K [0x0000000702200000, 0x0000000800000000)
  region size 1024K, 3 young (3072K), 3 survivors (3072K)
 Metaspace       used 11326K, capacity 11515K, committed 11648K, reserved 1060864K
  class space    used 1056K, capacity 1132K, committed 1152K, reserved 1048576K
}
Event: 0.915 GC heap before
{Heap before GC invocations=1 (full 0):
 garbage-first heap   total 260096K, used 56312K [0x0000000702200000, 0x0000000800000000)
  region size 1024K, 51 young (52224K), 3 survivors (3072K)
 Metaspace       used 20644K, capacity 21105K, committed 21248K, reserved 1069056K
  class space    used 2283K, capacity 2467K, committed 2560K, reserved 1048576K
}
Event: 0.919 GC heap after
{Heap after GC invocations=2 (full 0):
 garbage-first heap   total 260096K, used 10052K [0x0000000702200000, 0x0000000800000000)
  region size 1024K, 5 young (5120K), 5 survivors (5120K)
 Metaspace       used 20644K, capacity 21105K, committed 21248K, reserved 1069056K
  class space    used 2283K, capacity 2467K, committed 2560K, reserved 1048576K
}
Event: 1.055 GC heap before
{Heap before GC invocations=3 (full 0):
 garbage-first heap   total 260096K, used 30532K [0x0000000702200000, 0x0000000800000000)
  region size 1024K, 26 young (26624K), 5 survivors (5120K)
 Metaspace       used 23403K, capacity 23954K, committed 24192K, reserved 1071104K
  class space    used 2731K, capacity 2923K, committed 2944K, reserved 1048576K
}
Event: 1.059 GC heap after
{Heap after GC invocations=4 (full 0):
 garbage-first heap   total 260096K, used 10911K [0x0000000702200000, 0x0000000800000000)
  region size 1024K, 3 young (3072K), 3 survivors (3072K)
 Metaspace       used 23403K, capacity 23954K, committed 24192K, reserved 1071104K
  class space    used 2731K, capacity 2923K, committed 2944K, reserved 1048576K
}
Event: 1.412 GC heap before
{Heap before GC invocations=4 (full 0):
 garbage-first heap   total 260096K, used 72351K [0x0000000702200000, 0x0000000800000000)
  region size 1024K, 64 young (65536K), 3 survivors (3072K)
 Metaspace       used 30893K, capacity 31535K, committed 31744K, reserved 1077248K
  class space    used 3538K, capacity 3790K, committed 3840K, reserved 1048576K
}
Event: 1.415 GC heap after
{Heap after GC invocations=5 (full 0):
 garbage-first heap   total 260096K, used 13700K [0x0000000702200000, 0x0000000800000000)
  region size 1024K, 6 young (6144K), 6 survivors (6144K)
 Metaspace       used 30893K, capacity 31535K, committed 31744K, reserved 1077248K
  class space    used 3538K, capacity 3790K, committed 3840K, reserved 1048576K
}
Event: 1.814 GC heap before
{Heap before GC invocations=5 (full 0):
 garbage-first heap   total 260096K, used 58756K [0x0000000702200000, 0x0000000800000000)
  region size 1024K, 51 young (52224K), 6 survivors (6144K)
 Metaspace       used 34931K, capacity 35725K, committed 35840K, reserved 1081344K
  class space    used 4100K, capacity 4417K, committed 4480K, reserved 1048576K
}
Event: 1.819 GC heap after
{Heap after GC invocations=6 (full 0):
 garbage-first heap   total 260096K, used 14778K [0x0000000702200000, 0x0000000800000000)
  region size 1024K, 7 young (7168K), 7 survivors (7168K)
 Metaspace       used 34931K, capacity 35725K, committed 35840K, reserved 1081344K
  class space    used 4100K, capacity 4417K, committed 4480K, reserved 1048576K
}

Deoptimization events (20 events):
Event: 2.838 Thread 0x000001a206fc7800 Uncommon trap: trap_request=0xffffffde fr.pc=0x000001a2173d9f64 relative=0x0000000000001524
Event: 2.838 Thread 0x000001a206fc7800 Uncommon trap: reason=class_check action=maybe_recompile pc=0x000001a2173d9f64 method=java.util.zip.InflaterInputStream.read([BII)I @ 100 c2
Event: 2.838 Thread 0x000001a206fc7800 DEOPT PACKING pc=0x000001a2173d9f64 sp=0x00000088a40fd350
Event: 2.838 Thread 0x000001a206fc7800 DEOPT UNPACKING pc=0x000001a20f81a1af sp=0x00000088a40fd3b0 mode 2
Event: 2.841 Thread 0x000001a206fc7800 Uncommon trap: trap_request=0xffffffde fr.pc=0x000001a2173d9f64 relative=0x0000000000001524
Event: 2.841 Thread 0x000001a206fc7800 Uncommon trap: reason=class_check action=maybe_recompile pc=0x000001a2173d9f64 method=java.util.zip.InflaterInputStream.read([BII)I @ 100 c2
Event: 2.841 Thread 0x000001a206fc7800 DEOPT PACKING pc=0x000001a2173d9f64 sp=0x00000088a40fd510
Event: 2.841 Thread 0x000001a206fc7800 DEOPT UNPACKING pc=0x000001a20f81a1af sp=0x00000088a40fd570 mode 2
Event: 2.841 Thread 0x000001a206fc7800 Uncommon trap: trap_request=0xffffffde fr.pc=0x000001a2173d9f64 relative=0x0000000000001524
Event: 2.841 Thread 0x000001a206fc7800 Uncommon trap: reason=class_check action=maybe_recompile pc=0x000001a2173d9f64 method=java.util.zip.InflaterInputStream.read([BII)I @ 100 c2
Event: 2.841 Thread 0x000001a206fc7800 DEOPT PACKING pc=0x000001a2173d9f64 sp=0x00000088a40fd350
Event: 2.841 Thread 0x000001a206fc7800 DEOPT UNPACKING pc=0x000001a20f81a1af sp=0x00000088a40fd3b0 mode 2
Event: 2.919 Thread 0x000001a206fc7800 Uncommon trap: trap_request=0xffffff4d fr.pc=0x000001a2172eb998 relative=0x0000000000000dd8
Event: 2.919 Thread 0x000001a206fc7800 Uncommon trap: reason=unstable_if action=reinterpret pc=0x000001a2172eb998 method=java.util.jar.JarFile.getVersionedEntry(Ljava/lang/String;Ljava/util/jar/JarEntry;)Ljava/util/jar/JarEntry; @ 7 c2
Event: 2.919 Thread 0x000001a206fc7800 DEOPT PACKING pc=0x000001a2172eb998 sp=0x00000088a40fded0
Event: 2.919 Thread 0x000001a206fc7800 DEOPT UNPACKING pc=0x000001a20f81a1af sp=0x00000088a40fddf8 mode 2
Event: 2.920 Thread 0x000001a206fc7800 Uncommon trap: trap_request=0xffffff4d fr.pc=0x000001a217507cf4 relative=0x0000000000000db4
Event: 2.920 Thread 0x000001a206fc7800 Uncommon trap: reason=unstable_if action=reinterpret pc=0x000001a217507cf4 method=java.util.zip.InflaterInputStream.read([BII)I @ 41 c2
Event: 2.920 Thread 0x000001a206fc7800 DEOPT PACKING pc=0x000001a217507cf4 sp=0x00000088a40fdb20
Event: 2.920 Thread 0x000001a206fc7800 DEOPT UNPACKING pc=0x000001a20f81a1af sp=0x00000088a40fdb80 mode 2

Classes redefined (0 events):
No events

Internal exceptions (20 events):
Event: 2.232 Thread 0x000001a206fc7800 Exception <a 'java/lang/ClassNotFoundException'{0x000000070f82ea00}: org/springframework/beans/factory/AwareCustomizer> (0x000000070f82ea00) thrown at [./src/hotspot/share/classfile/systemDictionary.cpp, line 233]
Event: 2.233 Thread 0x000001a206fc7800 Exception <a 'java/lang/ClassNotFoundException'{0x000000070f83ea88}: org/springframework/core/OrderedCustomizer> (0x000000070f83ea88) thrown at [./src/hotspot/share/classfile/systemDictionary.cpp, line 233]
Event: 2.233 Thread 0x000001a206fc7800 Exception <a 'java/lang/ClassNotFoundException'{0x000000070f852f30}: org/springframework/beans/factory/BeanClassLoaderAwareCustomizer> (0x000000070f852f30) thrown at [./src/hotspot/share/classfile/systemDictionary.cpp, line 233]
Event: 2.233 Thread 0x000001a206fc7800 Exception <a 'java/lang/ClassNotFoundException'{0x000000070f864d88}: org/springframework/beans/factory/AwareCustomizer> (0x000000070f864d88) thrown at [./src/hotspot/share/classfile/systemDictionary.cpp, line 233]
Event: 2.233 Thread 0x000001a206fc7800 Exception <a 'java/lang/ClassNotFoundException'{0x000000070f8786f0}: org/springframework/aop/framework/AopInfrastructureBeanCustomizer> (0x000000070f8786f0) thrown at [./src/hotspot/share/classfile/systemDictionary.cpp, line 233]
Event: 2.247 Thread 0x000001a206fc7800 Exception <a 'java/lang/ClassNotFoundException'{0x000000070f797c20}: java/lang/ObjectCustomizer> (0x000000070f797c20) thrown at [./src/hotspot/share/classfile/systemDictionary.cpp, line 233]
Event: 2.247 Thread 0x000001a206fc7800 Exception <a 'java/lang/ClassNotFoundException'{0x000000070f7b3b28}: org/springframework/transaction/annotation/AbstractTransactionManagementConfigurationCustomizer> (0x000000070f7b3b28) thrown at [./src/hotspot/share/classfile/systemDictionary.cpp, line 233]
Event: 2.248 Thread 0x000001a206fc7800 Exception <a 'java/lang/ClassNotFoundException'{0x000000070f7ce7b0}: org/springframework/transaction/annotation/ProxyTransactionManagementConfigurationCustomizer> (0x000000070f7ce7b0) thrown at [./src/hotspot/share/classfile/systemDictionary.cpp, line 233]
Event: 2.248 Thread 0x000001a206fc7800 Exception <a 'java/lang/ClassNotFoundException'{0x000000070f7e5a30}: org/springframework/context/annotation/ImportAwareCustomizer> (0x000000070f7e5a30) thrown at [./src/hotspot/share/classfile/systemDictionary.cpp, line 233]
Event: 2.249 Thread 0x000001a206fc7800 Exception <a 'java/lang/ClassNotFoundException'{0x000000070f7f7ca8}: org/springframework/beans/factory/AwareCustomizer> (0x000000070f7f7ca8) thrown at [./src/hotspot/share/classfile/systemDictionary.cpp, line 233]
Event: 2.300 Thread 0x000001a206fc7800 Implicit null exception at 0x000001a2173cf253 to 0x000001a2173d03b8
Event: 2.352 Thread 0x000001a206fc7800 Exception <a 'java/lang/NoSuchMethodError'{0x000000070e7f5858}: 'void java.lang.invoke.DirectMethodHandle$Holder.invokeInterface(java.lang.Object, java.lang.Object, int)'> (0x000000070e7f5858) thrown at [./src/hotspot/share/interpreter/linkResolver.cpp, line 773]
Event: 2.353 Thread 0x000001a206fc7800 Exception <a 'java/lang/NoSuchMethodError'{0x000000070e60de48}: 'int java.lang.invoke.DirectMethodHandle$Holder.invokeVirtual(java.lang.Object, java.lang.Object)'> (0x000000070e60de48) thrown at [./src/hotspot/share/interpreter/linkResolver.cpp, line 773]
Event: 2.355 Thread 0x000001a206fc7800 Exception <a 'java/lang/IncompatibleClassChangeError'{0x000000070e643a28}: Found class java.lang.Object, but interface was expected> (0x000000070e643a28) thrown at [./src/hotspot/share/interpreter/linkResolver.cpp, line 839]
Event: 2.356 Thread 0x000001a206fc7800 Exception <a 'java/lang/NoSuchMethodError'{0x000000070e6488d0}: 'void java.lang.invoke.DirectMethodHandle$Holder.invokeStatic(java.lang.Object, int, java.lang.Object)'> (0x000000070e6488d0) thrown at [./src/hotspot/share/interpreter/linkResolver.cpp, line 773]
Event: 2.407 Thread 0x000001a206fc7800 Exception <a 'java/lang/NoSuchMethodError'{0x000000070e184c60}: 'java.lang.Object java.lang.invoke.DirectMethodHandle$Holder.invokeStaticInit(java.lang.Object, int, int, int, int)'> (0x000000070e184c60) thrown at [./src/hotspot/share/interpreter/linkResolver.cpp, line 773]
Event: 2.729 Thread 0x000001a206fc7800 Exception <a 'java/lang/NoSuchMethodError'{0x000000070e050770}: 'java.lang.Object java.lang.invoke.DirectMethodHandle$Holder.invokeStaticInit(java.lang.Object, java.lang.Object, int, int, int, int)'> (0x000000070e050770) thrown at [./src/hotspot/share/interpreter/linkResolver.cpp, line 773]
Event: 2.836 Thread 0x000001a206fc7800 Implicit null exception at 0x000001a217358c7c to 0x000001a21735a3c0
Event: 2.917 Thread 0x000001a206fc7800 Exception <a 'java/io/FileNotFoundException'{0x000000070cd85f88}> (0x000000070cd85f88) thrown at [./src/hotspot/share/prims/jni.cpp, line 617]
Event: 2.917 Thread 0x000001a206fc7800 Exception <a 'java/io/FileNotFoundException'{0x000000070cd87788}> (0x000000070cd87788) thrown at [./src/hotspot/share/prims/jni.cpp, line 617]

Events (20 events):
Event: 2.911 loading class java/util/stream/Nodes$EmptyNode$OfInt
Event: 2.911 loading class java/util/stream/Node$OfInt
Event: 2.911 loading class java/util/stream/Node$OfPrimitive
Event: 2.911 loading class java/util/stream/Node$OfPrimitive done
Event: 2.911 loading class java/util/stream/Node$OfInt done
Event: 2.911 loading class java/util/stream/Nodes$EmptyNode$OfInt done
Event: 2.911 loading class java/util/stream/Nodes$EmptyNode$OfLong
Event: 2.911 loading class java/util/stream/Node$OfLong
Event: 2.912 loading class java/util/stream/Node$OfLong done
Event: 2.912 loading class java/util/stream/Nodes$EmptyNode$OfLong done
Event: 2.912 loading class java/util/stream/Nodes$EmptyNode$OfDouble
Event: 2.912 loading class java/util/stream/Node$OfDouble
Event: 2.912 loading class java/util/stream/Node$OfDouble done
Event: 2.912 loading class java/util/stream/Nodes$EmptyNode$OfDouble done
Event: 2.912 loading class java/util/stream/Nodes$FixedNodeBuilder
Event: 2.912 loading class java/util/stream/Node$Builder
Event: 2.912 loading class java/util/stream/Node$Builder done
Event: 2.912 loading class java/util/stream/Nodes$ArrayNode
Event: 2.912 loading class java/util/stream/Nodes$ArrayNode done
Event: 2.912 loading class java/util/stream/Nodes$FixedNodeBuilder done


Dynamic libraries:
0x00007ff7ed680000 - 0x00007ff7ed68d000 	C:\Program Files\Zulu\zulu-11\bin\java.exe
0x00007ffe3a4b0000 - 0x00007ffe3a6a8000 	C:\Windows\SYSTEM32\ntdll.dll
0x00007ffe39590000 - 0x00007ffe3964f000 	C:\Windows\System32\KERNEL32.DLL
0x00007ffe37ba0000 - 0x00007ffe37e72000 	C:\Windows\System32\KERNELBASE.dll
0x00007ffe37e80000 - 0x00007ffe37f80000 	C:\Windows\System32\ucrtbase.dll
0x00007ffe33590000 - 0x00007ffe335a7000 	C:\Program Files\Zulu\zulu-11\bin\jli.dll
0x00007ffe2c9c0000 - 0x00007ffe2c9d5000 	C:\Program Files\Zulu\zulu-11\bin\VCRUNTIME140.dll
0x00007ffe38c30000 - 0x00007ffe38dd1000 	C:\Windows\System32\USER32.dll
0x00007ffe37f80000 - 0x00007ffe37fa2000 	C:\Windows\System32\win32u.dll
0x00007ffe38990000 - 0x00007ffe389bb000 	C:\Windows\System32\GDI32.dll
0x00007ffe1e7b0000 - 0x00007ffe1ea4a000 	C:\Windows\WinSxS\amd64_microsoft.windows.common-controls_6595b64144ccf1df_6.0.19041.1110_none_60b5254171f9507e\COMCTL32.dll
0x00007ffe38350000 - 0x00007ffe3845f000 	C:\Windows\System32\gdi32full.dll
0x00007ffe38ed0000 - 0x00007ffe38f6e000 	C:\Windows\System32\msvcrt.dll
0x00007ffe381b0000 - 0x00007ffe3824d000 	C:\Windows\System32\msvcp_win.dll
0x00007ffe39650000 - 0x00007ffe39682000 	C:\Windows\System32\IMM32.DLL
0x00007ffe0d380000 - 0x00007ffe0d41b000 	C:\Program Files\Zulu\zulu-11\bin\msvcp140.dll
0x00007ffdee9d0000 - 0x00007ffdef566000 	C:\Program Files\Zulu\zulu-11\bin\server\jvm.dll
0x00007ffe3a1a0000 - 0x00007ffe3a24e000 	C:\Windows\System32\ADVAPI32.dll
0x00007ffe38760000 - 0x00007ffe387fc000 	C:\Windows\System32\sechost.dll
0x00007ffe389c0000 - 0x00007ffe38ae5000 	C:\Windows\System32\RPCRT4.dll
0x00007ffe38ec0000 - 0x00007ffe38ec8000 	C:\Windows\System32\PSAPI.DLL
0x00007ffe30a20000 - 0x00007ffe30a2a000 	C:\Windows\SYSTEM32\VERSION.dll
0x00007ffe24c80000 - 0x00007ffe24c89000 	C:\Windows\SYSTEM32\WSOCK32.dll
0x00007ffe30fc0000 - 0x00007ffe30fe7000 	C:\Windows\SYSTEM32\WINMM.dll
0x00007ffe38f70000 - 0x00007ffe38fdb000 	C:\Windows\System32\WS2_32.dll
0x00007ffe35a40000 - 0x00007ffe35a52000 	C:\Windows\SYSTEM32\kernel.appcore.dll
0x00007ffe33580000 - 0x00007ffe33590000 	C:\Program Files\Zulu\zulu-11\bin\verify.dll
0x00007ffe25200000 - 0x00007ffe253e4000 	C:\Windows\SYSTEM32\DBGHELP.DLL
0x00007ffe23e80000 - 0x00007ffe23eb5000 	C:\Windows\SYSTEM32\dbgcore.DLL
0x00007ffe38460000 - 0x00007ffe384e2000 	C:\Windows\System32\bcryptPrimitives.dll
0x00007ffe116f0000 - 0x00007ffe11718000 	C:\Program Files\Zulu\zulu-11\bin\java.dll
0x00007ffe2c6d0000 - 0x00007ffe2c6da000 	C:\Program Files\Zulu\zulu-11\bin\jimage.dll
0x00007ffe335f0000 - 0x00007ffe335fe000 	C:\Program Files\Zulu\zulu-11\bin\instrument.dll
0x00007ffe116d0000 - 0x00007ffe116e8000 	C:\Program Files\Zulu\zulu-11\bin\zip.dll
0x00007ffe39690000 - 0x00007ffe39dd4000 	C:\Windows\System32\SHELL32.dll
0x00007ffe35c40000 - 0x00007ffe363d2000 	C:\Windows\SYSTEM32\windows.storage.dll
0x00007ffe39e40000 - 0x00007ffe3a195000 	C:\Windows\System32\combase.dll
0x00007ffe37590000 - 0x00007ffe375c0000 	C:\Windows\SYSTEM32\Wldp.dll
0x00007ffe38fe0000 - 0x00007ffe3908d000 	C:\Windows\System32\SHCORE.dll
0x00007ffe3a250000 - 0x00007ffe3a2a5000 	C:\Windows\System32\shlwapi.dll
0x00007ffe37ae0000 - 0x00007ffe37aff000 	C:\Windows\SYSTEM32\profapi.dll
0x00007ffe106e0000 - 0x00007ffe106f9000 	C:\Program Files\Zulu\zulu-11\bin\net.dll
0x00007ffe30680000 - 0x00007ffe3078c000 	C:\Windows\SYSTEM32\WINHTTP.dll
0x00007ffe372f0000 - 0x00007ffe3735a000 	C:\Windows\system32\mswsock.dll
0x00007ffe105f0000 - 0x00007ffe10603000 	C:\Program Files\Zulu\zulu-11\bin\nio.dll
0x00007ffe26710000 - 0x00007ffe2672a000 	C:\Program Files\JetBrains\IntelliJ IDEA Community Edition 2022.3.2\bin\breakgen64.dll
0x00007ffe30f00000 - 0x00007ffe30f09000 	C:\Program Files\Zulu\zulu-11\bin\management.dll
0x00007ffe30eb0000 - 0x00007ffe30ebb000 	C:\Program Files\Zulu\zulu-11\bin\management_ext.dll
0x00007ffe1eab0000 - 0x00007ffe1eac7000 	C:\Windows\system32\napinsp.dll
0x00007ffe1ea90000 - 0x00007ffe1eaab000 	C:\Windows\system32\pnrpnsp.dll
0x00007ffe1ea70000 - 0x00007ffe1ea85000 	C:\Windows\system32\wshbth.dll
0x00007ffe334c0000 - 0x00007ffe334dd000 	C:\Windows\system32\NLAapi.dll
0x00007ffe36fb0000 - 0x00007ffe36feb000 	C:\Windows\SYSTEM32\IPHLPAPI.DLL
0x00007ffe36ff0000 - 0x00007ffe370ba000 	C:\Windows\SYSTEM32\DNSAPI.dll
0x00007ffe3a2b0000 - 0x00007ffe3a2b8000 	C:\Windows\System32\NSI.dll
0x00007ffe1ea50000 - 0x00007ffe1ea62000 	C:\Windows\System32\winrnr.dll
0x00007ffe2b900000 - 0x00007ffe2b90a000 	C:\Windows\System32\rasadhlp.dll
0x00007ffe2c2b0000 - 0x00007ffe2c330000 	C:\Windows\System32\fwpuclnt.dll
0x00007ffe38180000 - 0x00007ffe381a7000 	C:\Windows\System32\bcrypt.dll
0x00007ffe374e0000 - 0x00007ffe374f8000 	C:\Windows\SYSTEM32\CRYPTSP.dll
0x00007ffe36bd0000 - 0x00007ffe36c04000 	C:\Windows\system32\rsaenh.dll
0x00007ffe37aa0000 - 0x00007ffe37ace000 	C:\Windows\SYSTEM32\USERENV.dll
0x00007ffe37500000 - 0x00007ffe3750c000 	C:\Windows\SYSTEM32\CRYPTBASE.dll
0x00007ffe30ff0000 - 0x00007ffe31007000 	C:\Windows\SYSTEM32\dhcpcsvc6.DLL
0x00007ffe310e0000 - 0x00007ffe310fd000 	C:\Windows\SYSTEM32\dhcpcsvc.DLL
0x00007ffe20280000 - 0x00007ffe202a5000 	C:\Program Files\Zulu\zulu-11\bin\sunec.dll
0x00007ffe30ea0000 - 0x00007ffe30eae000 	C:\Program Files\Zulu\zulu-11\bin\sunmscapi.dll
0x00007ffe37fb0000 - 0x00007ffe38106000 	C:\Windows\System32\CRYPT32.dll
0x00007ffe37600000 - 0x00007ffe37627000 	C:\Windows\SYSTEM32\ncrypt.dll
0x00007ffe375c0000 - 0x00007ffe375fb000 	C:\Windows\SYSTEM32\NTASN1.dll

dbghelp: loaded successfully - version: 4.0.5 - missing functions: none
symbol engine: initialized successfully - sym options: 0x614 - pdb path: .;C:\Program Files\Zulu\zulu-11\bin;C:\Windows\SYSTEM32;C:\Windows\WinSxS\amd64_microsoft.windows.common-controls_6595b64144ccf1df_6.0.19041.1110_none_60b5254171f9507e;C:\Program Files\Zulu\zulu-11\bin\server;C:\Program Files\JetBrains\IntelliJ IDEA Community Edition 2022.3.2\bin

VM Arguments:
jvm_args: -javaagent:C:\Program Files\JetBrains\IntelliJ IDEA Community Edition 2022.3.2\lib\idea_rt.jar=49876:C:\Program Files\JetBrains\IntelliJ IDEA Community Edition 2022.3.2\bin -Dfile.encoding=UTF-8 
java_command: com.project.chamong.ChamongApplication
java_class_path (initial): C:\Users\Administrator\Desktop\chamong_main0327\seb42_main_003\server\out\production\classes;C:\Users\Administrator\Desktop\chamong_main0327\seb42_main_003\server\out\production\resources;C:\Users\Administrator\.gradle\caches\modules-2\files-2.1\org.springframework.boot\spring-boot-starter-data-jpa\2.7.9\5af4a206fd4eaac881b7d96ca1ef19b2111a355c\spring-boot-starter-data-jpa-2.7.9.jar;C:\Users\Administrator\.gradle\caches\modules-2\files-2.1\org.springframework.boot\spring-boot-starter-validation\2.7.9\7cfc9801c13eefd3d20499c2371d921eb11c328\spring-boot-starter-validation-2.7.9.jar;C:\Users\Administrator\.gradle\caches\modules-2\files-2.1\org.springframework.boot\spring-boot-starter-security\2.7.9\ca8e422a56493e99a7c8c9d56d92091256d9fed7\spring-boot-starter-security-2.7.9.jar;C:\Users\Administrator\.gradle\caches\modules-2\files-2.1\org.springframework.boot\spring-boot-starter-web\2.7.9\e745a069e2b7ca51e378fcbc397d14dd82178199\spring-boot-starter-web-2.7.9.jar;C:\Users\Administrator\.gradle\caches\modules-2\files-2.1\org.springframework.boot\spring-boot-starter-data-redis\2.7.9\7aa0e971c046ade09793b1f1b1af26a5ef24cbf2\spring-boot-starter-data-redis-2.7.9.jar;C:\Users\Administrator\.gradle\caches\modules-2\files-2.1\org.springframework.boot\spring-boot-starter-oauth2-client\2.7.9\f4549de02f690218f5f649c3653ffe186e304a33\spring-boot-starter-oauth2-client-2.7.9.jar;C:\Users\Administrator\.gradle\caches\modules-2\files-2.1\org.apache.httpcomponents.client5\httpclient5\5.2.1\c900514d3446d9ce5d9dbd90c21192048125440\httpclient5-5.2.1.jar;C:\Users\Administrator\.gradle\caches\modules-2\files-2.1\org.mapstruct\mapstruct\1.5.3.Final\5f5d063858957ef086858bc3d003f702082297f3\mapstruct-1.5.3.Final.jar;C:\Users\Administrator\.gradle\caches\modules-2\files-2.1\com.google.code.gson\gson\2.9.1\2cc2131b98ebfb04e2b2c7dfb84431f4045096b\gson-2.9.1.jar;C:\Users\Administrator\.gradle\caches\modules-2\files-2.1\io.jsonwebtoken\jjwt-api\0.11.5\f742940045619d06383e
Launcher Type: SUN_STANDARD

[Global flags]
     intx CICompilerCount                          = 4                                         {product} {ergonomic}
     uint ConcGCThreads                            = 3                                         {product} {ergonomic}
     uint G1ConcRefinementThreads                  = 10                                        {product} {ergonomic}
   size_t G1HeapRegionSize                         = 1048576                                   {product} {ergonomic}
    uintx GCDrainStackTargetSize                   = 64                                        {product} {ergonomic}
   size_t InitialHeapSize                          = 266338304                                 {product} {ergonomic}
   size_t MarkStackSize                            = 4194304                                   {product} {ergonomic}
   size_t MaxHeapSize                              = 4259315712                                {product} {ergonomic}
   size_t MaxNewSize                               = 2555379712                                {product} {ergonomic}
   size_t MinHeapDeltaBytes                        = 1048576                                   {product} {ergonomic}
    uintx NonNMethodCodeHeapSize                   = 5836300                                {pd product} {ergonomic}
    uintx NonProfiledCodeHeapSize                  = 122910970                              {pd product} {ergonomic}
    uintx ProfiledCodeHeapSize                     = 122910970                              {pd product} {ergonomic}
    uintx ReservedCodeCacheSize                    = 251658240                              {pd product} {ergonomic}
     bool SegmentedCodeCache                       = true                                      {product} {ergonomic}
     bool UseCompressedClassPointers               = true                                 {lp64_product} {ergonomic}
     bool UseCompressedOops                        = true                                 {lp64_product} {ergonomic}
     bool UseG1GC                                  = true                                      {product} {ergonomic}
     bool UseLargePagesIndividualAllocation        = false                                  {pd product} {ergonomic}

Logging:
Log output configuration:
 #0: stdout all=warning uptime,level,tags
 #1: stderr all=off uptime,level,tags

Environment Variables:
JAVA_HOME=C:\Program Files\Zulu\zulu-11
JRE_HOME=C:\Program Files\Zulu\zulu-11\jre\
CLASSPATH=C:\Program Files\Zulu\zulu-11\lib
PATH=C:\Program Files\Zulu\zulu-11\bin\;C:\Windows\system32;C:\Windows;C:\Windows\system32;C:\Windows;C:\Program Files (x86)\NAT Service;C:\Windows\system32;C:\Windows;C:\Windows\System32\Wbem;C:\Windows\System32\WindowsPowerShell\v1.0\;C:\Windows\System32\OpenSSH\;C:\Program Files\Bandizip\;C:\Program Files\Zulu\zulu-11\bin;C:\Program Files (x86)\NVIDIA Corporation\PhysX\Common;C:\Program Files\NVIDIA Corporation\NVIDIA NvDLISR;C:\Program Files\dotnet\;C:\Program Files\Git\cmd;C:\Apache24\bin;C:\Program Files\PuTTY\;C:\Users\Administrator\AppData\Local\Microsoft\WindowsApps;
USERNAME=Administrator
OS=Windows_NT
PROCESSOR_IDENTIFIER=Intel64 Family 6 Model 151 Stepping 5, GenuineIntel
TMP=C:\Users\ADMINI~1\AppData\Local\Temp
TEMP=C:\Users\ADMINI~1\AppData\Local\Temp



---------------  S Y S T E M  ---------------

OS: Windows 10 , 64 bit Build 19041 (10.0.19041.2364)
OS uptime: 0 days 12:29 hours
Hyper-V role detected

CPU:total 12 (initial active 12) (6 cores per cpu, 2 threads per core) family 6 model 151 stepping 5 microcode 0x1a, cmov, cx8, fxsr, mmx, sse, sse2, sse3, ssse3, sse4.1, sse4.2, popcnt, avx, avx2, aes, clmul, erms, 3dnowpref, lzcnt, ht, tsc, tscinvbit, bmi1, bmi2, adx, sha, fma

Memory: 4k page, system-wide physical 16243M (5550M free)
TotalPageFile size 19169M (AvailPageFile size 2M)
current process WorkingSet (physical memory assigned to process): 259M, peak: 259M
current process commit charge ("private bytes"): 457M, peak: 457M

vm_info: OpenJDK 64-Bit Server VM (11.0.18+10-LTS) for windows-amd64 JRE (Zulu11.62+17-CA) (11.0.18+10-LTS), built on Jan  4 2023 15:02:54 by "zulu_re" with MS VC++ 15.9 (VS2017)

END.
