#
# There is insufficient memory for the Java Runtime Environment to continue.
# Native memory allocation (malloc) failed to allocate 1411696 bytes for Chunk::new
# Possible reasons:
#   The system is out of physical RAM or swap space
#   The process is running with CompressedOops enabled, and the Java Heap may be blocking the growth of the native heap
# Possible solutions:
#   Reduce memory load on the system
#   Increase physical memory or swap space
#   Check if swap backing store is full
#   Decrease Java heap size (-Xmx/-Xms)
#   Decrease number of Java threads
#   Decrease Java thread stack sizes (-Xss)
#   Set larger code cache with -XX:ReservedCodeCacheSize=
#   JVM is running with Zero Based Compressed Oops mode in which the Java heap is
#     placed in the first 32GB address space. The Java Heap base address is the
#     maximum limit for the native heap growth. Please use -XX:HeapBaseMinAddress
#     to set the Java Heap base and to place the Java Heap above 32GB virtual address.
# This output file may be truncated or incomplete.
#
#  Out of Memory Error (./src/hotspot/share/memory/arena.cpp:197), pid=14032, tid=8676
#
# JRE version: OpenJDK Runtime Environment Zulu11.62+17-CA (11.0.18+10) (build 11.0.18+10-LTS)
# Java VM: OpenJDK 64-Bit Server VM Zulu11.62+17-CA (11.0.18+10-LTS, mixed mode, tiered, compressed oops, g1 gc, windows-amd64)
# No core dump will be written. Minidumps are not enabled by default on client versions of Windows
#

---------------  S U M M A R Y ------------

Command Line: -javaagent:C:\Program Files\JetBrains\IntelliJ IDEA Community Edition 2022.3.2\lib\idea_rt.jar=61884:C:\Program Files\JetBrains\IntelliJ IDEA Community Edition 2022.3.2\bin -Dfile.encoding=UTF-8 com.project.chamong.ChamongApplication

Host: 12th Gen Intel(R) Core(TM) i5-12400F, 12 cores, 15G,  Windows 10 , 64 bit Build 19041 (10.0.19041.2364)
Time: Wed Mar 29 00:49:07 2023  Windows 10 , 64 bit Build 19041 (10.0.19041.2364) elapsed time: 3.715509 seconds (0d 0h 0m 3s)

---------------  T H R E A D  ---------------

Current thread (0x000001204b589800):  JavaThread "C2 CompilerThread1" daemon [_thread_in_native, id=8676, stack(0x0000002011500000,0x0000002011600000)]


Current CompileTask:
C2:   3715 4169       4       org.springframework.core.annotation.TypeMappedAnnotations::get (52 bytes)

Stack: [0x0000002011500000,0x0000002011600000]
Native frames: (J=compiled Java code, j=interpreted, Vv=VM code, C=native code)
V  [jvm.dll+0x62bdca]
V  [jvm.dll+0x7b9bc9]
V  [jvm.dll+0x7bb2b8]
V  [jvm.dll+0x7bb993]
V  [jvm.dll+0x253258]
V  [jvm.dll+0xc240c]
V  [jvm.dll+0xc29cc]
V  [jvm.dll+0x361ee7]
V  [jvm.dll+0x19e779]
V  [jvm.dll+0x208b35]
V  [jvm.dll+0x207bad]
V  [jvm.dll+0x18a041]
V  [jvm.dll+0x2174e4]
V  [jvm.dll+0x21572b]
V  [jvm.dll+0x77c770]
V  [jvm.dll+0x775694]
V  [jvm.dll+0x62ac35]
C  [ucrtbase.dll+0x21bb2]
C  [KERNEL32.DLL+0x17614]
C  [ntdll.dll+0x526a1]


---------------  P R O C E S S  ---------------

Threads class SMR info:
_java_thread_list=0x000001204eab9950, length=17, elements={
0x00000120268ad000, 0x000001204b328800, 0x000001204b352800, 0x000001204b3be800,
0x000001204b3bf800, 0x000001204b3c1000, 0x000001204b3d2800, 0x000001204aa9e000,
0x000001204b3e3800, 0x000001204b320800, 0x000001204b589800, 0x000001204b6f7000,
0x000001204e4ed000, 0x000001204f976000, 0x000001204fa53000, 0x000001204e528800,
0x000001204e52a000
}

Java Threads: ( => current thread )
  0x00000120268ad000 JavaThread "main" [_thread_blocked, id=5436, stack(0x0000002010500000,0x0000002010600000)]
  0x000001204b328800 JavaThread "Reference Handler" daemon [_thread_blocked, id=2140, stack(0x0000002010c00000,0x0000002010d00000)]
  0x000001204b352800 JavaThread "Finalizer" daemon [_thread_blocked, id=8484, stack(0x0000002010d00000,0x0000002010e00000)]
  0x000001204b3be800 JavaThread "Signal Dispatcher" daemon [_thread_blocked, id=16988, stack(0x0000002010e00000,0x0000002010f00000)]
  0x000001204b3bf800 JavaThread "Attach Listener" daemon [_thread_blocked, id=13708, stack(0x0000002010f00000,0x0000002011000000)]
  0x000001204b3c1000 JavaThread "Service Thread" daemon [_thread_blocked, id=14096, stack(0x0000002011000000,0x0000002011100000)]
  0x000001204b3d2800 JavaThread "C2 CompilerThread0" daemon [_thread_in_native, id=11600, stack(0x0000002011100000,0x0000002011200000)]
  0x000001204aa9e000 JavaThread "C1 CompilerThread0" daemon [_thread_blocked, id=14960, stack(0x0000002011200000,0x0000002011300000)]
  0x000001204b3e3800 JavaThread "Sweeper thread" daemon [_thread_blocked, id=2252, stack(0x0000002011300000,0x0000002011400000)]
  0x000001204b320800 JavaThread "Common-Cleaner" daemon [_thread_blocked, id=356, stack(0x0000002011400000,0x0000002011500000)]
=>0x000001204b589800 JavaThread "C2 CompilerThread1" daemon [_thread_in_native, id=8676, stack(0x0000002011500000,0x0000002011600000)]
  0x000001204b6f7000 JavaThread "Monitor Ctrl-Break" daemon [_thread_in_native, id=16596, stack(0x0000002011600000,0x0000002011700000)]
  0x000001204e4ed000 JavaThread "C2 CompilerThread2" daemon [_thread_blocked, id=18236, stack(0x0000002012000000,0x0000002012100000)]
  0x000001204f976000 JavaThread "Catalina-utility-1" [_thread_blocked, id=18208, stack(0x0000002011d00000,0x0000002011e00000)]
  0x000001204fa53000 JavaThread "Catalina-utility-2" [_thread_blocked, id=18084, stack(0x0000002012100000,0x0000002012200000)]
  0x000001204e528800 JavaThread "container-0" [_thread_blocked, id=15688, stack(0x0000002012200000,0x0000002012300000)]
  0x000001204e52a000 JavaThread "mysql-cj-abandoned-connection-cleanup" daemon [_thread_blocked, id=3528, stack(0x0000002012300000,0x0000002012400000)]

Other Threads:
  0x000001204b325800 VMThread "VM Thread" [stack: 0x0000002010b00000,0x0000002010c00000] [id=15052]
  0x000001204bc6e800 WatcherThread [stack: 0x0000002011700000,0x0000002011800000] [id=14556]
  0x00000120268c4000 GCTaskThread "GC Thread#0" [stack: 0x0000002010600000,0x0000002010700000] [id=13456]
  0x000001204bfec000 GCTaskThread "GC Thread#1" [stack: 0x0000002011800000,0x0000002011900000] [id=13600]
  0x000001204c300000 GCTaskThread "GC Thread#2" [stack: 0x0000002011900000,0x0000002011a00000] [id=16472]
  0x000001204c0e3000 GCTaskThread "GC Thread#3" [stack: 0x0000002011a00000,0x0000002011b00000] [id=14248]
  0x000001204c030800 GCTaskThread "GC Thread#4" [stack: 0x0000002011b00000,0x0000002011c00000] [id=11632]
  0x000001204c154000 GCTaskThread "GC Thread#5" [stack: 0x0000002011c00000,0x0000002011d00000] [id=16432]
  0x000001204e45d000 GCTaskThread "GC Thread#6" [stack: 0x0000002012400000,0x0000002012500000] [id=13016]
  0x00000120502e9000 GCTaskThread "GC Thread#7" [stack: 0x0000002012500000,0x0000002012600000] [id=14084]
  0x000001202691f800 ConcurrentGCThread "G1 Main Marker" [stack: 0x0000002010700000,0x0000002010800000] [id=2176]
  0x0000012026922000 ConcurrentGCThread "G1 Conc#0" [stack: 0x0000002010800000,0x0000002010900000] [id=8176]
  0x000001204c5ae000 ConcurrentGCThread "G1 Conc#1" [stack: 0x0000002011e00000,0x0000002011f00000] [id=16784]
  0x000001204c5f8800 ConcurrentGCThread "G1 Conc#2" [stack: 0x0000002011f00000,0x0000002012000000] [id=3340]
  0x000001204a97b000 ConcurrentGCThread "G1 Refine#0" [stack: 0x0000002010900000,0x0000002010a00000] [id=11144]
  0x000001204a97d000 ConcurrentGCThread "G1 Young RemSet Sampling" [stack: 0x0000002010a00000,0x0000002010b00000] [id=15212]

Threads with active compile tasks:
C2 CompilerThread0     3730 4223       4       sun.net.www.protocol.jar.Handler::parseURL (212 bytes)
C2 CompilerThread1     3730 4169       4       org.springframework.core.annotation.TypeMappedAnnotations::get (52 bytes)

VM state:at safepoint (normal execution)

VM Mutex/Monitor currently owned by a thread:  ([mutex/lock_event])
[0x00000120268a7d40] Threads_lock - owner thread: 0x000001204b325800
[0x00000120268a8010] Heap_lock - owner thread: 0x00000120268ad000

Heap address: 0x0000000702200000, size: 4062 MB, Compressed Oops mode: Zero based, Oop shift amount: 3
Narrow klass base: 0x0000000800000000, Narrow klass shift: 0
Compressed class space size: 1073741824 Address: 0x0000000800000000

Heap:
 garbage-first heap   total 312320K, used 20651K [0x0000000702200000, 0x0000000800000000)
  region size 1024K, 12 young (12288K), 12 survivors (12288K)
 Metaspace       used 47045K, capacity 48213K, committed 48252K, reserved 1091584K
  class space    used 5662K, capacity 6115K, committed 6144K, reserved 1048576K
Heap Regions: E=young(eden), S=young(survivor), O=old, HS=humongous(starts), HC=humongous(continues), CS=collection set, F=free, A=archive, TAMS=top-at-mark-start (previous, next)
|   0|0x0000000702200000, 0x0000000702300000, 0x0000000702300000|100%|HS|  |TAMS 0x0000000702300000, 0x0000000702200000| Complete 
|   1|0x0000000702300000, 0x0000000702400000, 0x0000000702400000|100%| O|  |TAMS 0x0000000702400000, 0x0000000702300000| Untracked 
|   2|0x0000000702400000, 0x0000000702500000, 0x0000000702500000|100%| O|  |TAMS 0x0000000702500000, 0x0000000702400000| Untracked 
|   3|0x0000000702500000, 0x0000000702600000, 0x0000000702600000|100%| O|  |TAMS 0x0000000702600000, 0x0000000702500000| Untracked 
|   4|0x0000000702600000, 0x0000000702700000, 0x0000000702700000|100%| O|  |TAMS 0x0000000702700000, 0x0000000702600000| Untracked 
|   5|0x0000000702700000, 0x0000000702800000, 0x0000000702800000|100%| O|  |TAMS 0x0000000702800000, 0x0000000702700000| Untracked 
|   6|0x0000000702800000, 0x0000000702900000, 0x0000000702900000|100%| O|  |TAMS 0x0000000702900000, 0x0000000702800000| Untracked 
|   7|0x0000000702900000, 0x0000000702a00000, 0x0000000702a00000|100%| O|  |TAMS 0x0000000702a00000, 0x0000000702900000| Untracked 
|   8|0x0000000702a00000, 0x0000000702a3da00, 0x0000000702b00000| 24%| O|  |TAMS 0x0000000702a3da00, 0x0000000702a00000| Untracked 
|   9|0x0000000702b00000, 0x0000000702b00000, 0x0000000702c00000|  0%| F|  |TAMS 0x0000000702b00000, 0x0000000702b00000| Untracked 
|  10|0x0000000702c00000, 0x0000000702c00000, 0x0000000702d00000|  0%| F|  |TAMS 0x0000000702c00000, 0x0000000702c00000| Untracked 
|  11|0x0000000702d00000, 0x0000000702d00000, 0x0000000702e00000|  0%| F|  |TAMS 0x0000000702d00000, 0x0000000702d00000| Untracked 
|  12|0x0000000702e00000, 0x0000000702e00000, 0x0000000702f00000|  0%| F|  |TAMS 0x0000000702e00000, 0x0000000702e00000| Untracked 
|  13|0x0000000702f00000, 0x0000000702f00000, 0x0000000703000000|  0%| F|  |TAMS 0x0000000702f00000, 0x0000000702f00000| Untracked 
|  14|0x0000000703000000, 0x0000000703000000, 0x0000000703100000|  0%| F|  |TAMS 0x0000000703000000, 0x0000000703000000| Untracked 
|  15|0x0000000703100000, 0x0000000703100000, 0x0000000703200000|  0%| F|  |TAMS 0x0000000703100000, 0x0000000703100000| Untracked 
|  16|0x0000000703200000, 0x0000000703200000, 0x0000000703300000|  0%| F|  |TAMS 0x0000000703200000, 0x0000000703200000| Untracked 
|  17|0x0000000703300000, 0x0000000703300000, 0x0000000703400000|  0%| F|  |TAMS 0x0000000703300000, 0x0000000703300000| Untracked 
|  18|0x0000000703400000, 0x0000000703400000, 0x0000000703500000|  0%| F|  |TAMS 0x0000000703400000, 0x0000000703400000| Untracked 
|  19|0x0000000703500000, 0x0000000703500000, 0x0000000703600000|  0%| F|  |TAMS 0x0000000703500000, 0x0000000703500000| Untracked 
|  20|0x0000000703600000, 0x0000000703600000, 0x0000000703700000|  0%| F|  |TAMS 0x0000000703600000, 0x0000000703600000| Untracked 
|  21|0x0000000703700000, 0x0000000703700000, 0x0000000703800000|  0%| F|  |TAMS 0x0000000703700000, 0x0000000703700000| Untracked 
|  22|0x0000000703800000, 0x0000000703800000, 0x0000000703900000|  0%| F|  |TAMS 0x0000000703800000, 0x0000000703800000| Untracked 
|  23|0x0000000703900000, 0x0000000703900000, 0x0000000703a00000|  0%| F|  |TAMS 0x0000000703900000, 0x0000000703900000| Untracked 
|  24|0x0000000703a00000, 0x0000000703a00000, 0x0000000703b00000|  0%| F|  |TAMS 0x0000000703a00000, 0x0000000703a00000| Untracked 
|  25|0x0000000703b00000, 0x0000000703b00000, 0x0000000703c00000|  0%| F|  |TAMS 0x0000000703b00000, 0x0000000703b00000| Untracked 
|  26|0x0000000703c00000, 0x0000000703c00000, 0x0000000703d00000|  0%| F|  |TAMS 0x0000000703c00000, 0x0000000703c00000| Untracked 
|  27|0x0000000703d00000, 0x0000000703d00000, 0x0000000703e00000|  0%| F|  |TAMS 0x0000000703d00000, 0x0000000703d00000| Untracked 
|  28|0x0000000703e00000, 0x0000000703e00000, 0x0000000703f00000|  0%| F|  |TAMS 0x0000000703e00000, 0x0000000703e00000| Untracked 
|  29|0x0000000703f00000, 0x0000000703f00000, 0x0000000704000000|  0%| F|  |TAMS 0x0000000703f00000, 0x0000000703f00000| Untracked 
|  30|0x0000000704000000, 0x0000000704000000, 0x0000000704100000|  0%| F|  |TAMS 0x0000000704000000, 0x0000000704000000| Untracked 
|  31|0x0000000704100000, 0x0000000704100000, 0x0000000704200000|  0%| F|  |TAMS 0x0000000704100000, 0x0000000704100000| Untracked 
|  32|0x0000000704200000, 0x0000000704200000, 0x0000000704300000|  0%| F|  |TAMS 0x0000000704200000, 0x0000000704200000| Untracked 
|  33|0x0000000704300000, 0x0000000704300000, 0x0000000704400000|  0%| F|  |TAMS 0x0000000704300000, 0x0000000704300000| Untracked 
|  34|0x0000000704400000, 0x0000000704400000, 0x0000000704500000|  0%| F|  |TAMS 0x0000000704400000, 0x0000000704400000| Untracked 
|  35|0x0000000704500000, 0x0000000704500000, 0x0000000704600000|  0%| F|  |TAMS 0x0000000704500000, 0x0000000704500000| Untracked 
|  36|0x0000000704600000, 0x0000000704600000, 0x0000000704700000|  0%| F|  |TAMS 0x0000000704600000, 0x0000000704600000| Untracked 
|  37|0x0000000704700000, 0x0000000704700000, 0x0000000704800000|  0%| F|  |TAMS 0x0000000704700000, 0x0000000704700000| Untracked 
|  38|0x0000000704800000, 0x0000000704800000, 0x0000000704900000|  0%| F|  |TAMS 0x0000000704800000, 0x0000000704800000| Untracked 
|  39|0x0000000704900000, 0x0000000704900000, 0x0000000704a00000|  0%| F|  |TAMS 0x0000000704900000, 0x0000000704900000| Untracked 
|  40|0x0000000704a00000, 0x0000000704a00000, 0x0000000704b00000|  0%| F|  |TAMS 0x0000000704a00000, 0x0000000704a00000| Untracked 
|  41|0x0000000704b00000, 0x0000000704b00000, 0x0000000704c00000|  0%| F|  |TAMS 0x0000000704b00000, 0x0000000704b00000| Untracked 
|  42|0x0000000704c00000, 0x0000000704c00000, 0x0000000704d00000|  0%| F|  |TAMS 0x0000000704c00000, 0x0000000704c00000| Untracked 
|  43|0x0000000704d00000, 0x0000000704d00000, 0x0000000704e00000|  0%| F|  |TAMS 0x0000000704d00000, 0x0000000704d00000| Untracked 
|  44|0x0000000704e00000, 0x0000000704e00000, 0x0000000704f00000|  0%| F|  |TAMS 0x0000000704e00000, 0x0000000704e00000| Untracked 
|  45|0x0000000704f00000, 0x0000000704f00000, 0x0000000705000000|  0%| F|  |TAMS 0x0000000704f00000, 0x0000000704f00000| Untracked 
|  46|0x0000000705000000, 0x0000000705000000, 0x0000000705100000|  0%| F|  |TAMS 0x0000000705000000, 0x0000000705000000| Untracked 
|  47|0x0000000705100000, 0x0000000705100000, 0x0000000705200000|  0%| F|  |TAMS 0x0000000705100000, 0x0000000705100000| Untracked 
|  48|0x0000000705200000, 0x0000000705200000, 0x0000000705300000|  0%| F|  |TAMS 0x0000000705200000, 0x0000000705200000| Untracked 
|  49|0x0000000705300000, 0x0000000705300000, 0x0000000705400000|  0%| F|  |TAMS 0x0000000705300000, 0x0000000705300000| Untracked 
|  50|0x0000000705400000, 0x0000000705400000, 0x0000000705500000|  0%| F|  |TAMS 0x0000000705400000, 0x0000000705400000| Untracked 
|  51|0x0000000705500000, 0x0000000705500000, 0x0000000705600000|  0%| F|  |TAMS 0x0000000705500000, 0x0000000705500000| Untracked 
|  52|0x0000000705600000, 0x0000000705600000, 0x0000000705700000|  0%| F|  |TAMS 0x0000000705600000, 0x0000000705600000| Untracked 
|  53|0x0000000705700000, 0x0000000705700000, 0x0000000705800000|  0%| F|  |TAMS 0x0000000705700000, 0x0000000705700000| Untracked 
|  54|0x0000000705800000, 0x0000000705800000, 0x0000000705900000|  0%| F|  |TAMS 0x0000000705800000, 0x0000000705800000| Untracked 
|  55|0x0000000705900000, 0x0000000705900000, 0x0000000705a00000|  0%| F|  |TAMS 0x0000000705900000, 0x0000000705900000| Untracked 
|  56|0x0000000705a00000, 0x0000000705a00000, 0x0000000705b00000|  0%| F|  |TAMS 0x0000000705a00000, 0x0000000705a00000| Untracked 
|  57|0x0000000705b00000, 0x0000000705b00000, 0x0000000705c00000|  0%| F|  |TAMS 0x0000000705b00000, 0x0000000705b00000| Untracked 
|  58|0x0000000705c00000, 0x0000000705c00000, 0x0000000705d00000|  0%| F|  |TAMS 0x0000000705c00000, 0x0000000705c00000| Untracked 
|  59|0x0000000705d00000, 0x0000000705d00000, 0x0000000705e00000|  0%| F|  |TAMS 0x0000000705d00000, 0x0000000705d00000| Untracked 
|  60|0x0000000705e00000, 0x0000000705e00000, 0x0000000705f00000|  0%| F|  |TAMS 0x0000000705e00000, 0x0000000705e00000| Untracked 
|  61|0x0000000705f00000, 0x0000000705f00000, 0x0000000706000000|  0%| F|  |TAMS 0x0000000705f00000, 0x0000000705f00000| Untracked 
|  62|0x0000000706000000, 0x0000000706000000, 0x0000000706100000|  0%| F|  |TAMS 0x0000000706000000, 0x0000000706000000| Untracked 
|  63|0x0000000706100000, 0x0000000706100000, 0x0000000706200000|  0%| F|  |TAMS 0x0000000706100000, 0x0000000706100000| Untracked 
|  64|0x0000000706200000, 0x0000000706200000, 0x0000000706300000|  0%| F|  |TAMS 0x0000000706200000, 0x0000000706200000| Untracked 
|  65|0x0000000706300000, 0x0000000706300000, 0x0000000706400000|  0%| F|  |TAMS 0x0000000706300000, 0x0000000706300000| Untracked 
|  66|0x0000000706400000, 0x0000000706400000, 0x0000000706500000|  0%| F|  |TAMS 0x0000000706400000, 0x0000000706400000| Untracked 
|  67|0x0000000706500000, 0x0000000706500000, 0x0000000706600000|  0%| F|  |TAMS 0x0000000706500000, 0x0000000706500000| Untracked 
|  68|0x0000000706600000, 0x0000000706600000, 0x0000000706700000|  0%| F|  |TAMS 0x0000000706600000, 0x0000000706600000| Untracked 
|  69|0x0000000706700000, 0x0000000706700000, 0x0000000706800000|  0%| F|  |TAMS 0x0000000706700000, 0x0000000706700000| Untracked 
|  70|0x0000000706800000, 0x0000000706800000, 0x0000000706900000|  0%| F|  |TAMS 0x0000000706800000, 0x0000000706800000| Untracked 
|  71|0x0000000706900000, 0x0000000706900000, 0x0000000706a00000|  0%| F|  |TAMS 0x0000000706900000, 0x0000000706900000| Untracked 
|  72|0x0000000706a00000, 0x0000000706a00000, 0x0000000706b00000|  0%| F|  |TAMS 0x0000000706a00000, 0x0000000706a00000| Untracked 
|  73|0x0000000706b00000, 0x0000000706b00000, 0x0000000706c00000|  0%| F|  |TAMS 0x0000000706b00000, 0x0000000706b00000| Untracked 
|  74|0x0000000706c00000, 0x0000000706c00000, 0x0000000706d00000|  0%| F|  |TAMS 0x0000000706c00000, 0x0000000706c00000| Untracked 
|  75|0x0000000706d00000, 0x0000000706d00000, 0x0000000706e00000|  0%| F|  |TAMS 0x0000000706d00000, 0x0000000706d00000| Untracked 
|  76|0x0000000706e00000, 0x0000000706e00000, 0x0000000706f00000|  0%| F|  |TAMS 0x0000000706e00000, 0x0000000706e00000| Untracked 
|  77|0x0000000706f00000, 0x0000000706f00000, 0x0000000707000000|  0%| F|  |TAMS 0x0000000706f00000, 0x0000000706f00000| Untracked 
|  78|0x0000000707000000, 0x0000000707000000, 0x0000000707100000|  0%| F|  |TAMS 0x0000000707000000, 0x0000000707000000| Untracked 
|  79|0x0000000707100000, 0x0000000707100000, 0x0000000707200000|  0%| F|  |TAMS 0x0000000707100000, 0x0000000707100000| Untracked 
|  80|0x0000000707200000, 0x0000000707200000, 0x0000000707300000|  0%| F|  |TAMS 0x0000000707200000, 0x0000000707200000| Untracked 
|  81|0x0000000707300000, 0x0000000707300000, 0x0000000707400000|  0%| F|  |TAMS 0x0000000707300000, 0x0000000707300000| Untracked 
|  82|0x0000000707400000, 0x0000000707400000, 0x0000000707500000|  0%| F|  |TAMS 0x0000000707400000, 0x0000000707400000| Untracked 
|  83|0x0000000707500000, 0x0000000707500000, 0x0000000707600000|  0%| F|  |TAMS 0x0000000707500000, 0x0000000707500000| Untracked 
|  84|0x0000000707600000, 0x0000000707600000, 0x0000000707700000|  0%| F|  |TAMS 0x0000000707600000, 0x0000000707600000| Untracked 
|  85|0x0000000707700000, 0x0000000707700000, 0x0000000707800000|  0%| F|  |TAMS 0x0000000707700000, 0x0000000707700000| Untracked 
|  86|0x0000000707800000, 0x0000000707800000, 0x0000000707900000|  0%| F|  |TAMS 0x0000000707800000, 0x0000000707800000| Untracked 
|  87|0x0000000707900000, 0x0000000707900000, 0x0000000707a00000|  0%| F|  |TAMS 0x0000000707900000, 0x0000000707900000| Untracked 
|  88|0x0000000707a00000, 0x0000000707a00000, 0x0000000707b00000|  0%| F|  |TAMS 0x0000000707a00000, 0x0000000707a00000| Untracked 
|  89|0x0000000707b00000, 0x0000000707b00000, 0x0000000707c00000|  0%| F|  |TAMS 0x0000000707b00000, 0x0000000707b00000| Untracked 
|  90|0x0000000707c00000, 0x0000000707c00000, 0x0000000707d00000|  0%| F|  |TAMS 0x0000000707c00000, 0x0000000707c00000| Untracked 
|  91|0x0000000707d00000, 0x0000000707d00000, 0x0000000707e00000|  0%| F|  |TAMS 0x0000000707d00000, 0x0000000707d00000| Untracked 
|  92|0x0000000707e00000, 0x0000000707e00000, 0x0000000707f00000|  0%| F|  |TAMS 0x0000000707e00000, 0x0000000707e00000| Untracked 
|  93|0x0000000707f00000, 0x0000000707f00000, 0x0000000708000000|  0%| F|  |TAMS 0x0000000707f00000, 0x0000000707f00000| Untracked 
|  94|0x0000000708000000, 0x0000000708000000, 0x0000000708100000|  0%| F|  |TAMS 0x0000000708000000, 0x0000000708000000| Untracked 
|  95|0x0000000708100000, 0x0000000708100000, 0x0000000708200000|  0%| F|  |TAMS 0x0000000708100000, 0x0000000708100000| Untracked 
|  96|0x0000000708200000, 0x0000000708200000, 0x0000000708300000|  0%| F|  |TAMS 0x0000000708200000, 0x0000000708200000| Untracked 
|  97|0x0000000708300000, 0x0000000708300000, 0x0000000708400000|  0%| F|  |TAMS 0x0000000708300000, 0x0000000708300000| Untracked 
|  98|0x0000000708400000, 0x0000000708400000, 0x0000000708500000|  0%| F|  |TAMS 0x0000000708400000, 0x0000000708400000| Untracked 
|  99|0x0000000708500000, 0x0000000708500000, 0x0000000708600000|  0%| F|  |TAMS 0x0000000708500000, 0x0000000708500000| Untracked 
| 100|0x0000000708600000, 0x0000000708600000, 0x0000000708700000|  0%| F|  |TAMS 0x0000000708600000, 0x0000000708600000| Untracked 
| 101|0x0000000708700000, 0x0000000708700000, 0x0000000708800000|  0%| F|  |TAMS 0x0000000708700000, 0x0000000708700000| Untracked 
| 102|0x0000000708800000, 0x0000000708800000, 0x0000000708900000|  0%| F|  |TAMS 0x0000000708800000, 0x0000000708800000| Untracked 
| 103|0x0000000708900000, 0x0000000708900000, 0x0000000708a00000|  0%| F|  |TAMS 0x0000000708900000, 0x0000000708900000| Untracked 
| 104|0x0000000708a00000, 0x0000000708a00000, 0x0000000708b00000|  0%| F|  |TAMS 0x0000000708a00000, 0x0000000708a00000| Untracked 
| 105|0x0000000708b00000, 0x0000000708b00000, 0x0000000708c00000|  0%| F|  |TAMS 0x0000000708b00000, 0x0000000708b00000| Untracked 
| 106|0x0000000708c00000, 0x0000000708c00000, 0x0000000708d00000|  0%| F|  |TAMS 0x0000000708c00000, 0x0000000708c00000| Untracked 
| 107|0x0000000708d00000, 0x0000000708d00000, 0x0000000708e00000|  0%| F|  |TAMS 0x0000000708d00000, 0x0000000708d00000| Untracked 
| 108|0x0000000708e00000, 0x0000000708e00000, 0x0000000708f00000|  0%| F|  |TAMS 0x0000000708e00000, 0x0000000708e00000| Untracked 
| 109|0x0000000708f00000, 0x0000000708f00000, 0x0000000709000000|  0%| F|  |TAMS 0x0000000708f00000, 0x0000000708f00000| Untracked 
| 110|0x0000000709000000, 0x0000000709000000, 0x0000000709100000|  0%| F|  |TAMS 0x0000000709000000, 0x0000000709000000| Untracked 
| 111|0x0000000709100000, 0x0000000709100000, 0x0000000709200000|  0%| F|  |TAMS 0x0000000709100000, 0x0000000709100000| Untracked 
| 112|0x0000000709200000, 0x0000000709200000, 0x0000000709300000|  0%| F|  |TAMS 0x0000000709200000, 0x0000000709200000| Untracked 
| 113|0x0000000709300000, 0x0000000709300000, 0x0000000709400000|  0%| F|  |TAMS 0x0000000709300000, 0x0000000709300000| Untracked 
| 114|0x0000000709400000, 0x0000000709400000, 0x0000000709500000|  0%| F|  |TAMS 0x0000000709400000, 0x0000000709400000| Untracked 
| 115|0x0000000709500000, 0x0000000709500000, 0x0000000709600000|  0%| F|  |TAMS 0x0000000709500000, 0x0000000709500000| Untracked 
| 116|0x0000000709600000, 0x0000000709600000, 0x0000000709700000|  0%| F|  |TAMS 0x0000000709600000, 0x0000000709600000| Untracked 
| 117|0x0000000709700000, 0x0000000709700000, 0x0000000709800000|  0%| F|  |TAMS 0x0000000709700000, 0x0000000709700000| Untracked 
| 118|0x0000000709800000, 0x0000000709800000, 0x0000000709900000|  0%| F|  |TAMS 0x0000000709800000, 0x0000000709800000| Untracked 
| 119|0x0000000709900000, 0x0000000709900000, 0x0000000709a00000|  0%| F|  |TAMS 0x0000000709900000, 0x0000000709900000| Untracked 
| 120|0x0000000709a00000, 0x0000000709a00000, 0x0000000709b00000|  0%| F|  |TAMS 0x0000000709a00000, 0x0000000709a00000| Untracked 
| 121|0x0000000709b00000, 0x0000000709b00000, 0x0000000709c00000|  0%| F|  |TAMS 0x0000000709b00000, 0x0000000709b00000| Untracked 
| 122|0x0000000709c00000, 0x0000000709c00000, 0x0000000709d00000|  0%| F|  |TAMS 0x0000000709c00000, 0x0000000709c00000| Untracked 
| 123|0x0000000709d00000, 0x0000000709d00000, 0x0000000709e00000|  0%| F|  |TAMS 0x0000000709d00000, 0x0000000709d00000| Untracked 
| 124|0x0000000709e00000, 0x0000000709eed210, 0x0000000709f00000| 92%| S|CS|TAMS 0x0000000709e00000, 0x0000000709e00000| Complete 
| 125|0x0000000709f00000, 0x000000070a000000, 0x000000070a000000|100%| S|CS|TAMS 0x0000000709f00000, 0x0000000709f00000| Complete 
| 126|0x000000070a000000, 0x000000070a100000, 0x000000070a100000|100%| S|CS|TAMS 0x000000070a000000, 0x000000070a000000| Complete 
| 127|0x000000070a100000, 0x000000070a200000, 0x000000070a200000|100%| S|CS|TAMS 0x000000070a100000, 0x000000070a100000| Complete 
| 128|0x000000070a200000, 0x000000070a300000, 0x000000070a300000|100%| S|CS|TAMS 0x000000070a200000, 0x000000070a200000| Complete 
| 129|0x000000070a300000, 0x000000070a400000, 0x000000070a400000|100%| S|CS|TAMS 0x000000070a300000, 0x000000070a300000| Complete 
| 130|0x000000070a400000, 0x000000070a500000, 0x000000070a500000|100%| S|CS|TAMS 0x000000070a400000, 0x000000070a400000| Complete 
| 131|0x000000070a500000, 0x000000070a600000, 0x000000070a600000|100%| S|CS|TAMS 0x000000070a500000, 0x000000070a500000| Complete 
| 132|0x000000070a600000, 0x000000070a700000, 0x000000070a700000|100%| S|CS|TAMS 0x000000070a600000, 0x000000070a600000| Complete 
| 133|0x000000070a700000, 0x000000070a800000, 0x000000070a800000|100%| S|CS|TAMS 0x000000070a700000, 0x000000070a700000| Complete 
| 134|0x000000070a800000, 0x000000070a900000, 0x000000070a900000|100%| S|CS|TAMS 0x000000070a800000, 0x000000070a800000| Complete 
| 135|0x000000070a900000, 0x000000070aa00000, 0x000000070aa00000|100%| S|CS|TAMS 0x000000070a900000, 0x000000070a900000| Complete 
| 136|0x000000070aa00000, 0x000000070aa00000, 0x000000070ab00000|  0%| F|  |TAMS 0x000000070aa00000, 0x000000070aa00000| Untracked 
| 137|0x000000070ab00000, 0x000000070ab00000, 0x000000070ac00000|  0%| F|  |TAMS 0x000000070ab00000, 0x000000070ab00000| Untracked 
| 138|0x000000070ac00000, 0x000000070ac00000, 0x000000070ad00000|  0%| F|  |TAMS 0x000000070ac00000, 0x000000070ac00000| Untracked 
| 139|0x000000070ad00000, 0x000000070ad00000, 0x000000070ae00000|  0%| F|  |TAMS 0x000000070ad00000, 0x000000070ad00000| Untracked 
| 140|0x000000070ae00000, 0x000000070ae00000, 0x000000070af00000|  0%| F|  |TAMS 0x000000070ae00000, 0x000000070ae00000| Untracked 
| 141|0x000000070af00000, 0x000000070af00000, 0x000000070b000000|  0%| F|  |TAMS 0x000000070af00000, 0x000000070af00000| Untracked 
| 142|0x000000070b000000, 0x000000070b000000, 0x000000070b100000|  0%| F|  |TAMS 0x000000070b000000, 0x000000070b000000| Untracked 
| 143|0x000000070b100000, 0x000000070b100000, 0x000000070b200000|  0%| F|  |TAMS 0x000000070b100000, 0x000000070b100000| Untracked 
| 144|0x000000070b200000, 0x000000070b200000, 0x000000070b300000|  0%| F|  |TAMS 0x000000070b200000, 0x000000070b200000| Untracked 
| 145|0x000000070b300000, 0x000000070b300000, 0x000000070b400000|  0%| F|  |TAMS 0x000000070b300000, 0x000000070b300000| Untracked 
| 146|0x000000070b400000, 0x000000070b400000, 0x000000070b500000|  0%| F|  |TAMS 0x000000070b400000, 0x000000070b400000| Untracked 
| 147|0x000000070b500000, 0x000000070b500000, 0x000000070b600000|  0%| F|  |TAMS 0x000000070b500000, 0x000000070b500000| Untracked 
| 148|0x000000070b600000, 0x000000070b600000, 0x000000070b700000|  0%| F|  |TAMS 0x000000070b600000, 0x000000070b600000| Untracked 
| 149|0x000000070b700000, 0x000000070b700000, 0x000000070b800000|  0%| F|  |TAMS 0x000000070b700000, 0x000000070b700000| Untracked 
| 150|0x000000070b800000, 0x000000070b800000, 0x000000070b900000|  0%| F|  |TAMS 0x000000070b800000, 0x000000070b800000| Untracked 
| 151|0x000000070b900000, 0x000000070b900000, 0x000000070ba00000|  0%| F|  |TAMS 0x000000070b900000, 0x000000070b900000| Untracked 
| 152|0x000000070ba00000, 0x000000070ba00000, 0x000000070bb00000|  0%| F|  |TAMS 0x000000070ba00000, 0x000000070ba00000| Untracked 
| 153|0x000000070bb00000, 0x000000070bb00000, 0x000000070bc00000|  0%| F|  |TAMS 0x000000070bb00000, 0x000000070bb00000| Untracked 
| 154|0x000000070bc00000, 0x000000070bc00000, 0x000000070bd00000|  0%| F|  |TAMS 0x000000070bc00000, 0x000000070bc00000| Untracked 
| 155|0x000000070bd00000, 0x000000070bd00000, 0x000000070be00000|  0%| F|  |TAMS 0x000000070bd00000, 0x000000070bd00000| Untracked 
| 156|0x000000070be00000, 0x000000070be00000, 0x000000070bf00000|  0%| F|  |TAMS 0x000000070be00000, 0x000000070be00000| Untracked 
| 157|0x000000070bf00000, 0x000000070bf00000, 0x000000070c000000|  0%| F|  |TAMS 0x000000070bf00000, 0x000000070bf00000| Untracked 
| 158|0x000000070c000000, 0x000000070c000000, 0x000000070c100000|  0%| F|  |TAMS 0x000000070c000000, 0x000000070c000000| Untracked 
| 159|0x000000070c100000, 0x000000070c100000, 0x000000070c200000|  0%| F|  |TAMS 0x000000070c100000, 0x000000070c100000| Untracked 
| 160|0x000000070c200000, 0x000000070c200000, 0x000000070c300000|  0%| F|  |TAMS 0x000000070c200000, 0x000000070c200000| Untracked 
| 161|0x000000070c300000, 0x000000070c300000, 0x000000070c400000|  0%| F|  |TAMS 0x000000070c300000, 0x000000070c300000| Untracked 
| 162|0x000000070c400000, 0x000000070c400000, 0x000000070c500000|  0%| F|  |TAMS 0x000000070c400000, 0x000000070c400000| Untracked 
| 163|0x000000070c500000, 0x000000070c500000, 0x000000070c600000|  0%| F|  |TAMS 0x000000070c500000, 0x000000070c500000| Untracked 
| 164|0x000000070c600000, 0x000000070c600000, 0x000000070c700000|  0%| F|  |TAMS 0x000000070c600000, 0x000000070c600000| Untracked 
| 165|0x000000070c700000, 0x000000070c700000, 0x000000070c800000|  0%| F|  |TAMS 0x000000070c700000, 0x000000070c700000| Untracked 
| 166|0x000000070c800000, 0x000000070c800000, 0x000000070c900000|  0%| F|  |TAMS 0x000000070c800000, 0x000000070c800000| Untracked 
| 167|0x000000070c900000, 0x000000070c900000, 0x000000070ca00000|  0%| F|  |TAMS 0x000000070c900000, 0x000000070c900000| Untracked 
| 168|0x000000070ca00000, 0x000000070ca00000, 0x000000070cb00000|  0%| F|  |TAMS 0x000000070ca00000, 0x000000070ca00000| Untracked 
| 169|0x000000070cb00000, 0x000000070cb00000, 0x000000070cc00000|  0%| F|  |TAMS 0x000000070cb00000, 0x000000070cb00000| Untracked 
| 170|0x000000070cc00000, 0x000000070cc00000, 0x000000070cd00000|  0%| F|  |TAMS 0x000000070cc00000, 0x000000070cc00000| Untracked 
| 171|0x000000070cd00000, 0x000000070cd00000, 0x000000070ce00000|  0%| F|  |TAMS 0x000000070cd00000, 0x000000070cd00000| Untracked 
| 172|0x000000070ce00000, 0x000000070ce00000, 0x000000070cf00000|  0%| F|  |TAMS 0x000000070ce00000, 0x000000070ce00000| Untracked 
| 173|0x000000070cf00000, 0x000000070cf00000, 0x000000070d000000|  0%| F|  |TAMS 0x000000070cf00000, 0x000000070cf00000| Untracked 
| 174|0x000000070d000000, 0x000000070d000000, 0x000000070d100000|  0%| F|  |TAMS 0x000000070d000000, 0x000000070d000000| Untracked 
| 175|0x000000070d100000, 0x000000070d100000, 0x000000070d200000|  0%| F|  |TAMS 0x000000070d100000, 0x000000070d100000| Untracked 
| 176|0x000000070d200000, 0x000000070d200000, 0x000000070d300000|  0%| F|  |TAMS 0x000000070d200000, 0x000000070d200000| Untracked 
| 177|0x000000070d300000, 0x000000070d300000, 0x000000070d400000|  0%| F|  |TAMS 0x000000070d300000, 0x000000070d300000| Untracked 
| 178|0x000000070d400000, 0x000000070d400000, 0x000000070d500000|  0%| F|  |TAMS 0x000000070d400000, 0x000000070d400000| Untracked 
| 179|0x000000070d500000, 0x000000070d500000, 0x000000070d600000|  0%| F|  |TAMS 0x000000070d500000, 0x000000070d500000| Untracked 
| 180|0x000000070d600000, 0x000000070d600000, 0x000000070d700000|  0%| F|  |TAMS 0x000000070d600000, 0x000000070d600000| Untracked 
| 181|0x000000070d700000, 0x000000070d700000, 0x000000070d800000|  0%| F|  |TAMS 0x000000070d700000, 0x000000070d700000| Untracked 
| 182|0x000000070d800000, 0x000000070d800000, 0x000000070d900000|  0%| F|  |TAMS 0x000000070d800000, 0x000000070d800000| Untracked 
| 183|0x000000070d900000, 0x000000070d900000, 0x000000070da00000|  0%| F|  |TAMS 0x000000070d900000, 0x000000070d900000| Untracked 
| 184|0x000000070da00000, 0x000000070da00000, 0x000000070db00000|  0%| F|  |TAMS 0x000000070da00000, 0x000000070da00000| Untracked 
| 185|0x000000070db00000, 0x000000070db00000, 0x000000070dc00000|  0%| F|  |TAMS 0x000000070db00000, 0x000000070db00000| Untracked 
| 186|0x000000070dc00000, 0x000000070dc00000, 0x000000070dd00000|  0%| F|  |TAMS 0x000000070dc00000, 0x000000070dc00000| Untracked 
| 187|0x000000070dd00000, 0x000000070dd00000, 0x000000070de00000|  0%| F|  |TAMS 0x000000070dd00000, 0x000000070dd00000| Untracked 
| 188|0x000000070de00000, 0x000000070de00000, 0x000000070df00000|  0%| F|  |TAMS 0x000000070de00000, 0x000000070de00000| Untracked 
| 189|0x000000070df00000, 0x000000070df00000, 0x000000070e000000|  0%| F|  |TAMS 0x000000070df00000, 0x000000070df00000| Untracked 
| 190|0x000000070e000000, 0x000000070e000000, 0x000000070e100000|  0%| F|  |TAMS 0x000000070e000000, 0x000000070e000000| Untracked 
| 191|0x000000070e100000, 0x000000070e100000, 0x000000070e200000|  0%| F|  |TAMS 0x000000070e100000, 0x000000070e100000| Untracked 
| 192|0x000000070e200000, 0x000000070e200000, 0x000000070e300000|  0%| F|  |TAMS 0x000000070e200000, 0x000000070e200000| Untracked 
| 193|0x000000070e300000, 0x000000070e300000, 0x000000070e400000|  0%| F|  |TAMS 0x000000070e300000, 0x000000070e300000| Untracked 
| 194|0x000000070e400000, 0x000000070e400000, 0x000000070e500000|  0%| F|  |TAMS 0x000000070e400000, 0x000000070e400000| Untracked 
| 195|0x000000070e500000, 0x000000070e500000, 0x000000070e600000|  0%| F|  |TAMS 0x000000070e500000, 0x000000070e500000| Untracked 
| 196|0x000000070e600000, 0x000000070e600000, 0x000000070e700000|  0%| F|  |TAMS 0x000000070e600000, 0x000000070e600000| Untracked 
| 197|0x000000070e700000, 0x000000070e700000, 0x000000070e800000|  0%| F|  |TAMS 0x000000070e700000, 0x000000070e700000| Untracked 
| 198|0x000000070e800000, 0x000000070e800000, 0x000000070e900000|  0%| F|  |TAMS 0x000000070e800000, 0x000000070e800000| Untracked 
| 199|0x000000070e900000, 0x000000070e900000, 0x000000070ea00000|  0%| F|  |TAMS 0x000000070e900000, 0x000000070e900000| Untracked 
| 200|0x000000070ea00000, 0x000000070ea00000, 0x000000070eb00000|  0%| F|  |TAMS 0x000000070ea00000, 0x000000070ea00000| Untracked 
| 201|0x000000070eb00000, 0x000000070eb00000, 0x000000070ec00000|  0%| F|  |TAMS 0x000000070eb00000, 0x000000070eb00000| Untracked 
| 202|0x000000070ec00000, 0x000000070ec00000, 0x000000070ed00000|  0%| F|  |TAMS 0x000000070ec00000, 0x000000070ec00000| Untracked 
| 203|0x000000070ed00000, 0x000000070ed00000, 0x000000070ee00000|  0%| F|  |TAMS 0x000000070ed00000, 0x000000070ed00000| Untracked 
| 204|0x000000070ee00000, 0x000000070ee00000, 0x000000070ef00000|  0%| F|  |TAMS 0x000000070ee00000, 0x000000070ee00000| Untracked 
| 205|0x000000070ef00000, 0x000000070ef00000, 0x000000070f000000|  0%| F|  |TAMS 0x000000070ef00000, 0x000000070ef00000| Untracked 
| 206|0x000000070f000000, 0x000000070f000000, 0x000000070f100000|  0%| F|  |TAMS 0x000000070f000000, 0x000000070f000000| Untracked 
| 207|0x000000070f100000, 0x000000070f100000, 0x000000070f200000|  0%| F|  |TAMS 0x000000070f100000, 0x000000070f100000| Untracked 
| 208|0x000000070f200000, 0x000000070f200000, 0x000000070f300000|  0%| F|  |TAMS 0x000000070f200000, 0x000000070f200000| Untracked 
| 209|0x000000070f300000, 0x000000070f300000, 0x000000070f400000|  0%| F|  |TAMS 0x000000070f300000, 0x000000070f300000| Untracked 
| 210|0x000000070f400000, 0x000000070f400000, 0x000000070f500000|  0%| F|  |TAMS 0x000000070f400000, 0x000000070f400000| Untracked 
| 211|0x000000070f500000, 0x000000070f500000, 0x000000070f600000|  0%| F|  |TAMS 0x000000070f500000, 0x000000070f500000| Untracked 
| 212|0x000000070f600000, 0x000000070f600000, 0x000000070f700000|  0%| F|  |TAMS 0x000000070f600000, 0x000000070f600000| Untracked 
| 213|0x000000070f700000, 0x000000070f700000, 0x000000070f800000|  0%| F|  |TAMS 0x000000070f700000, 0x000000070f700000| Untracked 
| 214|0x000000070f800000, 0x000000070f800000, 0x000000070f900000|  0%| F|  |TAMS 0x000000070f800000, 0x000000070f800000| Untracked 
| 215|0x000000070f900000, 0x000000070f900000, 0x000000070fa00000|  0%| F|  |TAMS 0x000000070f900000, 0x000000070f900000| Untracked 
| 216|0x000000070fa00000, 0x000000070fa00000, 0x000000070fb00000|  0%| F|  |TAMS 0x000000070fa00000, 0x000000070fa00000| Untracked 
| 217|0x000000070fb00000, 0x000000070fb00000, 0x000000070fc00000|  0%| F|  |TAMS 0x000000070fb00000, 0x000000070fb00000| Untracked 
| 218|0x000000070fc00000, 0x000000070fc00000, 0x000000070fd00000|  0%| F|  |TAMS 0x000000070fc00000, 0x000000070fc00000| Untracked 
| 219|0x000000070fd00000, 0x000000070fd00000, 0x000000070fe00000|  0%| F|  |TAMS 0x000000070fd00000, 0x000000070fd00000| Untracked 
| 220|0x000000070fe00000, 0x000000070fe00000, 0x000000070ff00000|  0%| F|  |TAMS 0x000000070fe00000, 0x000000070fe00000| Untracked 
| 221|0x000000070ff00000, 0x000000070ff00000, 0x0000000710000000|  0%| F|  |TAMS 0x000000070ff00000, 0x000000070ff00000| Untracked 
| 222|0x0000000710000000, 0x0000000710000000, 0x0000000710100000|  0%| F|  |TAMS 0x0000000710000000, 0x0000000710000000| Untracked 
| 223|0x0000000710100000, 0x0000000710100000, 0x0000000710200000|  0%| F|  |TAMS 0x0000000710100000, 0x0000000710100000| Untracked 
| 224|0x0000000710200000, 0x0000000710200000, 0x0000000710300000|  0%| F|  |TAMS 0x0000000710200000, 0x0000000710200000| Untracked 
| 225|0x0000000710300000, 0x0000000710300000, 0x0000000710400000|  0%| F|  |TAMS 0x0000000710300000, 0x0000000710300000| Untracked 
| 226|0x0000000710400000, 0x0000000710400000, 0x0000000710500000|  0%| F|  |TAMS 0x0000000710400000, 0x0000000710400000| Untracked 
| 227|0x0000000710500000, 0x0000000710500000, 0x0000000710600000|  0%| F|  |TAMS 0x0000000710500000, 0x0000000710500000| Untracked 
| 228|0x0000000710600000, 0x0000000710600000, 0x0000000710700000|  0%| F|  |TAMS 0x0000000710600000, 0x0000000710600000| Untracked 
| 229|0x0000000710700000, 0x0000000710700000, 0x0000000710800000|  0%| F|  |TAMS 0x0000000710700000, 0x0000000710700000| Untracked 
| 230|0x0000000710800000, 0x0000000710800000, 0x0000000710900000|  0%| F|  |TAMS 0x0000000710800000, 0x0000000710800000| Untracked 
| 231|0x0000000710900000, 0x0000000710900000, 0x0000000710a00000|  0%| F|  |TAMS 0x0000000710900000, 0x0000000710900000| Untracked 
| 232|0x0000000710a00000, 0x0000000710a00000, 0x0000000710b00000|  0%| F|  |TAMS 0x0000000710a00000, 0x0000000710a00000| Untracked 
| 233|0x0000000710b00000, 0x0000000710b00000, 0x0000000710c00000|  0%| F|  |TAMS 0x0000000710b00000, 0x0000000710b00000| Untracked 
| 234|0x0000000710c00000, 0x0000000710c00000, 0x0000000710d00000|  0%| F|  |TAMS 0x0000000710c00000, 0x0000000710c00000| Untracked 
| 235|0x0000000710d00000, 0x0000000710d00000, 0x0000000710e00000|  0%| F|  |TAMS 0x0000000710d00000, 0x0000000710d00000| Untracked 
| 236|0x0000000710e00000, 0x0000000710e00000, 0x0000000710f00000|  0%| F|  |TAMS 0x0000000710e00000, 0x0000000710e00000| Untracked 
| 237|0x0000000710f00000, 0x0000000710f00000, 0x0000000711000000|  0%| F|  |TAMS 0x0000000710f00000, 0x0000000710f00000| Untracked 
| 238|0x0000000711000000, 0x0000000711000000, 0x0000000711100000|  0%| F|  |TAMS 0x0000000711000000, 0x0000000711000000| Untracked 
| 239|0x0000000711100000, 0x0000000711100000, 0x0000000711200000|  0%| F|  |TAMS 0x0000000711100000, 0x0000000711100000| Untracked 
| 240|0x0000000711200000, 0x0000000711200000, 0x0000000711300000|  0%| F|  |TAMS 0x0000000711200000, 0x0000000711200000| Untracked 
| 241|0x0000000711300000, 0x0000000711300000, 0x0000000711400000|  0%| F|  |TAMS 0x0000000711300000, 0x0000000711300000| Untracked 
| 242|0x0000000711400000, 0x0000000711400000, 0x0000000711500000|  0%| F|  |TAMS 0x0000000711400000, 0x0000000711400000| Untracked 
| 243|0x0000000711500000, 0x0000000711500000, 0x0000000711600000|  0%| F|  |TAMS 0x0000000711500000, 0x0000000711500000| Untracked 
| 244|0x0000000711600000, 0x0000000711600000, 0x0000000711700000|  0%| F|  |TAMS 0x0000000711600000, 0x0000000711600000| Untracked 
| 245|0x0000000711700000, 0x0000000711700000, 0x0000000711800000|  0%| F|  |TAMS 0x0000000711700000, 0x0000000711700000| Untracked 
| 246|0x0000000711800000, 0x0000000711800000, 0x0000000711900000|  0%| F|  |TAMS 0x0000000711800000, 0x0000000711800000| Untracked 
| 247|0x0000000711900000, 0x0000000711900000, 0x0000000711a00000|  0%| F|  |TAMS 0x0000000711900000, 0x0000000711900000| Untracked 
| 248|0x0000000711a00000, 0x0000000711a00000, 0x0000000711b00000|  0%| F|  |TAMS 0x0000000711a00000, 0x0000000711a00000| Untracked 
| 249|0x0000000711b00000, 0x0000000711b00000, 0x0000000711c00000|  0%| F|  |TAMS 0x0000000711b00000, 0x0000000711b00000| Untracked 
| 250|0x0000000711c00000, 0x0000000711c00000, 0x0000000711d00000|  0%| F|  |TAMS 0x0000000711c00000, 0x0000000711c00000| Untracked 
| 251|0x0000000711d00000, 0x0000000711d00000, 0x0000000711e00000|  0%| F|  |TAMS 0x0000000711d00000, 0x0000000711d00000| Untracked 
| 252|0x0000000711e00000, 0x0000000711e00000, 0x0000000711f00000|  0%| F|  |TAMS 0x0000000711e00000, 0x0000000711e00000| Untracked 
| 253|0x0000000711f00000, 0x0000000711f00000, 0x0000000712000000|  0%| F|  |TAMS 0x0000000711f00000, 0x0000000711f00000| Untracked 

Card table byte_map: [0x000001203edf0000,0x000001203f5e0000] _byte_map_base: 0x000001203b5df000

Marking Bits (Prev, Next): (CMBitMap*) 0x000001202690eb28, (CMBitMap*) 0x000001202690eb60
 Prev Bits: [0x000001203fdd0000, 0x0000012043d48000)
 Next Bits: [0x0000012043d50000, 0x0000012047cc8000)

Polling page: 0x0000012024850000

Metaspace:

Usage:
  Non-class:     41.11 MB capacity,    40.41 MB ( 98%) used,   567.98 KB (  1%) free+waste,   147.13 KB ( <1%) overhead. 
      Class:      5.97 MB capacity,     5.53 MB ( 93%) used,   383.96 KB (  6%) free+waste,    68.81 KB (  1%) overhead. 
       Both:     47.08 MB capacity,    45.94 MB ( 98%) used,   951.95 KB (  2%) free+waste,   215.94 KB ( <1%) overhead. 

Virtual space:
  Non-class space:       42.00 MB reserved,      41.12 MB ( 98%) committed 
      Class space:        1.00 GB reserved,       6.00 MB ( <1%) committed 
             Both:        1.04 GB reserved,      47.12 MB (  4%) committed 

Chunk freelists:
   Non-Class:  10.00 KB
       Class:  29.00 KB
        Both:  39.00 KB

MaxMetaspaceSize: 17179869184.00 GB
CompressedClassSpaceSize: 1.00 GB
Initial GC threshold: 20.80 MB
Current GC threshold: 58.54 MB
CDS: off

CodeHeap 'non-profiled nmethods': size=120000Kb used=2941Kb max_used=2941Kb free=117058Kb
 bounds [0x0000012036b80000, 0x0000012036e60000, 0x000001203e0b0000]
CodeHeap 'profiled nmethods': size=120000Kb used=9925Kb max_used=9925Kb free=110074Kb
 bounds [0x000001202f650000, 0x0000012030010000, 0x0000012036b80000]
CodeHeap 'non-nmethods': size=5760Kb used=1213Kb max_used=1265Kb free=4546Kb
 bounds [0x000001202f0b0000, 0x000001202f320000, 0x000001202f650000]
 total_blobs=4703 nmethods=4219 adapters=396
 compilation: enabled
              stopped_count=0, restarted_count=0
 full_count=0

Compilation events (20 events):
Event: 3.584 Thread 0x000001204aa9e000 nmethod 4217 0x0000012030000390 code [0x0000012030000540, 0x0000012030000738]
Event: 3.585 Thread 0x000001204aa9e000 4219       3       org.springframework.core.io.FileSystemResource::equals (35 bytes)
Event: 3.585 Thread 0x000001204aa9e000 nmethod 4219 0x0000012030000810 code [0x00000120300009e0, 0x0000012030000e08]
Event: 3.601 Thread 0x000001204b3d2800 nmethod 4209 0x0000012036e51e10 code [0x0000012036e520a0, 0x0000012036e546e0]
Event: 3.602 Thread 0x000001204b3d2800 4218       4       java.net.URI$Parser::scan (76 bytes)
Event: 3.603 Thread 0x000001204b3d2800 nmethod 4218 0x0000012036e55990 code [0x0000012036e55b40, 0x0000012036e55d48]
Event: 3.603 Thread 0x000001204b3d2800 4216       4       org.springframework.util.StringUtils::cleanPath (346 bytes)
Event: 3.610 Thread 0x000001204e4ed000 nmethod 4214 0x0000012036e55f90 code [0x0000012036e56220, 0x0000012036e57a90]
Event: 3.610 Thread 0x000001204e4ed000 4220       4       jdk.internal.loader.BuiltinClassLoader::loadClassOrNull (7 bytes)
Event: 3.610 Thread 0x000001204e4ed000 nmethod 4220 0x0000012036e58f10 code [0x0000012036e590a0, 0x0000012036e59128]
Event: 3.636 Thread 0x000001204aa9e000 4221       3       jdk.internal.loader.BuiltinClassLoader$1::hasMoreElements (5 bytes)
Event: 3.636 Thread 0x000001204aa9e000 nmethod 4221 0x0000012030000f10 code [0x00000120300010c0, 0x00000120300011e8]
Event: 3.673 Thread 0x000001204b3d2800 nmethod 4216 0x0000012036e59210 code [0x0000012036e59540, 0x0000012036e5ccc0]
Event: 3.685 Thread 0x000001204e4ed000 4222  s    4       java.util.jar.JarFile::getInputStream (72 bytes)
Event: 3.686 Thread 0x000001204b3d2800 4223       4       sun.net.www.protocol.jar.Handler::parseURL (212 bytes)
Event: 3.687 Thread 0x000001204aa9e000 4224       3       java.util.Collections$UnmodifiableCollection::size (10 bytes)
Event: 3.687 Thread 0x000001204e4ed000 nmethod 4222 0x0000012036e5ec90 code [0x0000012036e5ee40, 0x0000012036e5f178]
Event: 3.687 Thread 0x000001204aa9e000 nmethod 4224 0x0000012030001290 code [0x0000012030001440, 0x0000012030001608]
Event: 3.687 Thread 0x000001204e4ed000 4225       4       sun.net.www.ParseUtil::canonizeString (38 bytes)
Event: 3.688 Thread 0x000001204e4ed000 nmethod 4225 0x0000012036e5f290 code [0x0000012036e5f420, 0x0000012036e5f5d8]

GC Heap History (10 events):
Event: 0.450 GC heap before
{Heap before GC invocations=0 (full 0):
 garbage-first heap   total 260096K, used 24576K [0x0000000702200000, 0x0000000800000000)
  region size 1024K, 24 young (24576K), 0 survivors (0K)
 Metaspace       used 11116K, capacity 11333K, committed 11648K, reserved 1060864K
  class space    used 1031K, capacity 1092K, committed 1152K, reserved 1048576K
}
Event: 0.453 GC heap after
{Heap after GC invocations=1 (full 0):
 garbage-first heap   total 260096K, used 8530K [0x0000000702200000, 0x0000000800000000)
  region size 1024K, 3 young (3072K), 3 survivors (3072K)
 Metaspace       used 11116K, capacity 11333K, committed 11648K, reserved 1060864K
  class space    used 1031K, capacity 1092K, committed 1152K, reserved 1048576K
}
Event: 1.025 GC heap before
{Heap before GC invocations=1 (full 0):
 garbage-first heap   total 260096K, used 59730K [0x0000000702200000, 0x0000000800000000)
  region size 1024K, 54 young (55296K), 3 survivors (3072K)
 Metaspace       used 20678K, capacity 21190K, committed 21296K, reserved 1069056K
  class space    used 2271K, capacity 2432K, committed 2432K, reserved 1048576K
}
Event: 1.028 GC heap after
{Heap after GC invocations=2 (full 0):
 garbage-first heap   total 260096K, used 10754K [0x0000000702200000, 0x0000000800000000)
  region size 1024K, 6 young (6144K), 6 survivors (6144K)
 Metaspace       used 20678K, capacity 21190K, committed 21296K, reserved 1069056K
  class space    used 2271K, capacity 2432K, committed 2432K, reserved 1048576K
}
Event: 1.310 GC heap before
{Heap before GC invocations=3 (full 0):
 garbage-first heap   total 260096K, used 49666K [0x0000000702200000, 0x0000000800000000)
  region size 1024K, 45 young (46080K), 6 survivors (6144K)
 Metaspace       used 26099K, capacity 26717K, committed 26800K, reserved 1073152K
  class space    used 3020K, capacity 3247K, committed 3328K, reserved 1048576K
}
Event: 1.313 GC heap after
{Heap after GC invocations=4 (full 0):
 garbage-first heap   total 260096K, used 12534K [0x0000000702200000, 0x0000000800000000)
  region size 1024K, 4 young (4096K), 4 survivors (4096K)
 Metaspace       used 26099K, capacity 26717K, committed 26800K, reserved 1073152K
  class space    used 3020K, capacity 3247K, committed 3328K, reserved 1048576K
}
Event: 1.779 GC heap before
{Heap before GC invocations=4 (full 0):
 garbage-first heap   total 260096K, used 85238K [0x0000000702200000, 0x0000000800000000)
  region size 1024K, 76 young (77824K), 4 survivors (4096K)
 Metaspace       used 33040K, capacity 33806K, committed 33968K, reserved 1079296K
  class space    used 3796K, capacity 4076K, committed 4096K, reserved 1048576K
}
Event: 1.782 GC heap after
{Heap after GC invocations=5 (full 0):
 garbage-first heap   total 260096K, used 14704K [0x0000000702200000, 0x0000000800000000)
  region size 1024K, 7 young (7168K), 7 survivors (7168K)
 Metaspace       used 33040K, capacity 33806K, committed 33968K, reserved 1079296K
  class space    used 3796K, capacity 4076K, committed 4096K, reserved 1048576K
}
Event: 1.967 GC heap before
{Heap before GC invocations=5 (full 0):
 garbage-first heap   total 260096K, used 32112K [0x0000000702200000, 0x0000000800000000)
  region size 1024K, 25 young (25600K), 7 survivors (7168K)
 Metaspace       used 34930K, capacity 35696K, committed 35708K, reserved 1081344K
  class space    used 4024K, capacity 4343K, committed 4352K, reserved 1048576K
}
Event: 1.972 GC heap after
{Heap after GC invocations=6 (full 0):
 garbage-first heap   total 260096K, used 15785K [0x0000000702200000, 0x0000000800000000)
  region size 1024K, 8 young (8192K), 8 survivors (8192K)
 Metaspace       used 34930K, capacity 35696K, committed 35708K, reserved 1081344K
  class space    used 4024K, capacity 4343K, committed 4352K, reserved 1048576K
}

Deoptimization events (20 events):
Event: 3.514 Thread 0x00000120268ad000 DEOPT PACKING pc=0x0000012036e39474 sp=0x00000020105fda40
Event: 3.514 Thread 0x00000120268ad000 DEOPT UNPACKING pc=0x000001202f0fa1af sp=0x00000020105fd920 mode 2
Event: 3.514 Thread 0x00000120268ad000 Uncommon trap: trap_request=0xffffffd6 fr.pc=0x0000012036e39474 relative=0x0000000000000654
Event: 3.514 Thread 0x00000120268ad000 Uncommon trap: reason=array_check action=maybe_recompile pc=0x0000012036e39474 method=java.util.AbstractCollection.toArray([Ljava/lang/Object;)[Ljava/lang/Object; @ 116 c2
Event: 3.514 Thread 0x00000120268ad000 DEOPT PACKING pc=0x0000012036e39474 sp=0x00000020105fda40
Event: 3.514 Thread 0x00000120268ad000 DEOPT UNPACKING pc=0x000001202f0fa1af sp=0x00000020105fd920 mode 2
Event: 3.518 Thread 0x00000120268ad000 Uncommon trap: trap_request=0xffffff4d fr.pc=0x0000012036ce5654 relative=0x00000000000003d4
Event: 3.518 Thread 0x00000120268ad000 Uncommon trap: reason=unstable_if action=reinterpret pc=0x0000012036ce5654 method=org.springframework.boot.context.properties.source.ConfigurationPropertyName.getElement(ILorg/springframework/boot/context/properties/source/ConfigurationPropertyName$Form;)
Event: 3.518 Thread 0x00000120268ad000 DEOPT PACKING pc=0x0000012036ce5654 sp=0x00000020105fc190
Event: 3.518 Thread 0x00000120268ad000 DEOPT UNPACKING pc=0x000001202f0fa1af sp=0x00000020105fc158 mode 2
Event: 3.552 Thread 0x00000120268ad000 Uncommon trap: trap_request=0xfffffff4 fr.pc=0x0000012036d63718 relative=0x00000000000007b8
Event: 3.552 Thread 0x00000120268ad000 Uncommon trap: reason=null_check action=make_not_entrant pc=0x0000012036d63718 method=org.springframework.beans.factory.support.DefaultListableBeanFactory.getBeanDefinition(Ljava/lang/String;)Lorg/springframework/beans/factory/config/BeanDefinition; @ 10 
Event: 3.552 Thread 0x00000120268ad000 DEOPT PACKING pc=0x0000012036d63718 sp=0x00000020105fdaa0
Event: 3.552 Thread 0x00000120268ad000 DEOPT UNPACKING pc=0x000001202f0fa1af sp=0x00000020105fd9d8 mode 2
Event: 3.583 Thread 0x00000120268ad000 DEOPT PACKING pc=0x000001202ff39724 sp=0x00000020105fdf30
Event: 3.583 Thread 0x00000120268ad000 DEOPT UNPACKING pc=0x000001202f0fa95e sp=0x00000020105fd4d0 mode 0
Event: 3.583 Thread 0x00000120268ad000 DEOPT PACKING pc=0x000001202ff39724 sp=0x00000020105fdf30
Event: 3.583 Thread 0x00000120268ad000 DEOPT UNPACKING pc=0x000001202f0fa95e sp=0x00000020105fd4d0 mode 0
Event: 3.583 Thread 0x00000120268ad000 DEOPT PACKING pc=0x000001202ff39724 sp=0x00000020105fdf30
Event: 3.583 Thread 0x00000120268ad000 DEOPT UNPACKING pc=0x000001202f0fa95e sp=0x00000020105fd4d0 mode 0

Classes redefined (0 events):
No events

Internal exceptions (20 events):
Event: 2.508 Thread 0x00000120268ad000 Exception <a 'java/lang/ClassNotFoundException'{0x000000070e793880}: org/springframework/transaction/annotation/AbstractTransactionManagementConfigurationCustomizer> (0x000000070e793880) thrown at [./src/hotspot/share/classfile/systemDictionary.cpp, line 233]
Event: 2.509 Thread 0x00000120268ad000 Exception <a 'java/lang/ClassNotFoundException'{0x000000070e7b1568}: org/springframework/transaction/annotation/ProxyTransactionManagementConfigurationCustomizer> (0x000000070e7b1568) thrown at [./src/hotspot/share/classfile/systemDictionary.cpp, line 233]
Event: 2.509 Thread 0x00000120268ad000 Exception <a 'java/lang/ClassNotFoundException'{0x000000070e7cb058}: org/springframework/context/annotation/ImportAwareCustomizer> (0x000000070e7cb058) thrown at [./src/hotspot/share/classfile/systemDictionary.cpp, line 233]
Event: 2.510 Thread 0x00000120268ad000 Exception <a 'java/lang/ClassNotFoundException'{0x000000070e7df810}: org/springframework/beans/factory/AwareCustomizer> (0x000000070e7df810) thrown at [./src/hotspot/share/classfile/systemDictionary.cpp, line 233]
Event: 2.511 Thread 0x00000120268ad000 Implicit null exception at 0x0000012036d9d66c to 0x0000012036d9d840
Event: 2.572 Thread 0x00000120268ad000 Implicit null exception at 0x0000012036ca24d3 to 0x0000012036ca35ec
Event: 2.630 Thread 0x00000120268ad000 Exception <a 'java/lang/NoSuchMethodError'{0x000000070ded0628}: 'void java.lang.invoke.DirectMethodHandle$Holder.invokeInterface(java.lang.Object, java.lang.Object, int)'> (0x000000070ded0628) thrown at [./src/hotspot/share/interpreter/linkResolver.cpp, line 773]
Event: 2.632 Thread 0x00000120268ad000 Exception <a 'java/lang/NoSuchMethodError'{0x000000070dee86e0}: 'int java.lang.invoke.DirectMethodHandle$Holder.invokeVirtual(java.lang.Object, java.lang.Object)'> (0x000000070dee86e0) thrown at [./src/hotspot/share/interpreter/linkResolver.cpp, line 773]
Event: 2.635 Thread 0x00000120268ad000 Exception <a 'java/lang/IncompatibleClassChangeError'{0x000000070dd1eae8}: Found class java.lang.Object, but interface was expected> (0x000000070dd1eae8) thrown at [./src/hotspot/share/interpreter/linkResolver.cpp, line 839]
Event: 2.635 Thread 0x00000120268ad000 Exception <a 'java/lang/NoSuchMethodError'{0x000000070dd23990}: 'void java.lang.invoke.DirectMethodHandle$Holder.invokeStatic(java.lang.Object, int, java.lang.Object)'> (0x000000070dd23990) thrown at [./src/hotspot/share/interpreter/linkResolver.cpp, line 773]
Event: 2.698 Thread 0x00000120268ad000 Exception <a 'java/lang/NoSuchMethodError'{0x000000070d87aea0}: 'java.lang.Object java.lang.invoke.DirectMethodHandle$Holder.invokeStaticInit(java.lang.Object, int, int, int, int)'> (0x000000070d87aea0) thrown at [./src/hotspot/share/interpreter/linkResolver.cpp, line 773]
Event: 3.094 Thread 0x00000120268ad000 Exception <a 'java/lang/NoSuchMethodError'{0x000000070d746cf0}: 'java.lang.Object java.lang.invoke.DirectMethodHandle$Holder.invokeStaticInit(java.lang.Object, java.lang.Object, int, int, int, int)'> (0x000000070d746cf0) thrown at [./src/hotspot/share/interpreter/linkResolver.cpp, line 773]
Event: 3.233 Thread 0x00000120268ad000 Implicit null exception at 0x0000012036c25d88 to 0x0000012036c274e4
Event: 3.363 Thread 0x00000120268ad000 Exception <a 'java/io/FileNotFoundException'{0x000000070c3d9940}> (0x000000070c3d9940) thrown at [./src/hotspot/share/prims/jni.cpp, line 617]
Event: 3.363 Thread 0x00000120268ad000 Exception <a 'java/io/FileNotFoundException'{0x000000070c3db060}> (0x000000070c3db060) thrown at [./src/hotspot/share/prims/jni.cpp, line 617]
Event: 3.403 Thread 0x00000120268ad000 Exception <a 'java/lang/NoSuchMethodError'{0x000000070c060968}: 'int java.lang.invoke.DirectMethodHandle$Holder.invokeInterface(java.lang.Object, java.lang.Object, java.lang.Object, java.lang.Object)'> (0x000000070c060968) thrown at [./src/hotspot/share/interpreter/linkResolver.cpp, line 773]
Event: 3.467 Thread 0x00000120268ad000 Exception <a 'java/lang/NoSuchMethodError'{0x000000070bcb3d88}: 'long java.lang.invoke.DirectMethodHandle$Holder.invokeVirtual(java.lang.Object, java.lang.Object)'> (0x000000070bcb3d88) thrown at [./src/hotspot/share/interpreter/linkResolver.cpp, line 773]
Event: 3.471 Thread 0x00000120268ad000 Exception <a 'java/io/FileNotFoundException'{0x000000070bb0e9d8}> (0x000000070bb0e9d8) thrown at [./src/hotspot/share/prims/jni.cpp, line 617]
Event: 3.503 Thread 0x00000120268ad000 Implicit null exception at 0x0000012036e19f91 to 0x0000012036e1a6bc
Event: 3.552 Thread 0x00000120268ad000 Implicit null exception at 0x0000012036d6347b to 0x0000012036d63708

Events (20 events):
Event: 3.693 loading class org/hibernate/bytecode/internal/bytebuddy/BytecodeProviderImpl
Event: 3.693 loading class org/hibernate/bytecode/internal/bytebuddy/BytecodeProviderImpl done
Event: 3.694 loading class org/hibernate/bytecode/spi/ProxyFactoryFactory
Event: 3.694 loading class org/hibernate/bytecode/spi/ProxyFactoryFactory done
Event: 3.694 loading class org/hibernate/bytecode/spi/ReflectionOptimizer
Event: 3.694 loading class org/hibernate/bytecode/spi/ReflectionOptimizer done
Event: 3.694 loading class net/bytebuddy/NamingStrategy$SuffixingRandom$BaseNameResolver
Event: 3.694 loading class net/bytebuddy/NamingStrategy$SuffixingRandom$BaseNameResolver done
Event: 3.694 loading class net/bytebuddy/NamingStrategy$Suffixing$BaseNameResolver
Event: 3.694 loading class net/bytebuddy/NamingStrategy$Suffixing$BaseNameResolver done
Event: 3.695 loading class net/bytebuddy/NamingStrategy
Event: 3.695 loading class net/bytebuddy/NamingStrategy done
Event: 3.695 loading class net/bytebuddy/matcher/ElementMatcher
Event: 3.695 loading class net/bytebuddy/matcher/ElementMatcher done
Event: 3.695 loading class net/bytebuddy/implementation/Implementation
Event: 3.695 loading class net/bytebuddy/implementation/Implementation done
Event: 3.695 loading class net/bytebuddy/dynamic/scaffold/InstrumentedType$Prepareable
Event: 3.695 loading class net/bytebuddy/dynamic/scaffold/InstrumentedType$Prepareable done
Event: 3.695 loading class net/bytebuddy/dynamic/DynamicType$Builder
Event: 3.695 loading class net/bytebuddy/dynamic/DynamicType$Builder done


Dynamic libraries:
0x00007ff715f50000 - 0x00007ff715f5d000 	C:\Program Files\Zulu\zulu-11\bin\java.exe
0x00007ffc43990000 - 0x00007ffc43b88000 	C:\Windows\SYSTEM32\ntdll.dll
0x00007ffc43810000 - 0x00007ffc438cf000 	C:\Windows\System32\KERNEL32.DLL
0x00007ffc413a0000 - 0x00007ffc41672000 	C:\Windows\System32\KERNELBASE.dll
0x00007ffc41110000 - 0x00007ffc41210000 	C:\Windows\System32\ucrtbase.dll
0x00007ffc2c5e0000 - 0x00007ffc2c5f7000 	C:\Program Files\Zulu\zulu-11\bin\jli.dll
0x00007ffc2ae50000 - 0x00007ffc2ae65000 	C:\Program Files\Zulu\zulu-11\bin\VCRUNTIME140.dll
0x00007ffc41aa0000 - 0x00007ffc41c41000 	C:\Windows\System32\USER32.dll
0x00007ffc419a0000 - 0x00007ffc419c2000 	C:\Windows\System32\win32u.dll
0x00007ffc43650000 - 0x00007ffc4367b000 	C:\Windows\System32\GDI32.dll
0x00007ffc41290000 - 0x00007ffc4139f000 	C:\Windows\System32\gdi32full.dll
0x00007ffc316c0000 - 0x00007ffc3195a000 	C:\Windows\WinSxS\amd64_microsoft.windows.common-controls_6595b64144ccf1df_6.0.19041.1110_none_60b5254171f9507e\COMCTL32.dll
0x00007ffc41680000 - 0x00007ffc4171d000 	C:\Windows\System32\msvcp_win.dll
0x00007ffc41c50000 - 0x00007ffc41cee000 	C:\Windows\System32\msvcrt.dll
0x00007ffc43110000 - 0x00007ffc43142000 	C:\Windows\System32\IMM32.DLL
0x00007ffc16aa0000 - 0x00007ffc16b3b000 	C:\Program Files\Zulu\zulu-11\bin\msvcp140.dll
0x00007ffc02db0000 - 0x00007ffc03946000 	C:\Program Files\Zulu\zulu-11\bin\server\jvm.dll
0x00007ffc42c30000 - 0x00007ffc42cde000 	C:\Windows\System32\ADVAPI32.dll
0x00007ffc421f0000 - 0x00007ffc4228c000 	C:\Windows\System32\sechost.dll
0x00007ffc41d00000 - 0x00007ffc41e25000 	C:\Windows\System32\RPCRT4.dll
0x00007ffc41cf0000 - 0x00007ffc41cf8000 	C:\Windows\System32\PSAPI.DLL
0x00007ffc35920000 - 0x00007ffc35947000 	C:\Windows\SYSTEM32\WINMM.dll
0x00007ffc3e8f0000 - 0x00007ffc3e8f9000 	C:\Windows\SYSTEM32\WSOCK32.dll
0x00007ffc3ae50000 - 0x00007ffc3ae5a000 	C:\Windows\SYSTEM32\VERSION.dll
0x00007ffc430a0000 - 0x00007ffc4310b000 	C:\Windows\System32\WS2_32.dll
0x00007ffc3ef20000 - 0x00007ffc3ef32000 	C:\Windows\SYSTEM32\kernel.appcore.dll
0x00007ffc2c950000 - 0x00007ffc2c960000 	C:\Program Files\Zulu\zulu-11\bin\verify.dll
0x00007ffc32480000 - 0x00007ffc32664000 	C:\Windows\SYSTEM32\DBGHELP.DLL
0x00007ffc2cbc0000 - 0x00007ffc2cbf5000 	C:\Windows\SYSTEM32\dbgcore.DLL
0x00007ffc41080000 - 0x00007ffc41102000 	C:\Windows\System32\bcryptPrimitives.dll
0x00007ffc2acd0000 - 0x00007ffc2acf8000 	C:\Program Files\Zulu\zulu-11\bin\java.dll
0x00007ffc2c450000 - 0x00007ffc2c45a000 	C:\Program Files\Zulu\zulu-11\bin\jimage.dll
0x00007ffc3c310000 - 0x00007ffc3c31e000 	C:\Program Files\Zulu\zulu-11\bin\instrument.dll
0x00007ffc27700000 - 0x00007ffc27718000 	C:\Program Files\Zulu\zulu-11\bin\zip.dll
0x00007ffc424e0000 - 0x00007ffc42c24000 	C:\Windows\System32\SHELL32.dll
0x00007ffc3f120000 - 0x00007ffc3f8b2000 	C:\Windows\SYSTEM32\windows.storage.dll
0x00007ffc42d40000 - 0x00007ffc43095000 	C:\Windows\System32\combase.dll
0x00007ffc40a00000 - 0x00007ffc40a30000 	C:\Windows\SYSTEM32\Wldp.dll
0x00007ffc42430000 - 0x00007ffc424dd000 	C:\Windows\System32\SHCORE.dll
0x00007ffc437b0000 - 0x00007ffc43805000 	C:\Windows\System32\shlwapi.dll
0x00007ffc40fc0000 - 0x00007ffc40fdf000 	C:\Windows\SYSTEM32\profapi.dll
0x00007ffc276e0000 - 0x00007ffc276f9000 	C:\Program Files\Zulu\zulu-11\bin\net.dll
0x00007ffc3aec0000 - 0x00007ffc3afcc000 	C:\Windows\SYSTEM32\WINHTTP.dll
0x00007ffc40760000 - 0x00007ffc407ca000 	C:\Windows\system32\mswsock.dll
0x00007ffc1ac50000 - 0x00007ffc1ac63000 	C:\Program Files\Zulu\zulu-11\bin\nio.dll
0x00007ffc2af90000 - 0x00007ffc2afaa000 	C:\Program Files\JetBrains\IntelliJ IDEA Community Edition 2022.3.2\bin\breakgen64.dll
0x00007ffc3b220000 - 0x00007ffc3b229000 	C:\Program Files\Zulu\zulu-11\bin\management.dll
0x00007ffc39440000 - 0x00007ffc3944b000 	C:\Program Files\Zulu\zulu-11\bin\management_ext.dll
0x00007ffc2ba40000 - 0x00007ffc2ba57000 	C:\Windows\system32\napinsp.dll
0x00007ffc2b7d0000 - 0x00007ffc2b7eb000 	C:\Windows\system32\pnrpnsp.dll
0x00007ffc2b7b0000 - 0x00007ffc2b7c5000 	C:\Windows\system32\wshbth.dll
0x00007ffc3e660000 - 0x00007ffc3e67d000 	C:\Windows\system32\NLAapi.dll
0x00007ffc40430000 - 0x00007ffc4046b000 	C:\Windows\SYSTEM32\IPHLPAPI.DLL
0x00007ffc40470000 - 0x00007ffc4053a000 	C:\Windows\SYSTEM32\DNSAPI.dll
0x00007ffc41f80000 - 0x00007ffc41f88000 	C:\Windows\System32\NSI.dll
0x00007ffc2b390000 - 0x00007ffc2b3a2000 	C:\Windows\System32\winrnr.dll
0x00007ffc30650000 - 0x00007ffc3065a000 	C:\Windows\System32\rasadhlp.dll
0x00007ffc394d0000 - 0x00007ffc39550000 	C:\Windows\System32\fwpuclnt.dll
0x00007ffc41260000 - 0x00007ffc41287000 	C:\Windows\System32\bcrypt.dll
0x00007ffc40950000 - 0x00007ffc40968000 	C:\Windows\SYSTEM32\CRYPTSP.dll
0x00007ffc40040000 - 0x00007ffc40074000 	C:\Windows\system32\rsaenh.dll
0x00007ffc40f40000 - 0x00007ffc40f6e000 	C:\Windows\SYSTEM32\USERENV.dll
0x00007ffc40970000 - 0x00007ffc4097c000 	C:\Windows\SYSTEM32\CRYPTBASE.dll
0x00007ffc3b3d0000 - 0x00007ffc3b3e7000 	C:\Windows\SYSTEM32\dhcpcsvc6.DLL
0x00007ffc3b1e0000 - 0x00007ffc3b1fd000 	C:\Windows\SYSTEM32\dhcpcsvc.DLL
0x00007ffc3a620000 - 0x00007ffc3a645000 	C:\Program Files\Zulu\zulu-11\bin\sunec.dll
0x00007ffc3b2c0000 - 0x00007ffc3b2ce000 	C:\Program Files\Zulu\zulu-11\bin\sunmscapi.dll
0x00007ffc41720000 - 0x00007ffc41876000 	C:\Windows\System32\CRYPT32.dll
0x00007ffc40a70000 - 0x00007ffc40a97000 	C:\Windows\SYSTEM32\ncrypt.dll
0x00007ffc40a30000 - 0x00007ffc40a6b000 	C:\Windows\SYSTEM32\NTASN1.dll

dbghelp: loaded successfully - version: 4.0.5 - missing functions: none
symbol engine: initialized successfully - sym options: 0x614 - pdb path: .;C:\Program Files\Zulu\zulu-11\bin;C:\Windows\SYSTEM32;C:\Windows\WinSxS\amd64_microsoft.windows.common-controls_6595b64144ccf1df_6.0.19041.1110_none_60b5254171f9507e;C:\Program Files\Zulu\zulu-11\bin\server;C:\Program Files\JetBrains\IntelliJ IDEA Community Edition 2022.3.2\bin

VM Arguments:
jvm_args: -javaagent:C:\Program Files\JetBrains\IntelliJ IDEA Community Edition 2022.3.2\lib\idea_rt.jar=61884:C:\Program Files\JetBrains\IntelliJ IDEA Community Edition 2022.3.2\bin -Dfile.encoding=UTF-8 
java_command: com.project.chamong.ChamongApplication
java_class_path (initial): C:\Users\Administrator\Desktop\seb42_main_003-backend\server\out\production\classes;C:\Users\Administrator\Desktop\seb42_main_003-backend\server\out\production\resources;C:\Users\Administrator\.gradle\caches\modules-2\files-2.1\org.springframework.boot\spring-boot-starter-data-jpa\2.7.9\5af4a206fd4eaac881b7d96ca1ef19b2111a355c\spring-boot-starter-data-jpa-2.7.9.jar;C:\Users\Administrator\.gradle\caches\modules-2\files-2.1\org.springframework.boot\spring-boot-starter-validation\2.7.9\7cfc9801c13eefd3d20499c2371d921eb11c328\spring-boot-starter-validation-2.7.9.jar;C:\Users\Administrator\.gradle\caches\modules-2\files-2.1\org.springframework.boot\spring-boot-starter-security\2.7.9\ca8e422a56493e99a7c8c9d56d92091256d9fed7\spring-boot-starter-security-2.7.9.jar;C:\Users\Administrator\.gradle\caches\modules-2\files-2.1\org.springframework.boot\spring-boot-starter-web\2.7.9\e745a069e2b7ca51e378fcbc397d14dd82178199\spring-boot-starter-web-2.7.9.jar;C:\Users\Administrator\.gradle\caches\modules-2\files-2.1\org.springframework.boot\spring-boot-starter-data-redis\2.7.9\7aa0e971c046ade09793b1f1b1af26a5ef24cbf2\spring-boot-starter-data-redis-2.7.9.jar;C:\Users\Administrator\.gradle\caches\modules-2\files-2.1\org.springframework.boot\spring-boot-starter-oauth2-client\2.7.9\f4549de02f690218f5f649c3653ffe186e304a33\spring-boot-starter-oauth2-client-2.7.9.jar;C:\Users\Administrator\.gradle\caches\modules-2\files-2.1\org.apache.httpcomponents.client5\httpclient5\5.2.1\c900514d3446d9ce5d9dbd90c21192048125440\httpclient5-5.2.1.jar;C:\Users\Administrator\.gradle\caches\modules-2\files-2.1\org.mapstruct\mapstruct\1.5.3.Final\5f5d063858957ef086858bc3d003f702082297f3\mapstruct-1.5.3.Final.jar;C:\Users\Administrator\.gradle\caches\modules-2\files-2.1\com.google.code.gson\gson\2.9.1\2cc2131b98ebfb04e2b2c7dfb84431f4045096b\gson-2.9.1.jar;C:\Users\Administrator\.gradle\caches\modules-2\files-2.1\io.jsonwebtoken\jjwt-api\0.11.5\f742940045619d06383e7df37b21ac422b476c
Launcher Type: SUN_STANDARD

[Global flags]
     intx CICompilerCount                          = 4                                         {product} {ergonomic}
     uint ConcGCThreads                            = 3                                         {product} {ergonomic}
     uint G1ConcRefinementThreads                  = 10                                        {product} {ergonomic}
   size_t G1HeapRegionSize                         = 1048576                                   {product} {ergonomic}
    uintx GCDrainStackTargetSize                   = 64                                        {product} {ergonomic}
   size_t InitialHeapSize                          = 266338304                                 {product} {ergonomic}
   size_t MarkStackSize                            = 4194304                                   {product} {ergonomic}
   size_t MaxHeapSize                              = 4259315712                                {product} {ergonomic}
   size_t MaxNewSize                               = 2555379712                                {product} {ergonomic}
   size_t MinHeapDeltaBytes                        = 1048576                                   {product} {ergonomic}
    uintx NonNMethodCodeHeapSize                   = 5836300                                {pd product} {ergonomic}
    uintx NonProfiledCodeHeapSize                  = 122910970                              {pd product} {ergonomic}
    uintx ProfiledCodeHeapSize                     = 122910970                              {pd product} {ergonomic}
    uintx ReservedCodeCacheSize                    = 251658240                              {pd product} {ergonomic}
     bool SegmentedCodeCache                       = true                                      {product} {ergonomic}
     bool UseCompressedClassPointers               = true                                 {lp64_product} {ergonomic}
     bool UseCompressedOops                        = true                                 {lp64_product} {ergonomic}
     bool UseG1GC                                  = true                                      {product} {ergonomic}
     bool UseLargePagesIndividualAllocation        = false                                  {pd product} {ergonomic}

Logging:
Log output configuration:
 #0: stdout all=warning uptime,level,tags
 #1: stderr all=off uptime,level,tags

Environment Variables:
JAVA_HOME=C:\Program Files\Zulu\zulu-11
JRE_HOME=C:\Program Files\Zulu\zulu-11\jre\
CLASSPATH=C:\Program Files\Zulu\zulu-11\lib
PATH=C:\Program Files\Zulu\zulu-11\bin\;C:\Windows\system32;C:\Windows;C:\Windows\system32;C:\Windows;C:\Program Files (x86)\NAT Service;C:\Windows\system32;C:\Windows;C:\Windows\System32\Wbem;C:\Windows\System32\WindowsPowerShell\v1.0\;C:\Windows\System32\OpenSSH\;C:\Program Files\Bandizip\;C:\Program Files\Zulu\zulu-11\bin;C:\Program Files (x86)\NVIDIA Corporation\PhysX\Common;C:\Program Files\NVIDIA Corporation\NVIDIA NvDLISR;C:\Program Files\dotnet\;C:\Program Files\Git\cmd;C:\Apache24\bin;C:\Program Files\PuTTY\;C:\Users\Administrator\AppData\Local\Microsoft\WindowsApps;
USERNAME=Administrator
OS=Windows_NT
PROCESSOR_IDENTIFIER=Intel64 Family 6 Model 151 Stepping 5, GenuineIntel
TMP=C:\Users\ADMINI~1\AppData\Local\Temp
TEMP=C:\Users\ADMINI~1\AppData\Local\Temp



---------------  S Y S T E M  ---------------

OS: Windows 10 , 64 bit Build 19041 (10.0.19041.2364)
OS uptime: 0 days 16:08 hours
Hyper-V role detected

CPU:total 12 (initial active 12) (6 cores per cpu, 2 threads per core) family 6 model 151 stepping 5 microcode 0x1a, cmov, cx8, fxsr, mmx, sse, sse2, sse3, ssse3, sse4.1, sse4.2, popcnt, avx, avx2, aes, clmul, erms, 3dnowpref, lzcnt, ht, tsc, tscinvbit, bmi1, bmi2, adx, sha, fma

Memory: 4k page, system-wide physical 16243M (4841M free)
TotalPageFile size 19169M (AvailPageFile size 11M)
current process WorkingSet (physical memory assigned to process): 306M, peak: 306M
current process commit charge ("private bytes"): 467M, peak: 518M

vm_info: OpenJDK 64-Bit Server VM (11.0.18+10-LTS) for windows-amd64 JRE (Zulu11.62+17-CA) (11.0.18+10-LTS), built on Jan  4 2023 15:02:54 by "zulu_re" with MS VC++ 15.9 (VS2017)

END.
