#
# There is insufficient memory for the Java Runtime Environment to continue.
# Native memory allocation (malloc) failed to allocate 2020816 bytes for Chunk::new
# Possible reasons:
#   The system is out of physical RAM or swap space
#   The process is running with CompressedOops enabled, and the Java Heap may be blocking the growth of the native heap
# Possible solutions:
#   Reduce memory load on the system
#   Increase physical memory or swap space
#   Check if swap backing store is full
#   Decrease Java heap size (-Xmx/-Xms)
#   Decrease number of Java threads
#   Decrease Java thread stack sizes (-Xss)
#   Set larger code cache with -XX:ReservedCodeCacheSize=
#   JVM is running with Zero Based Compressed Oops mode in which the Java heap is
#     placed in the first 32GB address space. The Java Heap base address is the
#     maximum limit for the native heap growth. Please use -XX:HeapBaseMinAddress
#     to set the Java Heap base and to place the Java Heap above 32GB virtual address.
# This output file may be truncated or incomplete.
#
#  Out of Memory Error (./src/hotspot/share/memory/arena.cpp:197), pid=4812, tid=16292
#
# JRE version: OpenJDK Runtime Environment Zulu11.62+17-CA (11.0.18+10) (build 11.0.18+10-LTS)
# Java VM: OpenJDK 64-Bit Server VM Zulu11.62+17-CA (11.0.18+10-LTS, mixed mode, tiered, compressed oops, g1 gc, windows-amd64)
# No core dump will be written. Minidumps are not enabled by default on client versions of Windows
#

---------------  S U M M A R Y ------------

Command Line: -javaagent:C:\Program Files\JetBrains\IntelliJ IDEA Community Edition 2022.3.2\lib\idea_rt.jar=64175:C:\Program Files\JetBrains\IntelliJ IDEA Community Edition 2022.3.2\bin -Dfile.encoding=UTF-8 com.project.chamong.ChamongApplication

Host: 12th Gen Intel(R) Core(TM) i5-12400F, 12 cores, 15G,  Windows 10 , 64 bit Build 19041 (10.0.19041.2364)
Time: Wed Mar 22 22:30:37 2023  Windows 10 , 64 bit Build 19041 (10.0.19041.2364) elapsed time: 1.431770 seconds (0d 0h 0m 1s)

---------------  T H R E A D  ---------------

Current thread (0x000001ec428a8000):  JavaThread "C2 CompilerThread2" daemon [_thread_in_native, id=16292, stack(0x0000000649700000,0x0000000649800000)]


Current CompileTask:
C2:   1431 2296   !   4       jdk.internal.loader.BuiltinClassLoader::loadClassOrNull (143 bytes)

Stack: [0x0000000649700000,0x0000000649800000]
Native frames: (J=compiled Java code, j=interpreted, Vv=VM code, C=native code)
V  [jvm.dll+0x62bdca]
V  [jvm.dll+0x7b9bc9]
V  [jvm.dll+0x7bb2b8]
V  [jvm.dll+0x7bb993]
V  [jvm.dll+0x253258]
V  [jvm.dll+0xc240c]
V  [jvm.dll+0xc29cc]
V  [jvm.dll+0x361ee7]
V  [jvm.dll+0x19e971]
V  [jvm.dll+0x208b35]
V  [jvm.dll+0x207bad]
V  [jvm.dll+0x18a041]
V  [jvm.dll+0x2174e4]
V  [jvm.dll+0x21572b]
V  [jvm.dll+0x77c770]
V  [jvm.dll+0x775694]
V  [jvm.dll+0x62ac35]
C  [ucrtbase.dll+0x21bb2]
C  [KERNEL32.DLL+0x17614]
C  [ntdll.dll+0x526a1]


---------------  P R O C E S S  ---------------

Threads class SMR info:
_java_thread_list=0x000001ec43817aa0, length=13, elements={
0x000001ec1d5c9800, 0x000001ec41793800, 0x000001ec41795800, 0x000001ec420af800,
0x000001ec420b0800, 0x000001ec420b2800, 0x000001ec420be800, 0x000001ec420c3000,
0x000001ec420d7000, 0x000001ec4223d000, 0x000001ec42253000, 0x000001ec427b0000,
0x000001ec428a8000
}

Java Threads: ( => current thread )
  0x000001ec1d5c9800 JavaThread "main" [_thread_in_native, id=7484, stack(0x0000000648400000,0x0000000648500000)]
  0x000001ec41793800 JavaThread "Reference Handler" daemon [_thread_blocked, id=508, stack(0x0000000648b00000,0x0000000648c00000)]
  0x000001ec41795800 JavaThread "Finalizer" daemon [_thread_blocked, id=4652, stack(0x0000000648c00000,0x0000000648d00000)]
  0x000001ec420af800 JavaThread "Signal Dispatcher" daemon [_thread_blocked, id=11740, stack(0x0000000648d00000,0x0000000648e00000)]
  0x000001ec420b0800 JavaThread "Attach Listener" daemon [_thread_blocked, id=5680, stack(0x0000000648e00000,0x0000000648f00000)]
  0x000001ec420b2800 JavaThread "Service Thread" daemon [_thread_blocked, id=9168, stack(0x0000000648f00000,0x0000000649000000)]
  0x000001ec420be800 JavaThread "C2 CompilerThread0" daemon [_thread_in_native, id=12044, stack(0x0000000649000000,0x0000000649100000)]
  0x000001ec420c3000 JavaThread "C1 CompilerThread0" daemon [_thread_blocked, id=5740, stack(0x0000000649100000,0x0000000649200000)]
  0x000001ec420d7000 JavaThread "Sweeper thread" daemon [_thread_blocked, id=15264, stack(0x0000000649200000,0x0000000649300000)]
  0x000001ec4223d000 JavaThread "Common-Cleaner" daemon [_thread_blocked, id=11320, stack(0x0000000649300000,0x0000000649400000)]
  0x000001ec42253000 JavaThread "C2 CompilerThread1" daemon [_thread_in_native, id=8648, stack(0x0000000649400000,0x0000000649500000)]
  0x000001ec427b0000 JavaThread "Monitor Ctrl-Break" daemon [_thread_in_native, id=14600, stack(0x0000000649500000,0x0000000649600000)]
=>0x000001ec428a8000 JavaThread "C2 CompilerThread2" daemon [_thread_in_native, id=16292, stack(0x0000000649700000,0x0000000649800000)]

Other Threads:
  0x000001ec41790000 VMThread "VM Thread" [stack: 0x0000000648a00000,0x0000000648b00000] [id=10060]
  0x000001ec427b5000 WatcherThread [stack: 0x0000000649600000,0x0000000649700000] [id=4776]
  0x000001ec1d5e0800 GCTaskThread "GC Thread#0" [stack: 0x0000000648500000,0x0000000648600000] [id=15468]
  0x000001ec42ee0800 GCTaskThread "GC Thread#1" [stack: 0x0000000649800000,0x0000000649900000] [id=4388]
  0x000001ec42d39000 GCTaskThread "GC Thread#2" [stack: 0x0000000649900000,0x0000000649a00000] [id=12888]
  0x000001ec43306000 GCTaskThread "GC Thread#3" [stack: 0x0000000649a00000,0x0000000649b00000] [id=15484]
  0x000001ec42e73800 GCTaskThread "GC Thread#4" [stack: 0x0000000649b00000,0x0000000649c00000] [id=12284]
  0x000001ec43020000 GCTaskThread "GC Thread#5" [stack: 0x0000000649c00000,0x0000000649d00000] [id=11348]
  0x000001ec1d63a000 ConcurrentGCThread "G1 Main Marker" [stack: 0x0000000648600000,0x0000000648700000] [id=12188]
  0x000001ec1d63d000 ConcurrentGCThread "G1 Conc#0" [stack: 0x0000000648700000,0x0000000648800000] [id=13484]
  0x000001ec43336000 ConcurrentGCThread "G1 Conc#1" [stack: 0x0000000649e00000,0x0000000649f00000] [id=5112]
  0x000001ec4340c800 ConcurrentGCThread "G1 Conc#2" [stack: 0x0000000649f00000,0x000000064a000000] [id=14136]
  0x000001ec41674000 ConcurrentGCThread "G1 Refine#0" [stack: 0x0000000648800000,0x0000000648900000] [id=15492]
  0x000001ec41675000 ConcurrentGCThread "G1 Young RemSet Sampling" [stack: 0x0000000648900000,0x0000000648a00000] [id=11908]

Threads with active compile tasks:
C2 CompilerThread0     1444 2587 %     4       sun.nio.fs.WindowsPathParser::normalize @ 18 (233 bytes)
C2 CompilerThread1     1445 2414       4       java.lang.invoke.MethodType::makeImpl (108 bytes)
C2 CompilerThread2     1445 2296   !   4       jdk.internal.loader.BuiltinClassLoader::loadClassOrNull (143 bytes)

VM state:not at safepoint (normal execution)

VM Mutex/Monitor currently owned by a thread: None

Heap address: 0x0000000702200000, size: 4062 MB, Compressed Oops mode: Zero based, Oop shift amount: 3
Narrow klass base: 0x0000000800000000, Narrow klass shift: 0
Compressed class space size: 1073741824 Address: 0x0000000800000000

Heap:
 garbage-first heap   total 260096K, used 52018K [0x0000000702200000, 0x0000000800000000)
  region size 1024K, 45 young (46080K), 5 survivors (5120K)
 Metaspace       used 31399K, capacity 32101K, committed 32384K, reserved 1077248K
  class space    used 3594K, capacity 3870K, committed 3968K, reserved 1048576K
Heap Regions: E=young(eden), S=young(survivor), O=old, HS=humongous(starts), HC=humongous(continues), CS=collection set, F=free, A=archive, TAMS=top-at-mark-start (previous, next)
|   0|0x0000000702200000, 0x0000000702300000, 0x0000000702300000|100%|HS|  |TAMS 0x0000000702300000, 0x0000000702200000| Complete 
|   1|0x0000000702300000, 0x0000000702400000, 0x0000000702400000|100%| O|  |TAMS 0x0000000702400000, 0x0000000702300000| Untracked 
|   2|0x0000000702400000, 0x0000000702500000, 0x0000000702500000|100%| O|  |TAMS 0x0000000702500000, 0x0000000702400000| Untracked 
|   3|0x0000000702500000, 0x0000000702600000, 0x0000000702600000|100%| O|  |TAMS 0x0000000702600000, 0x0000000702500000| Untracked 
|   4|0x0000000702600000, 0x0000000702700000, 0x0000000702700000|100%| O|  |TAMS 0x000000070268b000, 0x0000000702600000| Untracked 
|   5|0x0000000702700000, 0x0000000702800000, 0x0000000702800000|100%| O|  |TAMS 0x0000000702700000, 0x0000000702700000| Untracked 
|   6|0x0000000702800000, 0x0000000702900000, 0x0000000702900000|100%| O|  |TAMS 0x0000000702800000, 0x0000000702800000| Untracked 
|   7|0x0000000702900000, 0x0000000702967800, 0x0000000702a00000| 40%| O|  |TAMS 0x0000000702900000, 0x0000000702900000| Untracked 
|   8|0x0000000702a00000, 0x0000000702a00000, 0x0000000702b00000|  0%| F|  |TAMS 0x0000000702a00000, 0x0000000702a00000| Untracked 
|   9|0x0000000702b00000, 0x0000000702b00000, 0x0000000702c00000|  0%| F|  |TAMS 0x0000000702b00000, 0x0000000702b00000| Untracked 
|  10|0x0000000702c00000, 0x0000000702c00000, 0x0000000702d00000|  0%| F|  |TAMS 0x0000000702c00000, 0x0000000702c00000| Untracked 
|  11|0x0000000702d00000, 0x0000000702d00000, 0x0000000702e00000|  0%| F|  |TAMS 0x0000000702d00000, 0x0000000702d00000| Untracked 
|  12|0x0000000702e00000, 0x0000000702e00000, 0x0000000702f00000|  0%| F|  |TAMS 0x0000000702e00000, 0x0000000702e00000| Untracked 
|  13|0x0000000702f00000, 0x0000000702f00000, 0x0000000703000000|  0%| F|  |TAMS 0x0000000702f00000, 0x0000000702f00000| Untracked 
|  14|0x0000000703000000, 0x0000000703000000, 0x0000000703100000|  0%| F|  |TAMS 0x0000000703000000, 0x0000000703000000| Untracked 
|  15|0x0000000703100000, 0x0000000703100000, 0x0000000703200000|  0%| F|  |TAMS 0x0000000703100000, 0x0000000703100000| Untracked 
|  16|0x0000000703200000, 0x0000000703200000, 0x0000000703300000|  0%| F|  |TAMS 0x0000000703200000, 0x0000000703200000| Untracked 
|  17|0x0000000703300000, 0x0000000703300000, 0x0000000703400000|  0%| F|  |TAMS 0x0000000703300000, 0x0000000703300000| Untracked 
|  18|0x0000000703400000, 0x0000000703400000, 0x0000000703500000|  0%| F|  |TAMS 0x0000000703400000, 0x0000000703400000| Untracked 
|  19|0x0000000703500000, 0x0000000703500000, 0x0000000703600000|  0%| F|  |TAMS 0x0000000703500000, 0x0000000703500000| Untracked 
|  20|0x0000000703600000, 0x0000000703600000, 0x0000000703700000|  0%| F|  |TAMS 0x0000000703600000, 0x0000000703600000| Untracked 
|  21|0x0000000703700000, 0x0000000703700000, 0x0000000703800000|  0%| F|  |TAMS 0x0000000703700000, 0x0000000703700000| Untracked 
|  22|0x0000000703800000, 0x0000000703800000, 0x0000000703900000|  0%| F|  |TAMS 0x0000000703800000, 0x0000000703800000| Untracked 
|  23|0x0000000703900000, 0x0000000703900000, 0x0000000703a00000|  0%| F|  |TAMS 0x0000000703900000, 0x0000000703900000| Untracked 
|  24|0x0000000703a00000, 0x0000000703a00000, 0x0000000703b00000|  0%| F|  |TAMS 0x0000000703a00000, 0x0000000703a00000| Untracked 
|  25|0x0000000703b00000, 0x0000000703b00000, 0x0000000703c00000|  0%| F|  |TAMS 0x0000000703b00000, 0x0000000703b00000| Untracked 
|  26|0x0000000703c00000, 0x0000000703c00000, 0x0000000703d00000|  0%| F|  |TAMS 0x0000000703c00000, 0x0000000703c00000| Untracked 
|  27|0x0000000703d00000, 0x0000000703d00000, 0x0000000703e00000|  0%| F|  |TAMS 0x0000000703d00000, 0x0000000703d00000| Untracked 
|  28|0x0000000703e00000, 0x0000000703e00000, 0x0000000703f00000|  0%| F|  |TAMS 0x0000000703e00000, 0x0000000703e00000| Untracked 
|  29|0x0000000703f00000, 0x0000000703f00000, 0x0000000704000000|  0%| F|  |TAMS 0x0000000703f00000, 0x0000000703f00000| Untracked 
|  30|0x0000000704000000, 0x0000000704000000, 0x0000000704100000|  0%| F|  |TAMS 0x0000000704000000, 0x0000000704000000| Untracked 
|  31|0x0000000704100000, 0x0000000704100000, 0x0000000704200000|  0%| F|  |TAMS 0x0000000704100000, 0x0000000704100000| Untracked 
|  32|0x0000000704200000, 0x0000000704200000, 0x0000000704300000|  0%| F|  |TAMS 0x0000000704200000, 0x0000000704200000| Untracked 
|  33|0x0000000704300000, 0x0000000704300000, 0x0000000704400000|  0%| F|  |TAMS 0x0000000704300000, 0x0000000704300000| Untracked 
|  34|0x0000000704400000, 0x0000000704400000, 0x0000000704500000|  0%| F|  |TAMS 0x0000000704400000, 0x0000000704400000| Untracked 
|  35|0x0000000704500000, 0x0000000704500000, 0x0000000704600000|  0%| F|  |TAMS 0x0000000704500000, 0x0000000704500000| Untracked 
|  36|0x0000000704600000, 0x0000000704600000, 0x0000000704700000|  0%| F|  |TAMS 0x0000000704600000, 0x0000000704600000| Untracked 
|  37|0x0000000704700000, 0x0000000704700000, 0x0000000704800000|  0%| F|  |TAMS 0x0000000704700000, 0x0000000704700000| Untracked 
|  38|0x0000000704800000, 0x0000000704800000, 0x0000000704900000|  0%| F|  |TAMS 0x0000000704800000, 0x0000000704800000| Untracked 
|  39|0x0000000704900000, 0x0000000704900000, 0x0000000704a00000|  0%| F|  |TAMS 0x0000000704900000, 0x0000000704900000| Untracked 
|  40|0x0000000704a00000, 0x0000000704a00000, 0x0000000704b00000|  0%| F|  |TAMS 0x0000000704a00000, 0x0000000704a00000| Untracked 
|  41|0x0000000704b00000, 0x0000000704b00000, 0x0000000704c00000|  0%| F|  |TAMS 0x0000000704b00000, 0x0000000704b00000| Untracked 
|  42|0x0000000704c00000, 0x0000000704c00000, 0x0000000704d00000|  0%| F|  |TAMS 0x0000000704c00000, 0x0000000704c00000| Untracked 
|  43|0x0000000704d00000, 0x0000000704d00000, 0x0000000704e00000|  0%| F|  |TAMS 0x0000000704d00000, 0x0000000704d00000| Untracked 
|  44|0x0000000704e00000, 0x0000000704e00000, 0x0000000704f00000|  0%| F|  |TAMS 0x0000000704e00000, 0x0000000704e00000| Untracked 
|  45|0x0000000704f00000, 0x0000000704f00000, 0x0000000705000000|  0%| F|  |TAMS 0x0000000704f00000, 0x0000000704f00000| Untracked 
|  46|0x0000000705000000, 0x0000000705000000, 0x0000000705100000|  0%| F|  |TAMS 0x0000000705000000, 0x0000000705000000| Untracked 
|  47|0x0000000705100000, 0x0000000705100000, 0x0000000705200000|  0%| F|  |TAMS 0x0000000705100000, 0x0000000705100000| Untracked 
|  48|0x0000000705200000, 0x0000000705200000, 0x0000000705300000|  0%| F|  |TAMS 0x0000000705200000, 0x0000000705200000| Untracked 
|  49|0x0000000705300000, 0x0000000705300000, 0x0000000705400000|  0%| F|  |TAMS 0x0000000705300000, 0x0000000705300000| Untracked 
|  50|0x0000000705400000, 0x0000000705400000, 0x0000000705500000|  0%| F|  |TAMS 0x0000000705400000, 0x0000000705400000| Untracked 
|  51|0x0000000705500000, 0x0000000705500000, 0x0000000705600000|  0%| F|  |TAMS 0x0000000705500000, 0x0000000705500000| Untracked 
|  52|0x0000000705600000, 0x0000000705600000, 0x0000000705700000|  0%| F|  |TAMS 0x0000000705600000, 0x0000000705600000| Untracked 
|  53|0x0000000705700000, 0x0000000705700000, 0x0000000705800000|  0%| F|  |TAMS 0x0000000705700000, 0x0000000705700000| Untracked 
|  54|0x0000000705800000, 0x0000000705800000, 0x0000000705900000|  0%| F|  |TAMS 0x0000000705800000, 0x0000000705800000| Untracked 
|  55|0x0000000705900000, 0x0000000705900000, 0x0000000705a00000|  0%| F|  |TAMS 0x0000000705900000, 0x0000000705900000| Untracked 
|  56|0x0000000705a00000, 0x0000000705a00000, 0x0000000705b00000|  0%| F|  |TAMS 0x0000000705a00000, 0x0000000705a00000| Untracked 
|  57|0x0000000705b00000, 0x0000000705b00000, 0x0000000705c00000|  0%| F|  |TAMS 0x0000000705b00000, 0x0000000705b00000| Untracked 
|  58|0x0000000705c00000, 0x0000000705c00000, 0x0000000705d00000|  0%| F|  |TAMS 0x0000000705c00000, 0x0000000705c00000| Untracked 
|  59|0x0000000705d00000, 0x0000000705d00000, 0x0000000705e00000|  0%| F|  |TAMS 0x0000000705d00000, 0x0000000705d00000| Untracked 
|  60|0x0000000705e00000, 0x0000000705e00000, 0x0000000705f00000|  0%| F|  |TAMS 0x0000000705e00000, 0x0000000705e00000| Untracked 
|  61|0x0000000705f00000, 0x0000000705f00000, 0x0000000706000000|  0%| F|  |TAMS 0x0000000705f00000, 0x0000000705f00000| Untracked 
|  62|0x0000000706000000, 0x0000000706000000, 0x0000000706100000|  0%| F|  |TAMS 0x0000000706000000, 0x0000000706000000| Untracked 
|  63|0x0000000706100000, 0x0000000706100000, 0x0000000706200000|  0%| F|  |TAMS 0x0000000706100000, 0x0000000706100000| Untracked 
|  64|0x0000000706200000, 0x0000000706200000, 0x0000000706300000|  0%| F|  |TAMS 0x0000000706200000, 0x0000000706200000| Untracked 
|  65|0x0000000706300000, 0x0000000706300000, 0x0000000706400000|  0%| F|  |TAMS 0x0000000706300000, 0x0000000706300000| Untracked 
|  66|0x0000000706400000, 0x0000000706400000, 0x0000000706500000|  0%| F|  |TAMS 0x0000000706400000, 0x0000000706400000| Untracked 
|  67|0x0000000706500000, 0x0000000706500000, 0x0000000706600000|  0%| F|  |TAMS 0x0000000706500000, 0x0000000706500000| Untracked 
|  68|0x0000000706600000, 0x0000000706600000, 0x0000000706700000|  0%| F|  |TAMS 0x0000000706600000, 0x0000000706600000| Untracked 
|  69|0x0000000706700000, 0x0000000706700000, 0x0000000706800000|  0%| F|  |TAMS 0x0000000706700000, 0x0000000706700000| Untracked 
|  70|0x0000000706800000, 0x0000000706800000, 0x0000000706900000|  0%| F|  |TAMS 0x0000000706800000, 0x0000000706800000| Untracked 
|  71|0x0000000706900000, 0x0000000706900000, 0x0000000706a00000|  0%| F|  |TAMS 0x0000000706900000, 0x0000000706900000| Untracked 
|  72|0x0000000706a00000, 0x0000000706a00000, 0x0000000706b00000|  0%| F|  |TAMS 0x0000000706a00000, 0x0000000706a00000| Untracked 
|  73|0x0000000706b00000, 0x0000000706b00000, 0x0000000706c00000|  0%| F|  |TAMS 0x0000000706b00000, 0x0000000706b00000| Untracked 
|  74|0x0000000706c00000, 0x0000000706c00000, 0x0000000706d00000|  0%| F|  |TAMS 0x0000000706c00000, 0x0000000706c00000| Untracked 
|  75|0x0000000706d00000, 0x0000000706d00000, 0x0000000706e00000|  0%| F|  |TAMS 0x0000000706d00000, 0x0000000706d00000| Untracked 
|  76|0x0000000706e00000, 0x0000000706e00000, 0x0000000706f00000|  0%| F|  |TAMS 0x0000000706e00000, 0x0000000706e00000| Untracked 
|  77|0x0000000706f00000, 0x0000000706f00000, 0x0000000707000000|  0%| F|  |TAMS 0x0000000706f00000, 0x0000000706f00000| Untracked 
|  78|0x0000000707000000, 0x0000000707000000, 0x0000000707100000|  0%| F|  |TAMS 0x0000000707000000, 0x0000000707000000| Untracked 
|  79|0x0000000707100000, 0x0000000707100000, 0x0000000707200000|  0%| F|  |TAMS 0x0000000707100000, 0x0000000707100000| Untracked 
|  80|0x0000000707200000, 0x0000000707200000, 0x0000000707300000|  0%| F|  |TAMS 0x0000000707200000, 0x0000000707200000| Untracked 
|  81|0x0000000707300000, 0x0000000707300000, 0x0000000707400000|  0%| F|  |TAMS 0x0000000707300000, 0x0000000707300000| Untracked 
|  82|0x0000000707400000, 0x0000000707400000, 0x0000000707500000|  0%| F|  |TAMS 0x0000000707400000, 0x0000000707400000| Untracked 
|  83|0x0000000707500000, 0x0000000707500000, 0x0000000707600000|  0%| F|  |TAMS 0x0000000707500000, 0x0000000707500000| Untracked 
|  84|0x0000000707600000, 0x0000000707600000, 0x0000000707700000|  0%| F|  |TAMS 0x0000000707600000, 0x0000000707600000| Untracked 
|  85|0x0000000707700000, 0x0000000707700000, 0x0000000707800000|  0%| F|  |TAMS 0x0000000707700000, 0x0000000707700000| Untracked 
|  86|0x0000000707800000, 0x0000000707800000, 0x0000000707900000|  0%| F|  |TAMS 0x0000000707800000, 0x0000000707800000| Untracked 
|  87|0x0000000707900000, 0x0000000707900000, 0x0000000707a00000|  0%| F|  |TAMS 0x0000000707900000, 0x0000000707900000| Untracked 
|  88|0x0000000707a00000, 0x0000000707a00000, 0x0000000707b00000|  0%| F|  |TAMS 0x0000000707a00000, 0x0000000707a00000| Untracked 
|  89|0x0000000707b00000, 0x0000000707b00000, 0x0000000707c00000|  0%| F|  |TAMS 0x0000000707b00000, 0x0000000707b00000| Untracked 
|  90|0x0000000707c00000, 0x0000000707c00000, 0x0000000707d00000|  0%| F|  |TAMS 0x0000000707c00000, 0x0000000707c00000| Untracked 
|  91|0x0000000707d00000, 0x0000000707d00000, 0x0000000707e00000|  0%| F|  |TAMS 0x0000000707d00000, 0x0000000707d00000| Untracked 
|  92|0x0000000707e00000, 0x0000000707e00000, 0x0000000707f00000|  0%| F|  |TAMS 0x0000000707e00000, 0x0000000707e00000| Untracked 
|  93|0x0000000707f00000, 0x0000000707f00000, 0x0000000708000000|  0%| F|  |TAMS 0x0000000707f00000, 0x0000000707f00000| Untracked 
|  94|0x0000000708000000, 0x0000000708000000, 0x0000000708100000|  0%| F|  |TAMS 0x0000000708000000, 0x0000000708000000| Untracked 
|  95|0x0000000708100000, 0x0000000708100000, 0x0000000708200000|  0%| F|  |TAMS 0x0000000708100000, 0x0000000708100000| Untracked 
|  96|0x0000000708200000, 0x0000000708200000, 0x0000000708300000|  0%| F|  |TAMS 0x0000000708200000, 0x0000000708200000| Untracked 
|  97|0x0000000708300000, 0x0000000708300000, 0x0000000708400000|  0%| F|  |TAMS 0x0000000708300000, 0x0000000708300000| Untracked 
|  98|0x0000000708400000, 0x0000000708400000, 0x0000000708500000|  0%| F|  |TAMS 0x0000000708400000, 0x0000000708400000| Untracked 
|  99|0x0000000708500000, 0x0000000708500000, 0x0000000708600000|  0%| F|  |TAMS 0x0000000708500000, 0x0000000708500000| Untracked 
| 100|0x0000000708600000, 0x0000000708600000, 0x0000000708700000|  0%| F|  |TAMS 0x0000000708600000, 0x0000000708600000| Untracked 
| 101|0x0000000708700000, 0x0000000708700000, 0x0000000708800000|  0%| F|  |TAMS 0x0000000708700000, 0x0000000708700000| Untracked 
| 102|0x0000000708800000, 0x0000000708800000, 0x0000000708900000|  0%| F|  |TAMS 0x0000000708800000, 0x0000000708800000| Untracked 
| 103|0x0000000708900000, 0x0000000708900000, 0x0000000708a00000|  0%| F|  |TAMS 0x0000000708900000, 0x0000000708900000| Untracked 
| 104|0x0000000708a00000, 0x0000000708a00000, 0x0000000708b00000|  0%| F|  |TAMS 0x0000000708a00000, 0x0000000708a00000| Untracked 
| 105|0x0000000708b00000, 0x0000000708b00000, 0x0000000708c00000|  0%| F|  |TAMS 0x0000000708b00000, 0x0000000708b00000| Untracked 
| 106|0x0000000708c00000, 0x0000000708c00000, 0x0000000708d00000|  0%| F|  |TAMS 0x0000000708c00000, 0x0000000708c00000| Untracked 
| 107|0x0000000708d00000, 0x0000000708d00000, 0x0000000708e00000|  0%| F|  |TAMS 0x0000000708d00000, 0x0000000708d00000| Untracked 
| 108|0x0000000708e00000, 0x0000000708e00000, 0x0000000708f00000|  0%| F|  |TAMS 0x0000000708e00000, 0x0000000708e00000| Untracked 
| 109|0x0000000708f00000, 0x0000000708f00000, 0x0000000709000000|  0%| F|  |TAMS 0x0000000708f00000, 0x0000000708f00000| Untracked 
| 110|0x0000000709000000, 0x0000000709000000, 0x0000000709100000|  0%| F|  |TAMS 0x0000000709000000, 0x0000000709000000| Untracked 
| 111|0x0000000709100000, 0x0000000709100000, 0x0000000709200000|  0%| F|  |TAMS 0x0000000709100000, 0x0000000709100000| Untracked 
| 112|0x0000000709200000, 0x0000000709200000, 0x0000000709300000|  0%| F|  |TAMS 0x0000000709200000, 0x0000000709200000| Untracked 
| 113|0x0000000709300000, 0x0000000709300000, 0x0000000709400000|  0%| F|  |TAMS 0x0000000709300000, 0x0000000709300000| Untracked 
| 114|0x0000000709400000, 0x0000000709400000, 0x0000000709500000|  0%| F|  |TAMS 0x0000000709400000, 0x0000000709400000| Untracked 
| 115|0x0000000709500000, 0x0000000709500000, 0x0000000709600000|  0%| F|  |TAMS 0x0000000709500000, 0x0000000709500000| Untracked 
| 116|0x0000000709600000, 0x0000000709600000, 0x0000000709700000|  0%| F|  |TAMS 0x0000000709600000, 0x0000000709600000| Untracked 
| 117|0x0000000709700000, 0x0000000709700000, 0x0000000709800000|  0%| F|  |TAMS 0x0000000709700000, 0x0000000709700000| Untracked 
| 118|0x0000000709800000, 0x0000000709800000, 0x0000000709900000|  0%| F|  |TAMS 0x0000000709800000, 0x0000000709800000| Untracked 
| 119|0x0000000709900000, 0x0000000709900000, 0x0000000709a00000|  0%| F|  |TAMS 0x0000000709900000, 0x0000000709900000| Untracked 
| 120|0x0000000709a00000, 0x0000000709a00000, 0x0000000709b00000|  0%| F|  |TAMS 0x0000000709a00000, 0x0000000709a00000| Untracked 
| 121|0x0000000709b00000, 0x0000000709b00000, 0x0000000709c00000|  0%| F|  |TAMS 0x0000000709b00000, 0x0000000709b00000| Untracked 
| 122|0x0000000709c00000, 0x0000000709c00000, 0x0000000709d00000|  0%| F|  |TAMS 0x0000000709c00000, 0x0000000709c00000| Untracked 
| 123|0x0000000709d00000, 0x0000000709d00000, 0x0000000709e00000|  0%| F|  |TAMS 0x0000000709d00000, 0x0000000709d00000| Untracked 
| 124|0x0000000709e00000, 0x0000000709e00000, 0x0000000709f00000|  0%| F|  |TAMS 0x0000000709e00000, 0x0000000709e00000| Untracked 
| 125|0x0000000709f00000, 0x0000000709f00000, 0x000000070a000000|  0%| F|  |TAMS 0x0000000709f00000, 0x0000000709f00000| Untracked 
| 126|0x000000070a000000, 0x000000070a000000, 0x000000070a100000|  0%| F|  |TAMS 0x000000070a000000, 0x000000070a000000| Untracked 
| 127|0x000000070a100000, 0x000000070a100000, 0x000000070a200000|  0%| F|  |TAMS 0x000000070a100000, 0x000000070a100000| Untracked 
| 128|0x000000070a200000, 0x000000070a200000, 0x000000070a300000|  0%| F|  |TAMS 0x000000070a200000, 0x000000070a200000| Untracked 
| 129|0x000000070a300000, 0x000000070a300000, 0x000000070a400000|  0%| F|  |TAMS 0x000000070a300000, 0x000000070a300000| Untracked 
| 130|0x000000070a400000, 0x000000070a400000, 0x000000070a500000|  0%| F|  |TAMS 0x000000070a400000, 0x000000070a400000| Untracked 
| 131|0x000000070a500000, 0x000000070a500000, 0x000000070a600000|  0%| F|  |TAMS 0x000000070a500000, 0x000000070a500000| Untracked 
| 132|0x000000070a600000, 0x000000070a600000, 0x000000070a700000|  0%| F|  |TAMS 0x000000070a600000, 0x000000070a600000| Untracked 
| 133|0x000000070a700000, 0x000000070a700000, 0x000000070a800000|  0%| F|  |TAMS 0x000000070a700000, 0x000000070a700000| Untracked 
| 134|0x000000070a800000, 0x000000070a800000, 0x000000070a900000|  0%| F|  |TAMS 0x000000070a800000, 0x000000070a800000| Untracked 
| 135|0x000000070a900000, 0x000000070a900000, 0x000000070aa00000|  0%| F|  |TAMS 0x000000070a900000, 0x000000070a900000| Untracked 
| 136|0x000000070aa00000, 0x000000070aa00000, 0x000000070ab00000|  0%| F|  |TAMS 0x000000070aa00000, 0x000000070aa00000| Untracked 
| 137|0x000000070ab00000, 0x000000070ab00000, 0x000000070ac00000|  0%| F|  |TAMS 0x000000070ab00000, 0x000000070ab00000| Untracked 
| 138|0x000000070ac00000, 0x000000070ac00000, 0x000000070ad00000|  0%| F|  |TAMS 0x000000070ac00000, 0x000000070ac00000| Untracked 
| 139|0x000000070ad00000, 0x000000070ad00000, 0x000000070ae00000|  0%| F|  |TAMS 0x000000070ad00000, 0x000000070ad00000| Untracked 
| 140|0x000000070ae00000, 0x000000070ae00000, 0x000000070af00000|  0%| F|  |TAMS 0x000000070ae00000, 0x000000070ae00000| Untracked 
| 141|0x000000070af00000, 0x000000070af00000, 0x000000070b000000|  0%| F|  |TAMS 0x000000070af00000, 0x000000070af00000| Untracked 
| 142|0x000000070b000000, 0x000000070b000000, 0x000000070b100000|  0%| F|  |TAMS 0x000000070b000000, 0x000000070b000000| Untracked 
| 143|0x000000070b100000, 0x000000070b100000, 0x000000070b200000|  0%| F|  |TAMS 0x000000070b100000, 0x000000070b100000| Untracked 
| 144|0x000000070b200000, 0x000000070b200000, 0x000000070b300000|  0%| F|  |TAMS 0x000000070b200000, 0x000000070b200000| Untracked 
| 145|0x000000070b300000, 0x000000070b300000, 0x000000070b400000|  0%| F|  |TAMS 0x000000070b300000, 0x000000070b300000| Untracked 
| 146|0x000000070b400000, 0x000000070b400000, 0x000000070b500000|  0%| F|  |TAMS 0x000000070b400000, 0x000000070b400000| Untracked 
| 147|0x000000070b500000, 0x000000070b500000, 0x000000070b600000|  0%| F|  |TAMS 0x000000070b500000, 0x000000070b500000| Untracked 
| 148|0x000000070b600000, 0x000000070b600000, 0x000000070b700000|  0%| F|  |TAMS 0x000000070b600000, 0x000000070b600000| Untracked 
| 149|0x000000070b700000, 0x000000070b700000, 0x000000070b800000|  0%| F|  |TAMS 0x000000070b700000, 0x000000070b700000| Untracked 
| 150|0x000000070b800000, 0x000000070b800000, 0x000000070b900000|  0%| F|  |TAMS 0x000000070b800000, 0x000000070b800000| Untracked 
| 151|0x000000070b900000, 0x000000070b900000, 0x000000070ba00000|  0%| F|  |TAMS 0x000000070b900000, 0x000000070b900000| Untracked 
| 152|0x000000070ba00000, 0x000000070ba00000, 0x000000070bb00000|  0%| F|  |TAMS 0x000000070ba00000, 0x000000070ba00000| Untracked 
| 153|0x000000070bb00000, 0x000000070bb00000, 0x000000070bc00000|  0%| F|  |TAMS 0x000000070bb00000, 0x000000070bb00000| Untracked 
| 154|0x000000070bc00000, 0x000000070bc00000, 0x000000070bd00000|  0%| F|  |TAMS 0x000000070bc00000, 0x000000070bc00000| Untracked 
| 155|0x000000070bd00000, 0x000000070bd00000, 0x000000070be00000|  0%| F|  |TAMS 0x000000070bd00000, 0x000000070bd00000| Untracked 
| 156|0x000000070be00000, 0x000000070be00000, 0x000000070bf00000|  0%| F|  |TAMS 0x000000070be00000, 0x000000070be00000| Untracked 
| 157|0x000000070bf00000, 0x000000070bf00000, 0x000000070c000000|  0%| F|  |TAMS 0x000000070bf00000, 0x000000070bf00000| Untracked 
| 158|0x000000070c000000, 0x000000070c000000, 0x000000070c100000|  0%| F|  |TAMS 0x000000070c000000, 0x000000070c000000| Untracked 
| 159|0x000000070c100000, 0x000000070c100000, 0x000000070c200000|  0%| F|  |TAMS 0x000000070c100000, 0x000000070c100000| Untracked 
| 160|0x000000070c200000, 0x000000070c200000, 0x000000070c300000|  0%| F|  |TAMS 0x000000070c200000, 0x000000070c200000| Untracked 
| 161|0x000000070c300000, 0x000000070c300000, 0x000000070c400000|  0%| F|  |TAMS 0x000000070c300000, 0x000000070c300000| Untracked 
| 162|0x000000070c400000, 0x000000070c400000, 0x000000070c500000|  0%| F|  |TAMS 0x000000070c400000, 0x000000070c400000| Untracked 
| 163|0x000000070c500000, 0x000000070c500000, 0x000000070c600000|  0%| F|  |TAMS 0x000000070c500000, 0x000000070c500000| Untracked 
| 164|0x000000070c600000, 0x000000070c600000, 0x000000070c700000|  0%| F|  |TAMS 0x000000070c600000, 0x000000070c600000| Untracked 
| 165|0x000000070c700000, 0x000000070c700000, 0x000000070c800000|  0%| F|  |TAMS 0x000000070c700000, 0x000000070c700000| Untracked 
| 166|0x000000070c800000, 0x000000070c800000, 0x000000070c900000|  0%| F|  |TAMS 0x000000070c800000, 0x000000070c800000| Untracked 
| 167|0x000000070c900000, 0x000000070c900000, 0x000000070ca00000|  0%| F|  |TAMS 0x000000070c900000, 0x000000070c900000| Untracked 
| 168|0x000000070ca00000, 0x000000070ca00000, 0x000000070cb00000|  0%| F|  |TAMS 0x000000070ca00000, 0x000000070ca00000| Untracked 
| 169|0x000000070cb00000, 0x000000070cb00000, 0x000000070cc00000|  0%| F|  |TAMS 0x000000070cb00000, 0x000000070cb00000| Untracked 
| 170|0x000000070cc00000, 0x000000070cc00000, 0x000000070cd00000|  0%| F|  |TAMS 0x000000070cc00000, 0x000000070cc00000| Untracked 
| 171|0x000000070cd00000, 0x000000070cd00000, 0x000000070ce00000|  0%| F|  |TAMS 0x000000070cd00000, 0x000000070cd00000| Untracked 
| 172|0x000000070ce00000, 0x000000070ce00000, 0x000000070cf00000|  0%| F|  |TAMS 0x000000070ce00000, 0x000000070ce00000| Untracked 
| 173|0x000000070cf00000, 0x000000070cf00000, 0x000000070d000000|  0%| F|  |TAMS 0x000000070cf00000, 0x000000070cf00000| Untracked 
| 174|0x000000070d000000, 0x000000070d000000, 0x000000070d100000|  0%| F|  |TAMS 0x000000070d000000, 0x000000070d000000| Untracked 
| 175|0x000000070d100000, 0x000000070d100000, 0x000000070d200000|  0%| F|  |TAMS 0x000000070d100000, 0x000000070d100000| Untracked 
| 176|0x000000070d200000, 0x000000070d200000, 0x000000070d300000|  0%| F|  |TAMS 0x000000070d200000, 0x000000070d200000| Untracked 
| 177|0x000000070d300000, 0x000000070d300000, 0x000000070d400000|  0%| F|  |TAMS 0x000000070d300000, 0x000000070d300000| Untracked 
| 178|0x000000070d400000, 0x000000070d400000, 0x000000070d500000|  0%| F|  |TAMS 0x000000070d400000, 0x000000070d400000| Untracked 
| 179|0x000000070d500000, 0x000000070d500000, 0x000000070d600000|  0%| F|  |TAMS 0x000000070d500000, 0x000000070d500000| Untracked 
| 180|0x000000070d600000, 0x000000070d600000, 0x000000070d700000|  0%| F|  |TAMS 0x000000070d600000, 0x000000070d600000| Untracked 
| 181|0x000000070d700000, 0x000000070d700000, 0x000000070d800000|  0%| F|  |TAMS 0x000000070d700000, 0x000000070d700000| Untracked 
| 182|0x000000070d800000, 0x000000070d800000, 0x000000070d900000|  0%| F|  |TAMS 0x000000070d800000, 0x000000070d800000| Untracked 
| 183|0x000000070d900000, 0x000000070d900000, 0x000000070da00000|  0%| F|  |TAMS 0x000000070d900000, 0x000000070d900000| Untracked 
| 184|0x000000070da00000, 0x000000070da00000, 0x000000070db00000|  0%| F|  |TAMS 0x000000070da00000, 0x000000070da00000| Untracked 
| 185|0x000000070db00000, 0x000000070db00000, 0x000000070dc00000|  0%| F|  |TAMS 0x000000070db00000, 0x000000070db00000| Untracked 
| 186|0x000000070dc00000, 0x000000070dc00000, 0x000000070dd00000|  0%| F|  |TAMS 0x000000070dc00000, 0x000000070dc00000| Untracked 
| 187|0x000000070dd00000, 0x000000070dd00000, 0x000000070de00000|  0%| F|  |TAMS 0x000000070dd00000, 0x000000070dd00000| Untracked 
| 188|0x000000070de00000, 0x000000070de00000, 0x000000070df00000|  0%| F|  |TAMS 0x000000070de00000, 0x000000070de00000| Untracked 
| 189|0x000000070df00000, 0x000000070df00000, 0x000000070e000000|  0%| F|  |TAMS 0x000000070df00000, 0x000000070df00000| Untracked 
| 190|0x000000070e000000, 0x000000070e000000, 0x000000070e100000|  0%| F|  |TAMS 0x000000070e000000, 0x000000070e000000| Untracked 
| 191|0x000000070e100000, 0x000000070e100000, 0x000000070e200000|  0%| F|  |TAMS 0x000000070e100000, 0x000000070e100000| Untracked 
| 192|0x000000070e200000, 0x000000070e200000, 0x000000070e300000|  0%| F|  |TAMS 0x000000070e200000, 0x000000070e200000| Untracked 
| 193|0x000000070e300000, 0x000000070e300000, 0x000000070e400000|  0%| F|  |TAMS 0x000000070e300000, 0x000000070e300000| Untracked 
| 194|0x000000070e400000, 0x000000070e400000, 0x000000070e500000|  0%| F|  |TAMS 0x000000070e400000, 0x000000070e400000| Untracked 
| 195|0x000000070e500000, 0x000000070e500000, 0x000000070e600000|  0%| F|  |TAMS 0x000000070e500000, 0x000000070e500000| Untracked 
| 196|0x000000070e600000, 0x000000070e600000, 0x000000070e700000|  0%| F|  |TAMS 0x000000070e600000, 0x000000070e600000| Untracked 
| 197|0x000000070e700000, 0x000000070e700000, 0x000000070e800000|  0%| F|  |TAMS 0x000000070e700000, 0x000000070e700000| Untracked 
| 198|0x000000070e800000, 0x000000070e865040, 0x000000070e900000| 39%| S|CS|TAMS 0x000000070e800000, 0x000000070e800000| Complete 
| 199|0x000000070e900000, 0x000000070e900000, 0x000000070ea00000|  0%| F|  |TAMS 0x000000070e900000, 0x000000070e900000| Untracked 
| 200|0x000000070ea00000, 0x000000070ea00000, 0x000000070eb00000|  0%| F|  |TAMS 0x000000070ea00000, 0x000000070ea00000| Untracked 
| 201|0x000000070eb00000, 0x000000070eb00000, 0x000000070ec00000|  0%| F|  |TAMS 0x000000070eb00000, 0x000000070eb00000| Untracked 
| 202|0x000000070ec00000, 0x000000070ec00000, 0x000000070ed00000|  0%| F|  |TAMS 0x000000070ec00000, 0x000000070ec00000| Untracked 
| 203|0x000000070ed00000, 0x000000070ed00000, 0x000000070ee00000|  0%| F|  |TAMS 0x000000070ed00000, 0x000000070ed00000| Untracked 
| 204|0x000000070ee00000, 0x000000070ef00000, 0x000000070ef00000|100%| S|CS|TAMS 0x000000070ee00000, 0x000000070ee00000| Complete 
| 205|0x000000070ef00000, 0x000000070f000000, 0x000000070f000000|100%| S|CS|TAMS 0x000000070ef00000, 0x000000070ef00000| Complete 
| 206|0x000000070f000000, 0x000000070f100000, 0x000000070f100000|100%| S|CS|TAMS 0x000000070f000000, 0x000000070f000000| Complete 
| 207|0x000000070f100000, 0x000000070f200000, 0x000000070f200000|100%| S|CS|TAMS 0x000000070f100000, 0x000000070f100000| Complete 
| 208|0x000000070f200000, 0x000000070f200000, 0x000000070f300000|  0%| F|  |TAMS 0x000000070f200000, 0x000000070f200000| Untracked 
| 209|0x000000070f300000, 0x000000070f300000, 0x000000070f400000|  0%| F|  |TAMS 0x000000070f300000, 0x000000070f300000| Untracked 
| 210|0x000000070f400000, 0x000000070f400000, 0x000000070f500000|  0%| F|  |TAMS 0x000000070f400000, 0x000000070f400000| Untracked 
| 211|0x000000070f500000, 0x000000070f500000, 0x000000070f600000|  0%| F|  |TAMS 0x000000070f500000, 0x000000070f500000| Untracked 
| 212|0x000000070f600000, 0x000000070f600000, 0x000000070f700000|  0%| F|  |TAMS 0x000000070f600000, 0x000000070f600000| Untracked 
| 213|0x000000070f700000, 0x000000070f780800, 0x000000070f800000| 50%| E|  |TAMS 0x000000070f700000, 0x000000070f700000| Complete 
| 214|0x000000070f800000, 0x000000070f900000, 0x000000070f900000|100%| E|CS|TAMS 0x000000070f800000, 0x000000070f800000| Complete 
| 215|0x000000070f900000, 0x000000070fa00000, 0x000000070fa00000|100%| E|CS|TAMS 0x000000070f900000, 0x000000070f900000| Complete 
| 216|0x000000070fa00000, 0x000000070fb00000, 0x000000070fb00000|100%| E|CS|TAMS 0x000000070fa00000, 0x000000070fa00000| Complete 
| 217|0x000000070fb00000, 0x000000070fc00000, 0x000000070fc00000|100%| E|CS|TAMS 0x000000070fb00000, 0x000000070fb00000| Complete 
| 218|0x000000070fc00000, 0x000000070fd00000, 0x000000070fd00000|100%| E|CS|TAMS 0x000000070fc00000, 0x000000070fc00000| Complete 
| 219|0x000000070fd00000, 0x000000070fe00000, 0x000000070fe00000|100%| E|CS|TAMS 0x000000070fd00000, 0x000000070fd00000| Complete 
| 220|0x000000070fe00000, 0x000000070ff00000, 0x000000070ff00000|100%| E|CS|TAMS 0x000000070fe00000, 0x000000070fe00000| Complete 
| 221|0x000000070ff00000, 0x0000000710000000, 0x0000000710000000|100%| E|CS|TAMS 0x000000070ff00000, 0x000000070ff00000| Complete 
| 222|0x0000000710000000, 0x0000000710100000, 0x0000000710100000|100%| E|CS|TAMS 0x0000000710000000, 0x0000000710000000| Complete 
| 223|0x0000000710100000, 0x0000000710200000, 0x0000000710200000|100%| E|CS|TAMS 0x0000000710100000, 0x0000000710100000| Complete 
| 224|0x0000000710200000, 0x0000000710300000, 0x0000000710300000|100%| E|CS|TAMS 0x0000000710200000, 0x0000000710200000| Complete 
| 225|0x0000000710300000, 0x0000000710400000, 0x0000000710400000|100%| E|CS|TAMS 0x0000000710300000, 0x0000000710300000| Complete 
| 226|0x0000000710400000, 0x0000000710500000, 0x0000000710500000|100%| E|CS|TAMS 0x0000000710400000, 0x0000000710400000| Complete 
| 227|0x0000000710500000, 0x0000000710600000, 0x0000000710600000|100%| E|CS|TAMS 0x0000000710500000, 0x0000000710500000| Complete 
| 228|0x0000000710600000, 0x0000000710700000, 0x0000000710700000|100%| E|CS|TAMS 0x0000000710600000, 0x0000000710600000| Complete 
| 229|0x0000000710700000, 0x0000000710800000, 0x0000000710800000|100%| E|CS|TAMS 0x0000000710700000, 0x0000000710700000| Complete 
| 230|0x0000000710800000, 0x0000000710900000, 0x0000000710900000|100%| E|CS|TAMS 0x0000000710800000, 0x0000000710800000| Complete 
| 231|0x0000000710900000, 0x0000000710a00000, 0x0000000710a00000|100%| E|CS|TAMS 0x0000000710900000, 0x0000000710900000| Complete 
| 232|0x0000000710a00000, 0x0000000710b00000, 0x0000000710b00000|100%| E|CS|TAMS 0x0000000710a00000, 0x0000000710a00000| Complete 
| 233|0x0000000710b00000, 0x0000000710c00000, 0x0000000710c00000|100%| E|CS|TAMS 0x0000000710b00000, 0x0000000710b00000| Complete 
| 234|0x0000000710c00000, 0x0000000710d00000, 0x0000000710d00000|100%| E|CS|TAMS 0x0000000710c00000, 0x0000000710c00000| Complete 
| 235|0x0000000710d00000, 0x0000000710e00000, 0x0000000710e00000|100%| E|CS|TAMS 0x0000000710d00000, 0x0000000710d00000| Complete 
| 236|0x0000000710e00000, 0x0000000710f00000, 0x0000000710f00000|100%| E|CS|TAMS 0x0000000710e00000, 0x0000000710e00000| Complete 
| 237|0x0000000710f00000, 0x0000000711000000, 0x0000000711000000|100%| E|CS|TAMS 0x0000000710f00000, 0x0000000710f00000| Complete 
| 238|0x0000000711000000, 0x0000000711100000, 0x0000000711100000|100%| E|CS|TAMS 0x0000000711000000, 0x0000000711000000| Complete 
| 239|0x0000000711100000, 0x0000000711200000, 0x0000000711200000|100%| E|CS|TAMS 0x0000000711100000, 0x0000000711100000| Complete 
| 240|0x0000000711200000, 0x0000000711300000, 0x0000000711300000|100%| E|CS|TAMS 0x0000000711200000, 0x0000000711200000| Complete 
| 241|0x0000000711300000, 0x0000000711400000, 0x0000000711400000|100%| E|CS|TAMS 0x0000000711300000, 0x0000000711300000| Complete 
| 242|0x0000000711400000, 0x0000000711500000, 0x0000000711500000|100%| E|CS|TAMS 0x0000000711400000, 0x0000000711400000| Complete 
| 243|0x0000000711500000, 0x0000000711600000, 0x0000000711600000|100%| E|CS|TAMS 0x0000000711500000, 0x0000000711500000| Complete 
| 244|0x0000000711600000, 0x0000000711700000, 0x0000000711700000|100%| E|CS|TAMS 0x0000000711600000, 0x0000000711600000| Complete 
| 245|0x0000000711700000, 0x0000000711800000, 0x0000000711800000|100%| E|CS|TAMS 0x0000000711700000, 0x0000000711700000| Complete 
| 246|0x0000000711800000, 0x0000000711900000, 0x0000000711900000|100%| E|CS|TAMS 0x0000000711800000, 0x0000000711800000| Complete 
| 247|0x0000000711900000, 0x0000000711a00000, 0x0000000711a00000|100%| E|CS|TAMS 0x0000000711900000, 0x0000000711900000| Complete 
| 248|0x0000000711a00000, 0x0000000711b00000, 0x0000000711b00000|100%| E|CS|TAMS 0x0000000711a00000, 0x0000000711a00000| Complete 
| 249|0x0000000711b00000, 0x0000000711c00000, 0x0000000711c00000|100%| E|CS|TAMS 0x0000000711b00000, 0x0000000711b00000| Complete 
| 250|0x0000000711c00000, 0x0000000711d00000, 0x0000000711d00000|100%| E|CS|TAMS 0x0000000711c00000, 0x0000000711c00000| Complete 
| 251|0x0000000711d00000, 0x0000000711e00000, 0x0000000711e00000|100%| E|CS|TAMS 0x0000000711d00000, 0x0000000711d00000| Complete 
| 252|0x0000000711e00000, 0x0000000711f00000, 0x0000000711f00000|100%| E|CS|TAMS 0x0000000711e00000, 0x0000000711e00000| Complete 
| 253|0x0000000711f00000, 0x0000000712000000, 0x0000000712000000|100%| E|CS|TAMS 0x0000000711f00000, 0x0000000711f00000| Complete 

Card table byte_map: [0x000001ec35b10000,0x000001ec36300000] _byte_map_base: 0x000001ec322ff000

Marking Bits (Prev, Next): (CMBitMap*) 0x000001ec1d629190, (CMBitMap*) 0x000001ec1d629158
 Prev Bits: [0x000001ec3aa70000, 0x000001ec3e9e8000)
 Next Bits: [0x000001ec36af0000, 0x000001ec3aa68000)

Polling page: 0x000001ec1b570000

Metaspace:

Usage:
  Non-class:     27.57 MB capacity,    27.17 MB ( 99%) used,   322.71 KB (  1%) free+waste,    83.19 KB ( <1%) overhead. 
      Class:      3.78 MB capacity,     3.51 MB ( 93%) used,   233.54 KB (  6%) free+waste,    38.94 KB (  1%) overhead. 
       Both:     31.35 MB capacity,    30.69 MB ( 98%) used,   556.25 KB (  2%) free+waste,   122.13 KB ( <1%) overhead. 

Virtual space:
  Non-class space:       28.00 MB reserved,      27.75 MB (>99%) committed 
      Class space:        1.00 GB reserved,       3.88 MB ( <1%) committed 
             Both:        1.03 GB reserved,      31.63 MB (  3%) committed 

Chunk freelists:
   Non-Class:  56.00 KB
       Class:  2.00 KB
        Both:  58.00 KB

MaxMetaspaceSize: 17179869184.00 GB
CompressedClassSpaceSize: 1.00 GB
Initial GC threshold: 20.80 MB
Current GC threshold: 35.00 MB
CDS: off

CodeHeap 'non-profiled nmethods': size=120000Kb used=1252Kb max_used=1252Kb free=118747Kb
 bounds [0x000001ec2d8a0000, 0x000001ec2db10000, 0x000001ec34dd0000]
CodeHeap 'profiled nmethods': size=120000Kb used=5586Kb max_used=5586Kb free=114413Kb
 bounds [0x000001ec26370000, 0x000001ec268f0000, 0x000001ec2d8a0000]
CodeHeap 'non-nmethods': size=5760Kb used=1192Kb max_used=1225Kb free=4567Kb
 bounds [0x000001ec25dd0000, 0x000001ec26040000, 0x000001ec26370000]
 total_blobs=3105 nmethods=2648 adapters=369
 compilation: enabled
              stopped_count=0, restarted_count=0
 full_count=0

Compilation events (20 events):
Event: 1.369 Thread 0x000001ec420c3000 nmethod 2512 0x000001ec2686fe90 code [0x000001ec26870060, 0x000001ec26870348]
Event: 1.369 Thread 0x000001ec420c3000 2514   !   3       org.springframework.core.type.filter.AbstractTypeHierarchyTraversingFilter::match (305 bytes)
Event: 1.369 Thread 0x000001ec420be800 nmethod 2481 0x000001ec2d9d1c10 code [0x000001ec2d9d1da0, 0x000001ec2d9d1e28]
Event: 1.369 Thread 0x000001ec420be800 2485       4       java.util.stream.AbstractPipeline::isParallel (8 bytes)
Event: 1.370 Thread 0x000001ec420be800 nmethod 2485 0x000001ec2d9d1f10 code [0x000001ec2d9d20a0, 0x000001ec2d9d2118]
Event: 1.370 Thread 0x000001ec420c3000 nmethod 2514 0x000001ec26870410 code [0x000001ec26870920, 0x000001ec268731c8]
Event: 1.370 Thread 0x000001ec420c3000 2515       3       java.lang.Class::getConstructor0 (83 bytes)
Event: 1.371 Thread 0x000001ec420be800 2521       4       java.util.Arrays::copyOf (40 bytes)
Event: 1.371 Thread 0x000001ec420c3000 nmethod 2515 0x000001ec26873e10 code [0x000001ec26874080, 0x000001ec26874aa8]
Event: 1.371 Thread 0x000001ec420c3000 2513       3       org.springframework.context.annotation.ConfigurationClassParser$SourceClass::<init> (49 bytes)
Event: 1.371 Thread 0x000001ec420c3000 nmethod 2513 0x000001ec26874e90 code [0x000001ec26875140, 0x000001ec26876088]
Event: 1.371 Thread 0x000001ec420c3000 2519       3       java.util.stream.AbstractPipeline::wrapAndCopyInto (18 bytes)
Event: 1.372 Thread 0x000001ec420c3000 nmethod 2519 0x000001ec26876510 code [0x000001ec26876700, 0x000001ec26876b08]
Event: 1.372 Thread 0x000001ec420c3000 2520       3       java.util.stream.AbstractPipeline::copyInto (54 bytes)
Event: 1.372 Thread 0x000001ec420c3000 nmethod 2520 0x000001ec26876c90 code [0x000001ec26876ec0, 0x000001ec268775d8]
Event: 1.372 Thread 0x000001ec420c3000 2516       3       java.util.stream.ReferencePipeline::filter (22 bytes)
Event: 1.372 Thread 0x000001ec420c3000 nmethod 2516 0x000001ec26877810 code [0x000001ec26877a00, 0x000001ec26877f38]
Event: 1.372 Thread 0x000001ec420c3000 2517       3       java.util.stream.ReferencePipeline$2::<init> (20 bytes)
Event: 1.373 Thread 0x000001ec420c3000 nmethod 2517 0x000001ec26878190 code [0x000001ec26878360, 0x000001ec26878648]
Event: 1.373 Thread 0x000001ec420c3000 2523       3       org.springframework.boot.autoconfigure.condition.FilteringSpringBootCondition::filter (82 bytes)

GC Heap History (6 events):
Event: 0.432 GC heap before
{Heap before GC invocations=0 (full 0):
 garbage-first heap   total 260096K, used 24576K [0x0000000702200000, 0x0000000800000000)
  region size 1024K, 24 young (24576K), 0 survivors (0K)
 Metaspace       used 11432K, capacity 11646K, committed 11904K, reserved 1060864K
  class space    used 1067K, capacity 1133K, committed 1152K, reserved 1048576K
}
Event: 0.434 GC heap after
{Heap after GC invocations=1 (full 0):
 garbage-first heap   total 260096K, used 7724K [0x0000000702200000, 0x0000000800000000)
  region size 1024K, 3 young (3072K), 3 survivors (3072K)
 Metaspace       used 11432K, capacity 11646K, committed 11904K, reserved 1060864K
  class space    used 1067K, capacity 1133K, committed 1152K, reserved 1048576K
}
Event: 0.889 GC heap before
{Heap before GC invocations=1 (full 0):
 garbage-first heap   total 260096K, used 54828K [0x0000000702200000, 0x0000000800000000)
  region size 1024K, 50 young (51200K), 3 survivors (3072K)
 Metaspace       used 20697K, capacity 21154K, committed 21248K, reserved 1069056K
  class space    used 2295K, capacity 2503K, committed 2560K, reserved 1048576K
}
Event: 0.892 GC heap after
{Heap after GC invocations=2 (full 0):
 garbage-first heap   total 260096K, used 9766K [0x0000000702200000, 0x0000000800000000)
  region size 1024K, 5 young (5120K), 5 survivors (5120K)
 Metaspace       used 20697K, capacity 21154K, committed 21248K, reserved 1069056K
  class space    used 2295K, capacity 2503K, committed 2560K, reserved 1048576K
}
Event: 1.189 GC heap before
{Heap before GC invocations=3 (full 0):
 garbage-first heap   total 260096K, used 55846K [0x0000000702200000, 0x0000000800000000)
  region size 1024K, 51 young (52224K), 5 survivors (5120K)
 Metaspace       used 27390K, capacity 28056K, committed 28288K, reserved 1075200K
  class space    used 3112K, capacity 3352K, committed 3456K, reserved 1048576K
}
Event: 1.193 GC heap after
{Heap after GC invocations=4 (full 0):
 garbage-first heap   total 260096K, used 12082K [0x0000000702200000, 0x0000000800000000)
  region size 1024K, 5 young (5120K), 5 survivors (5120K)
 Metaspace       used 27390K, capacity 28056K, committed 28288K, reserved 1075200K
  class space    used 3112K, capacity 3352K, committed 3456K, reserved 1048576K
}

Deoptimization events (20 events):
Event: 1.264 Thread 0x000001ec1d5c9800 DEOPT PACKING pc=0x000001ec267cfec5 sp=0x00000006484fe2d0
Event: 1.264 Thread 0x000001ec1d5c9800 DEOPT UNPACKING pc=0x000001ec25e1a95e sp=0x00000006484fd7a8 mode 0
Event: 1.264 Thread 0x000001ec1d5c9800 DEOPT PACKING pc=0x000001ec264b12c6 sp=0x00000006484fe2a0
Event: 1.264 Thread 0x000001ec1d5c9800 DEOPT UNPACKING pc=0x000001ec25e1a95e sp=0x00000006484fd7b8 mode 0
Event: 1.264 Thread 0x000001ec1d5c9800 DEOPT PACKING pc=0x000001ec267cfec5 sp=0x00000006484fe2d0
Event: 1.264 Thread 0x000001ec1d5c9800 DEOPT UNPACKING pc=0x000001ec25e1a95e sp=0x00000006484fd7a8 mode 0
Event: 1.264 Thread 0x000001ec1d5c9800 DEOPT PACKING pc=0x000001ec264b12c6 sp=0x00000006484fe2a0
Event: 1.264 Thread 0x000001ec1d5c9800 DEOPT UNPACKING pc=0x000001ec25e1a95e sp=0x00000006484fd7b8 mode 0
Event: 1.264 Thread 0x000001ec1d5c9800 DEOPT PACKING pc=0x000001ec267cfec5 sp=0x00000006484fe2d0
Event: 1.264 Thread 0x000001ec1d5c9800 DEOPT UNPACKING pc=0x000001ec25e1a95e sp=0x00000006484fd7a8 mode 0
Event: 1.264 Thread 0x000001ec1d5c9800 DEOPT PACKING pc=0x000001ec264b12c6 sp=0x00000006484fe2a0
Event: 1.264 Thread 0x000001ec1d5c9800 DEOPT UNPACKING pc=0x000001ec25e1a95e sp=0x00000006484fd7b8 mode 0
Event: 1.312 Thread 0x000001ec4353b000 Uncommon trap: trap_request=0xffffff4d fr.pc=0x000001ec2d9227d0 relative=0x00000000000004b0
Event: 1.312 Thread 0x000001ec4353b000 Uncommon trap: reason=unstable_if action=reinterpret pc=0x000001ec2d9227d0 method=jdk.internal.org.objectweb.asm.Type.getArgumentsAndReturnSizes(Ljava/lang/String;)I @ 47 c2
Event: 1.312 Thread 0x000001ec4353b000 DEOPT PACKING pc=0x000001ec2d9227d0 sp=0x0000000649dfc500
Event: 1.312 Thread 0x000001ec4353b000 DEOPT UNPACKING pc=0x000001ec25e1a1af sp=0x0000000649dfc490 mode 2
Event: 1.312 Thread 0x000001ec4353b000 Uncommon trap: trap_request=0xffffff4d fr.pc=0x000001ec2d99d128 relative=0x00000000000039e8
Event: 1.312 Thread 0x000001ec4353b000 Uncommon trap: reason=unstable_if action=reinterpret pc=0x000001ec2d99d128 method=jdk.internal.org.objectweb.asm.Frame.push(Ljdk/internal/org/objectweb/asm/ClassWriter;Ljava/lang/String;)V @ 18 c2
Event: 1.312 Thread 0x000001ec4353b000 DEOPT PACKING pc=0x000001ec2d99d128 sp=0x0000000649dfc500
Event: 1.312 Thread 0x000001ec4353b000 DEOPT UNPACKING pc=0x000001ec25e1a1af sp=0x0000000649dfc420 mode 2

Classes redefined (0 events):
No events

Internal exceptions (20 events):
Event: 0.973 Thread 0x000001ec1d5c9800 Exception <a 'java/lang/ClassNotFoundException'{0x000000071136dbc8}: org/springframework/core/OrderedCustomizer> (0x000000071136dbc8) thrown at [./src/hotspot/share/classfile/systemDictionary.cpp, line 233]
Event: 0.974 Thread 0x000001ec1d5c9800 Exception <a 'java/lang/ClassNotFoundException'{0x0000000711380118}: org/springframework/context/ResourceLoaderAwareCustomizer> (0x0000000711380118) thrown at [./src/hotspot/share/classfile/systemDictionary.cpp, line 233]
Event: 0.974 Thread 0x000001ec1d5c9800 Exception <a 'java/lang/ClassNotFoundException'{0x0000000711391640}: org/springframework/beans/factory/AwareCustomizer> (0x0000000711391640) thrown at [./src/hotspot/share/classfile/systemDictionary.cpp, line 233]
Event: 0.974 Thread 0x000001ec1d5c9800 Exception <a 'java/lang/ClassNotFoundException'{0x00000007113a39b0}: org/springframework/context/ApplicationStartupAwareCustomizer> (0x00000007113a39b0) thrown at [./src/hotspot/share/classfile/systemDictionary.cpp, line 233]
Event: 0.975 Thread 0x000001ec1d5c9800 Exception <a 'java/lang/ClassNotFoundException'{0x00000007113e6350}: org/springframework/beans/factory/AwareCustomizer> (0x00000007113e6350) thrown at [./src/hotspot/share/classfile/systemDictionary.cpp, line 233]
Event: 0.975 Thread 0x000001ec1d5c9800 Exception <a 'java/lang/ClassNotFoundException'{0x00000007113f8bd8}: org/springframework/beans/factory/BeanClassLoaderAwareCustomizer> (0x00000007113f8bd8) thrown at [./src/hotspot/share/classfile/systemDictionary.cpp, line 233]
Event: 0.975 Thread 0x000001ec1d5c9800 Exception <a 'java/lang/ClassNotFoundException'{0x000000071123bb88}: org/springframework/beans/factory/AwareCustomizer> (0x000000071123bb88) thrown at [./src/hotspot/share/classfile/systemDictionary.cpp, line 233]
Event: 0.975 Thread 0x000001ec1d5c9800 Exception <a 'java/lang/ClassNotFoundException'{0x000000071124ceb0}: org/springframework/context/EnvironmentAwareCustomizer> (0x000000071124ceb0) thrown at [./src/hotspot/share/classfile/systemDictionary.cpp, line 233]
Event: 0.976 Thread 0x000001ec1d5c9800 Exception <a 'java/lang/ClassNotFoundException'{0x000000071125e368}: org/springframework/beans/factory/AwareCustomizer> (0x000000071125e368) thrown at [./src/hotspot/share/classfile/systemDictionary.cpp, line 233]
Event: 1.071 Thread 0x000001ec4353b000 Exception <a 'java/lang/NoSuchMethodError'{0x00000007105bdfc8}: 'java.lang.Object java.lang.invoke.DirectMethodHandle$Holder.invokeStaticInit(java.lang.Object, java.lang.Object, java.lang.Object, java.lang.Object, java.lang.Object)'> (0x00000007105bdfc8) thrown at [./src/hotspot/share/interpreter/linkResolver.cpp, line 773]
Event: 1.077 Thread 0x000001ec4353b000 Exception <a 'java/lang/NoSuchMethodError'{0x00000007104d3410}: 'java.lang.Object java.lang.invoke.DirectMethodHandle$Holder.invokeSpecial(java.lang.Object, java.lang.Object, int, int, java.lang.Object, java.lang.Object, java.lang.Object)'> (0x00000007104d3410) thrown at [./src/hotspot/share/interpreter/linkResolver.cpp, line 773]
Event: 1.077 Thread 0x000001ec4353b000 Exception <a 'java/lang/NoSuchMethodError'{0x00000007104d69a0}: 'java.lang.Object java.lang.invoke.DelegatingMethodHandle$Holder.reinvoke_L(java.lang.Object, int, int, java.lang.Object, java.lang.Object, java.lang.Object)'> (0x00000007104d69a0) thrown at [./src/hotspot/share/interpreter/linkResolver.cpp, line 773]
Event: 1.077 Thread 0x000001ec4353b000 Exception <a 'java/lang/NoSuchMethodError'{0x00000007104da880}: 'java.lang.Object java.lang.invoke.DirectMethodHandle$Holder.invokeStatic(java.lang.Object, java.lang.Object, java.lang.Object, java.lang.Object, int)'> (0x00000007104da880) thrown at [./src/hotspot/share/interpreter/linkResolver.cpp, line 773]
Event: 1.259 Thread 0x000001ec1d5c9800 Exception <a 'java/lang/IncompatibleClassChangeError'{0x0000000711294f48}: Found class java.lang.Object, but interface was expected> (0x0000000711294f48) thrown at [./src/hotspot/share/interpreter/linkResolver.cpp, line 839]
Event: 1.312 Thread 0x000001ec4353b000 Exception <a 'java/lang/NoSuchMethodError'{0x00000007108eb6d8}: 'long java.lang.invoke.DirectMethodHandle$Holder.invokeSpecial(java.lang.Object, java.lang.Object)'> (0x00000007108eb6d8) thrown at [./src/hotspot/share/interpreter/linkResolver.cpp, line 773]
Event: 1.314 Thread 0x000001ec4353b000 Exception <a 'java/lang/NoSuchMethodError'{0x00000007108f5a90}: 'long java.lang.invoke.DirectMethodHandle$Holder.invokeStatic(java.lang.Object, java.lang.Object)'> (0x00000007108f5a90) thrown at [./src/hotspot/share/interpreter/linkResolver.cpp, line 773]
Event: 1.314 Thread 0x000001ec4353b000 Exception <a 'java/lang/NoSuchMethodError'{0x00000007108f88b8}: 'long java.lang.invoke.DirectMethodHandle$Holder.invokeStaticInit(java.lang.Object, java.lang.Object)'> (0x00000007108f88b8) thrown at [./src/hotspot/share/interpreter/linkResolver.cpp, line 773]
Event: 1.315 Thread 0x000001ec4353b000 Exception <a 'java/lang/NoSuchMethodError'{0x00000007107054a0}: 'long java.lang.invoke.DirectMethodHandle$Holder.invokeInterface(java.lang.Object, java.lang.Object)'> (0x00000007107054a0) thrown at [./src/hotspot/share/interpreter/linkResolver.cpp, line 773]
Event: 1.315 Thread 0x000001ec4353b000 Exception <a 'java/lang/IncompatibleClassChangeError'{0x0000000710708238}: Found class java.lang.Object, but interface was expected> (0x0000000710708238) thrown at [./src/hotspot/share/interpreter/linkResolver.cpp, line 839]
Event: 1.324 Thread 0x000001ec4353b000 Exception <a 'java/lang/NoSuchMethodError'{0x000000071065dd58}: 'java.lang.Object java.lang.invoke.DirectMethodHandle$Holder.invokeVirtual(java.lang.Object, java.lang.Object, java.lang.Object, java.lang.Object)'> (0x000000071065dd58) thrown at [./src/hotspot/share/interpreter/linkResolver.cpp, line 773]

Events (20 events):
Event: 1.355 loading class org/webjars/WebJarAssetLocator
Event: 1.355 loading class org/webjars/WebJarAssetLocator done
Event: 1.355 loading class org/webjars$WebJarAssetLocator
Event: 1.355 loading class org/webjars$WebJarAssetLocator done
Event: 1.359 loading class org/aspectj/weaver/Advice
Event: 1.359 loading class org/aspectj/weaver/Advice done
Event: 1.360 loading class org/aspectj/weaver/ShadowMunger
Event: 1.360 loading class org/aspectj/weaver/ShadowMunger done
Event: 1.360 loading class org/aspectj/util/PartialOrder$PartialComparable
Event: 1.360 loading class org/aspectj/util/PartialOrder$PartialComparable done
Event: 1.360 loading class org/aspectj/weaver/IHasPosition
Event: 1.360 loading class org/aspectj/weaver/IHasPosition done
Event: 1.362 loading class org/springframework/context/annotation/EnableAspectJAutoProxy
Event: 1.362 loading class org/springframework/context/annotation/EnableAspectJAutoProxy done
Event: 1.362 loading class org/springframework/context/annotation/AspectJAutoProxyRegistrar
Event: 1.362 loading class org/springframework/context/annotation/AspectJAutoProxyRegistrar done
Event: 1.369 loading class com/fasterxml/jackson/module/paramnames/ParameterNamesModule
Event: 1.369 loading class com/fasterxml/jackson/module/paramnames/ParameterNamesModule done
Event: 1.373 loading class org/springframework/boot/autoconfigure/condition/ConditionalOnJndi
Event: 1.373 loading class org/springframework/boot/autoconfigure/condition/ConditionalOnJndi done


Dynamic libraries:
0x00007ff705970000 - 0x00007ff70597d000 	C:\Program Files\Zulu\zulu-11\bin\java.exe
0x00007ffa9a0f0000 - 0x00007ffa9a2e8000 	C:\Windows\SYSTEM32\ntdll.dll
0x00007ffa99f90000 - 0x00007ffa9a04f000 	C:\Windows\System32\KERNEL32.DLL
0x00007ffa97850000 - 0x00007ffa97b22000 	C:\Windows\System32\KERNELBASE.dll
0x00007ffa97cc0000 - 0x00007ffa97dc0000 	C:\Windows\System32\ucrtbase.dll
0x00007ffa7d1c0000 - 0x00007ffa7d1d5000 	C:\Program Files\Zulu\zulu-11\bin\VCRUNTIME140.dll
0x00007ffa7d1e0000 - 0x00007ffa7d1f7000 	C:\Program Files\Zulu\zulu-11\bin\jli.dll
0x00007ffa991f0000 - 0x00007ffa99391000 	C:\Windows\System32\USER32.dll
0x00007ffa88160000 - 0x00007ffa883fa000 	C:\Windows\WinSxS\amd64_microsoft.windows.common-controls_6595b64144ccf1df_6.0.19041.1110_none_60b5254171f9507e\COMCTL32.dll
0x00007ffa97c90000 - 0x00007ffa97cb2000 	C:\Windows\System32\win32u.dll
0x00007ffa98ad0000 - 0x00007ffa98afb000 	C:\Windows\System32\GDI32.dll
0x00007ffa98ba0000 - 0x00007ffa98c3e000 	C:\Windows\System32\msvcrt.dll
0x00007ffa97f20000 - 0x00007ffa9802f000 	C:\Windows\System32\gdi32full.dll
0x00007ffa97b60000 - 0x00007ffa97bfd000 	C:\Windows\System32\msvcp_win.dll
0x00007ffa99470000 - 0x00007ffa994a2000 	C:\Windows\System32\IMM32.DLL
0x00007ffa7d120000 - 0x00007ffa7d1bb000 	C:\Program Files\Zulu\zulu-11\bin\msvcp140.dll
0x00007ffa426a0000 - 0x00007ffa43236000 	C:\Program Files\Zulu\zulu-11\bin\server\jvm.dll
0x00007ffa982d0000 - 0x00007ffa9837e000 	C:\Windows\System32\ADVAPI32.dll
0x00007ffa98b00000 - 0x00007ffa98b9c000 	C:\Windows\System32\sechost.dll
0x00007ffa990b0000 - 0x00007ffa991d5000 	C:\Windows\System32\RPCRT4.dll
0x00007ffa996c0000 - 0x00007ffa996c8000 	C:\Windows\System32\PSAPI.DLL
0x00007ffa90250000 - 0x00007ffa90277000 	C:\Windows\SYSTEM32\WINMM.dll
0x00007ffa80b90000 - 0x00007ffa80b99000 	C:\Windows\SYSTEM32\WSOCK32.dll
0x00007ffa91330000 - 0x00007ffa9133a000 	C:\Windows\SYSTEM32\VERSION.dll
0x00007ffa993a0000 - 0x00007ffa9940b000 	C:\Windows\System32\WS2_32.dll
0x00007ffa95680000 - 0x00007ffa95692000 	C:\Windows\SYSTEM32\kernel.appcore.dll
0x00007ffa7d110000 - 0x00007ffa7d120000 	C:\Program Files\Zulu\zulu-11\bin\verify.dll
0x00007ffa88d40000 - 0x00007ffa88f24000 	C:\Windows\SYSTEM32\DBGHELP.DLL
0x00007ffa7dd50000 - 0x00007ffa7dd85000 	C:\Windows\SYSTEM32\dbgcore.DLL
0x00007ffa97c00000 - 0x00007ffa97c82000 	C:\Windows\System32\bcryptPrimitives.dll
0x00007ffa7d0e0000 - 0x00007ffa7d108000 	C:\Program Files\Zulu\zulu-11\bin\java.dll
0x00007ffa7d0d0000 - 0x00007ffa7d0da000 	C:\Program Files\Zulu\zulu-11\bin\jimage.dll
0x00007ffa92dc0000 - 0x00007ffa92dce000 	C:\Program Files\Zulu\zulu-11\bin\instrument.dll
0x00007ffa7d0b0000 - 0x00007ffa7d0c8000 	C:\Program Files\Zulu\zulu-11\bin\zip.dll
0x00007ffa98380000 - 0x00007ffa98ac4000 	C:\Windows\System32\SHELL32.dll
0x00007ffa95880000 - 0x00007ffa96012000 	C:\Windows\SYSTEM32\windows.storage.dll
0x00007ffa99b80000 - 0x00007ffa99ed5000 	C:\Windows\System32\combase.dll
0x00007ffa97160000 - 0x00007ffa97190000 	C:\Windows\SYSTEM32\Wldp.dll
0x00007ffa99ee0000 - 0x00007ffa99f8d000 	C:\Windows\System32\SHCORE.dll
0x00007ffa99410000 - 0x00007ffa99465000 	C:\Windows\System32\shlwapi.dll
0x00007ffa97720000 - 0x00007ffa9773f000 	C:\Windows\SYSTEM32\profapi.dll
0x00007ffa7d090000 - 0x00007ffa7d0a9000 	C:\Program Files\Zulu\zulu-11\bin\net.dll
0x00007ffa92a50000 - 0x00007ffa92b5c000 	C:\Windows\SYSTEM32\WINHTTP.dll
0x00007ffa96ea0000 - 0x00007ffa96f0a000 	C:\Windows\system32\mswsock.dll
0x00007ffa7bd60000 - 0x00007ffa7bd73000 	C:\Program Files\Zulu\zulu-11\bin\nio.dll
0x00007ffa842f0000 - 0x00007ffa8430a000 	C:\Program Files\JetBrains\IntelliJ IDEA Community Edition 2022.3.2\bin\breakgen64.dll
0x00007ffa92e40000 - 0x00007ffa92e49000 	C:\Program Files\Zulu\zulu-11\bin\management.dll
0x00007ffa90b10000 - 0x00007ffa90b1b000 	C:\Program Files\Zulu\zulu-11\bin\management_ext.dll
0x00007ffa85ee0000 - 0x00007ffa85ef7000 	C:\Windows\system32\napinsp.dll
0x00007ffa85ea0000 - 0x00007ffa85ebb000 	C:\Windows\system32\pnrpnsp.dll
0x00007ffa85e60000 - 0x00007ffa85e75000 	C:\Windows\system32\wshbth.dll
0x00007ffa92cd0000 - 0x00007ffa92ced000 	C:\Windows\system32\NLAapi.dll
0x00007ffa96b90000 - 0x00007ffa96bcb000 	C:\Windows\SYSTEM32\IPHLPAPI.DLL
0x00007ffa96bd0000 - 0x00007ffa96c9a000 	C:\Windows\SYSTEM32\DNSAPI.dll
0x00007ffa991e0000 - 0x00007ffa991e8000 	C:\Windows\System32\NSI.dll
0x00007ffa85cc0000 - 0x00007ffa85cd2000 	C:\Windows\System32\winrnr.dll
0x00007ffa86100000 - 0x00007ffa8610a000 	C:\Windows\System32\rasadhlp.dll
0x00007ffa91340000 - 0x00007ffa913c0000 	C:\Windows\System32\fwpuclnt.dll
0x00007ffa97b30000 - 0x00007ffa97b57000 	C:\Windows\System32\bcrypt.dll

dbghelp: loaded successfully - version: 4.0.5 - missing functions: none
symbol engine: initialized successfully - sym options: 0x614 - pdb path: .;C:\Program Files\Zulu\zulu-11\bin;C:\Windows\SYSTEM32;C:\Windows\WinSxS\amd64_microsoft.windows.common-controls_6595b64144ccf1df_6.0.19041.1110_none_60b5254171f9507e;C:\Program Files\Zulu\zulu-11\bin\server;C:\Program Files\JetBrains\IntelliJ IDEA Community Edition 2022.3.2\bin

VM Arguments:
jvm_args: -javaagent:C:\Program Files\JetBrains\IntelliJ IDEA Community Edition 2022.3.2\lib\idea_rt.jar=64175:C:\Program Files\JetBrains\IntelliJ IDEA Community Edition 2022.3.2\bin -Dfile.encoding=UTF-8 
java_command: com.project.chamong.ChamongApplication
java_class_path (initial): C:\Users\Administrator\Desktop\chamong_main - 0321\seb42_main_003\server\out\production\classes;C:\Users\Administrator\Desktop\chamong_main - 0321\seb42_main_003\server\out\production\resources;C:\Users\Administrator\.gradle\caches\modules-2\files-2.1\org.springframework.boot\spring-boot-starter-data-jpa\2.7.9\5af4a206fd4eaac881b7d96ca1ef19b2111a355c\spring-boot-starter-data-jpa-2.7.9.jar;C:\Users\Administrator\.gradle\caches\modules-2\files-2.1\org.springframework.boot\spring-boot-starter-validation\2.7.9\7cfc9801c13eefd3d20499c2371d921eb11c328\spring-boot-starter-validation-2.7.9.jar;C:\Users\Administrator\.gradle\caches\modules-2\files-2.1\org.springframework.boot\spring-boot-starter-security\2.7.9\ca8e422a56493e99a7c8c9d56d92091256d9fed7\spring-boot-starter-security-2.7.9.jar;C:\Users\Administrator\.gradle\caches\modules-2\files-2.1\org.springframework.boot\spring-boot-starter-web\2.7.9\e745a069e2b7ca51e378fcbc397d14dd82178199\spring-boot-starter-web-2.7.9.jar;C:\Users\Administrator\.gradle\caches\modules-2\files-2.1\org.springframework.boot\spring-boot-starter-data-redis\2.7.9\7aa0e971c046ade09793b1f1b1af26a5ef24cbf2\spring-boot-starter-data-redis-2.7.9.jar;C:\Users\Administrator\.gradle\caches\modules-2\files-2.1\org.apache.httpcomponents.client5\httpclient5\5.2.1\c900514d3446d9ce5d9dbd90c21192048125440\httpclient5-5.2.1.jar;C:\Users\Administrator\.gradle\caches\modules-2\files-2.1\org.json\json\20200518\41a767de4bde8f01d53856b905c49b2db8862f13\json-20200518.jar;C:\Users\Administrator\.gradle\caches\modules-2\files-2.1\org.mapstruct\mapstruct\1.5.3.Final\5f5d063858957ef086858bc3d003f702082297f3\mapstruct-1.5.3.Final.jar;C:\Users\Administrator\.gradle\caches\modules-2\files-2.1\com.google.code.gson\gson\2.9.1\2cc2131b98ebfb04e2b2c7dfb84431f4045096b\gson-2.9.1.jar;C:\Users\Administrator\.gradle\caches\modules-2\files-2.1\io.jsonwebtoken\jjwt-api\0.11.5\f742940045619d06383e7df37b21ac422b476cf1\jjwt-api-0.11.5.jar;C:\Users\Administrato
Launcher Type: SUN_STANDARD

[Global flags]
     intx CICompilerCount                          = 4                                         {product} {ergonomic}
     uint ConcGCThreads                            = 3                                         {product} {ergonomic}
     uint G1ConcRefinementThreads                  = 10                                        {product} {ergonomic}
   size_t G1HeapRegionSize                         = 1048576                                   {product} {ergonomic}
    uintx GCDrainStackTargetSize                   = 64                                        {product} {ergonomic}
   size_t InitialHeapSize                          = 266338304                                 {product} {ergonomic}
   size_t MarkStackSize                            = 4194304                                   {product} {ergonomic}
   size_t MaxHeapSize                              = 4259315712                                {product} {ergonomic}
   size_t MaxNewSize                               = 2555379712                                {product} {ergonomic}
   size_t MinHeapDeltaBytes                        = 1048576                                   {product} {ergonomic}
    uintx NonNMethodCodeHeapSize                   = 5836300                                {pd product} {ergonomic}
    uintx NonProfiledCodeHeapSize                  = 122910970                              {pd product} {ergonomic}
    uintx ProfiledCodeHeapSize                     = 122910970                              {pd product} {ergonomic}
    uintx ReservedCodeCacheSize                    = 251658240                              {pd product} {ergonomic}
     bool SegmentedCodeCache                       = true                                      {product} {ergonomic}
     bool UseCompressedClassPointers               = true                                 {lp64_product} {ergonomic}
     bool UseCompressedOops                        = true                                 {lp64_product} {ergonomic}
     bool UseG1GC                                  = true                                      {product} {ergonomic}
     bool UseLargePagesIndividualAllocation        = false                                  {pd product} {ergonomic}

Logging:
Log output configuration:
 #0: stdout all=warning uptime,level,tags
 #1: stderr all=off uptime,level,tags

Environment Variables:
JAVA_HOME=C:\Program Files\Zulu\zulu-11
JRE_HOME=C:\Program Files\Zulu\zulu-11\jre\
CLASSPATH=C:\Program Files\Zulu\zulu-11\lib
PATH=C:\Program Files\Zulu\zulu-11\bin\;C:\Windows\system32;C:\Windows;C:\Windows\system32;C:\Windows;C:\Program Files (x86)\NAT Service;C:\Windows\system32;C:\Windows;C:\Windows\System32\Wbem;C:\Windows\System32\WindowsPowerShell\v1.0\;C:\Windows\System32\OpenSSH\;C:\Program Files\Bandizip\;C:\Program Files\Zulu\zulu-11\bin;C:\Program Files (x86)\NVIDIA Corporation\PhysX\Common;C:\Program Files\NVIDIA Corporation\NVIDIA NvDLISR;C:\Program Files\dotnet\;C:\Program Files\Git\cmd;C:\Apache24\bin;C:\Program Files\PuTTY\;C:\Users\Administrator\AppData\Local\Microsoft\WindowsApps;
USERNAME=Administrator
OS=Windows_NT
PROCESSOR_IDENTIFIER=Intel64 Family 6 Model 151 Stepping 5, GenuineIntel
TMP=C:\Users\ADMINI~1\AppData\Local\Temp
TEMP=C:\Users\ADMINI~1\AppData\Local\Temp



---------------  S Y S T E M  ---------------

OS: Windows 10 , 64 bit Build 19041 (10.0.19041.2364)
OS uptime: 0 days 13:44 hours
Hyper-V role detected

CPU:total 12 (initial active 12) (6 cores per cpu, 2 threads per core) family 6 model 151 stepping 5 microcode 0x1a, cmov, cx8, fxsr, mmx, sse, sse2, sse3, ssse3, sse4.1, sse4.2, popcnt, avx, avx2, aes, clmul, erms, 3dnowpref, lzcnt, ht, tsc, tscinvbit, bmi1, bmi2, adx, sha, fma

Memory: 4k page, system-wide physical 16243M (5220M free)
TotalPageFile size 19169M (AvailPageFile size 2M)
current process WorkingSet (physical memory assigned to process): 191M, peak: 195M
current process commit charge ("private bytes"): 430M, peak: 432M

vm_info: OpenJDK 64-Bit Server VM (11.0.18+10-LTS) for windows-amd64 JRE (Zulu11.62+17-CA) (11.0.18+10-LTS), built on Jan  4 2023 15:02:54 by "zulu_re" with MS VC++ 15.9 (VS2017)

END.
