#
# There is insufficient memory for the Java Runtime Environment to continue.
# Native memory allocation (malloc) failed to allocate 1292336 bytes for Chunk::new
# Possible reasons:
#   The system is out of physical RAM or swap space
#   The process is running with CompressedOops enabled, and the Java Heap may be blocking the growth of the native heap
# Possible solutions:
#   Reduce memory load on the system
#   Increase physical memory or swap space
#   Check if swap backing store is full
#   Decrease Java heap size (-Xmx/-Xms)
#   Decrease number of Java threads
#   Decrease Java thread stack sizes (-Xss)
#   Set larger code cache with -XX:ReservedCodeCacheSize=
#   JVM is running with Zero Based Compressed Oops mode in which the Java heap is
#     placed in the first 32GB address space. The Java Heap base address is the
#     maximum limit for the native heap growth. Please use -XX:HeapBaseMinAddress
#     to set the Java Heap base and to place the Java Heap above 32GB virtual address.
# This output file may be truncated or incomplete.
#
#  Out of Memory Error (./src/hotspot/share/memory/arena.cpp:197), pid=7044, tid=2424
#
# JRE version: OpenJDK Runtime Environment Zulu11.62+17-CA (11.0.18+10) (build 11.0.18+10-LTS)
# Java VM: OpenJDK 64-Bit Server VM Zulu11.62+17-CA (11.0.18+10-LTS, mixed mode, tiered, compressed oops, g1 gc, windows-amd64)
# No core dump will be written. Minidumps are not enabled by default on client versions of Windows
#

---------------  S U M M A R Y ------------

Command Line: -javaagent:C:\Program Files\JetBrains\IntelliJ IDEA Community Edition 2022.3.2\lib\idea_rt.jar=61182:C:\Program Files\JetBrains\IntelliJ IDEA Community Edition 2022.3.2\bin -Dfile.encoding=UTF-8 com.project.chamong.ChamongApplication

Host: 12th Gen Intel(R) Core(TM) i5-12400F, 12 cores, 15G,  Windows 10 , 64 bit Build 19041 (10.0.19041.2364)
Time: Wed Mar 22 21:17:23 2023  Windows 10 , 64 bit Build 19041 (10.0.19041.2364) elapsed time: 5.719723 seconds (0d 0h 0m 5s)

---------------  T H R E A D  ---------------

Current thread (0x00000265ffdac000):  JavaThread "C2 CompilerThread1" daemon [_thread_in_native, id=2424, stack(0x000000d35b400000,0x000000d35b500000)]


Current CompileTask:
C2:   5719 6427       4       jdk.internal.loader.ClassLoaders$AppClassLoader::defineOrCheckPackage (8 bytes)

Stack: [0x000000d35b400000,0x000000d35b500000]
Native frames: (J=compiled Java code, j=interpreted, Vv=VM code, C=native code)
V  [jvm.dll+0x62bdca]
V  [jvm.dll+0x7b9bc9]
V  [jvm.dll+0x7bb2b8]
V  [jvm.dll+0x7bb993]
V  [jvm.dll+0x253258]
V  [jvm.dll+0xc240c]
V  [jvm.dll+0xc29cc]
V  [jvm.dll+0x361ee7]
V  [jvm.dll+0x32d6f3]
V  [jvm.dll+0x32ca2a]
V  [jvm.dll+0x208a53]
V  [jvm.dll+0x207bad]
V  [jvm.dll+0x18a041]
V  [jvm.dll+0x2174e4]
V  [jvm.dll+0x21572b]
V  [jvm.dll+0x77c770]
V  [jvm.dll+0x775694]
V  [jvm.dll+0x62ac35]
C  [ucrtbase.dll+0x21bb2]
C  [KERNEL32.DLL+0x17614]
C  [ntdll.dll+0x526a1]


---------------  P R O C E S S  ---------------

Threads class SMR info:
_java_thread_list=0x000002658b097060, length=20, elements={
0x00000265e1096800, 0x00000265ffb76000, 0x00000265ffb80000, 0x00000265ffbed800,
0x00000265ffbef000, 0x00000265ffbf0000, 0x00000265ff2c9000, 0x00000265ff2cd800,
0x00000265ffc0a000, 0x00000265ffd72800, 0x0000026587fe9800, 0x000002658cd3c800,
0x000002658d506000, 0x000002658d53f800, 0x000002658d4fa800, 0x000002658e009000,
0x000002658dc18800, 0x00000265ffdac000, 0x000002658e431800, 0x000002658dc82800
}

Java Threads: ( => current thread )
  0x00000265e1096800 JavaThread "main" [_thread_in_native, id=4804, stack(0x000000d35a400000,0x000000d35a500000)]
  0x00000265ffb76000 JavaThread "Reference Handler" daemon [_thread_blocked, id=11720, stack(0x000000d35ab00000,0x000000d35ac00000)]
  0x00000265ffb80000 JavaThread "Finalizer" daemon [_thread_blocked, id=1756, stack(0x000000d35ac00000,0x000000d35ad00000)]
  0x00000265ffbed800 JavaThread "Signal Dispatcher" daemon [_thread_blocked, id=2964, stack(0x000000d35ad00000,0x000000d35ae00000)]
  0x00000265ffbef000 JavaThread "Attach Listener" daemon [_thread_blocked, id=13796, stack(0x000000d35ae00000,0x000000d35af00000)]
  0x00000265ffbf0000 JavaThread "Service Thread" daemon [_thread_blocked, id=11460, stack(0x000000d35af00000,0x000000d35b000000)]
  0x00000265ff2c9000 JavaThread "C2 CompilerThread0" daemon [_thread_in_native, id=13584, stack(0x000000d35b000000,0x000000d35b100000)]
  0x00000265ff2cd800 JavaThread "C1 CompilerThread0" daemon [_thread_blocked, id=6784, stack(0x000000d35b100000,0x000000d35b200000)]
  0x00000265ffc0a000 JavaThread "Sweeper thread" daemon [_thread_blocked, id=16372, stack(0x000000d35b200000,0x000000d35b300000)]
  0x00000265ffd72800 JavaThread "Common-Cleaner" daemon [_thread_blocked, id=11944, stack(0x000000d35b300000,0x000000d35b400000)]
  0x0000026587fe9800 JavaThread "Monitor Ctrl-Break" daemon [_thread_in_native, id=12064, stack(0x000000d35b500000,0x000000d35b600000)]
  0x000002658cd3c800 JavaThread "Catalina-utility-1" [_thread_blocked, id=6096, stack(0x000000d35bd00000,0x000000d35be00000)]
  0x000002658d506000 JavaThread "Catalina-utility-2" [_thread_blocked, id=12852, stack(0x000000d35c000000,0x000000d35c100000)]
  0x000002658d53f800 JavaThread "container-0" [_thread_blocked, id=10980, stack(0x000000d35c100000,0x000000d35c200000)]
  0x000002658d4fa800 JavaThread "mysql-cj-abandoned-connection-cleanup" daemon [_thread_blocked, id=4488, stack(0x000000d35c200000,0x000000d35c300000)]
  0x000002658e009000 JavaThread "HikariPool-1 housekeeper" daemon [_thread_blocked, id=11172, stack(0x000000d35c600000,0x000000d35c700000)]
  0x000002658dc18800 JavaThread "HikariPool-1 connection adder" daemon [_thread_blocked, id=13736, stack(0x000000d35c700000,0x000000d35c800000)]
=>0x00000265ffdac000 JavaThread "C2 CompilerThread1" daemon [_thread_in_native, id=2424, stack(0x000000d35b400000,0x000000d35b500000)]
  0x000002658e431800 JavaThread "lettuce-timer-3-1" daemon [_thread_blocked, id=1264, stack(0x000000d35b700000,0x000000d35b800000)]
  0x000002658dc82800 JavaThread "C2 CompilerThread2" daemon [_thread_in_native, id=15060, stack(0x000000d35c800000,0x000000d35c900000)]

Other Threads:
  0x00000265ff2c0800 VMThread "VM Thread" [stack: 0x000000d35aa00000,0x000000d35ab00000] [id=3952]
  0x0000026587fea800 WatcherThread [stack: 0x000000d35b600000,0x000000d35b700000] [id=5864]
  0x00000265e10ad800 GCTaskThread "GC Thread#0" [stack: 0x000000d35a500000,0x000000d35a600000] [id=11716]
  0x0000026588aec000 GCTaskThread "GC Thread#1" [stack: 0x000000d35b800000,0x000000d35b900000] [id=15048]
  0x0000026588d27800 GCTaskThread "GC Thread#2" [stack: 0x000000d35b900000,0x000000d35ba00000] [id=13052]
  0x0000026588e32800 GCTaskThread "GC Thread#3" [stack: 0x000000d35ba00000,0x000000d35bb00000] [id=12964]
  0x0000026588e33800 GCTaskThread "GC Thread#4" [stack: 0x000000d35bb00000,0x000000d35bc00000] [id=12796]
  0x0000026588b60000 GCTaskThread "GC Thread#5" [stack: 0x000000d35bc00000,0x000000d35bd00000] [id=8824]
  0x0000026588859800 GCTaskThread "GC Thread#6" [stack: 0x000000d35c300000,0x000000d35c400000] [id=8460]
  0x0000026588856800 GCTaskThread "GC Thread#7" [stack: 0x000000d35c400000,0x000000d35c500000] [id=11668]
  0x00000265e1109000 ConcurrentGCThread "G1 Main Marker" [stack: 0x000000d35a600000,0x000000d35a700000] [id=6776]
  0x00000265e110c800 ConcurrentGCThread "G1 Conc#0" [stack: 0x000000d35a700000,0x000000d35a800000] [id=1188]
  0x0000026588fe6800 ConcurrentGCThread "G1 Conc#1" [stack: 0x000000d35be00000,0x000000d35bf00000] [id=12700]
  0x0000026588dd8000 ConcurrentGCThread "G1 Conc#2" [stack: 0x000000d35bf00000,0x000000d35c000000] [id=15992]
  0x00000265ff1a2000 ConcurrentGCThread "G1 Refine#0" [stack: 0x000000d35a800000,0x000000d35a900000] [id=9156]
  0x00000265ff1a3800 ConcurrentGCThread "G1 Young RemSet Sampling" [stack: 0x000000d35a900000,0x000000d35aa00000] [id=12176]

Threads with active compile tasks:
C2 CompilerThread0     5740 6457       4       java.lang.String::toLowerCase (29 bytes)
C2 CompilerThread1     5740 6427       4       jdk.internal.loader.ClassLoaders$AppClassLoader::defineOrCheckPackage (8 bytes)
C2 CompilerThread2     5740 6225   !   4       org.springframework.util.ReflectionUtils::doWithMethods (207 bytes)

VM state:not at safepoint (normal execution)

VM Mutex/Monitor currently owned by a thread: None

Heap address: 0x0000000702200000, size: 4062 MB, Compressed Oops mode: Zero based, Oop shift amount: 3
Narrow klass base: 0x0000000800000000, Narrow klass shift: 0
Compressed class space size: 1073741824 Address: 0x0000000800000000

Heap:
 garbage-first heap   total 312320K, used 174724K [0x0000000702200000, 0x0000000800000000)
  region size 1024K, 163 young (166912K), 14 survivors (14336K)
 Metaspace       used 78346K, capacity 80129K, committed 80256K, reserved 1118208K
  class space    used 9866K, capacity 10566K, committed 10624K, reserved 1048576K
Heap Regions: E=young(eden), S=young(survivor), O=old, HS=humongous(starts), HC=humongous(continues), CS=collection set, F=free, A=archive, TAMS=top-at-mark-start (previous, next)
|   0|0x0000000702200000, 0x0000000702300000, 0x0000000702300000|100%|HS|  |TAMS 0x0000000702300000, 0x0000000702200000| Complete 
|   1|0x0000000702300000, 0x0000000702400000, 0x0000000702400000|100%| O|  |TAMS 0x0000000702400000, 0x0000000702300000| Untracked 
|   2|0x0000000702400000, 0x0000000702500000, 0x0000000702500000|100%| O|  |TAMS 0x0000000702500000, 0x0000000702400000| Untracked 
|   3|0x0000000702500000, 0x0000000702600000, 0x0000000702600000|100%| O|  |TAMS 0x0000000702600000, 0x0000000702500000| Untracked 
|   4|0x0000000702600000, 0x0000000702700000, 0x0000000702700000|100%| O|  |TAMS 0x0000000702700000, 0x0000000702600000| Untracked 
|   5|0x0000000702700000, 0x0000000702800000, 0x0000000702800000|100%| O|  |TAMS 0x0000000702800000, 0x0000000702700000| Untracked 
|   6|0x0000000702800000, 0x0000000702900000, 0x0000000702900000|100%| O|  |TAMS 0x0000000702900000, 0x0000000702800000| Untracked 
|   7|0x0000000702900000, 0x0000000702a00000, 0x0000000702a00000|100%| O|  |TAMS 0x0000000702a00000, 0x0000000702900000| Untracked 
|   8|0x0000000702a00000, 0x0000000702b00000, 0x0000000702b00000|100%| O|  |TAMS 0x0000000702b00000, 0x0000000702a00000| Untracked 
|   9|0x0000000702b00000, 0x0000000702b24800, 0x0000000702c00000| 14%| O|  |TAMS 0x0000000702b24800, 0x0000000702b00000| Untracked 
|  10|0x0000000702c00000, 0x0000000702c00000, 0x0000000702d00000|  0%| F|  |TAMS 0x0000000702c00000, 0x0000000702c00000| Untracked 
|  11|0x0000000702d00000, 0x0000000702d00000, 0x0000000702e00000|  0%| F|  |TAMS 0x0000000702d00000, 0x0000000702d00000| Untracked 
|  12|0x0000000702e00000, 0x0000000702e00000, 0x0000000702f00000|  0%| F|  |TAMS 0x0000000702e00000, 0x0000000702e00000| Untracked 
|  13|0x0000000702f00000, 0x0000000702f00000, 0x0000000703000000|  0%| F|  |TAMS 0x0000000702f00000, 0x0000000702f00000| Untracked 
|  14|0x0000000703000000, 0x0000000703000000, 0x0000000703100000|  0%| F|  |TAMS 0x0000000703000000, 0x0000000703000000| Untracked 
|  15|0x0000000703100000, 0x0000000703100000, 0x0000000703200000|  0%| F|  |TAMS 0x0000000703100000, 0x0000000703100000| Untracked 
|  16|0x0000000703200000, 0x0000000703200000, 0x0000000703300000|  0%| F|  |TAMS 0x0000000703200000, 0x0000000703200000| Untracked 
|  17|0x0000000703300000, 0x0000000703300000, 0x0000000703400000|  0%| F|  |TAMS 0x0000000703300000, 0x0000000703300000| Untracked 
|  18|0x0000000703400000, 0x0000000703400000, 0x0000000703500000|  0%| F|  |TAMS 0x0000000703400000, 0x0000000703400000| Untracked 
|  19|0x0000000703500000, 0x0000000703500000, 0x0000000703600000|  0%| F|  |TAMS 0x0000000703500000, 0x0000000703500000| Untracked 
|  20|0x0000000703600000, 0x0000000703600000, 0x0000000703700000|  0%| F|  |TAMS 0x0000000703600000, 0x0000000703600000| Untracked 
|  21|0x0000000703700000, 0x0000000703700000, 0x0000000703800000|  0%| F|  |TAMS 0x0000000703700000, 0x0000000703700000| Untracked 
|  22|0x0000000703800000, 0x0000000703800000, 0x0000000703900000|  0%| F|  |TAMS 0x0000000703800000, 0x0000000703800000| Untracked 
|  23|0x0000000703900000, 0x0000000703900000, 0x0000000703a00000|  0%| F|  |TAMS 0x0000000703900000, 0x0000000703900000| Untracked 
|  24|0x0000000703a00000, 0x0000000703a00000, 0x0000000703b00000|  0%| F|  |TAMS 0x0000000703a00000, 0x0000000703a00000| Untracked 
|  25|0x0000000703b00000, 0x0000000703b00000, 0x0000000703c00000|  0%| F|  |TAMS 0x0000000703b00000, 0x0000000703b00000| Untracked 
|  26|0x0000000703c00000, 0x0000000703c00000, 0x0000000703d00000|  0%| F|  |TAMS 0x0000000703c00000, 0x0000000703c00000| Untracked 
|  27|0x0000000703d00000, 0x0000000703d00000, 0x0000000703e00000|  0%| F|  |TAMS 0x0000000703d00000, 0x0000000703d00000| Untracked 
|  28|0x0000000703e00000, 0x0000000703e00000, 0x0000000703f00000|  0%| F|  |TAMS 0x0000000703e00000, 0x0000000703e00000| Untracked 
|  29|0x0000000703f00000, 0x0000000703f00000, 0x0000000704000000|  0%| F|  |TAMS 0x0000000703f00000, 0x0000000703f00000| Untracked 
|  30|0x0000000704000000, 0x0000000704000000, 0x0000000704100000|  0%| F|  |TAMS 0x0000000704000000, 0x0000000704000000| Untracked 
|  31|0x0000000704100000, 0x0000000704100000, 0x0000000704200000|  0%| F|  |TAMS 0x0000000704100000, 0x0000000704100000| Untracked 
|  32|0x0000000704200000, 0x0000000704200000, 0x0000000704300000|  0%| F|  |TAMS 0x0000000704200000, 0x0000000704200000| Untracked 
|  33|0x0000000704300000, 0x0000000704300000, 0x0000000704400000|  0%| F|  |TAMS 0x0000000704300000, 0x0000000704300000| Untracked 
|  34|0x0000000704400000, 0x0000000704400000, 0x0000000704500000|  0%| F|  |TAMS 0x0000000704400000, 0x0000000704400000| Untracked 
|  35|0x0000000704500000, 0x0000000704500000, 0x0000000704600000|  0%| F|  |TAMS 0x0000000704500000, 0x0000000704500000| Untracked 
|  36|0x0000000704600000, 0x0000000704600000, 0x0000000704700000|  0%| F|  |TAMS 0x0000000704600000, 0x0000000704600000| Untracked 
|  37|0x0000000704700000, 0x0000000704700000, 0x0000000704800000|  0%| F|  |TAMS 0x0000000704700000, 0x0000000704700000| Untracked 
|  38|0x0000000704800000, 0x0000000704800000, 0x0000000704900000|  0%| F|  |TAMS 0x0000000704800000, 0x0000000704800000| Untracked 
|  39|0x0000000704900000, 0x0000000704900000, 0x0000000704a00000|  0%| F|  |TAMS 0x0000000704900000, 0x0000000704900000| Untracked 
|  40|0x0000000704a00000, 0x0000000704a00000, 0x0000000704b00000|  0%| F|  |TAMS 0x0000000704a00000, 0x0000000704a00000| Untracked 
|  41|0x0000000704b00000, 0x0000000704b00000, 0x0000000704c00000|  0%| F|  |TAMS 0x0000000704b00000, 0x0000000704b00000| Untracked 
|  42|0x0000000704c00000, 0x0000000704c00000, 0x0000000704d00000|  0%| F|  |TAMS 0x0000000704c00000, 0x0000000704c00000| Untracked 
|  43|0x0000000704d00000, 0x0000000704d00000, 0x0000000704e00000|  0%| F|  |TAMS 0x0000000704d00000, 0x0000000704d00000| Untracked 
|  44|0x0000000704e00000, 0x0000000704e00000, 0x0000000704f00000|  0%| F|  |TAMS 0x0000000704e00000, 0x0000000704e00000| Untracked 
|  45|0x0000000704f00000, 0x0000000704f00000, 0x0000000705000000|  0%| F|  |TAMS 0x0000000704f00000, 0x0000000704f00000| Untracked 
|  46|0x0000000705000000, 0x0000000705000000, 0x0000000705100000|  0%| F|  |TAMS 0x0000000705000000, 0x0000000705000000| Untracked 
|  47|0x0000000705100000, 0x0000000705100000, 0x0000000705200000|  0%| F|  |TAMS 0x0000000705100000, 0x0000000705100000| Untracked 
|  48|0x0000000705200000, 0x0000000705200000, 0x0000000705300000|  0%| F|  |TAMS 0x0000000705200000, 0x0000000705200000| Untracked 
|  49|0x0000000705300000, 0x0000000705300000, 0x0000000705400000|  0%| F|  |TAMS 0x0000000705300000, 0x0000000705300000| Untracked 
|  50|0x0000000705400000, 0x0000000705400000, 0x0000000705500000|  0%| F|  |TAMS 0x0000000705400000, 0x0000000705400000| Untracked 
|  51|0x0000000705500000, 0x0000000705500000, 0x0000000705600000|  0%| F|  |TAMS 0x0000000705500000, 0x0000000705500000| Untracked 
|  52|0x0000000705600000, 0x0000000705600000, 0x0000000705700000|  0%| F|  |TAMS 0x0000000705600000, 0x0000000705600000| Untracked 
|  53|0x0000000705700000, 0x0000000705700000, 0x0000000705800000|  0%| F|  |TAMS 0x0000000705700000, 0x0000000705700000| Untracked 
|  54|0x0000000705800000, 0x0000000705800000, 0x0000000705900000|  0%| F|  |TAMS 0x0000000705800000, 0x0000000705800000| Untracked 
|  55|0x0000000705900000, 0x0000000705900000, 0x0000000705a00000|  0%| F|  |TAMS 0x0000000705900000, 0x0000000705900000| Untracked 
|  56|0x0000000705a00000, 0x0000000705a00000, 0x0000000705b00000|  0%| F|  |TAMS 0x0000000705a00000, 0x0000000705a00000| Untracked 
|  57|0x0000000705b00000, 0x0000000705b00000, 0x0000000705c00000|  0%| F|  |TAMS 0x0000000705b00000, 0x0000000705b00000| Untracked 
|  58|0x0000000705c00000, 0x0000000705c00000, 0x0000000705d00000|  0%| F|  |TAMS 0x0000000705c00000, 0x0000000705c00000| Untracked 
|  59|0x0000000705d00000, 0x0000000705d00000, 0x0000000705e00000|  0%| F|  |TAMS 0x0000000705d00000, 0x0000000705d00000| Untracked 
|  60|0x0000000705e00000, 0x0000000705e00000, 0x0000000705f00000|  0%| F|  |TAMS 0x0000000705e00000, 0x0000000705e00000| Untracked 
|  61|0x0000000705f00000, 0x0000000705f00000, 0x0000000706000000|  0%| F|  |TAMS 0x0000000705f00000, 0x0000000705f00000| Untracked 
|  62|0x0000000706000000, 0x0000000706000000, 0x0000000706100000|  0%| F|  |TAMS 0x0000000706000000, 0x0000000706000000| Untracked 
|  63|0x0000000706100000, 0x0000000706100000, 0x0000000706200000|  0%| F|  |TAMS 0x0000000706100000, 0x0000000706100000| Untracked 
|  64|0x0000000706200000, 0x0000000706200000, 0x0000000706300000|  0%| F|  |TAMS 0x0000000706200000, 0x0000000706200000| Untracked 
|  65|0x0000000706300000, 0x0000000706300000, 0x0000000706400000|  0%| F|  |TAMS 0x0000000706300000, 0x0000000706300000| Untracked 
|  66|0x0000000706400000, 0x0000000706400000, 0x0000000706500000|  0%| F|  |TAMS 0x0000000706400000, 0x0000000706400000| Untracked 
|  67|0x0000000706500000, 0x0000000706500000, 0x0000000706600000|  0%| F|  |TAMS 0x0000000706500000, 0x0000000706500000| Untracked 
|  68|0x0000000706600000, 0x0000000706600000, 0x0000000706700000|  0%| F|  |TAMS 0x0000000706600000, 0x0000000706600000| Untracked 
|  69|0x0000000706700000, 0x0000000706700000, 0x0000000706800000|  0%| F|  |TAMS 0x0000000706700000, 0x0000000706700000| Untracked 
|  70|0x0000000706800000, 0x0000000706800000, 0x0000000706900000|  0%| F|  |TAMS 0x0000000706800000, 0x0000000706800000| Untracked 
|  71|0x0000000706900000, 0x0000000706900000, 0x0000000706a00000|  0%| F|  |TAMS 0x0000000706900000, 0x0000000706900000| Untracked 
|  72|0x0000000706a00000, 0x0000000706a00000, 0x0000000706b00000|  0%| F|  |TAMS 0x0000000706a00000, 0x0000000706a00000| Untracked 
|  73|0x0000000706b00000, 0x0000000706b00000, 0x0000000706c00000|  0%| F|  |TAMS 0x0000000706b00000, 0x0000000706b00000| Untracked 
|  74|0x0000000706c00000, 0x0000000706c00000, 0x0000000706d00000|  0%| F|  |TAMS 0x0000000706c00000, 0x0000000706c00000| Untracked 
|  75|0x0000000706d00000, 0x0000000706d00000, 0x0000000706e00000|  0%| F|  |TAMS 0x0000000706d00000, 0x0000000706d00000| Untracked 
|  76|0x0000000706e00000, 0x0000000706e00000, 0x0000000706f00000|  0%| F|  |TAMS 0x0000000706e00000, 0x0000000706e00000| Untracked 
|  77|0x0000000706f00000, 0x0000000706f00000, 0x0000000707000000|  0%| F|  |TAMS 0x0000000706f00000, 0x0000000706f00000| Untracked 
|  78|0x0000000707000000, 0x0000000707000000, 0x0000000707100000|  0%| F|  |TAMS 0x0000000707000000, 0x0000000707000000| Untracked 
|  79|0x0000000707100000, 0x0000000707100000, 0x0000000707200000|  0%| F|  |TAMS 0x0000000707100000, 0x0000000707100000| Untracked 
|  80|0x0000000707200000, 0x0000000707200000, 0x0000000707300000|  0%| F|  |TAMS 0x0000000707200000, 0x0000000707200000| Untracked 
|  81|0x0000000707300000, 0x0000000707300000, 0x0000000707400000|  0%| F|  |TAMS 0x0000000707300000, 0x0000000707300000| Untracked 
|  82|0x0000000707400000, 0x0000000707400000, 0x0000000707500000|  0%| F|  |TAMS 0x0000000707400000, 0x0000000707400000| Untracked 
|  83|0x0000000707500000, 0x0000000707500000, 0x0000000707600000|  0%| F|  |TAMS 0x0000000707500000, 0x0000000707500000| Untracked 
|  84|0x0000000707600000, 0x0000000707600000, 0x0000000707700000|  0%| F|  |TAMS 0x0000000707600000, 0x0000000707600000| Untracked 
|  85|0x0000000707700000, 0x0000000707700000, 0x0000000707800000|  0%| F|  |TAMS 0x0000000707700000, 0x0000000707700000| Untracked 
|  86|0x0000000707800000, 0x0000000707800000, 0x0000000707900000|  0%| F|  |TAMS 0x0000000707800000, 0x0000000707800000| Untracked 
|  87|0x0000000707900000, 0x0000000707900000, 0x0000000707a00000|  0%| F|  |TAMS 0x0000000707900000, 0x0000000707900000| Untracked 
|  88|0x0000000707a00000, 0x0000000707a00000, 0x0000000707b00000|  0%| F|  |TAMS 0x0000000707a00000, 0x0000000707a00000| Untracked 
|  89|0x0000000707b00000, 0x0000000707b00000, 0x0000000707c00000|  0%| F|  |TAMS 0x0000000707b00000, 0x0000000707b00000| Untracked 
|  90|0x0000000707c00000, 0x0000000707c00000, 0x0000000707d00000|  0%| F|  |TAMS 0x0000000707c00000, 0x0000000707c00000| Untracked 
|  91|0x0000000707d00000, 0x0000000707d00000, 0x0000000707e00000|  0%| F|  |TAMS 0x0000000707d00000, 0x0000000707d00000| Untracked 
|  92|0x0000000707e00000, 0x0000000707e00000, 0x0000000707f00000|  0%| F|  |TAMS 0x0000000707e00000, 0x0000000707e00000| Untracked 
|  93|0x0000000707f00000, 0x0000000707f00000, 0x0000000708000000|  0%| F|  |TAMS 0x0000000707f00000, 0x0000000707f00000| Untracked 
|  94|0x0000000708000000, 0x0000000708000000, 0x0000000708100000|  0%| F|  |TAMS 0x0000000708000000, 0x0000000708000000| Untracked 
|  95|0x0000000708100000, 0x0000000708100000, 0x0000000708200000|  0%| F|  |TAMS 0x0000000708100000, 0x0000000708100000| Untracked 
|  96|0x0000000708200000, 0x0000000708200000, 0x0000000708300000|  0%| F|  |TAMS 0x0000000708200000, 0x0000000708200000| Untracked 
|  97|0x0000000708300000, 0x0000000708300000, 0x0000000708400000|  0%| F|  |TAMS 0x0000000708300000, 0x0000000708300000| Untracked 
|  98|0x0000000708400000, 0x0000000708400000, 0x0000000708500000|  0%| F|  |TAMS 0x0000000708400000, 0x0000000708400000| Untracked 
|  99|0x0000000708500000, 0x0000000708500000, 0x0000000708600000|  0%| F|  |TAMS 0x0000000708500000, 0x0000000708500000| Untracked 
| 100|0x0000000708600000, 0x0000000708600000, 0x0000000708700000|  0%| F|  |TAMS 0x0000000708600000, 0x0000000708600000| Untracked 
| 101|0x0000000708700000, 0x0000000708700000, 0x0000000708800000|  0%| F|  |TAMS 0x0000000708700000, 0x0000000708700000| Untracked 
| 102|0x0000000708800000, 0x0000000708800000, 0x0000000708900000|  0%| F|  |TAMS 0x0000000708800000, 0x0000000708800000| Untracked 
| 103|0x0000000708900000, 0x0000000708900000, 0x0000000708a00000|  0%| F|  |TAMS 0x0000000708900000, 0x0000000708900000| Untracked 
| 104|0x0000000708a00000, 0x0000000708a00000, 0x0000000708b00000|  0%| F|  |TAMS 0x0000000708a00000, 0x0000000708a00000| Untracked 
| 105|0x0000000708b00000, 0x0000000708b00000, 0x0000000708c00000|  0%| F|  |TAMS 0x0000000708b00000, 0x0000000708b00000| Untracked 
| 106|0x0000000708c00000, 0x0000000708c00000, 0x0000000708d00000|  0%| F|  |TAMS 0x0000000708c00000, 0x0000000708c00000| Untracked 
| 107|0x0000000708d00000, 0x0000000708d00000, 0x0000000708e00000|  0%| F|  |TAMS 0x0000000708d00000, 0x0000000708d00000| Untracked 
| 108|0x0000000708e00000, 0x0000000708e00000, 0x0000000708f00000|  0%| F|  |TAMS 0x0000000708e00000, 0x0000000708e00000| Untracked 
| 109|0x0000000708f00000, 0x0000000708f00000, 0x0000000709000000|  0%| F|  |TAMS 0x0000000708f00000, 0x0000000708f00000| Untracked 
| 110|0x0000000709000000, 0x0000000709000000, 0x0000000709100000|  0%| F|  |TAMS 0x0000000709000000, 0x0000000709000000| Untracked 
| 111|0x0000000709100000, 0x0000000709100000, 0x0000000709200000|  0%| F|  |TAMS 0x0000000709100000, 0x0000000709100000| Untracked 
| 112|0x0000000709200000, 0x0000000709200000, 0x0000000709300000|  0%| F|  |TAMS 0x0000000709200000, 0x0000000709200000| Untracked 
| 113|0x0000000709300000, 0x0000000709300000, 0x0000000709400000|  0%| F|  |TAMS 0x0000000709300000, 0x0000000709300000| Untracked 
| 114|0x0000000709400000, 0x0000000709400000, 0x0000000709500000|  0%| F|  |TAMS 0x0000000709400000, 0x0000000709400000| Untracked 
| 115|0x0000000709500000, 0x0000000709500000, 0x0000000709600000|  0%| F|  |TAMS 0x0000000709500000, 0x0000000709500000| Untracked 
| 116|0x0000000709600000, 0x0000000709600000, 0x0000000709700000|  0%| F|  |TAMS 0x0000000709600000, 0x0000000709600000| Untracked 
| 117|0x0000000709700000, 0x0000000709700000, 0x0000000709800000|  0%| F|  |TAMS 0x0000000709700000, 0x0000000709700000| Untracked 
| 118|0x0000000709800000, 0x0000000709800000, 0x0000000709900000|  0%| F|  |TAMS 0x0000000709800000, 0x0000000709800000| Untracked 
| 119|0x0000000709900000, 0x0000000709900000, 0x0000000709a00000|  0%| F|  |TAMS 0x0000000709900000, 0x0000000709900000| Untracked 
| 120|0x0000000709a00000, 0x0000000709a00000, 0x0000000709b00000|  0%| F|  |TAMS 0x0000000709a00000, 0x0000000709a00000| Untracked 
| 121|0x0000000709b00000, 0x0000000709b00000, 0x0000000709c00000|  0%| F|  |TAMS 0x0000000709b00000, 0x0000000709b00000| Untracked 
| 122|0x0000000709c00000, 0x0000000709c00000, 0x0000000709d00000|  0%| F|  |TAMS 0x0000000709c00000, 0x0000000709c00000| Untracked 
| 123|0x0000000709d00000, 0x0000000709d00000, 0x0000000709e00000|  0%| F|  |TAMS 0x0000000709d00000, 0x0000000709d00000| Untracked 
| 124|0x0000000709e00000, 0x0000000709e00000, 0x0000000709f00000|  0%| F|  |TAMS 0x0000000709e00000, 0x0000000709e00000| Untracked 
| 125|0x0000000709f00000, 0x0000000709f00000, 0x000000070a000000|  0%| F|  |TAMS 0x0000000709f00000, 0x0000000709f00000| Untracked 
| 126|0x000000070a000000, 0x000000070a000000, 0x000000070a100000|  0%| F|  |TAMS 0x000000070a000000, 0x000000070a000000| Untracked 
| 127|0x000000070a100000, 0x000000070a100000, 0x000000070a200000|  0%| F|  |TAMS 0x000000070a100000, 0x000000070a100000| Untracked 
| 128|0x000000070a200000, 0x000000070a200000, 0x000000070a300000|  0%| F|  |TAMS 0x000000070a200000, 0x000000070a200000| Untracked 
| 129|0x000000070a300000, 0x000000070a300000, 0x000000070a400000|  0%| F|  |TAMS 0x000000070a300000, 0x000000070a300000| Untracked 
| 130|0x000000070a400000, 0x000000070a400000, 0x000000070a500000|  0%| F|  |TAMS 0x000000070a400000, 0x000000070a400000| Untracked 
| 131|0x000000070a500000, 0x000000070a500000, 0x000000070a600000|  0%| F|  |TAMS 0x000000070a500000, 0x000000070a500000| Untracked 
| 132|0x000000070a600000, 0x000000070a600000, 0x000000070a700000|  0%| F|  |TAMS 0x000000070a600000, 0x000000070a600000| Untracked 
| 133|0x000000070a700000, 0x000000070a700000, 0x000000070a800000|  0%| F|  |TAMS 0x000000070a700000, 0x000000070a700000| Untracked 
| 134|0x000000070a800000, 0x000000070a800000, 0x000000070a900000|  0%| F|  |TAMS 0x000000070a800000, 0x000000070a800000| Untracked 
| 135|0x000000070a900000, 0x000000070a900000, 0x000000070aa00000|  0%| F|  |TAMS 0x000000070a900000, 0x000000070a900000| Untracked 
| 136|0x000000070aa00000, 0x000000070aa00000, 0x000000070ab00000|  0%| F|  |TAMS 0x000000070aa00000, 0x000000070aa00000| Untracked 
| 137|0x000000070ab00000, 0x000000070ab00000, 0x000000070ac00000|  0%| F|  |TAMS 0x000000070ab00000, 0x000000070ab00000| Untracked 
| 138|0x000000070ac00000, 0x000000070ac00000, 0x000000070ad00000|  0%| F|  |TAMS 0x000000070ac00000, 0x000000070ac00000| Untracked 
| 139|0x000000070ad00000, 0x000000070ad00000, 0x000000070ae00000|  0%| F|  |TAMS 0x000000070ad00000, 0x000000070ad00000| Untracked 
| 140|0x000000070ae00000, 0x000000070ae00000, 0x000000070af00000|  0%| F|  |TAMS 0x000000070ae00000, 0x000000070ae00000| Untracked 
| 141|0x000000070af00000, 0x000000070af80800, 0x000000070b000000| 50%| E|  |TAMS 0x000000070af00000, 0x000000070af00000| Complete 
| 142|0x000000070b000000, 0x000000070b100000, 0x000000070b100000|100%| E|CS|TAMS 0x000000070b000000, 0x000000070b000000| Complete 
| 143|0x000000070b100000, 0x000000070b200000, 0x000000070b200000|100%| E|CS|TAMS 0x000000070b100000, 0x000000070b100000| Complete 
| 144|0x000000070b200000, 0x000000070b300000, 0x000000070b300000|100%| E|CS|TAMS 0x000000070b200000, 0x000000070b200000| Complete 
| 145|0x000000070b300000, 0x000000070b400000, 0x000000070b400000|100%| E|CS|TAMS 0x000000070b300000, 0x000000070b300000| Complete 
| 146|0x000000070b400000, 0x000000070b500000, 0x000000070b500000|100%| E|CS|TAMS 0x000000070b400000, 0x000000070b400000| Complete 
| 147|0x000000070b500000, 0x000000070b600000, 0x000000070b600000|100%| E|CS|TAMS 0x000000070b500000, 0x000000070b500000| Complete 
| 148|0x000000070b600000, 0x000000070b700000, 0x000000070b700000|100%| E|CS|TAMS 0x000000070b600000, 0x000000070b600000| Complete 
| 149|0x000000070b700000, 0x000000070b800000, 0x000000070b800000|100%| E|CS|TAMS 0x000000070b700000, 0x000000070b700000| Complete 
| 150|0x000000070b800000, 0x000000070b900000, 0x000000070b900000|100%| E|CS|TAMS 0x000000070b800000, 0x000000070b800000| Complete 
| 151|0x000000070b900000, 0x000000070ba00000, 0x000000070ba00000|100%| E|CS|TAMS 0x000000070b900000, 0x000000070b900000| Complete 
| 152|0x000000070ba00000, 0x000000070bb00000, 0x000000070bb00000|100%| E|CS|TAMS 0x000000070ba00000, 0x000000070ba00000| Complete 
| 153|0x000000070bb00000, 0x000000070bc00000, 0x000000070bc00000|100%| E|CS|TAMS 0x000000070bb00000, 0x000000070bb00000| Complete 
| 154|0x000000070bc00000, 0x000000070bd00000, 0x000000070bd00000|100%| E|CS|TAMS 0x000000070bc00000, 0x000000070bc00000| Complete 
| 155|0x000000070bd00000, 0x000000070be00000, 0x000000070be00000|100%| E|CS|TAMS 0x000000070bd00000, 0x000000070bd00000| Complete 
| 156|0x000000070be00000, 0x000000070bf00000, 0x000000070bf00000|100%| E|CS|TAMS 0x000000070be00000, 0x000000070be00000| Complete 
| 157|0x000000070bf00000, 0x000000070c000000, 0x000000070c000000|100%| E|CS|TAMS 0x000000070bf00000, 0x000000070bf00000| Complete 
| 158|0x000000070c000000, 0x000000070c100000, 0x000000070c100000|100%| E|CS|TAMS 0x000000070c000000, 0x000000070c000000| Complete 
| 159|0x000000070c100000, 0x000000070c200000, 0x000000070c200000|100%| E|CS|TAMS 0x000000070c100000, 0x000000070c100000| Complete 
| 160|0x000000070c200000, 0x000000070c300000, 0x000000070c300000|100%| E|CS|TAMS 0x000000070c200000, 0x000000070c200000| Complete 
| 161|0x000000070c300000, 0x000000070c400000, 0x000000070c400000|100%| E|CS|TAMS 0x000000070c300000, 0x000000070c300000| Complete 
| 162|0x000000070c400000, 0x000000070c500000, 0x000000070c500000|100%| E|CS|TAMS 0x000000070c400000, 0x000000070c400000| Complete 
| 163|0x000000070c500000, 0x000000070c600000, 0x000000070c600000|100%| E|CS|TAMS 0x000000070c500000, 0x000000070c500000| Complete 
| 164|0x000000070c600000, 0x000000070c700000, 0x000000070c700000|100%| E|CS|TAMS 0x000000070c600000, 0x000000070c600000| Complete 
| 165|0x000000070c700000, 0x000000070c800000, 0x000000070c800000|100%| E|CS|TAMS 0x000000070c700000, 0x000000070c700000| Complete 
| 166|0x000000070c800000, 0x000000070c900000, 0x000000070c900000|100%| E|CS|TAMS 0x000000070c800000, 0x000000070c800000| Complete 
| 167|0x000000070c900000, 0x000000070ca00000, 0x000000070ca00000|100%| E|CS|TAMS 0x000000070c900000, 0x000000070c900000| Complete 
| 168|0x000000070ca00000, 0x000000070cb00000, 0x000000070cb00000|100%| E|CS|TAMS 0x000000070ca00000, 0x000000070ca00000| Complete 
| 169|0x000000070cb00000, 0x000000070cc00000, 0x000000070cc00000|100%| E|CS|TAMS 0x000000070cb00000, 0x000000070cb00000| Complete 
| 170|0x000000070cc00000, 0x000000070cd00000, 0x000000070cd00000|100%| E|CS|TAMS 0x000000070cc00000, 0x000000070cc00000| Complete 
| 171|0x000000070cd00000, 0x000000070ce00000, 0x000000070ce00000|100%| E|CS|TAMS 0x000000070cd00000, 0x000000070cd00000| Complete 
| 172|0x000000070ce00000, 0x000000070cf00000, 0x000000070cf00000|100%| E|CS|TAMS 0x000000070ce00000, 0x000000070ce00000| Complete 
| 173|0x000000070cf00000, 0x000000070d000000, 0x000000070d000000|100%| E|CS|TAMS 0x000000070cf00000, 0x000000070cf00000| Complete 
| 174|0x000000070d000000, 0x000000070d100000, 0x000000070d100000|100%| E|CS|TAMS 0x000000070d000000, 0x000000070d000000| Complete 
| 175|0x000000070d100000, 0x000000070d200000, 0x000000070d200000|100%| E|CS|TAMS 0x000000070d100000, 0x000000070d100000| Complete 
| 176|0x000000070d200000, 0x000000070d300000, 0x000000070d300000|100%| E|CS|TAMS 0x000000070d200000, 0x000000070d200000| Complete 
| 177|0x000000070d300000, 0x000000070d400000, 0x000000070d400000|100%| E|CS|TAMS 0x000000070d300000, 0x000000070d300000| Complete 
| 178|0x000000070d400000, 0x000000070d500000, 0x000000070d500000|100%| E|CS|TAMS 0x000000070d400000, 0x000000070d400000| Complete 
| 179|0x000000070d500000, 0x000000070d600000, 0x000000070d600000|100%| E|CS|TAMS 0x000000070d500000, 0x000000070d500000| Complete 
| 180|0x000000070d600000, 0x000000070d700000, 0x000000070d700000|100%| E|CS|TAMS 0x000000070d600000, 0x000000070d600000| Complete 
| 181|0x000000070d700000, 0x000000070d800000, 0x000000070d800000|100%| E|CS|TAMS 0x000000070d700000, 0x000000070d700000| Complete 
| 182|0x000000070d800000, 0x000000070d900000, 0x000000070d900000|100%| E|CS|TAMS 0x000000070d800000, 0x000000070d800000| Complete 
| 183|0x000000070d900000, 0x000000070da00000, 0x000000070da00000|100%| E|CS|TAMS 0x000000070d900000, 0x000000070d900000| Complete 
| 184|0x000000070da00000, 0x000000070db00000, 0x000000070db00000|100%| E|CS|TAMS 0x000000070da00000, 0x000000070da00000| Complete 
| 185|0x000000070db00000, 0x000000070dc00000, 0x000000070dc00000|100%| E|CS|TAMS 0x000000070db00000, 0x000000070db00000| Complete 
| 186|0x000000070dc00000, 0x000000070dd00000, 0x000000070dd00000|100%| E|CS|TAMS 0x000000070dc00000, 0x000000070dc00000| Complete 
| 187|0x000000070dd00000, 0x000000070de00000, 0x000000070de00000|100%| E|CS|TAMS 0x000000070dd00000, 0x000000070dd00000| Complete 
| 188|0x000000070de00000, 0x000000070df00000, 0x000000070df00000|100%| E|CS|TAMS 0x000000070de00000, 0x000000070de00000| Complete 
| 189|0x000000070df00000, 0x000000070e000000, 0x000000070e000000|100%| E|CS|TAMS 0x000000070df00000, 0x000000070df00000| Complete 
| 190|0x000000070e000000, 0x000000070e100000, 0x000000070e100000|100%| E|CS|TAMS 0x000000070e000000, 0x000000070e000000| Complete 
| 191|0x000000070e100000, 0x000000070e200000, 0x000000070e200000|100%| E|CS|TAMS 0x000000070e100000, 0x000000070e100000| Complete 
| 192|0x000000070e200000, 0x000000070e300000, 0x000000070e300000|100%| E|CS|TAMS 0x000000070e200000, 0x000000070e200000| Complete 
| 193|0x000000070e300000, 0x000000070e400000, 0x000000070e400000|100%| E|CS|TAMS 0x000000070e300000, 0x000000070e300000| Complete 
| 194|0x000000070e400000, 0x000000070e500000, 0x000000070e500000|100%| E|CS|TAMS 0x000000070e400000, 0x000000070e400000| Complete 
| 195|0x000000070e500000, 0x000000070e600000, 0x000000070e600000|100%| E|CS|TAMS 0x000000070e500000, 0x000000070e500000| Complete 
| 196|0x000000070e600000, 0x000000070e700000, 0x000000070e700000|100%| E|CS|TAMS 0x000000070e600000, 0x000000070e600000| Complete 
| 197|0x000000070e700000, 0x000000070e800000, 0x000000070e800000|100%| E|CS|TAMS 0x000000070e700000, 0x000000070e700000| Complete 
| 198|0x000000070e800000, 0x000000070e900000, 0x000000070e900000|100%| E|CS|TAMS 0x000000070e800000, 0x000000070e800000| Complete 
| 199|0x000000070e900000, 0x000000070ea00000, 0x000000070ea00000|100%| E|CS|TAMS 0x000000070e900000, 0x000000070e900000| Complete 
| 200|0x000000070ea00000, 0x000000070eb00000, 0x000000070eb00000|100%| E|CS|TAMS 0x000000070ea00000, 0x000000070ea00000| Complete 
| 201|0x000000070eb00000, 0x000000070ec00000, 0x000000070ec00000|100%| E|CS|TAMS 0x000000070eb00000, 0x000000070eb00000| Complete 
| 202|0x000000070ec00000, 0x000000070ed00000, 0x000000070ed00000|100%| E|CS|TAMS 0x000000070ec00000, 0x000000070ec00000| Complete 
| 203|0x000000070ed00000, 0x000000070ee00000, 0x000000070ee00000|100%| E|CS|TAMS 0x000000070ed00000, 0x000000070ed00000| Complete 
| 204|0x000000070ee00000, 0x000000070ef00000, 0x000000070ef00000|100%| E|CS|TAMS 0x000000070ee00000, 0x000000070ee00000| Complete 
| 205|0x000000070ef00000, 0x000000070f000000, 0x000000070f000000|100%| E|CS|TAMS 0x000000070ef00000, 0x000000070ef00000| Complete 
| 206|0x000000070f000000, 0x000000070f100000, 0x000000070f100000|100%| E|CS|TAMS 0x000000070f000000, 0x000000070f000000| Complete 
| 207|0x000000070f100000, 0x000000070f17c820, 0x000000070f200000| 48%| S|CS|TAMS 0x000000070f100000, 0x000000070f100000| Complete 
| 208|0x000000070f200000, 0x000000070f300000, 0x000000070f300000|100%| S|CS|TAMS 0x000000070f200000, 0x000000070f200000| Complete 
| 209|0x000000070f300000, 0x000000070f400000, 0x000000070f400000|100%| S|CS|TAMS 0x000000070f300000, 0x000000070f300000| Complete 
| 210|0x000000070f400000, 0x000000070f500000, 0x000000070f500000|100%| S|CS|TAMS 0x000000070f400000, 0x000000070f400000| Complete 
| 211|0x000000070f500000, 0x000000070f600000, 0x000000070f600000|100%| S|CS|TAMS 0x000000070f500000, 0x000000070f500000| Complete 
| 212|0x000000070f600000, 0x000000070f700000, 0x000000070f700000|100%| S|CS|TAMS 0x000000070f600000, 0x000000070f600000| Complete 
| 213|0x000000070f700000, 0x000000070f800000, 0x000000070f800000|100%| S|CS|TAMS 0x000000070f700000, 0x000000070f700000| Complete 
| 214|0x000000070f800000, 0x000000070f900000, 0x000000070f900000|100%| S|CS|TAMS 0x000000070f800000, 0x000000070f800000| Complete 
| 215|0x000000070f900000, 0x000000070fa00000, 0x000000070fa00000|100%| S|CS|TAMS 0x000000070f900000, 0x000000070f900000| Complete 
| 216|0x000000070fa00000, 0x000000070fb00000, 0x000000070fb00000|100%| S|CS|TAMS 0x000000070fa00000, 0x000000070fa00000| Complete 
| 217|0x000000070fb00000, 0x000000070fc00000, 0x000000070fc00000|100%| S|CS|TAMS 0x000000070fb00000, 0x000000070fb00000| Complete 
| 218|0x000000070fc00000, 0x000000070fd00000, 0x000000070fd00000|100%| S|CS|TAMS 0x000000070fc00000, 0x000000070fc00000| Complete 
| 219|0x000000070fd00000, 0x000000070fe00000, 0x000000070fe00000|100%| S|CS|TAMS 0x000000070fd00000, 0x000000070fd00000| Complete 
| 220|0x000000070fe00000, 0x000000070ff00000, 0x000000070ff00000|100%| S|CS|TAMS 0x000000070fe00000, 0x000000070fe00000| Complete 
| 221|0x000000070ff00000, 0x0000000710000000, 0x0000000710000000|100%| E|CS|TAMS 0x000000070ff00000, 0x000000070ff00000| Complete 
| 222|0x0000000710000000, 0x0000000710100000, 0x0000000710100000|100%| E|CS|TAMS 0x0000000710000000, 0x0000000710000000| Complete 
| 223|0x0000000710100000, 0x0000000710200000, 0x0000000710200000|100%| E|CS|TAMS 0x0000000710100000, 0x0000000710100000| Complete 
| 224|0x0000000710200000, 0x0000000710300000, 0x0000000710300000|100%| E|CS|TAMS 0x0000000710200000, 0x0000000710200000| Complete 
| 225|0x0000000710300000, 0x0000000710400000, 0x0000000710400000|100%| E|CS|TAMS 0x0000000710300000, 0x0000000710300000| Complete 
| 226|0x0000000710400000, 0x0000000710500000, 0x0000000710500000|100%| E|CS|TAMS 0x0000000710400000, 0x0000000710400000| Complete 
| 227|0x0000000710500000, 0x0000000710600000, 0x0000000710600000|100%| E|CS|TAMS 0x0000000710500000, 0x0000000710500000| Complete 
| 228|0x0000000710600000, 0x0000000710700000, 0x0000000710700000|100%| E|CS|TAMS 0x0000000710600000, 0x0000000710600000| Complete 
| 229|0x0000000710700000, 0x0000000710800000, 0x0000000710800000|100%| E|CS|TAMS 0x0000000710700000, 0x0000000710700000| Complete 
| 230|0x0000000710800000, 0x0000000710900000, 0x0000000710900000|100%| E|CS|TAMS 0x0000000710800000, 0x0000000710800000| Complete 
| 231|0x0000000710900000, 0x0000000710a00000, 0x0000000710a00000|100%| E|CS|TAMS 0x0000000710900000, 0x0000000710900000| Complete 
| 232|0x0000000710a00000, 0x0000000710b00000, 0x0000000710b00000|100%| E|CS|TAMS 0x0000000710a00000, 0x0000000710a00000| Complete 
| 233|0x0000000710b00000, 0x0000000710c00000, 0x0000000710c00000|100%| E|CS|TAMS 0x0000000710b00000, 0x0000000710b00000| Complete 
| 234|0x0000000710c00000, 0x0000000710d00000, 0x0000000710d00000|100%| E|CS|TAMS 0x0000000710c00000, 0x0000000710c00000| Complete 
| 235|0x0000000710d00000, 0x0000000710e00000, 0x0000000710e00000|100%| E|CS|TAMS 0x0000000710d00000, 0x0000000710d00000| Complete 
| 236|0x0000000710e00000, 0x0000000710f00000, 0x0000000710f00000|100%| E|CS|TAMS 0x0000000710e00000, 0x0000000710e00000| Complete 
| 237|0x0000000710f00000, 0x0000000711000000, 0x0000000711000000|100%| E|CS|TAMS 0x0000000710f00000, 0x0000000710f00000| Complete 
| 238|0x0000000711000000, 0x0000000711100000, 0x0000000711100000|100%| E|CS|TAMS 0x0000000711000000, 0x0000000711000000| Complete 
| 239|0x0000000711100000, 0x0000000711200000, 0x0000000711200000|100%| E|CS|TAMS 0x0000000711100000, 0x0000000711100000| Complete 
| 240|0x0000000711200000, 0x0000000711300000, 0x0000000711300000|100%| E|CS|TAMS 0x0000000711200000, 0x0000000711200000| Complete 
| 241|0x0000000711300000, 0x0000000711400000, 0x0000000711400000|100%| E|CS|TAMS 0x0000000711300000, 0x0000000711300000| Complete 
| 242|0x0000000711400000, 0x0000000711500000, 0x0000000711500000|100%| E|CS|TAMS 0x0000000711400000, 0x0000000711400000| Complete 
| 243|0x0000000711500000, 0x0000000711600000, 0x0000000711600000|100%| E|CS|TAMS 0x0000000711500000, 0x0000000711500000| Complete 
| 244|0x0000000711600000, 0x0000000711700000, 0x0000000711700000|100%| E|CS|TAMS 0x0000000711600000, 0x0000000711600000| Complete 
| 245|0x0000000711700000, 0x0000000711800000, 0x0000000711800000|100%| E|CS|TAMS 0x0000000711700000, 0x0000000711700000| Complete 
| 246|0x0000000711800000, 0x0000000711900000, 0x0000000711900000|100%| E|CS|TAMS 0x0000000711800000, 0x0000000711800000| Complete 
| 247|0x0000000711900000, 0x0000000711a00000, 0x0000000711a00000|100%| E|CS|TAMS 0x0000000711900000, 0x0000000711900000| Complete 
| 248|0x0000000711a00000, 0x0000000711b00000, 0x0000000711b00000|100%| E|CS|TAMS 0x0000000711a00000, 0x0000000711a00000| Complete 
| 249|0x0000000711b00000, 0x0000000711c00000, 0x0000000711c00000|100%| E|CS|TAMS 0x0000000711b00000, 0x0000000711b00000| Complete 
| 250|0x0000000711c00000, 0x0000000711d00000, 0x0000000711d00000|100%| E|CS|TAMS 0x0000000711c00000, 0x0000000711c00000| Complete 
| 251|0x0000000711d00000, 0x0000000711e00000, 0x0000000711e00000|100%| E|CS|TAMS 0x0000000711d00000, 0x0000000711d00000| Complete 
| 252|0x0000000711e00000, 0x0000000711f00000, 0x0000000711f00000|100%| E|CS|TAMS 0x0000000711e00000, 0x0000000711e00000| Complete 
| 253|0x0000000711f00000, 0x0000000712000000, 0x0000000712000000|100%| E|CS|TAMS 0x0000000711f00000, 0x0000000711f00000| Complete 
| 254|0x0000000712000000, 0x0000000712100000, 0x0000000712100000|100%| E|CS|TAMS 0x0000000712000000, 0x0000000712000000| Complete 
| 255|0x0000000712100000, 0x0000000712200000, 0x0000000712200000|100%| E|CS|TAMS 0x0000000712100000, 0x0000000712100000| Complete 
| 256|0x0000000712200000, 0x0000000712300000, 0x0000000712300000|100%| E|CS|TAMS 0x0000000712200000, 0x0000000712200000| Complete 
| 257|0x0000000712300000, 0x0000000712400000, 0x0000000712400000|100%| E|CS|TAMS 0x0000000712300000, 0x0000000712300000| Complete 
| 258|0x0000000712400000, 0x0000000712500000, 0x0000000712500000|100%| E|CS|TAMS 0x0000000712400000, 0x0000000712400000| Complete 
| 259|0x0000000712500000, 0x0000000712600000, 0x0000000712600000|100%| E|CS|TAMS 0x0000000712500000, 0x0000000712500000| Complete 
| 260|0x0000000712600000, 0x0000000712700000, 0x0000000712700000|100%| E|CS|TAMS 0x0000000712600000, 0x0000000712600000| Complete 
| 261|0x0000000712700000, 0x0000000712800000, 0x0000000712800000|100%| E|CS|TAMS 0x0000000712700000, 0x0000000712700000| Complete 
| 262|0x0000000712800000, 0x0000000712900000, 0x0000000712900000|100%| E|CS|TAMS 0x0000000712800000, 0x0000000712800000| Complete 
| 263|0x0000000712900000, 0x0000000712a00000, 0x0000000712a00000|100%| E|CS|TAMS 0x0000000712900000, 0x0000000712900000| Complete 
| 264|0x0000000712a00000, 0x0000000712b00000, 0x0000000712b00000|100%| E|CS|TAMS 0x0000000712a00000, 0x0000000712a00000| Complete 
| 265|0x0000000712b00000, 0x0000000712c00000, 0x0000000712c00000|100%| E|CS|TAMS 0x0000000712b00000, 0x0000000712b00000| Complete 
| 266|0x0000000712c00000, 0x0000000712d00000, 0x0000000712d00000|100%| E|CS|TAMS 0x0000000712c00000, 0x0000000712c00000| Complete 
| 267|0x0000000712d00000, 0x0000000712e00000, 0x0000000712e00000|100%| E|CS|TAMS 0x0000000712d00000, 0x0000000712d00000| Complete 
| 268|0x0000000712e00000, 0x0000000712f00000, 0x0000000712f00000|100%| E|CS|TAMS 0x0000000712e00000, 0x0000000712e00000| Complete 
| 269|0x0000000712f00000, 0x0000000713000000, 0x0000000713000000|100%| E|CS|TAMS 0x0000000712f00000, 0x0000000712f00000| Complete 
| 270|0x0000000713000000, 0x0000000713100000, 0x0000000713100000|100%| E|CS|TAMS 0x0000000713000000, 0x0000000713000000| Complete 
| 271|0x0000000713100000, 0x0000000713200000, 0x0000000713200000|100%| E|CS|TAMS 0x0000000713100000, 0x0000000713100000| Complete 
| 272|0x0000000713200000, 0x0000000713300000, 0x0000000713300000|100%| E|CS|TAMS 0x0000000713200000, 0x0000000713200000| Complete 
| 273|0x0000000713300000, 0x0000000713400000, 0x0000000713400000|100%| E|CS|TAMS 0x0000000713300000, 0x0000000713300000| Complete 
| 274|0x0000000713400000, 0x0000000713500000, 0x0000000713500000|100%| E|CS|TAMS 0x0000000713400000, 0x0000000713400000| Complete 
| 275|0x0000000713500000, 0x0000000713600000, 0x0000000713600000|100%| E|CS|TAMS 0x0000000713500000, 0x0000000713500000| Complete 
| 276|0x0000000713600000, 0x0000000713700000, 0x0000000713700000|100%| E|CS|TAMS 0x0000000713600000, 0x0000000713600000| Complete 
| 277|0x0000000713700000, 0x0000000713800000, 0x0000000713800000|100%| E|CS|TAMS 0x0000000713700000, 0x0000000713700000| Complete 
| 278|0x0000000713800000, 0x0000000713900000, 0x0000000713900000|100%| E|CS|TAMS 0x0000000713800000, 0x0000000713800000| Complete 
| 279|0x0000000713900000, 0x0000000713a00000, 0x0000000713a00000|100%| E|CS|TAMS 0x0000000713900000, 0x0000000713900000| Complete 
| 280|0x0000000713a00000, 0x0000000713b00000, 0x0000000713b00000|100%| E|CS|TAMS 0x0000000713a00000, 0x0000000713a00000| Complete 
| 281|0x0000000713b00000, 0x0000000713c00000, 0x0000000713c00000|100%| E|CS|TAMS 0x0000000713b00000, 0x0000000713b00000| Complete 
| 282|0x0000000713c00000, 0x0000000713d00000, 0x0000000713d00000|100%| E|CS|TAMS 0x0000000713c00000, 0x0000000713c00000| Complete 
| 283|0x0000000713d00000, 0x0000000713e00000, 0x0000000713e00000|100%| E|CS|TAMS 0x0000000713d00000, 0x0000000713d00000| Complete 
| 284|0x0000000713e00000, 0x0000000713f00000, 0x0000000713f00000|100%| E|CS|TAMS 0x0000000713e00000, 0x0000000713e00000| Complete 
| 285|0x0000000713f00000, 0x0000000714000000, 0x0000000714000000|100%| E|CS|TAMS 0x0000000713f00000, 0x0000000713f00000| Complete 
| 286|0x0000000714000000, 0x0000000714100000, 0x0000000714100000|100%| E|CS|TAMS 0x0000000714000000, 0x0000000714000000| Complete 
| 287|0x0000000714100000, 0x0000000714200000, 0x0000000714200000|100%| E|CS|TAMS 0x0000000714100000, 0x0000000714100000| Complete 
| 288|0x0000000714200000, 0x0000000714300000, 0x0000000714300000|100%| E|CS|TAMS 0x0000000714200000, 0x0000000714200000| Complete 
| 289|0x0000000714300000, 0x0000000714400000, 0x0000000714400000|100%| E|CS|TAMS 0x0000000714300000, 0x0000000714300000| Complete 
| 290|0x0000000714400000, 0x0000000714500000, 0x0000000714500000|100%| E|CS|TAMS 0x0000000714400000, 0x0000000714400000| Complete 
| 291|0x0000000714500000, 0x0000000714600000, 0x0000000714600000|100%| E|CS|TAMS 0x0000000714500000, 0x0000000714500000| Complete 
| 292|0x0000000714600000, 0x0000000714700000, 0x0000000714700000|100%| E|CS|TAMS 0x0000000714600000, 0x0000000714600000| Complete 
| 293|0x0000000714700000, 0x0000000714800000, 0x0000000714800000|100%| E|CS|TAMS 0x0000000714700000, 0x0000000714700000| Complete 
| 294|0x0000000714800000, 0x0000000714900000, 0x0000000714900000|100%| E|CS|TAMS 0x0000000714800000, 0x0000000714800000| Complete 
| 295|0x0000000714900000, 0x0000000714a00000, 0x0000000714a00000|100%| E|CS|TAMS 0x0000000714900000, 0x0000000714900000| Complete 
| 296|0x0000000714a00000, 0x0000000714b00000, 0x0000000714b00000|100%| E|CS|TAMS 0x0000000714a00000, 0x0000000714a00000| Complete 
| 297|0x0000000714b00000, 0x0000000714c00000, 0x0000000714c00000|100%| E|CS|TAMS 0x0000000714b00000, 0x0000000714b00000| Complete 
| 298|0x0000000714c00000, 0x0000000714d00000, 0x0000000714d00000|100%| E|CS|TAMS 0x0000000714c00000, 0x0000000714c00000| Complete 
| 299|0x0000000714d00000, 0x0000000714e00000, 0x0000000714e00000|100%| E|CS|TAMS 0x0000000714d00000, 0x0000000714d00000| Complete 
| 300|0x0000000714e00000, 0x0000000714f00000, 0x0000000714f00000|100%| E|CS|TAMS 0x0000000714e00000, 0x0000000714e00000| Complete 
| 301|0x0000000714f00000, 0x0000000715000000, 0x0000000715000000|100%| E|CS|TAMS 0x0000000714f00000, 0x0000000714f00000| Complete 
| 302|0x0000000715000000, 0x0000000715100000, 0x0000000715100000|100%| E|CS|TAMS 0x0000000715000000, 0x0000000715000000| Complete 
| 303|0x0000000715100000, 0x0000000715200000, 0x0000000715200000|100%| E|CS|TAMS 0x0000000715100000, 0x0000000715100000| Complete 
| 304|0x0000000715200000, 0x0000000715300000, 0x0000000715300000|100%| E|CS|TAMS 0x0000000715200000, 0x0000000715200000| Complete 

Card table byte_map: [0x00000265fb540000,0x00000265fbd30000] _byte_map_base: 0x00000265f7d2f000

Marking Bits (Prev, Next): (CMBitMap*) 0x00000265e10f84b0, (CMBitMap*) 0x00000265e10f8478
 Prev Bits: [0x0000026583f80000, 0x0000026587ef8000)
 Next Bits: [0x0000026580000000, 0x0000026583f78000)

Polling page: 0x00000265e1160000

Metaspace:

Usage:
  Non-class:     68.01 MB capacity,    66.90 MB ( 98%) used,   893.22 KB (  1%) free+waste,   239.63 KB ( <1%) overhead. 
      Class:     10.32 MB capacity,     9.64 MB ( 93%) used,   590.94 KB (  6%) free+waste,   110.81 KB (  1%) overhead. 
       Both:     78.33 MB capacity,    76.54 MB ( 98%) used,     1.45 MB (  2%) free+waste,   350.44 KB ( <1%) overhead. 

Virtual space:
  Non-class space:       70.00 MB reserved,      68.25 MB ( 98%) committed 
      Class space:        1.00 GB reserved,      10.38 MB (  1%) committed 
             Both:        1.07 GB reserved,      78.63 MB (  7%) committed 

Chunk freelists:
   Non-Class:  57.00 KB
       Class:  22.00 KB
        Both:  79.00 KB

MaxMetaspaceSize: 17179869184.00 GB
CompressedClassSpaceSize: 1.00 GB
Initial GC threshold: 20.80 MB
Current GC threshold: 98.34 MB
CDS: off

CodeHeap 'non-profiled nmethods': size=120000Kb used=4654Kb max_used=4654Kb free=115346Kb
 bounds [0x00000265f2b90000, 0x00000265f3020000, 0x00000265fa0c0000]
CodeHeap 'profiled nmethods': size=120000Kb used=14632Kb max_used=14632Kb free=105367Kb
 bounds [0x00000265eb660000, 0x00000265ec4b0000, 0x00000265f2b90000]
CodeHeap 'non-nmethods': size=5760Kb used=1343Kb max_used=1395Kb free=4417Kb
 bounds [0x00000265eb0c0000, 0x00000265eb330000, 0x00000265eb660000]
 total_blobs=7189 nmethods=6540 adapters=560
 compilation: enabled
              stopped_count=0, restarted_count=0
 full_count=0

Compilation events (20 events):
Event: 5.707 Thread 0x00000265ff2cd800 6487       1       org.springframework.aop.framework.ProxyConfig::isOpaque (5 bytes)
Event: 5.707 Thread 0x00000265ff2cd800 nmethod 6487 0x00000265f3010e10 code [0x00000265f3010fc0, 0x00000265f3011078]
Event: 5.707 Thread 0x00000265ff2cd800 6491       1       org.springframework.cglib.proxy.Enhancer::access$600 (5 bytes)
Event: 5.707 Thread 0x00000265ff2cd800 nmethod 6491 0x00000265f3011110 code [0x00000265f30112c0, 0x00000265f3011358]
Event: 5.707 Thread 0x00000265ff2cd800 6486       1       org.springframework.transaction.interceptor.BeanFactoryTransactionAttributeSourceAdvisor::getPointcut (5 bytes)
Event: 5.707 Thread 0x00000265ff2cd800 nmethod 6486 0x00000265f3011410 code [0x00000265f30115c0, 0x00000265f3011678]
Event: 5.709 Thread 0x00000265ff2cd800 6495       3       org.springframework.util.ObjectUtils::arrayEquals (290 bytes)
Event: 5.709 Thread 0x00000265ff2cd800 nmethod 6495 0x00000265ec485b10 code [0x00000265ec485ec0, 0x00000265ec488a08]
Event: 5.709 Thread 0x00000265ff2cd800 6498       2       sun.reflect.generics.parser.SignatureParser::skipIdentifier (67 bytes)
Event: 5.709 Thread 0x00000265ff2cd800 nmethod 6498 0x00000265ec488d10 code [0x00000265ec488f00, 0x00000265ec489148]
Event: 5.709 Thread 0x00000265ff2cd800 6496       3       sun.reflect.annotation.AnnotationParser::skipMemberValue (65 bytes)
Event: 5.710 Thread 0x00000265ff2cd800 nmethod 6496 0x00000265ec489290 code [0x00000265ec4894c0, 0x00000265ec489b78]
Event: 5.711 Thread 0x00000265ff2cd800 6500       3       org.springframework.asm.MethodVisitor::visitVarInsn (17 bytes)
Event: 5.711 Thread 0x00000265ff2cd800 nmethod 6500 0x00000265ec489d90 code [0x00000265ec489f40, 0x00000265ec48a148]
Event: 5.711 Thread 0x00000265ff2cd800 6501       3       org.springframework.asm.MethodVisitor::visitLdcInsn (87 bytes)
Event: 5.711 Thread 0x00000265ff2cd800 nmethod 6501 0x00000265ec48a210 code [0x00000265ec48a440, 0x00000265ec48ae48]
Event: 5.711 Thread 0x00000265ff2cd800 6502       3       org.springframework.asm.Label::accept (65 bytes)
Event: 5.711 Thread 0x00000265ff2cd800 nmethod 6502 0x00000265ec48b010 code [0x00000265ec48b200, 0x00000265ec48b768]
Event: 5.711 Thread 0x00000265ff2cd800 6503       1       org.springframework.beans.PropertyEditorRegistrySupport::setConversionService (6 bytes)
Event: 5.712 Thread 0x00000265ff2cd800 nmethod 6503 0x00000265f3011710 code [0x00000265f30118c0, 0x00000265f30119d8]

GC Heap History (14 events):
Event: 0.509 GC heap before
{Heap before GC invocations=0 (full 0):
 garbage-first heap   total 260096K, used 24576K [0x0000000702200000, 0x0000000800000000)
  region size 1024K, 24 young (24576K), 0 survivors (0K)
 Metaspace       used 11441K, capacity 11710K, committed 11904K, reserved 1060864K
  class space    used 1067K, capacity 1133K, committed 1152K, reserved 1048576K
}
Event: 0.512 GC heap after
{Heap after GC invocations=1 (full 0):
 garbage-first heap   total 260096K, used 7673K [0x0000000702200000, 0x0000000800000000)
  region size 1024K, 3 young (3072K), 3 survivors (3072K)
 Metaspace       used 11441K, capacity 11710K, committed 11904K, reserved 1060864K
  class space    used 1067K, capacity 1133K, committed 1152K, reserved 1048576K
}
Event: 0.979 GC heap before
{Heap before GC invocations=1 (full 0):
 garbage-first heap   total 260096K, used 54777K [0x0000000702200000, 0x0000000800000000)
  region size 1024K, 50 young (51200K), 3 survivors (3072K)
 Metaspace       used 20640K, capacity 21113K, committed 21248K, reserved 1069056K
  class space    used 2289K, capacity 2469K, committed 2560K, reserved 1048576K
}
Event: 0.983 GC heap after
{Heap after GC invocations=2 (full 0):
 garbage-first heap   total 260096K, used 9944K [0x0000000702200000, 0x0000000800000000)
  region size 1024K, 6 young (6144K), 6 survivors (6144K)
 Metaspace       used 20640K, capacity 21113K, committed 21248K, reserved 1069056K
  class space    used 2289K, capacity 2469K, committed 2560K, reserved 1048576K
}
Event: 1.267 GC heap before
{Heap before GC invocations=3 (full 0):
 garbage-first heap   total 260096K, used 50904K [0x0000000702200000, 0x0000000800000000)
  region size 1024K, 47 young (48128K), 6 survivors (6144K)
 Metaspace       used 26504K, capacity 27081K, committed 27136K, reserved 1073152K
  class space    used 3041K, capacity 3283K, committed 3328K, reserved 1048576K
}
Event: 1.271 GC heap after
{Heap after GC invocations=4 (full 0):
 garbage-first heap   total 260096K, used 11651K [0x0000000702200000, 0x0000000800000000)
  region size 1024K, 4 young (4096K), 4 survivors (4096K)
 Metaspace       used 26504K, capacity 27081K, committed 27136K, reserved 1073152K
  class space    used 3041K, capacity 3283K, committed 3328K, reserved 1048576K
}
Event: 1.740 GC heap before
{Heap before GC invocations=4 (full 0):
 garbage-first heap   total 260096K, used 80259K [0x0000000702200000, 0x0000000800000000)
  region size 1024K, 72 young (73728K), 4 survivors (4096K)
 Metaspace       used 33585K, capacity 34295K, committed 34432K, reserved 1079296K
  class space    used 3861K, capacity 4129K, committed 4224K, reserved 1048576K
}
Event: 1.743 GC heap after
{Heap after GC invocations=5 (full 0):
 garbage-first heap   total 260096K, used 13954K [0x0000000702200000, 0x0000000800000000)
  region size 1024K, 7 young (7168K), 7 survivors (7168K)
 Metaspace       used 33585K, capacity 34295K, committed 34432K, reserved 1079296K
  class space    used 3861K, capacity 4129K, committed 4224K, reserved 1048576K
}
Event: 1.874 GC heap before
{Heap before GC invocations=5 (full 0):
 garbage-first heap   total 260096K, used 27266K [0x0000000702200000, 0x0000000800000000)
  region size 1024K, 21 young (21504K), 7 survivors (7168K)
 Metaspace       used 35042K, capacity 35800K, committed 35840K, reserved 1081344K
  class space    used 4138K, capacity 4463K, committed 4480K, reserved 1048576K
}
Event: 1.878 GC heap after
{Heap after GC invocations=6 (full 0):
 garbage-first heap   total 260096K, used 14442K [0x0000000702200000, 0x0000000800000000)
  region size 1024K, 7 young (7168K), 7 survivors (7168K)
 Metaspace       used 35042K, capacity 35800K, committed 35840K, reserved 1081344K
  class space    used 4138K, capacity 4463K, committed 4480K, reserved 1048576K
}
Event: 3.375 GC heap before
{Heap before GC invocations=7 (full 0):
 garbage-first heap   total 260096K, used 128106K [0x0000000702200000, 0x0000000800000000)
  region size 1024K, 118 young (120832K), 7 survivors (7168K)
 Metaspace       used 49472K, capacity 50663K, committed 50688K, reserved 1093632K
  class space    used 6183K, capacity 6653K, committed 6656K, reserved 1048576K
}
Event: 3.381 GC heap after
{Heap after GC invocations=8 (full 0):
 garbage-first heap   total 260096K, used 19440K [0x0000000702200000, 0x0000000800000000)
  region size 1024K, 12 young (12288K), 12 survivors (12288K)
 Metaspace       used 49472K, capacity 50663K, committed 50688K, reserved 1093632K
  class space    used 6183K, capacity 6653K, committed 6656K, reserved 1048576K
}
Event: 3.932 GC heap before
{Heap before GC invocations=8 (full 0):
 garbage-first heap   total 260096K, used 52208K [0x0000000702200000, 0x0000000800000000)
  region size 1024K, 45 young (46080K), 12 survivors (12288K)
 Metaspace       used 58710K, capacity 60033K, committed 60160K, reserved 1101824K
  class space    used 7299K, capacity 7844K, committed 7936K, reserved 1048576K
}
Event: 3.943 GC heap after
{Heap after GC invocations=9 (full 0):
 garbage-first heap   total 312320K, used 23172K [0x0000000702200000, 0x0000000800000000)
  region size 1024K, 14 young (14336K), 14 survivors (14336K)
 Metaspace       used 58710K, capacity 60033K, committed 60160K, reserved 1101824K
  class space    used 7299K, capacity 7844K, committed 7936K, reserved 1048576K
}

Deoptimization events (20 events):
Event: 5.600 Thread 0x00000265e1096800 Uncommon trap: trap_request=0xffffff4d fr.pc=0x00000265f2c68494 relative=0x00000000000002b4
Event: 5.600 Thread 0x00000265e1096800 Uncommon trap: reason=unstable_if action=reinterpret pc=0x00000265f2c68494 method=java.util.StringTokenizer.scanToken(I)I @ 96 c2
Event: 5.600 Thread 0x00000265e1096800 DEOPT PACKING pc=0x00000265f2c68494 sp=0x000000d35a4fb070
Event: 5.600 Thread 0x00000265e1096800 DEOPT UNPACKING pc=0x00000265eb10a1af sp=0x000000d35a4fb010 mode 2
Event: 5.600 Thread 0x00000265e1096800 Uncommon trap: trap_request=0xffffff4d fr.pc=0x00000265f2e38260 relative=0x0000000000000280
Event: 5.600 Thread 0x00000265e1096800 Uncommon trap: reason=unstable_if action=reinterpret pc=0x00000265f2e38260 method=java.util.StringTokenizer.skipDelimiters(I)I @ 21 c2
Event: 5.600 Thread 0x00000265e1096800 DEOPT PACKING pc=0x00000265f2e38260 sp=0x000000d35a4fb0d0
Event: 5.600 Thread 0x00000265e1096800 DEOPT UNPACKING pc=0x00000265eb10a1af sp=0x000000d35a4fb010 mode 2
Event: 5.628 Thread 0x00000265e1096800 Uncommon trap: trap_request=0xffffff4d fr.pc=0x00000265f2ba3764 relative=0x0000000000000044
Event: 5.628 Thread 0x00000265e1096800 Uncommon trap: reason=unstable_if action=reinterpret pc=0x00000265f2ba3764 method=java.lang.CharacterData.of(I)Ljava/lang/CharacterData; @ 4 c2
Event: 5.628 Thread 0x00000265e1096800 DEOPT PACKING pc=0x00000265f2ba3764 sp=0x000000d35a4fa500
Event: 5.628 Thread 0x00000265e1096800 DEOPT UNPACKING pc=0x00000265eb10a1af sp=0x000000d35a4fa498 mode 2
Event: 5.632 Thread 0x00000265e1096800 Uncommon trap: trap_request=0xffffff4d fr.pc=0x00000265f2eabe64 relative=0x0000000000000204
Event: 5.632 Thread 0x00000265e1096800 Uncommon trap: reason=unstable_if action=reinterpret pc=0x00000265f2eabe64 method=java.util.regex.Matcher.reset()Ljava/util/regex/Matcher; @ 71 c2
Event: 5.632 Thread 0x00000265e1096800 DEOPT PACKING pc=0x00000265f2eabe64 sp=0x000000d35a4fadd0
Event: 5.632 Thread 0x00000265e1096800 DEOPT UNPACKING pc=0x00000265eb10a1af sp=0x000000d35a4fad58 mode 2
Event: 5.632 Thread 0x00000265e1096800 Uncommon trap: trap_request=0xffffff4d fr.pc=0x00000265f2ec00e8 relative=0x0000000000000308
Event: 5.632 Thread 0x00000265e1096800 Uncommon trap: reason=unstable_if action=reinterpret pc=0x00000265f2ec00e8 method=java.util.regex.Matcher.search(I)Z @ 76 c2
Event: 5.632 Thread 0x00000265e1096800 DEOPT PACKING pc=0x00000265f2ec00e8 sp=0x000000d35a4fae30
Event: 5.632 Thread 0x00000265e1096800 DEOPT UNPACKING pc=0x00000265eb10a1af sp=0x000000d35a4fadd0 mode 2

Classes redefined (0 events):
No events

Internal exceptions (20 events):
Event: 5.382 Thread 0x00000265e1096800 Exception <a 'java/lang/IncompatibleClassChangeError'{0x000000070d921fd8}: Found class java.lang.Object, but interface was expected> (0x000000070d921fd8) thrown at [./src/hotspot/share/interpreter/linkResolver.cpp, line 839]
Event: 5.386 Thread 0x00000265e1096800 Exception <a 'java/lang/NoSuchMethodError'{0x000000070d983cc0}: 'void java.lang.invoke.DirectMethodHandle$Holder.invokeSpecial(java.lang.Object, java.lang.Object, java.lang.Object, java.lang.Object, java.lang.Object, java.lang.Object, java.lang.Object)'> (0x000000070d983cc0) thrown at [./src/hotspot/share/interpreter/linkResolver.cpp, line 773]
Event: 5.435 Thread 0x00000265e1096800 Exception <a 'java/lang/reflect/InvocationTargetException'{0x000000070d18e738}> (0x000000070d18e738) thrown at [./src/hotspot/share/runtime/reflection.cpp, line 1247]
Event: 5.443 Thread 0x00000265e1096800 Exception <a 'java/lang/NoSuchMethodError'{0x000000070d01da38}: 'java.lang.Object java.lang.invoke.DirectMethodHandle$Holder.invokeStatic(java.lang.Object, java.lang.Object, int, java.lang.Object)'> (0x000000070d01da38) thrown at [./src/hotspot/share/interpreter/linkResolver.cpp, line 773]
Event: 5.444 Thread 0x00000265e1096800 Exception <a 'java/lang/NoSuchMethodError'{0x000000070d024468}: 'java.lang.Object java.lang.invoke.Invokers$Holder.linkToTargetMethod(java.lang.Object, int, java.lang.Object)'> (0x000000070d024468) thrown at [./src/hotspot/share/interpreter/linkResolver.cpp, line 773]
Event: 5.477 Thread 0x00000265e1096800 Exception <a 'java/lang/reflect/InvocationTargetException'{0x000000070ce62c38}> (0x000000070ce62c38) thrown at [./src/hotspot/share/runtime/reflection.cpp, line 1247]
Event: 5.515 Thread 0x00000265e1096800 Exception <a 'java/lang/ClassNotFoundException'{0x000000070cb83e10}: java/lang/ObjectCustomizer> (0x000000070cb83e10) thrown at [./src/hotspot/share/classfile/systemDictionary.cpp, line 233]
Event: 5.516 Thread 0x00000265e1096800 Exception <a 'java/lang/ClassNotFoundException'{0x000000070cb973f0}: com/project/chamong/audit/AuditableCustomizer> (0x000000070cb973f0) thrown at [./src/hotspot/share/classfile/systemDictionary.cpp, line 233]
Event: 5.517 Thread 0x00000265e1096800 Exception <a 'java/lang/ClassNotFoundException'{0x000000070cbac7e8}: com/project/chamong/bookmark/entity/BookmarkCustomizer> (0x000000070cbac7e8) thrown at [./src/hotspot/share/classfile/systemDictionary.cpp, line 233]
Event: 5.519 Thread 0x00000265e1096800 Exception <a 'java/lang/ClassNotFoundException'{0x000000070cbe5468}: java/lang/ObjectCustomizer> (0x000000070cbe5468) thrown at [./src/hotspot/share/classfile/systemDictionary.cpp, line 233]
Event: 5.520 Thread 0x00000265e1096800 Exception <a 'java/lang/ClassNotFoundException'{0x000000070cbf9c88}: com/project/chamong/camping/entity/ContentCustomizer> (0x000000070cbf9c88) thrown at [./src/hotspot/share/classfile/systemDictionary.cpp, line 233]
Event: 5.526 Thread 0x00000265e1096800 Exception <a 'java/lang/ClassNotFoundException'{0x000000070c9076c8}: java/lang/ObjectCustomizer> (0x000000070c9076c8) thrown at [./src/hotspot/share/classfile/systemDictionary.cpp, line 233]
Event: 5.527 Thread 0x00000265e1096800 Exception <a 'java/lang/ClassNotFoundException'{0x000000070c91ac68}: com/project/chamong/audit/AuditableCustomizer> (0x000000070c91ac68) thrown at [./src/hotspot/share/classfile/systemDictionary.cpp, line 233]
Event: 5.527 Thread 0x00000265e1096800 Exception <a 'java/lang/ClassNotFoundException'{0x000000070c92e958}: com/project/chamong/review/entity/ReviewCustomizer> (0x000000070c92e958) thrown at [./src/hotspot/share/classfile/systemDictionary.cpp, line 233]
Event: 5.554 Thread 0x00000265e1096800 Exception <a 'java/lang/reflect/InvocationTargetException'{0x000000070bd90130}> (0x000000070bd90130) thrown at [./src/hotspot/share/runtime/reflection.cpp, line 1247]
Event: 5.556 Thread 0x00000265e1096800 Exception <a 'java/lang/reflect/InvocationTargetException'{0x000000070bda0d80}> (0x000000070bda0d80) thrown at [./src/hotspot/share/runtime/reflection.cpp, line 1247]
Event: 5.565 Thread 0x00000265e1096800 Exception <a 'java/lang/reflect/InvocationTargetException'{0x000000070bc32088}> (0x000000070bc32088) thrown at [./src/hotspot/share/runtime/reflection.cpp, line 1247]
Event: 5.567 Thread 0x00000265e1096800 Exception <a 'java/lang/reflect/InvocationTargetException'{0x000000070bc4d480}> (0x000000070bc4d480) thrown at [./src/hotspot/share/runtime/reflection.cpp, line 1247]
Event: 5.568 Thread 0x00000265e1096800 Exception <a 'java/lang/reflect/InvocationTargetException'{0x000000070bc5b888}> (0x000000070bc5b888) thrown at [./src/hotspot/share/runtime/reflection.cpp, line 1247]
Event: 5.579 Thread 0x00000265e1096800 Exception <a 'java/lang/reflect/InvocationTargetException'{0x000000070bb435c8}> (0x000000070bb435c8) thrown at [./src/hotspot/share/runtime/reflection.cpp, line 1247]

Events (20 events):
Event: 5.715 loading class javax/json/bind/Jsonb
Event: 5.715 loading class javax/json/bind/Jsonb done
Event: 5.715 loading class javax/json/bind$Jsonb
Event: 5.715 loading class javax/json/bind$Jsonb done
Event: 5.716 loading class kotlinx/serialization/json/Json
Event: 5.716 loading class kotlinx/serialization/json/Json done
Event: 5.716 loading class kotlinx/serialization/json$Json
Event: 5.716 loading class kotlinx/serialization/json$Json done
Event: 5.716 loading class org/springframework/http/client/SimpleClientHttpRequestFactory
Event: 5.716 loading class org/springframework/http/client/SimpleClientHttpRequestFactory done
Event: 5.716 loading class org/springframework/http/client/AsyncClientHttpRequestFactory
Event: 5.716 loading class org/springframework/http/client/AsyncClientHttpRequestFactory done
Event: 5.716 loading class org/springframework/http/client/ClientHttpRequest
Event: 5.716 loading class org/springframework/http/client/ClientHttpRequest done
Event: 5.717 loading class org/springframework/http/HttpRequest
Event: 5.717 loading class org/springframework/http/HttpRequest done
Event: 5.717 loading class org/springframework/http/client/AsyncClientHttpRequest
Event: 5.717 loading class org/springframework/http/client/AsyncClientHttpRequest done
Event: 5.717 loading class org/springframework/web/client/DefaultResponseErrorHandler
Event: 5.717 loading class org/springframework/web/client/DefaultResponseErrorHandler done


Dynamic libraries:
0x00007ff705970000 - 0x00007ff70597d000 	C:\Program Files\Zulu\zulu-11\bin\java.exe
0x00007ffa9a0f0000 - 0x00007ffa9a2e8000 	C:\Windows\SYSTEM32\ntdll.dll
0x00007ffa99f90000 - 0x00007ffa9a04f000 	C:\Windows\System32\KERNEL32.DLL
0x00007ffa97850000 - 0x00007ffa97b22000 	C:\Windows\System32\KERNELBASE.dll
0x00007ffa97cc0000 - 0x00007ffa97dc0000 	C:\Windows\System32\ucrtbase.dll
0x00007ffa7d1c0000 - 0x00007ffa7d1d5000 	C:\Program Files\Zulu\zulu-11\bin\VCRUNTIME140.dll
0x00007ffa7d1e0000 - 0x00007ffa7d1f7000 	C:\Program Files\Zulu\zulu-11\bin\jli.dll
0x00007ffa991f0000 - 0x00007ffa99391000 	C:\Windows\System32\USER32.dll
0x00007ffa97c90000 - 0x00007ffa97cb2000 	C:\Windows\System32\win32u.dll
0x00007ffa98ad0000 - 0x00007ffa98afb000 	C:\Windows\System32\GDI32.dll
0x00007ffa97f20000 - 0x00007ffa9802f000 	C:\Windows\System32\gdi32full.dll
0x00007ffa88160000 - 0x00007ffa883fa000 	C:\Windows\WinSxS\amd64_microsoft.windows.common-controls_6595b64144ccf1df_6.0.19041.1110_none_60b5254171f9507e\COMCTL32.dll
0x00007ffa97b60000 - 0x00007ffa97bfd000 	C:\Windows\System32\msvcp_win.dll
0x00007ffa98ba0000 - 0x00007ffa98c3e000 	C:\Windows\System32\msvcrt.dll
0x00007ffa99470000 - 0x00007ffa994a2000 	C:\Windows\System32\IMM32.DLL
0x00007ffa7d120000 - 0x00007ffa7d1bb000 	C:\Program Files\Zulu\zulu-11\bin\msvcp140.dll
0x00007ffa426a0000 - 0x00007ffa43236000 	C:\Program Files\Zulu\zulu-11\bin\server\jvm.dll
0x00007ffa982d0000 - 0x00007ffa9837e000 	C:\Windows\System32\ADVAPI32.dll
0x00007ffa98b00000 - 0x00007ffa98b9c000 	C:\Windows\System32\sechost.dll
0x00007ffa990b0000 - 0x00007ffa991d5000 	C:\Windows\System32\RPCRT4.dll
0x00007ffa996c0000 - 0x00007ffa996c8000 	C:\Windows\System32\PSAPI.DLL
0x00007ffa80b90000 - 0x00007ffa80b99000 	C:\Windows\SYSTEM32\WSOCK32.dll
0x00007ffa91330000 - 0x00007ffa9133a000 	C:\Windows\SYSTEM32\VERSION.dll
0x00007ffa90250000 - 0x00007ffa90277000 	C:\Windows\SYSTEM32\WINMM.dll
0x00007ffa993a0000 - 0x00007ffa9940b000 	C:\Windows\System32\WS2_32.dll
0x00007ffa95680000 - 0x00007ffa95692000 	C:\Windows\SYSTEM32\kernel.appcore.dll
0x00007ffa7d110000 - 0x00007ffa7d120000 	C:\Program Files\Zulu\zulu-11\bin\verify.dll
0x00007ffa88d40000 - 0x00007ffa88f24000 	C:\Windows\SYSTEM32\DBGHELP.DLL
0x00007ffa7dd50000 - 0x00007ffa7dd85000 	C:\Windows\SYSTEM32\dbgcore.DLL
0x00007ffa97c00000 - 0x00007ffa97c82000 	C:\Windows\System32\bcryptPrimitives.dll
0x00007ffa7d0e0000 - 0x00007ffa7d108000 	C:\Program Files\Zulu\zulu-11\bin\java.dll
0x00007ffa7d0d0000 - 0x00007ffa7d0da000 	C:\Program Files\Zulu\zulu-11\bin\jimage.dll
0x00007ffa92dc0000 - 0x00007ffa92dce000 	C:\Program Files\Zulu\zulu-11\bin\instrument.dll
0x00007ffa7d0b0000 - 0x00007ffa7d0c8000 	C:\Program Files\Zulu\zulu-11\bin\zip.dll
0x00007ffa98380000 - 0x00007ffa98ac4000 	C:\Windows\System32\SHELL32.dll
0x00007ffa95880000 - 0x00007ffa96012000 	C:\Windows\SYSTEM32\windows.storage.dll
0x00007ffa99b80000 - 0x00007ffa99ed5000 	C:\Windows\System32\combase.dll
0x00007ffa97160000 - 0x00007ffa97190000 	C:\Windows\SYSTEM32\Wldp.dll
0x00007ffa99ee0000 - 0x00007ffa99f8d000 	C:\Windows\System32\SHCORE.dll
0x00007ffa99410000 - 0x00007ffa99465000 	C:\Windows\System32\shlwapi.dll
0x00007ffa97720000 - 0x00007ffa9773f000 	C:\Windows\SYSTEM32\profapi.dll
0x00007ffa7d090000 - 0x00007ffa7d0a9000 	C:\Program Files\Zulu\zulu-11\bin\net.dll
0x00007ffa92a50000 - 0x00007ffa92b5c000 	C:\Windows\SYSTEM32\WINHTTP.dll
0x00007ffa96ea0000 - 0x00007ffa96f0a000 	C:\Windows\system32\mswsock.dll
0x00007ffa7bd60000 - 0x00007ffa7bd73000 	C:\Program Files\Zulu\zulu-11\bin\nio.dll
0x00007ffa7d910000 - 0x00007ffa7d92a000 	C:\Program Files\JetBrains\IntelliJ IDEA Community Edition 2022.3.2\bin\breakgen64.dll
0x00007ffa92e40000 - 0x00007ffa92e49000 	C:\Program Files\Zulu\zulu-11\bin\management.dll
0x00007ffa90b10000 - 0x00007ffa90b1b000 	C:\Program Files\Zulu\zulu-11\bin\management_ext.dll
0x00007ffa85ee0000 - 0x00007ffa85ef7000 	C:\Windows\system32\napinsp.dll
0x00007ffa85ea0000 - 0x00007ffa85ebb000 	C:\Windows\system32\pnrpnsp.dll
0x00007ffa85e60000 - 0x00007ffa85e75000 	C:\Windows\system32\wshbth.dll
0x00007ffa92cd0000 - 0x00007ffa92ced000 	C:\Windows\system32\NLAapi.dll
0x00007ffa96b90000 - 0x00007ffa96bcb000 	C:\Windows\SYSTEM32\IPHLPAPI.DLL
0x00007ffa96bd0000 - 0x00007ffa96c9a000 	C:\Windows\SYSTEM32\DNSAPI.dll
0x00007ffa991e0000 - 0x00007ffa991e8000 	C:\Windows\System32\NSI.dll
0x00007ffa85cc0000 - 0x00007ffa85cd2000 	C:\Windows\System32\winrnr.dll
0x00007ffa86100000 - 0x00007ffa8610a000 	C:\Windows\System32\rasadhlp.dll
0x00007ffa91340000 - 0x00007ffa913c0000 	C:\Windows\System32\fwpuclnt.dll
0x00007ffa97b30000 - 0x00007ffa97b57000 	C:\Windows\System32\bcrypt.dll
0x00007ffa970c0000 - 0x00007ffa970d8000 	C:\Windows\SYSTEM32\CRYPTSP.dll
0x00007ffa967a0000 - 0x00007ffa967d4000 	C:\Windows\system32\rsaenh.dll
0x00007ffa976a0000 - 0x00007ffa976ce000 	C:\Windows\SYSTEM32\USERENV.dll
0x00007ffa970b0000 - 0x00007ffa970bc000 	C:\Windows\SYSTEM32\CRYPTBASE.dll
0x00007ffa92cb0000 - 0x00007ffa92cc7000 	C:\Windows\SYSTEM32\dhcpcsvc6.DLL
0x00007ffa94860000 - 0x00007ffa9487d000 	C:\Windows\SYSTEM32\dhcpcsvc.DLL
0x00007ffa7d2b0000 - 0x00007ffa7d2d5000 	C:\Program Files\Zulu\zulu-11\bin\sunec.dll
0x00007ffa919f0000 - 0x00007ffa919fe000 	C:\Program Files\Zulu\zulu-11\bin\sunmscapi.dll
0x00007ffa97dc0000 - 0x00007ffa97f16000 	C:\Windows\System32\CRYPT32.dll
0x00007ffa971d0000 - 0x00007ffa971f7000 	C:\Windows\SYSTEM32\ncrypt.dll
0x00007ffa97190000 - 0x00007ffa971cb000 	C:\Windows\SYSTEM32\NTASN1.dll

dbghelp: loaded successfully - version: 4.0.5 - missing functions: none
symbol engine: initialized successfully - sym options: 0x614 - pdb path: .;C:\Program Files\Zulu\zulu-11\bin;C:\Windows\SYSTEM32;C:\Windows\WinSxS\amd64_microsoft.windows.common-controls_6595b64144ccf1df_6.0.19041.1110_none_60b5254171f9507e;C:\Program Files\Zulu\zulu-11\bin\server;C:\Program Files\JetBrains\IntelliJ IDEA Community Edition 2022.3.2\bin

VM Arguments:
jvm_args: -javaagent:C:\Program Files\JetBrains\IntelliJ IDEA Community Edition 2022.3.2\lib\idea_rt.jar=61182:C:\Program Files\JetBrains\IntelliJ IDEA Community Edition 2022.3.2\bin -Dfile.encoding=UTF-8 
java_command: com.project.chamong.ChamongApplication
java_class_path (initial): C:\Users\Administrator\Desktop\chamong_main - 0321\seb42_main_003\server\out\production\classes;C:\Users\Administrator\Desktop\chamong_main - 0321\seb42_main_003\server\out\production\resources;C:\Users\Administrator\.gradle\caches\modules-2\files-2.1\org.springframework.boot\spring-boot-starter-data-jpa\2.7.9\5af4a206fd4eaac881b7d96ca1ef19b2111a355c\spring-boot-starter-data-jpa-2.7.9.jar;C:\Users\Administrator\.gradle\caches\modules-2\files-2.1\org.springframework.boot\spring-boot-starter-validation\2.7.9\7cfc9801c13eefd3d20499c2371d921eb11c328\spring-boot-starter-validation-2.7.9.jar;C:\Users\Administrator\.gradle\caches\modules-2\files-2.1\org.springframework.boot\spring-boot-starter-security\2.7.9\ca8e422a56493e99a7c8c9d56d92091256d9fed7\spring-boot-starter-security-2.7.9.jar;C:\Users\Administrator\.gradle\caches\modules-2\files-2.1\org.springframework.boot\spring-boot-starter-web\2.7.9\e745a069e2b7ca51e378fcbc397d14dd82178199\spring-boot-starter-web-2.7.9.jar;C:\Users\Administrator\.gradle\caches\modules-2\files-2.1\org.springframework.boot\spring-boot-starter-data-redis\2.7.9\7aa0e971c046ade09793b1f1b1af26a5ef24cbf2\spring-boot-starter-data-redis-2.7.9.jar;C:\Users\Administrator\.gradle\caches\modules-2\files-2.1\org.apache.httpcomponents.client5\httpclient5\5.2.1\c900514d3446d9ce5d9dbd90c21192048125440\httpclient5-5.2.1.jar;C:\Users\Administrator\.gradle\caches\modules-2\files-2.1\org.json\json\20200518\41a767de4bde8f01d53856b905c49b2db8862f13\json-20200518.jar;C:\Users\Administrator\.gradle\caches\modules-2\files-2.1\org.mapstruct\mapstruct\1.5.3.Final\5f5d063858957ef086858bc3d003f702082297f3\mapstruct-1.5.3.Final.jar;C:\Users\Administrator\.gradle\caches\modules-2\files-2.1\com.google.code.gson\gson\2.9.1\2cc2131b98ebfb04e2b2c7dfb84431f4045096b\gson-2.9.1.jar;C:\Users\Administrator\.gradle\caches\modules-2\files-2.1\io.jsonwebtoken\jjwt-api\0.11.5\f742940045619d06383e7df37b21ac422b476cf1\jjwt-api-0.11.5.jar;C:\Users\Administrato
Launcher Type: SUN_STANDARD

[Global flags]
     intx CICompilerCount                          = 4                                         {product} {ergonomic}
     uint ConcGCThreads                            = 3                                         {product} {ergonomic}
     uint G1ConcRefinementThreads                  = 10                                        {product} {ergonomic}
   size_t G1HeapRegionSize                         = 1048576                                   {product} {ergonomic}
    uintx GCDrainStackTargetSize                   = 64                                        {product} {ergonomic}
   size_t InitialHeapSize                          = 266338304                                 {product} {ergonomic}
   size_t MarkStackSize                            = 4194304                                   {product} {ergonomic}
   size_t MaxHeapSize                              = 4259315712                                {product} {ergonomic}
   size_t MaxNewSize                               = 2555379712                                {product} {ergonomic}
   size_t MinHeapDeltaBytes                        = 1048576                                   {product} {ergonomic}
    uintx NonNMethodCodeHeapSize                   = 5836300                                {pd product} {ergonomic}
    uintx NonProfiledCodeHeapSize                  = 122910970                              {pd product} {ergonomic}
    uintx ProfiledCodeHeapSize                     = 122910970                              {pd product} {ergonomic}
    uintx ReservedCodeCacheSize                    = 251658240                              {pd product} {ergonomic}
     bool SegmentedCodeCache                       = true                                      {product} {ergonomic}
     bool UseCompressedClassPointers               = true                                 {lp64_product} {ergonomic}
     bool UseCompressedOops                        = true                                 {lp64_product} {ergonomic}
     bool UseG1GC                                  = true                                      {product} {ergonomic}
     bool UseLargePagesIndividualAllocation        = false                                  {pd product} {ergonomic}

Logging:
Log output configuration:
 #0: stdout all=warning uptime,level,tags
 #1: stderr all=off uptime,level,tags

Environment Variables:
JAVA_HOME=C:\Program Files\Zulu\zulu-11
JRE_HOME=C:\Program Files\Zulu\zulu-11\jre\
CLASSPATH=C:\Program Files\Zulu\zulu-11\lib
PATH=C:\Program Files\Zulu\zulu-11\bin\;C:\Windows\system32;C:\Windows;C:\Windows\system32;C:\Windows;C:\Program Files (x86)\NAT Service;C:\Windows\system32;C:\Windows;C:\Windows\System32\Wbem;C:\Windows\System32\WindowsPowerShell\v1.0\;C:\Windows\System32\OpenSSH\;C:\Program Files\Bandizip\;C:\Program Files\Zulu\zulu-11\bin;C:\Program Files (x86)\NVIDIA Corporation\PhysX\Common;C:\Program Files\NVIDIA Corporation\NVIDIA NvDLISR;C:\Program Files\dotnet\;C:\Program Files\Git\cmd;C:\Apache24\bin;C:\Program Files\PuTTY\;C:\Users\Administrator\AppData\Local\Microsoft\WindowsApps;
USERNAME=Administrator
OS=Windows_NT
PROCESSOR_IDENTIFIER=Intel64 Family 6 Model 151 Stepping 5, GenuineIntel
TMP=C:\Users\ADMINI~1\AppData\Local\Temp
TEMP=C:\Users\ADMINI~1\AppData\Local\Temp



---------------  S Y S T E M  ---------------

OS: Windows 10 , 64 bit Build 19041 (10.0.19041.2364)
OS uptime: 0 days 12:30 hours
Hyper-V role detected

CPU:total 12 (initial active 12) (6 cores per cpu, 2 threads per core) family 6 model 151 stepping 5 microcode 0x1a, cmov, cx8, fxsr, mmx, sse, sse2, sse3, ssse3, sse4.1, sse4.2, popcnt, avx, avx2, aes, clmul, erms, 3dnowpref, lzcnt, ht, tsc, tscinvbit, bmi1, bmi2, adx, sha, fma

Memory: 4k page, system-wide physical 16243M (4458M free)
TotalPageFile size 19169M (AvailPageFile size 5M)
current process WorkingSet (physical memory assigned to process): 400M, peak: 430M
current process commit charge ("private bytes"): 561M, peak: 591M

vm_info: OpenJDK 64-Bit Server VM (11.0.18+10-LTS) for windows-amd64 JRE (Zulu11.62+17-CA) (11.0.18+10-LTS), built on Jan  4 2023 15:02:54 by "zulu_re" with MS VC++ 15.9 (VS2017)

END.
