#
# There is insufficient memory for the Java Runtime Environment to continue.
# Native memory allocation (malloc) failed to allocate 1896816 bytes for Chunk::new
# Possible reasons:
#   The system is out of physical RAM or swap space
#   The process is running with CompressedOops enabled, and the Java Heap may be blocking the growth of the native heap
# Possible solutions:
#   Reduce memory load on the system
#   Increase physical memory or swap space
#   Check if swap backing store is full
#   Decrease Java heap size (-Xmx/-Xms)
#   Decrease number of Java threads
#   Decrease Java thread stack sizes (-Xss)
#   Set larger code cache with -XX:ReservedCodeCacheSize=
#   JVM is running with Zero Based Compressed Oops mode in which the Java heap is
#     placed in the first 32GB address space. The Java Heap base address is the
#     maximum limit for the native heap growth. Please use -XX:HeapBaseMinAddress
#     to set the Java Heap base and to place the Java Heap above 32GB virtual address.
# This output file may be truncated or incomplete.
#
#  Out of Memory Error (./src/hotspot/share/memory/arena.cpp:197), pid=16268, tid=8988
#
# JRE version: OpenJDK Runtime Environment Zulu11.62+17-CA (11.0.18+10) (build 11.0.18+10-LTS)
# Java VM: OpenJDK 64-Bit Server VM Zulu11.62+17-CA (11.0.18+10-LTS, mixed mode, tiered, compressed oops, g1 gc, windows-amd64)
# No core dump will be written. Minidumps are not enabled by default on client versions of Windows
#

---------------  S U M M A R Y ------------

Command Line: -javaagent:C:\Program Files\JetBrains\IntelliJ IDEA Community Edition 2022.3.2\lib\idea_rt.jar=60997:C:\Program Files\JetBrains\IntelliJ IDEA Community Edition 2022.3.2\bin -Dfile.encoding=UTF-8 com.project.chamong.ChamongApplication

Host: 12th Gen Intel(R) Core(TM) i5-12400F, 12 cores, 15G,  Windows 10 , 64 bit Build 19041 (10.0.19041.2364)
Time: Wed Mar 22 21:10:30 2023  Windows 10 , 64 bit Build 19041 (10.0.19041.2364) elapsed time: 5.246239 seconds (0d 0h 0m 5s)

---------------  T H R E A D  ---------------

Current thread (0x0000025657a52000):  JavaThread "C2 CompilerThread2" daemon [_thread_in_native, id=8988, stack(0x000000ae6ad00000,0x000000ae6ae00000)]


Current CompileTask:
C2:   5246 5745       4       org.springframework.core.annotation.TypeMappedAnnotations::scan (62 bytes)

Stack: [0x000000ae6ad00000,0x000000ae6ae00000]
Native frames: (J=compiled Java code, j=interpreted, Vv=VM code, C=native code)
V  [jvm.dll+0x62bdca]
V  [jvm.dll+0x7b9bc9]
V  [jvm.dll+0x7bb2b8]
V  [jvm.dll+0x7bb993]
V  [jvm.dll+0x253258]
V  [jvm.dll+0xc240c]
V  [jvm.dll+0xc29cc]
V  [jvm.dll+0x361ee7]
V  [jvm.dll+0x32d6f3]
V  [jvm.dll+0x32ca2a]
V  [jvm.dll+0x208a53]
V  [jvm.dll+0x207bad]
V  [jvm.dll+0x18a041]
V  [jvm.dll+0x2174e4]
V  [jvm.dll+0x21572b]
V  [jvm.dll+0x77c770]
V  [jvm.dll+0x775694]
V  [jvm.dll+0x62ac35]
C  [ucrtbase.dll+0x21bb2]
C  [KERNEL32.DLL+0x17614]
C  [ntdll.dll+0x526a1]


---------------  P R O C E S S  ---------------

Threads class SMR info:
_java_thread_list=0x0000025661954b50, length=20, elements={
0x0000025632f04800, 0x00000256579d1800, 0x00000256579ca800, 0x0000025657a3a800,
0x0000025657a3b800, 0x0000025657a3d000, 0x0000025657a4c000, 0x0000025657a4e800,
0x0000025657a6e000, 0x0000025657c0c800, 0x000002565813b000, 0x0000025657a50800,
0x000002565cfdd800, 0x000002565d9c5800, 0x000002565d9c7000, 0x0000025657a52000,
0x000002565c9fe000, 0x000002565caaf000, 0x000002565d4c5800, 0x000002565db11000
}

Java Threads: ( => current thread )
  0x0000025632f04800 JavaThread "main" [_thread_blocked, id=13976, stack(0x000000ae69000000,0x000000ae69100000)]
  0x00000256579d1800 JavaThread "Reference Handler" daemon [_thread_blocked, id=13028, stack(0x000000ae69700000,0x000000ae69800000)]
  0x00000256579ca800 JavaThread "Finalizer" daemon [_thread_blocked, id=12976, stack(0x000000ae69800000,0x000000ae69900000)]
  0x0000025657a3a800 JavaThread "Signal Dispatcher" daemon [_thread_blocked, id=10032, stack(0x000000ae69900000,0x000000ae69a00000)]
  0x0000025657a3b800 JavaThread "Attach Listener" daemon [_thread_blocked, id=6444, stack(0x000000ae69a00000,0x000000ae69b00000)]
  0x0000025657a3d000 JavaThread "Service Thread" daemon [_thread_blocked, id=16036, stack(0x000000ae69b00000,0x000000ae69c00000)]
  0x0000025657a4c000 JavaThread "C2 CompilerThread0" daemon [_thread_in_native, id=16308, stack(0x000000ae69c00000,0x000000ae69d00000)]
  0x0000025657a4e800 JavaThread "C1 CompilerThread0" daemon [_thread_blocked, id=1028, stack(0x000000ae69d00000,0x000000ae69e00000)]
  0x0000025657a6e000 JavaThread "Sweeper thread" daemon [_thread_blocked, id=15776, stack(0x000000ae69e00000,0x000000ae69f00000)]
  0x0000025657c0c800 JavaThread "Common-Cleaner" daemon [_thread_blocked, id=12952, stack(0x000000ae69f00000,0x000000ae6a000000)]
  0x000002565813b000 JavaThread "Monitor Ctrl-Break" daemon [_thread_in_native, id=4952, stack(0x000000ae6a100000,0x000000ae6a200000)]
  0x0000025657a50800 JavaThread "C2 CompilerThread1" daemon [_thread_in_native, id=10896, stack(0x000000ae6a000000,0x000000ae6a100000)]
  0x000002565cfdd800 JavaThread "Catalina-utility-1" [_thread_blocked, id=13428, stack(0x000000ae6a300000,0x000000ae6a400000)]
  0x000002565d9c5800 JavaThread "Catalina-utility-2" [_thread_blocked, id=11244, stack(0x000000ae6a900000,0x000000ae6aa00000)]
  0x000002565d9c7000 JavaThread "container-0" [_thread_blocked, id=14168, stack(0x000000ae6ac00000,0x000000ae6ad00000)]
=>0x0000025657a52000 JavaThread "C2 CompilerThread2" daemon [_thread_in_native, id=8988, stack(0x000000ae6ad00000,0x000000ae6ae00000)]
  0x000002565c9fe000 JavaThread "mysql-cj-abandoned-connection-cleanup" daemon [_thread_blocked, id=10824, stack(0x000000ae6ae00000,0x000000ae6af00000)]
  0x000002565caaf000 JavaThread "HikariPool-1 housekeeper" daemon [_thread_blocked, id=5736, stack(0x000000ae6b000000,0x000000ae6b100000)]
  0x000002565d4c5800 JavaThread "HikariPool-1 connection adder" daemon [_thread_blocked, id=12696, stack(0x000000ae6b100000,0x000000ae6b200000)]
  0x000002565db11000 JavaThread "lettuce-timer-3-1" daemon [_thread_blocked, id=11184, stack(0x000000ae6b400000,0x000000ae6b500000)]

Other Threads:
  0x000002565799f000 VMThread "VM Thread" [stack: 0x000000ae69600000,0x000000ae69700000] [id=8160]
  0x0000025658143000 WatcherThread [stack: 0x000000ae6a200000,0x000000ae6a300000] [id=9516]
  0x0000025632f1b800 GCTaskThread "GC Thread#0" [stack: 0x000000ae69100000,0x000000ae69200000] [id=1532]
  0x0000025658997000 GCTaskThread "GC Thread#1" [stack: 0x000000ae6a400000,0x000000ae6a500000] [id=15860]
  0x00000256589d6000 GCTaskThread "GC Thread#2" [stack: 0x000000ae6a500000,0x000000ae6a600000] [id=14656]
  0x00000256589d6800 GCTaskThread "GC Thread#3" [stack: 0x000000ae6a600000,0x000000ae6a700000] [id=14896]
  0x00000256589d7800 GCTaskThread "GC Thread#4" [stack: 0x000000ae6a700000,0x000000ae6a800000] [id=292]
  0x00000256589d8000 GCTaskThread "GC Thread#5" [stack: 0x000000ae6a800000,0x000000ae6a900000] [id=3560]
  0x000002565ee39000 GCTaskThread "GC Thread#6" [stack: 0x000000ae6b200000,0x000000ae6b300000] [id=4532]
  0x000002565de8e000 GCTaskThread "GC Thread#7" [stack: 0x000000ae6b300000,0x000000ae6b400000] [id=9908]
  0x0000025632f79000 ConcurrentGCThread "G1 Main Marker" [stack: 0x000000ae69200000,0x000000ae69300000] [id=13456]
  0x0000025632f7d800 ConcurrentGCThread "G1 Conc#0" [stack: 0x000000ae69300000,0x000000ae69400000] [id=15220]
  0x0000025658e47000 ConcurrentGCThread "G1 Conc#1" [stack: 0x000000ae6aa00000,0x000000ae6ab00000] [id=14640]
  0x0000025658bdc000 ConcurrentGCThread "G1 Conc#2" [stack: 0x000000ae6ab00000,0x000000ae6ac00000] [id=2664]
  0x0000025656ab0800 ConcurrentGCThread "G1 Refine#0" [stack: 0x000000ae69400000,0x000000ae69500000] [id=15392]
  0x0000025656ab1800 ConcurrentGCThread "G1 Young RemSet Sampling" [stack: 0x000000ae69500000,0x000000ae69600000] [id=3572]

Threads with active compile tasks:
C2 CompilerThread0     5528 5766       4       org.springframework.core.annotation.TypeMappedAnnotations::get (52 bytes)
C2 CompilerThread1     5528 5789       4       org.springframework.core.annotation.AnnotationsScanner::process (43 bytes)
C2 CompilerThread2     5528 5745       4       org.springframework.core.annotation.TypeMappedAnnotations::scan (62 bytes)

VM state:at safepoint (normal execution)

VM Mutex/Monitor currently owned by a thread:  ([mutex/lock_event])
[0x0000025632f01e40] Threads_lock - owner thread: 0x000002565799f000
[0x0000025632f01d20] Heap_lock - owner thread: 0x0000025632f04800

Heap address: 0x0000000702200000, size: 4062 MB, Compressed Oops mode: Zero based, Oop shift amount: 3
Narrow klass base: 0x0000000800000000, Narrow klass shift: 0
Compressed class space size: 1073741824 Address: 0x0000000800000000

Heap:
 garbage-first heap   total 312320K, used 27912K [0x0000000702200000, 0x0000000800000000)
  region size 1024K, 14 young (14336K), 14 survivors (14336K)
 Metaspace       used 75060K, capacity 76744K, committed 76800K, reserved 1124352K
  class space    used 9507K, capacity 10184K, committed 10240K, reserved 1048576K
Heap Regions: E=young(eden), S=young(survivor), O=old, HS=humongous(starts), HC=humongous(continues), CS=collection set, F=free, A=archive, TAMS=top-at-mark-start (previous, next)
|   0|0x0000000702200000, 0x0000000702300000, 0x0000000702300000|100%|HS|  |TAMS 0x0000000702300000, 0x0000000702300000| Complete 
|   1|0x0000000702300000, 0x0000000702400000, 0x0000000702400000|100%| O|  |TAMS 0x0000000702400000, 0x0000000702400000| Untracked 
|   2|0x0000000702400000, 0x0000000702500000, 0x0000000702500000|100%| O|  |TAMS 0x0000000702500000, 0x0000000702500000| Untracked 
|   3|0x0000000702500000, 0x0000000702600000, 0x0000000702600000|100%| O|  |TAMS 0x0000000702600000, 0x0000000702600000| Untracked 
|   4|0x0000000702600000, 0x0000000702700000, 0x0000000702700000|100%| O|  |TAMS 0x0000000702700000, 0x0000000702700000| Untracked 
|   5|0x0000000702700000, 0x0000000702800000, 0x0000000702800000|100%| O|  |TAMS 0x0000000702800000, 0x0000000702800000| Untracked 
|   6|0x0000000702800000, 0x0000000702900000, 0x0000000702900000|100%| O|  |TAMS 0x0000000702900000, 0x0000000702900000| Untracked 
|   7|0x0000000702900000, 0x0000000702a00000, 0x0000000702a00000|100%| O|  |TAMS 0x0000000702a00000, 0x0000000702a00000| Untracked 
|   8|0x0000000702a00000, 0x0000000702b00000, 0x0000000702b00000|100%| O|  |TAMS 0x0000000702b00000, 0x0000000702b00000| Untracked 
|   9|0x0000000702b00000, 0x0000000702c00000, 0x0000000702c00000|100%| O|  |TAMS 0x0000000702c00000, 0x0000000702c00000| Untracked 
|  10|0x0000000702c00000, 0x0000000702d00000, 0x0000000702d00000|100%| O|  |TAMS 0x0000000702cdce00, 0x0000000702d00000| Untracked 
|  11|0x0000000702d00000, 0x0000000702e00000, 0x0000000702e00000|100%| O|  |TAMS 0x0000000702d00000, 0x0000000702e00000| Untracked 
|  12|0x0000000702e00000, 0x0000000702f00000, 0x0000000702f00000|100%| O|  |TAMS 0x0000000702e00000, 0x0000000702f00000| Untracked 
|  13|0x0000000702f00000, 0x0000000702f42200, 0x0000000703000000| 25%| O|  |TAMS 0x0000000702f00000, 0x0000000702f42200| Untracked 
|  14|0x0000000703000000, 0x0000000703000000, 0x0000000703100000|  0%| F|  |TAMS 0x0000000703000000, 0x0000000703000000| Untracked 
|  15|0x0000000703100000, 0x0000000703100000, 0x0000000703200000|  0%| F|  |TAMS 0x0000000703100000, 0x0000000703100000| Untracked 
|  16|0x0000000703200000, 0x0000000703200000, 0x0000000703300000|  0%| F|  |TAMS 0x0000000703200000, 0x0000000703200000| Untracked 
|  17|0x0000000703300000, 0x0000000703300000, 0x0000000703400000|  0%| F|  |TAMS 0x0000000703300000, 0x0000000703300000| Untracked 
|  18|0x0000000703400000, 0x0000000703400000, 0x0000000703500000|  0%| F|  |TAMS 0x0000000703400000, 0x0000000703400000| Untracked 
|  19|0x0000000703500000, 0x0000000703500000, 0x0000000703600000|  0%| F|  |TAMS 0x0000000703500000, 0x0000000703500000| Untracked 
|  20|0x0000000703600000, 0x0000000703600000, 0x0000000703700000|  0%| F|  |TAMS 0x0000000703600000, 0x0000000703600000| Untracked 
|  21|0x0000000703700000, 0x0000000703700000, 0x0000000703800000|  0%| F|  |TAMS 0x0000000703700000, 0x0000000703700000| Untracked 
|  22|0x0000000703800000, 0x0000000703800000, 0x0000000703900000|  0%| F|  |TAMS 0x0000000703800000, 0x0000000703800000| Untracked 
|  23|0x0000000703900000, 0x0000000703900000, 0x0000000703a00000|  0%| F|  |TAMS 0x0000000703900000, 0x0000000703900000| Untracked 
|  24|0x0000000703a00000, 0x0000000703a00000, 0x0000000703b00000|  0%| F|  |TAMS 0x0000000703a00000, 0x0000000703a00000| Untracked 
|  25|0x0000000703b00000, 0x0000000703b00000, 0x0000000703c00000|  0%| F|  |TAMS 0x0000000703b00000, 0x0000000703b00000| Untracked 
|  26|0x0000000703c00000, 0x0000000703c00000, 0x0000000703d00000|  0%| F|  |TAMS 0x0000000703c00000, 0x0000000703c00000| Untracked 
|  27|0x0000000703d00000, 0x0000000703d00000, 0x0000000703e00000|  0%| F|  |TAMS 0x0000000703d00000, 0x0000000703d00000| Untracked 
|  28|0x0000000703e00000, 0x0000000703e00000, 0x0000000703f00000|  0%| F|  |TAMS 0x0000000703e00000, 0x0000000703e00000| Untracked 
|  29|0x0000000703f00000, 0x0000000703f00000, 0x0000000704000000|  0%| F|  |TAMS 0x0000000703f00000, 0x0000000703f00000| Untracked 
|  30|0x0000000704000000, 0x0000000704000000, 0x0000000704100000|  0%| F|  |TAMS 0x0000000704000000, 0x0000000704000000| Untracked 
|  31|0x0000000704100000, 0x0000000704100000, 0x0000000704200000|  0%| F|  |TAMS 0x0000000704100000, 0x0000000704100000| Untracked 
|  32|0x0000000704200000, 0x0000000704200000, 0x0000000704300000|  0%| F|  |TAMS 0x0000000704200000, 0x0000000704200000| Untracked 
|  33|0x0000000704300000, 0x0000000704300000, 0x0000000704400000|  0%| F|  |TAMS 0x0000000704300000, 0x0000000704300000| Untracked 
|  34|0x0000000704400000, 0x0000000704400000, 0x0000000704500000|  0%| F|  |TAMS 0x0000000704400000, 0x0000000704400000| Untracked 
|  35|0x0000000704500000, 0x0000000704500000, 0x0000000704600000|  0%| F|  |TAMS 0x0000000704500000, 0x0000000704500000| Untracked 
|  36|0x0000000704600000, 0x0000000704600000, 0x0000000704700000|  0%| F|  |TAMS 0x0000000704600000, 0x0000000704600000| Untracked 
|  37|0x0000000704700000, 0x0000000704700000, 0x0000000704800000|  0%| F|  |TAMS 0x0000000704700000, 0x0000000704700000| Untracked 
|  38|0x0000000704800000, 0x0000000704800000, 0x0000000704900000|  0%| F|  |TAMS 0x0000000704800000, 0x0000000704800000| Untracked 
|  39|0x0000000704900000, 0x0000000704900000, 0x0000000704a00000|  0%| F|  |TAMS 0x0000000704900000, 0x0000000704900000| Untracked 
|  40|0x0000000704a00000, 0x0000000704a00000, 0x0000000704b00000|  0%| F|  |TAMS 0x0000000704a00000, 0x0000000704a00000| Untracked 
|  41|0x0000000704b00000, 0x0000000704b00000, 0x0000000704c00000|  0%| F|  |TAMS 0x0000000704b00000, 0x0000000704b00000| Untracked 
|  42|0x0000000704c00000, 0x0000000704c00000, 0x0000000704d00000|  0%| F|  |TAMS 0x0000000704c00000, 0x0000000704c00000| Untracked 
|  43|0x0000000704d00000, 0x0000000704d00000, 0x0000000704e00000|  0%| F|  |TAMS 0x0000000704d00000, 0x0000000704d00000| Untracked 
|  44|0x0000000704e00000, 0x0000000704e00000, 0x0000000704f00000|  0%| F|  |TAMS 0x0000000704e00000, 0x0000000704e00000| Untracked 
|  45|0x0000000704f00000, 0x0000000704f00000, 0x0000000705000000|  0%| F|  |TAMS 0x0000000704f00000, 0x0000000704f00000| Untracked 
|  46|0x0000000705000000, 0x0000000705000000, 0x0000000705100000|  0%| F|  |TAMS 0x0000000705000000, 0x0000000705000000| Untracked 
|  47|0x0000000705100000, 0x0000000705100000, 0x0000000705200000|  0%| F|  |TAMS 0x0000000705100000, 0x0000000705100000| Untracked 
|  48|0x0000000705200000, 0x0000000705200000, 0x0000000705300000|  0%| F|  |TAMS 0x0000000705200000, 0x0000000705200000| Untracked 
|  49|0x0000000705300000, 0x0000000705300000, 0x0000000705400000|  0%| F|  |TAMS 0x0000000705300000, 0x0000000705300000| Untracked 
|  50|0x0000000705400000, 0x0000000705400000, 0x0000000705500000|  0%| F|  |TAMS 0x0000000705400000, 0x0000000705400000| Untracked 
|  51|0x0000000705500000, 0x0000000705500000, 0x0000000705600000|  0%| F|  |TAMS 0x0000000705500000, 0x0000000705500000| Untracked 
|  52|0x0000000705600000, 0x0000000705600000, 0x0000000705700000|  0%| F|  |TAMS 0x0000000705600000, 0x0000000705600000| Untracked 
|  53|0x0000000705700000, 0x0000000705700000, 0x0000000705800000|  0%| F|  |TAMS 0x0000000705700000, 0x0000000705700000| Untracked 
|  54|0x0000000705800000, 0x0000000705800000, 0x0000000705900000|  0%| F|  |TAMS 0x0000000705800000, 0x0000000705800000| Untracked 
|  55|0x0000000705900000, 0x0000000705900000, 0x0000000705a00000|  0%| F|  |TAMS 0x0000000705900000, 0x0000000705900000| Untracked 
|  56|0x0000000705a00000, 0x0000000705a00000, 0x0000000705b00000|  0%| F|  |TAMS 0x0000000705a00000, 0x0000000705a00000| Untracked 
|  57|0x0000000705b00000, 0x0000000705b00000, 0x0000000705c00000|  0%| F|  |TAMS 0x0000000705b00000, 0x0000000705b00000| Untracked 
|  58|0x0000000705c00000, 0x0000000705c00000, 0x0000000705d00000|  0%| F|  |TAMS 0x0000000705c00000, 0x0000000705c00000| Untracked 
|  59|0x0000000705d00000, 0x0000000705d00000, 0x0000000705e00000|  0%| F|  |TAMS 0x0000000705d00000, 0x0000000705d00000| Untracked 
|  60|0x0000000705e00000, 0x0000000705e00000, 0x0000000705f00000|  0%| F|  |TAMS 0x0000000705e00000, 0x0000000705e00000| Untracked 
|  61|0x0000000705f00000, 0x0000000705f00000, 0x0000000706000000|  0%| F|  |TAMS 0x0000000705f00000, 0x0000000705f00000| Untracked 
|  62|0x0000000706000000, 0x0000000706000000, 0x0000000706100000|  0%| F|  |TAMS 0x0000000706000000, 0x0000000706000000| Untracked 
|  63|0x0000000706100000, 0x0000000706100000, 0x0000000706200000|  0%| F|  |TAMS 0x0000000706100000, 0x0000000706100000| Untracked 
|  64|0x0000000706200000, 0x0000000706200000, 0x0000000706300000|  0%| F|  |TAMS 0x0000000706200000, 0x0000000706200000| Untracked 
|  65|0x0000000706300000, 0x0000000706300000, 0x0000000706400000|  0%| F|  |TAMS 0x0000000706300000, 0x0000000706300000| Untracked 
|  66|0x0000000706400000, 0x0000000706400000, 0x0000000706500000|  0%| F|  |TAMS 0x0000000706400000, 0x0000000706400000| Untracked 
|  67|0x0000000706500000, 0x0000000706500000, 0x0000000706600000|  0%| F|  |TAMS 0x0000000706500000, 0x0000000706500000| Untracked 
|  68|0x0000000706600000, 0x0000000706600000, 0x0000000706700000|  0%| F|  |TAMS 0x0000000706600000, 0x0000000706600000| Untracked 
|  69|0x0000000706700000, 0x0000000706700000, 0x0000000706800000|  0%| F|  |TAMS 0x0000000706700000, 0x0000000706700000| Untracked 
|  70|0x0000000706800000, 0x0000000706800000, 0x0000000706900000|  0%| F|  |TAMS 0x0000000706800000, 0x0000000706800000| Untracked 
|  71|0x0000000706900000, 0x0000000706900000, 0x0000000706a00000|  0%| F|  |TAMS 0x0000000706900000, 0x0000000706900000| Untracked 
|  72|0x0000000706a00000, 0x0000000706a00000, 0x0000000706b00000|  0%| F|  |TAMS 0x0000000706a00000, 0x0000000706a00000| Untracked 
|  73|0x0000000706b00000, 0x0000000706b00000, 0x0000000706c00000|  0%| F|  |TAMS 0x0000000706b00000, 0x0000000706b00000| Untracked 
|  74|0x0000000706c00000, 0x0000000706c00000, 0x0000000706d00000|  0%| F|  |TAMS 0x0000000706c00000, 0x0000000706c00000| Untracked 
|  75|0x0000000706d00000, 0x0000000706d00000, 0x0000000706e00000|  0%| F|  |TAMS 0x0000000706d00000, 0x0000000706d00000| Untracked 
|  76|0x0000000706e00000, 0x0000000706e00000, 0x0000000706f00000|  0%| F|  |TAMS 0x0000000706e00000, 0x0000000706e00000| Untracked 
|  77|0x0000000706f00000, 0x0000000706f00000, 0x0000000707000000|  0%| F|  |TAMS 0x0000000706f00000, 0x0000000706f00000| Untracked 
|  78|0x0000000707000000, 0x0000000707000000, 0x0000000707100000|  0%| F|  |TAMS 0x0000000707000000, 0x0000000707000000| Untracked 
|  79|0x0000000707100000, 0x0000000707100000, 0x0000000707200000|  0%| F|  |TAMS 0x0000000707100000, 0x0000000707100000| Untracked 
|  80|0x0000000707200000, 0x0000000707200000, 0x0000000707300000|  0%| F|  |TAMS 0x0000000707200000, 0x0000000707200000| Untracked 
|  81|0x0000000707300000, 0x0000000707300000, 0x0000000707400000|  0%| F|  |TAMS 0x0000000707300000, 0x0000000707300000| Untracked 
|  82|0x0000000707400000, 0x0000000707400000, 0x0000000707500000|  0%| F|  |TAMS 0x0000000707400000, 0x0000000707400000| Untracked 
|  83|0x0000000707500000, 0x0000000707500000, 0x0000000707600000|  0%| F|  |TAMS 0x0000000707500000, 0x0000000707500000| Untracked 
|  84|0x0000000707600000, 0x0000000707600000, 0x0000000707700000|  0%| F|  |TAMS 0x0000000707600000, 0x0000000707600000| Untracked 
|  85|0x0000000707700000, 0x0000000707700000, 0x0000000707800000|  0%| F|  |TAMS 0x0000000707700000, 0x0000000707700000| Untracked 
|  86|0x0000000707800000, 0x0000000707800000, 0x0000000707900000|  0%| F|  |TAMS 0x0000000707800000, 0x0000000707800000| Untracked 
|  87|0x0000000707900000, 0x0000000707900000, 0x0000000707a00000|  0%| F|  |TAMS 0x0000000707900000, 0x0000000707900000| Untracked 
|  88|0x0000000707a00000, 0x0000000707a00000, 0x0000000707b00000|  0%| F|  |TAMS 0x0000000707a00000, 0x0000000707a00000| Untracked 
|  89|0x0000000707b00000, 0x0000000707b00000, 0x0000000707c00000|  0%| F|  |TAMS 0x0000000707b00000, 0x0000000707b00000| Untracked 
|  90|0x0000000707c00000, 0x0000000707c00000, 0x0000000707d00000|  0%| F|  |TAMS 0x0000000707c00000, 0x0000000707c00000| Untracked 
|  91|0x0000000707d00000, 0x0000000707d00000, 0x0000000707e00000|  0%| F|  |TAMS 0x0000000707d00000, 0x0000000707d00000| Untracked 
|  92|0x0000000707e00000, 0x0000000707e00000, 0x0000000707f00000|  0%| F|  |TAMS 0x0000000707e00000, 0x0000000707e00000| Untracked 
|  93|0x0000000707f00000, 0x0000000707f00000, 0x0000000708000000|  0%| F|  |TAMS 0x0000000707f00000, 0x0000000707f00000| Untracked 
|  94|0x0000000708000000, 0x0000000708000000, 0x0000000708100000|  0%| F|  |TAMS 0x0000000708000000, 0x0000000708000000| Untracked 
|  95|0x0000000708100000, 0x0000000708100000, 0x0000000708200000|  0%| F|  |TAMS 0x0000000708100000, 0x0000000708100000| Untracked 
|  96|0x0000000708200000, 0x0000000708200000, 0x0000000708300000|  0%| F|  |TAMS 0x0000000708200000, 0x0000000708200000| Untracked 
|  97|0x0000000708300000, 0x0000000708300000, 0x0000000708400000|  0%| F|  |TAMS 0x0000000708300000, 0x0000000708300000| Untracked 
|  98|0x0000000708400000, 0x0000000708400000, 0x0000000708500000|  0%| F|  |TAMS 0x0000000708400000, 0x0000000708400000| Untracked 
|  99|0x0000000708500000, 0x0000000708500000, 0x0000000708600000|  0%| F|  |TAMS 0x0000000708500000, 0x0000000708500000| Untracked 
| 100|0x0000000708600000, 0x0000000708600000, 0x0000000708700000|  0%| F|  |TAMS 0x0000000708600000, 0x0000000708600000| Untracked 
| 101|0x0000000708700000, 0x0000000708700000, 0x0000000708800000|  0%| F|  |TAMS 0x0000000708700000, 0x0000000708700000| Untracked 
| 102|0x0000000708800000, 0x0000000708800000, 0x0000000708900000|  0%| F|  |TAMS 0x0000000708800000, 0x0000000708800000| Untracked 
| 103|0x0000000708900000, 0x0000000708900000, 0x0000000708a00000|  0%| F|  |TAMS 0x0000000708900000, 0x0000000708900000| Untracked 
| 104|0x0000000708a00000, 0x0000000708a00000, 0x0000000708b00000|  0%| F|  |TAMS 0x0000000708a00000, 0x0000000708a00000| Untracked 
| 105|0x0000000708b00000, 0x0000000708b00000, 0x0000000708c00000|  0%| F|  |TAMS 0x0000000708b00000, 0x0000000708b00000| Untracked 
| 106|0x0000000708c00000, 0x0000000708c00000, 0x0000000708d00000|  0%| F|  |TAMS 0x0000000708c00000, 0x0000000708c00000| Untracked 
| 107|0x0000000708d00000, 0x0000000708d00000, 0x0000000708e00000|  0%| F|  |TAMS 0x0000000708d00000, 0x0000000708d00000| Untracked 
| 108|0x0000000708e00000, 0x0000000708e00000, 0x0000000708f00000|  0%| F|  |TAMS 0x0000000708e00000, 0x0000000708e00000| Untracked 
| 109|0x0000000708f00000, 0x0000000708f00000, 0x0000000709000000|  0%| F|  |TAMS 0x0000000708f00000, 0x0000000708f00000| Untracked 
| 110|0x0000000709000000, 0x0000000709000000, 0x0000000709100000|  0%| F|  |TAMS 0x0000000709000000, 0x0000000709000000| Untracked 
| 111|0x0000000709100000, 0x0000000709100000, 0x0000000709200000|  0%| F|  |TAMS 0x0000000709100000, 0x0000000709100000| Untracked 
| 112|0x0000000709200000, 0x0000000709200000, 0x0000000709300000|  0%| F|  |TAMS 0x0000000709200000, 0x0000000709200000| Untracked 
| 113|0x0000000709300000, 0x0000000709300000, 0x0000000709400000|  0%| F|  |TAMS 0x0000000709300000, 0x0000000709300000| Untracked 
| 114|0x0000000709400000, 0x0000000709400000, 0x0000000709500000|  0%| F|  |TAMS 0x0000000709400000, 0x0000000709400000| Untracked 
| 115|0x0000000709500000, 0x0000000709500000, 0x0000000709600000|  0%| F|  |TAMS 0x0000000709500000, 0x0000000709500000| Untracked 
| 116|0x0000000709600000, 0x0000000709600000, 0x0000000709700000|  0%| F|  |TAMS 0x0000000709600000, 0x0000000709600000| Untracked 
| 117|0x0000000709700000, 0x0000000709700000, 0x0000000709800000|  0%| F|  |TAMS 0x0000000709700000, 0x0000000709700000| Untracked 
| 118|0x0000000709800000, 0x0000000709800000, 0x0000000709900000|  0%| F|  |TAMS 0x0000000709800000, 0x0000000709800000| Untracked 
| 119|0x0000000709900000, 0x0000000709900000, 0x0000000709a00000|  0%| F|  |TAMS 0x0000000709900000, 0x0000000709900000| Untracked 
| 120|0x0000000709a00000, 0x0000000709a00000, 0x0000000709b00000|  0%| F|  |TAMS 0x0000000709a00000, 0x0000000709a00000| Untracked 
| 121|0x0000000709b00000, 0x0000000709b00000, 0x0000000709c00000|  0%| F|  |TAMS 0x0000000709b00000, 0x0000000709b00000| Untracked 
| 122|0x0000000709c00000, 0x0000000709c00000, 0x0000000709d00000|  0%| F|  |TAMS 0x0000000709c00000, 0x0000000709c00000| Untracked 
| 123|0x0000000709d00000, 0x0000000709d00000, 0x0000000709e00000|  0%| F|  |TAMS 0x0000000709d00000, 0x0000000709d00000| Untracked 
| 124|0x0000000709e00000, 0x0000000709e00000, 0x0000000709f00000|  0%| F|  |TAMS 0x0000000709e00000, 0x0000000709e00000| Untracked 
| 125|0x0000000709f00000, 0x0000000709f00000, 0x000000070a000000|  0%| F|  |TAMS 0x0000000709f00000, 0x0000000709f00000| Untracked 
| 126|0x000000070a000000, 0x000000070a000000, 0x000000070a100000|  0%| F|  |TAMS 0x000000070a000000, 0x000000070a000000| Untracked 
| 127|0x000000070a100000, 0x000000070a100000, 0x000000070a200000|  0%| F|  |TAMS 0x000000070a100000, 0x000000070a100000| Untracked 
| 128|0x000000070a200000, 0x000000070a200000, 0x000000070a300000|  0%| F|  |TAMS 0x000000070a200000, 0x000000070a200000| Untracked 
| 129|0x000000070a300000, 0x000000070a300000, 0x000000070a400000|  0%| F|  |TAMS 0x000000070a300000, 0x000000070a300000| Untracked 
| 130|0x000000070a400000, 0x000000070a400000, 0x000000070a500000|  0%| F|  |TAMS 0x000000070a400000, 0x000000070a400000| Untracked 
| 131|0x000000070a500000, 0x000000070a500000, 0x000000070a600000|  0%| F|  |TAMS 0x000000070a500000, 0x000000070a500000| Untracked 
| 132|0x000000070a600000, 0x000000070a600000, 0x000000070a700000|  0%| F|  |TAMS 0x000000070a600000, 0x000000070a600000| Untracked 
| 133|0x000000070a700000, 0x000000070a700000, 0x000000070a800000|  0%| F|  |TAMS 0x000000070a700000, 0x000000070a700000| Untracked 
| 134|0x000000070a800000, 0x000000070a800000, 0x000000070a900000|  0%| F|  |TAMS 0x000000070a800000, 0x000000070a800000| Untracked 
| 135|0x000000070a900000, 0x000000070a900000, 0x000000070aa00000|  0%| F|  |TAMS 0x000000070a900000, 0x000000070a900000| Untracked 
| 136|0x000000070aa00000, 0x000000070aa00000, 0x000000070ab00000|  0%| F|  |TAMS 0x000000070aa00000, 0x000000070aa00000| Untracked 
| 137|0x000000070ab00000, 0x000000070ab00000, 0x000000070ac00000|  0%| F|  |TAMS 0x000000070ab00000, 0x000000070ab00000| Untracked 
| 138|0x000000070ac00000, 0x000000070ac00000, 0x000000070ad00000|  0%| F|  |TAMS 0x000000070ac00000, 0x000000070ac00000| Untracked 
| 139|0x000000070ad00000, 0x000000070ad00000, 0x000000070ae00000|  0%| F|  |TAMS 0x000000070ad00000, 0x000000070ad00000| Untracked 
| 140|0x000000070ae00000, 0x000000070ae00000, 0x000000070af00000|  0%| F|  |TAMS 0x000000070ae00000, 0x000000070ae00000| Untracked 
| 141|0x000000070af00000, 0x000000070af00000, 0x000000070b000000|  0%| F|  |TAMS 0x000000070af00000, 0x000000070af00000| Untracked 
| 142|0x000000070b000000, 0x000000070b000000, 0x000000070b100000|  0%| F|  |TAMS 0x000000070b000000, 0x000000070b000000| Untracked 
| 143|0x000000070b100000, 0x000000070b100000, 0x000000070b200000|  0%| F|  |TAMS 0x000000070b100000, 0x000000070b100000| Untracked 
| 144|0x000000070b200000, 0x000000070b200000, 0x000000070b300000|  0%| F|  |TAMS 0x000000070b200000, 0x000000070b200000| Untracked 
| 145|0x000000070b300000, 0x000000070b300000, 0x000000070b400000|  0%| F|  |TAMS 0x000000070b300000, 0x000000070b300000| Untracked 
| 146|0x000000070b400000, 0x000000070b400000, 0x000000070b500000|  0%| F|  |TAMS 0x000000070b400000, 0x000000070b400000| Untracked 
| 147|0x000000070b500000, 0x000000070b500000, 0x000000070b600000|  0%| F|  |TAMS 0x000000070b500000, 0x000000070b500000| Untracked 
| 148|0x000000070b600000, 0x000000070b600000, 0x000000070b700000|  0%| F|  |TAMS 0x000000070b600000, 0x000000070b600000| Untracked 
| 149|0x000000070b700000, 0x000000070b700000, 0x000000070b800000|  0%| F|  |TAMS 0x000000070b700000, 0x000000070b700000| Untracked 
| 150|0x000000070b800000, 0x000000070b800000, 0x000000070b900000|  0%| F|  |TAMS 0x000000070b800000, 0x000000070b800000| Untracked 
| 151|0x000000070b900000, 0x000000070b900000, 0x000000070ba00000|  0%| F|  |TAMS 0x000000070b900000, 0x000000070b900000| Untracked 
| 152|0x000000070ba00000, 0x000000070ba00000, 0x000000070bb00000|  0%| F|  |TAMS 0x000000070ba00000, 0x000000070ba00000| Untracked 
| 153|0x000000070bb00000, 0x000000070bb00000, 0x000000070bc00000|  0%| F|  |TAMS 0x000000070bb00000, 0x000000070bb00000| Untracked 
| 154|0x000000070bc00000, 0x000000070bc00000, 0x000000070bd00000|  0%| F|  |TAMS 0x000000070bc00000, 0x000000070bc00000| Untracked 
| 155|0x000000070bd00000, 0x000000070bd00000, 0x000000070be00000|  0%| F|  |TAMS 0x000000070bd00000, 0x000000070bd00000| Untracked 
| 156|0x000000070be00000, 0x000000070be00000, 0x000000070bf00000|  0%| F|  |TAMS 0x000000070be00000, 0x000000070be00000| Untracked 
| 157|0x000000070bf00000, 0x000000070bf00000, 0x000000070c000000|  0%| F|  |TAMS 0x000000070bf00000, 0x000000070bf00000| Untracked 
| 158|0x000000070c000000, 0x000000070c000000, 0x000000070c100000|  0%| F|  |TAMS 0x000000070c000000, 0x000000070c000000| Untracked 
| 159|0x000000070c100000, 0x000000070c100000, 0x000000070c200000|  0%| F|  |TAMS 0x000000070c100000, 0x000000070c100000| Untracked 
| 160|0x000000070c200000, 0x000000070c200000, 0x000000070c300000|  0%| F|  |TAMS 0x000000070c200000, 0x000000070c200000| Untracked 
| 161|0x000000070c300000, 0x000000070c300000, 0x000000070c400000|  0%| F|  |TAMS 0x000000070c300000, 0x000000070c300000| Untracked 
| 162|0x000000070c400000, 0x000000070c400000, 0x000000070c500000|  0%| F|  |TAMS 0x000000070c400000, 0x000000070c400000| Untracked 
| 163|0x000000070c500000, 0x000000070c500000, 0x000000070c600000|  0%| F|  |TAMS 0x000000070c500000, 0x000000070c500000| Untracked 
| 164|0x000000070c600000, 0x000000070c700000, 0x000000070c700000|100%| S|CS|TAMS 0x000000070c600000, 0x000000070c600000| Complete 
| 165|0x000000070c700000, 0x000000070c800000, 0x000000070c800000|100%| S|CS|TAMS 0x000000070c700000, 0x000000070c700000| Complete 
| 166|0x000000070c800000, 0x000000070c900000, 0x000000070c900000|100%| S|CS|TAMS 0x000000070c800000, 0x000000070c800000| Complete 
| 167|0x000000070c900000, 0x000000070ca00000, 0x000000070ca00000|100%| S|CS|TAMS 0x000000070c900000, 0x000000070c900000| Complete 
| 168|0x000000070ca00000, 0x000000070cb00000, 0x000000070cb00000|100%| S|CS|TAMS 0x000000070ca00000, 0x000000070ca00000| Complete 
| 169|0x000000070cb00000, 0x000000070cc00000, 0x000000070cc00000|100%| S|CS|TAMS 0x000000070cb00000, 0x000000070cb00000| Complete 
| 170|0x000000070cc00000, 0x000000070cd00000, 0x000000070cd00000|100%| S|CS|TAMS 0x000000070cc00000, 0x000000070cc00000| Complete 
| 171|0x000000070cd00000, 0x000000070ce00000, 0x000000070ce00000|100%| S|CS|TAMS 0x000000070cd00000, 0x000000070cd00000| Complete 
| 172|0x000000070ce00000, 0x000000070cf00000, 0x000000070cf00000|100%| S|CS|TAMS 0x000000070ce00000, 0x000000070ce00000| Complete 
| 173|0x000000070cf00000, 0x000000070d000000, 0x000000070d000000|100%| S|CS|TAMS 0x000000070cf00000, 0x000000070cf00000| Complete 
| 174|0x000000070d000000, 0x000000070d100000, 0x000000070d100000|100%| S|CS|TAMS 0x000000070d000000, 0x000000070d000000| Complete 
| 175|0x000000070d100000, 0x000000070d200000, 0x000000070d200000|100%| S|CS|TAMS 0x000000070d100000, 0x000000070d100000| Complete 
| 176|0x000000070d200000, 0x000000070d300000, 0x000000070d300000|100%| S|CS|TAMS 0x000000070d200000, 0x000000070d200000| Complete 
| 177|0x000000070d300000, 0x000000070d400000, 0x000000070d400000|100%| S|CS|TAMS 0x000000070d300000, 0x000000070d300000| Complete 
| 178|0x000000070d400000, 0x000000070d400000, 0x000000070d500000|  0%| F|  |TAMS 0x000000070d400000, 0x000000070d400000| Untracked 
| 179|0x000000070d500000, 0x000000070d500000, 0x000000070d600000|  0%| F|  |TAMS 0x000000070d500000, 0x000000070d500000| Untracked 
| 180|0x000000070d600000, 0x000000070d600000, 0x000000070d700000|  0%| F|  |TAMS 0x000000070d600000, 0x000000070d600000| Untracked 
| 181|0x000000070d700000, 0x000000070d700000, 0x000000070d800000|  0%| F|  |TAMS 0x000000070d700000, 0x000000070d700000| Untracked 
| 182|0x000000070d800000, 0x000000070d800000, 0x000000070d900000|  0%| F|  |TAMS 0x000000070d800000, 0x000000070d800000| Untracked 
| 183|0x000000070d900000, 0x000000070d900000, 0x000000070da00000|  0%| F|  |TAMS 0x000000070d900000, 0x000000070d900000| Untracked 
| 184|0x000000070da00000, 0x000000070da00000, 0x000000070db00000|  0%| F|  |TAMS 0x000000070da00000, 0x000000070da00000| Untracked 
| 185|0x000000070db00000, 0x000000070db00000, 0x000000070dc00000|  0%| F|  |TAMS 0x000000070db00000, 0x000000070db00000| Untracked 
| 186|0x000000070dc00000, 0x000000070dc00000, 0x000000070dd00000|  0%| F|  |TAMS 0x000000070dc00000, 0x000000070dc00000| Untracked 
| 187|0x000000070dd00000, 0x000000070dd00000, 0x000000070de00000|  0%| F|  |TAMS 0x000000070dd00000, 0x000000070dd00000| Untracked 
| 188|0x000000070de00000, 0x000000070de00000, 0x000000070df00000|  0%| F|  |TAMS 0x000000070de00000, 0x000000070de00000| Untracked 
| 189|0x000000070df00000, 0x000000070df00000, 0x000000070e000000|  0%| F|  |TAMS 0x000000070df00000, 0x000000070df00000| Untracked 
| 190|0x000000070e000000, 0x000000070e000000, 0x000000070e100000|  0%| F|  |TAMS 0x000000070e000000, 0x000000070e000000| Untracked 
| 191|0x000000070e100000, 0x000000070e100000, 0x000000070e200000|  0%| F|  |TAMS 0x000000070e100000, 0x000000070e100000| Untracked 
| 192|0x000000070e200000, 0x000000070e200000, 0x000000070e300000|  0%| F|  |TAMS 0x000000070e200000, 0x000000070e200000| Untracked 
| 193|0x000000070e300000, 0x000000070e300000, 0x000000070e400000|  0%| F|  |TAMS 0x000000070e300000, 0x000000070e300000| Untracked 
| 194|0x000000070e400000, 0x000000070e400000, 0x000000070e500000|  0%| F|  |TAMS 0x000000070e400000, 0x000000070e400000| Untracked 
| 195|0x000000070e500000, 0x000000070e500000, 0x000000070e600000|  0%| F|  |TAMS 0x000000070e500000, 0x000000070e500000| Untracked 
| 196|0x000000070e600000, 0x000000070e600000, 0x000000070e700000|  0%| F|  |TAMS 0x000000070e600000, 0x000000070e600000| Untracked 
| 197|0x000000070e700000, 0x000000070e700000, 0x000000070e800000|  0%| F|  |TAMS 0x000000070e700000, 0x000000070e700000| Untracked 
| 198|0x000000070e800000, 0x000000070e800000, 0x000000070e900000|  0%| F|  |TAMS 0x000000070e800000, 0x000000070e800000| Untracked 
| 199|0x000000070e900000, 0x000000070e900000, 0x000000070ea00000|  0%| F|  |TAMS 0x000000070e900000, 0x000000070e900000| Untracked 
| 200|0x000000070ea00000, 0x000000070ea00000, 0x000000070eb00000|  0%| F|  |TAMS 0x000000070ea00000, 0x000000070ea00000| Untracked 
| 201|0x000000070eb00000, 0x000000070eb00000, 0x000000070ec00000|  0%| F|  |TAMS 0x000000070eb00000, 0x000000070eb00000| Untracked 
| 202|0x000000070ec00000, 0x000000070ec00000, 0x000000070ed00000|  0%| F|  |TAMS 0x000000070ec00000, 0x000000070ec00000| Untracked 
| 203|0x000000070ed00000, 0x000000070ed00000, 0x000000070ee00000|  0%| F|  |TAMS 0x000000070ed00000, 0x000000070ed00000| Untracked 
| 204|0x000000070ee00000, 0x000000070ee00000, 0x000000070ef00000|  0%| F|  |TAMS 0x000000070ee00000, 0x000000070ee00000| Untracked 
| 205|0x000000070ef00000, 0x000000070ef00000, 0x000000070f000000|  0%| F|  |TAMS 0x000000070ef00000, 0x000000070ef00000| Untracked 
| 206|0x000000070f000000, 0x000000070f000000, 0x000000070f100000|  0%| F|  |TAMS 0x000000070f000000, 0x000000070f000000| Untracked 
| 207|0x000000070f100000, 0x000000070f100000, 0x000000070f200000|  0%| F|  |TAMS 0x000000070f100000, 0x000000070f100000| Untracked 
| 208|0x000000070f200000, 0x000000070f200000, 0x000000070f300000|  0%| F|  |TAMS 0x000000070f200000, 0x000000070f200000| Untracked 
| 209|0x000000070f300000, 0x000000070f300000, 0x000000070f400000|  0%| F|  |TAMS 0x000000070f300000, 0x000000070f300000| Untracked 
| 210|0x000000070f400000, 0x000000070f400000, 0x000000070f500000|  0%| F|  |TAMS 0x000000070f400000, 0x000000070f400000| Untracked 
| 211|0x000000070f500000, 0x000000070f500000, 0x000000070f600000|  0%| F|  |TAMS 0x000000070f500000, 0x000000070f500000| Untracked 
| 212|0x000000070f600000, 0x000000070f600000, 0x000000070f700000|  0%| F|  |TAMS 0x000000070f600000, 0x000000070f600000| Untracked 
| 213|0x000000070f700000, 0x000000070f700000, 0x000000070f800000|  0%| F|  |TAMS 0x000000070f700000, 0x000000070f700000| Untracked 
| 214|0x000000070f800000, 0x000000070f800000, 0x000000070f900000|  0%| F|  |TAMS 0x000000070f800000, 0x000000070f800000| Untracked 
| 215|0x000000070f900000, 0x000000070f900000, 0x000000070fa00000|  0%| F|  |TAMS 0x000000070f900000, 0x000000070f900000| Untracked 
| 216|0x000000070fa00000, 0x000000070fa00000, 0x000000070fb00000|  0%| F|  |TAMS 0x000000070fa00000, 0x000000070fa00000| Untracked 
| 217|0x000000070fb00000, 0x000000070fb00000, 0x000000070fc00000|  0%| F|  |TAMS 0x000000070fb00000, 0x000000070fb00000| Untracked 
| 218|0x000000070fc00000, 0x000000070fc00000, 0x000000070fd00000|  0%| F|  |TAMS 0x000000070fc00000, 0x000000070fc00000| Untracked 
| 219|0x000000070fd00000, 0x000000070fd00000, 0x000000070fe00000|  0%| F|  |TAMS 0x000000070fd00000, 0x000000070fd00000| Untracked 
| 220|0x000000070fe00000, 0x000000070fe00000, 0x000000070ff00000|  0%| F|  |TAMS 0x000000070fe00000, 0x000000070fe00000| Untracked 
| 221|0x000000070ff00000, 0x000000070ff00000, 0x0000000710000000|  0%| F|  |TAMS 0x000000070ff00000, 0x000000070ff00000| Untracked 
| 222|0x0000000710000000, 0x0000000710000000, 0x0000000710100000|  0%| F|  |TAMS 0x0000000710000000, 0x0000000710000000| Untracked 
| 223|0x0000000710100000, 0x0000000710100000, 0x0000000710200000|  0%| F|  |TAMS 0x0000000710100000, 0x0000000710100000| Untracked 
| 224|0x0000000710200000, 0x0000000710200000, 0x0000000710300000|  0%| F|  |TAMS 0x0000000710200000, 0x0000000710200000| Untracked 
| 225|0x0000000710300000, 0x0000000710300000, 0x0000000710400000|  0%| F|  |TAMS 0x0000000710300000, 0x0000000710300000| Untracked 
| 226|0x0000000710400000, 0x0000000710400000, 0x0000000710500000|  0%| F|  |TAMS 0x0000000710400000, 0x0000000710400000| Untracked 
| 227|0x0000000710500000, 0x0000000710500000, 0x0000000710600000|  0%| F|  |TAMS 0x0000000710500000, 0x0000000710500000| Untracked 
| 228|0x0000000710600000, 0x0000000710600000, 0x0000000710700000|  0%| F|  |TAMS 0x0000000710600000, 0x0000000710600000| Untracked 
| 229|0x0000000710700000, 0x0000000710700000, 0x0000000710800000|  0%| F|  |TAMS 0x0000000710700000, 0x0000000710700000| Untracked 
| 230|0x0000000710800000, 0x0000000710800000, 0x0000000710900000|  0%| F|  |TAMS 0x0000000710800000, 0x0000000710800000| Untracked 
| 231|0x0000000710900000, 0x0000000710900000, 0x0000000710a00000|  0%| F|  |TAMS 0x0000000710900000, 0x0000000710900000| Untracked 
| 232|0x0000000710a00000, 0x0000000710a00000, 0x0000000710b00000|  0%| F|  |TAMS 0x0000000710a00000, 0x0000000710a00000| Untracked 
| 233|0x0000000710b00000, 0x0000000710b00000, 0x0000000710c00000|  0%| F|  |TAMS 0x0000000710b00000, 0x0000000710b00000| Untracked 
| 234|0x0000000710c00000, 0x0000000710c00000, 0x0000000710d00000|  0%| F|  |TAMS 0x0000000710c00000, 0x0000000710c00000| Untracked 
| 235|0x0000000710d00000, 0x0000000710d00000, 0x0000000710e00000|  0%| F|  |TAMS 0x0000000710d00000, 0x0000000710d00000| Untracked 
| 236|0x0000000710e00000, 0x0000000710e00000, 0x0000000710f00000|  0%| F|  |TAMS 0x0000000710e00000, 0x0000000710e00000| Untracked 
| 237|0x0000000710f00000, 0x0000000710f00000, 0x0000000711000000|  0%| F|  |TAMS 0x0000000710f00000, 0x0000000710f00000| Untracked 
| 238|0x0000000711000000, 0x0000000711000000, 0x0000000711100000|  0%| F|  |TAMS 0x0000000711000000, 0x0000000711000000| Untracked 
| 239|0x0000000711100000, 0x0000000711100000, 0x0000000711200000|  0%| F|  |TAMS 0x0000000711100000, 0x0000000711100000| Untracked 
| 240|0x0000000711200000, 0x0000000711200000, 0x0000000711300000|  0%| F|  |TAMS 0x0000000711200000, 0x0000000711200000| Untracked 
| 241|0x0000000711300000, 0x0000000711300000, 0x0000000711400000|  0%| F|  |TAMS 0x0000000711300000, 0x0000000711300000| Untracked 
| 242|0x0000000711400000, 0x0000000711400000, 0x0000000711500000|  0%| F|  |TAMS 0x0000000711400000, 0x0000000711400000| Untracked 
| 243|0x0000000711500000, 0x0000000711500000, 0x0000000711600000|  0%| F|  |TAMS 0x0000000711500000, 0x0000000711500000| Untracked 
| 244|0x0000000711600000, 0x0000000711600000, 0x0000000711700000|  0%| F|  |TAMS 0x0000000711600000, 0x0000000711600000| Untracked 
| 245|0x0000000711700000, 0x0000000711700000, 0x0000000711800000|  0%| F|  |TAMS 0x0000000711700000, 0x0000000711700000| Untracked 
| 246|0x0000000711800000, 0x0000000711800000, 0x0000000711900000|  0%| F|  |TAMS 0x0000000711800000, 0x0000000711800000| Untracked 
| 247|0x0000000711900000, 0x0000000711900000, 0x0000000711a00000|  0%| F|  |TAMS 0x0000000711900000, 0x0000000711900000| Untracked 
| 248|0x0000000711a00000, 0x0000000711a00000, 0x0000000711b00000|  0%| F|  |TAMS 0x0000000711a00000, 0x0000000711a00000| Untracked 
| 249|0x0000000711b00000, 0x0000000711b00000, 0x0000000711c00000|  0%| F|  |TAMS 0x0000000711b00000, 0x0000000711b00000| Untracked 
| 250|0x0000000711c00000, 0x0000000711c00000, 0x0000000711d00000|  0%| F|  |TAMS 0x0000000711c00000, 0x0000000711c00000| Untracked 
| 251|0x0000000711d00000, 0x0000000711d00000, 0x0000000711e00000|  0%| F|  |TAMS 0x0000000711d00000, 0x0000000711d00000| Untracked 
| 252|0x0000000711e00000, 0x0000000711e00000, 0x0000000711f00000|  0%| F|  |TAMS 0x0000000711e00000, 0x0000000711e00000| Untracked 
| 253|0x0000000711f00000, 0x0000000711f00000, 0x0000000712000000|  0%| F|  |TAMS 0x0000000711f00000, 0x0000000711f00000| Untracked 
| 254|0x0000000712000000, 0x0000000712000000, 0x0000000712100000|  0%| F|  |TAMS 0x0000000712000000, 0x0000000712000000| Untracked 
| 255|0x0000000712100000, 0x0000000712100000, 0x0000000712200000|  0%| F|  |TAMS 0x0000000712100000, 0x0000000712100000| Untracked 
| 256|0x0000000712200000, 0x0000000712200000, 0x0000000712300000|  0%| F|  |TAMS 0x0000000712200000, 0x0000000712200000| Untracked 
| 257|0x0000000712300000, 0x0000000712300000, 0x0000000712400000|  0%| F|  |TAMS 0x0000000712300000, 0x0000000712300000| Untracked 
| 258|0x0000000712400000, 0x0000000712400000, 0x0000000712500000|  0%| F|  |TAMS 0x0000000712400000, 0x0000000712400000| Untracked 
| 259|0x0000000712500000, 0x0000000712500000, 0x0000000712600000|  0%| F|  |TAMS 0x0000000712500000, 0x0000000712500000| Untracked 
| 260|0x0000000712600000, 0x0000000712600000, 0x0000000712700000|  0%| F|  |TAMS 0x0000000712600000, 0x0000000712600000| Untracked 
| 261|0x0000000712700000, 0x0000000712700000, 0x0000000712800000|  0%| F|  |TAMS 0x0000000712700000, 0x0000000712700000| Untracked 
| 262|0x0000000712800000, 0x0000000712800000, 0x0000000712900000|  0%| F|  |TAMS 0x0000000712800000, 0x0000000712800000| Untracked 
| 263|0x0000000712900000, 0x0000000712900000, 0x0000000712a00000|  0%| F|  |TAMS 0x0000000712900000, 0x0000000712900000| Untracked 
| 264|0x0000000712a00000, 0x0000000712a00000, 0x0000000712b00000|  0%| F|  |TAMS 0x0000000712a00000, 0x0000000712a00000| Untracked 
| 265|0x0000000712b00000, 0x0000000712b00000, 0x0000000712c00000|  0%| F|  |TAMS 0x0000000712b00000, 0x0000000712b00000| Untracked 
| 266|0x0000000712c00000, 0x0000000712c00000, 0x0000000712d00000|  0%| F|  |TAMS 0x0000000712c00000, 0x0000000712c00000| Untracked 
| 267|0x0000000712d00000, 0x0000000712d00000, 0x0000000712e00000|  0%| F|  |TAMS 0x0000000712d00000, 0x0000000712d00000| Untracked 
| 268|0x0000000712e00000, 0x0000000712e00000, 0x0000000712f00000|  0%| F|  |TAMS 0x0000000712e00000, 0x0000000712e00000| Untracked 
| 269|0x0000000712f00000, 0x0000000712f00000, 0x0000000713000000|  0%| F|  |TAMS 0x0000000712f00000, 0x0000000712f00000| Untracked 
| 270|0x0000000713000000, 0x0000000713000000, 0x0000000713100000|  0%| F|  |TAMS 0x0000000713000000, 0x0000000713000000| Untracked 
| 271|0x0000000713100000, 0x0000000713100000, 0x0000000713200000|  0%| F|  |TAMS 0x0000000713100000, 0x0000000713100000| Untracked 
| 272|0x0000000713200000, 0x0000000713200000, 0x0000000713300000|  0%| F|  |TAMS 0x0000000713200000, 0x0000000713200000| Untracked 
| 273|0x0000000713300000, 0x0000000713300000, 0x0000000713400000|  0%| F|  |TAMS 0x0000000713300000, 0x0000000713300000| Untracked 
| 274|0x0000000713400000, 0x0000000713400000, 0x0000000713500000|  0%| F|  |TAMS 0x0000000713400000, 0x0000000713400000| Untracked 
| 275|0x0000000713500000, 0x0000000713500000, 0x0000000713600000|  0%| F|  |TAMS 0x0000000713500000, 0x0000000713500000| Untracked 
| 276|0x0000000713600000, 0x0000000713600000, 0x0000000713700000|  0%| F|  |TAMS 0x0000000713600000, 0x0000000713600000| Untracked 
| 277|0x0000000713700000, 0x0000000713700000, 0x0000000713800000|  0%| F|  |TAMS 0x0000000713700000, 0x0000000713700000| Untracked 
| 278|0x0000000713800000, 0x0000000713800000, 0x0000000713900000|  0%| F|  |TAMS 0x0000000713800000, 0x0000000713800000| Untracked 
| 279|0x0000000713900000, 0x0000000713900000, 0x0000000713a00000|  0%| F|  |TAMS 0x0000000713900000, 0x0000000713900000| Untracked 
| 280|0x0000000713a00000, 0x0000000713a00000, 0x0000000713b00000|  0%| F|  |TAMS 0x0000000713a00000, 0x0000000713a00000| Untracked 
| 281|0x0000000713b00000, 0x0000000713b00000, 0x0000000713c00000|  0%| F|  |TAMS 0x0000000713b00000, 0x0000000713b00000| Untracked 
| 282|0x0000000713c00000, 0x0000000713c00000, 0x0000000713d00000|  0%| F|  |TAMS 0x0000000713c00000, 0x0000000713c00000| Untracked 
| 283|0x0000000713d00000, 0x0000000713d00000, 0x0000000713e00000|  0%| F|  |TAMS 0x0000000713d00000, 0x0000000713d00000| Untracked 
| 284|0x0000000713e00000, 0x0000000713e00000, 0x0000000713f00000|  0%| F|  |TAMS 0x0000000713e00000, 0x0000000713e00000| Untracked 
| 285|0x0000000713f00000, 0x0000000713f00000, 0x0000000714000000|  0%| F|  |TAMS 0x0000000713f00000, 0x0000000713f00000| Untracked 
| 286|0x0000000714000000, 0x0000000714000000, 0x0000000714100000|  0%| F|  |TAMS 0x0000000714000000, 0x0000000714000000| Untracked 
| 287|0x0000000714100000, 0x0000000714100000, 0x0000000714200000|  0%| F|  |TAMS 0x0000000714100000, 0x0000000714100000| Untracked 
| 288|0x0000000714200000, 0x0000000714200000, 0x0000000714300000|  0%| F|  |TAMS 0x0000000714200000, 0x0000000714200000| Untracked 
| 289|0x0000000714300000, 0x0000000714300000, 0x0000000714400000|  0%| F|  |TAMS 0x0000000714300000, 0x0000000714300000| Untracked 
| 290|0x0000000714400000, 0x0000000714400000, 0x0000000714500000|  0%| F|  |TAMS 0x0000000714400000, 0x0000000714400000| Untracked 
| 291|0x0000000714500000, 0x0000000714500000, 0x0000000714600000|  0%| F|  |TAMS 0x0000000714500000, 0x0000000714500000| Untracked 
| 292|0x0000000714600000, 0x0000000714600000, 0x0000000714700000|  0%| F|  |TAMS 0x0000000714600000, 0x0000000714600000| Untracked 
| 293|0x0000000714700000, 0x0000000714700000, 0x0000000714800000|  0%| F|  |TAMS 0x0000000714700000, 0x0000000714700000| Untracked 
| 294|0x0000000714800000, 0x0000000714800000, 0x0000000714900000|  0%| F|  |TAMS 0x0000000714800000, 0x0000000714800000| Untracked 
| 295|0x0000000714900000, 0x0000000714900000, 0x0000000714a00000|  0%| F|  |TAMS 0x0000000714900000, 0x0000000714900000| Untracked 
| 296|0x0000000714a00000, 0x0000000714a00000, 0x0000000714b00000|  0%| F|  |TAMS 0x0000000714a00000, 0x0000000714a00000| Untracked 
| 297|0x0000000714b00000, 0x0000000714b00000, 0x0000000714c00000|  0%| F|  |TAMS 0x0000000714b00000, 0x0000000714b00000| Untracked 
| 298|0x0000000714c00000, 0x0000000714c00000, 0x0000000714d00000|  0%| F|  |TAMS 0x0000000714c00000, 0x0000000714c00000| Untracked 
| 299|0x0000000714d00000, 0x0000000714d00000, 0x0000000714e00000|  0%| F|  |TAMS 0x0000000714d00000, 0x0000000714d00000| Untracked 
| 300|0x0000000714e00000, 0x0000000714e00000, 0x0000000714f00000|  0%| F|  |TAMS 0x0000000714e00000, 0x0000000714e00000| Untracked 
| 301|0x0000000714f00000, 0x0000000714f00000, 0x0000000715000000|  0%| F|  |TAMS 0x0000000714f00000, 0x0000000714f00000| Untracked 
| 302|0x0000000715000000, 0x0000000715000000, 0x0000000715100000|  0%| F|  |TAMS 0x0000000715000000, 0x0000000715000000| Untracked 
| 303|0x0000000715100000, 0x0000000715100000, 0x0000000715200000|  0%| F|  |TAMS 0x0000000715100000, 0x0000000715100000| Untracked 
| 304|0x0000000715200000, 0x0000000715200000, 0x0000000715300000|  0%| F|  |TAMS 0x0000000715200000, 0x0000000715200000| Untracked 

Card table byte_map: [0x000002564b450000,0x000002564bc40000] _byte_map_base: 0x0000025647c3f000

Marking Bits (Prev, Next): (CMBitMap*) 0x0000025632f68560, (CMBitMap*) 0x0000025632f68528
 Prev Bits: [0x00000256503b0000, 0x0000025654328000)
 Next Bits: [0x000002564c430000, 0x00000256503a8000)

Polling page: 0x0000025630c80000

Metaspace:

Usage:
  Non-class:     65.00 MB capacity,    64.02 MB ( 98%) used,   780.07 KB (  1%) free+waste,   227.38 KB ( <1%) overhead. 
      Class:      9.95 MB capacity,     9.28 MB ( 93%) used,   570.48 KB (  6%) free+waste,   106.06 KB (  1%) overhead. 
       Both:     74.95 MB capacity,    73.30 MB ( 98%) used,     1.32 MB (  2%) free+waste,   333.44 KB ( <1%) overhead. 

Virtual space:
  Non-class space:       74.00 MB reserved,      65.00 MB ( 88%) committed 
      Class space:        1.00 GB reserved,      10.00 MB ( <1%) committed 
             Both:        1.07 GB reserved,      75.00 MB (  7%) committed 

Chunk freelists:
   Non-Class:  0 bytes
       Class:  0 bytes
        Both:  0 bytes

MaxMetaspaceSize: 17179869184.00 GB
CompressedClassSpaceSize: 1.00 GB
Initial GC threshold: 20.80 MB
Current GC threshold: 98.66 MB
CDS: off

CodeHeap 'non-profiled nmethods': size=120000Kb used=4056Kb max_used=4056Kb free=115943Kb
 bounds [0x00000256431e0000, 0x00000256435e0000, 0x000002564a710000]
CodeHeap 'profiled nmethods': size=120000Kb used=13345Kb max_used=13345Kb free=106654Kb
 bounds [0x000002563bcb0000, 0x000002563c9c0000, 0x00000256431e0000]
CodeHeap 'non-nmethods': size=5760Kb used=1335Kb max_used=1357Kb free=4424Kb
 bounds [0x000002563b710000, 0x000002563b980000, 0x000002563bcb0000]
 total_blobs=6620 nmethods=5978 adapters=554
 compilation: enabled
              stopped_count=0, restarted_count=0
 full_count=0

Compilation events (20 events):
Event: 4.875 Thread 0x0000025657a4e800 nmethod 5773 0x000002563c923c10 code [0x000002563c923de0, 0x000002563c923ff8]
Event: 4.875 Thread 0x0000025657a4e800 5772       3       java.lang.Integer::toUnsignedString0 (78 bytes)
Event: 4.875 Thread 0x0000025657a4e800 nmethod 5772 0x000002563c924190 code [0x000002563c924380, 0x000002563c9247f8]
Event: 4.885 Thread 0x0000025657a50800 nmethod 5746 0x00000256435c4290 code [0x00000256435c49a0, 0x00000256435cac58]
Event: 4.885 Thread 0x0000025657a50800 5774       4       java.lang.String::<init> (15 bytes)
Event: 4.886 Thread 0x0000025657a50800 nmethod 5774 0x00000256435ced90 code [0x00000256435cef20, 0x00000256435cf058]
Event: 4.886 Thread 0x0000025657a50800 5769       4       jdk.internal.org.objectweb.asm.MethodWriter::visitCode (1 bytes)
Event: 4.886 Thread 0x0000025657a50800 nmethod 5769 0x00000256435cf110 code [0x00000256435cf2a0, 0x00000256435cf2f8]
Event: 4.896 Thread 0x0000025657a4e800 5775       3       java.util.regex.Pattern$TreeInfo::reset (21 bytes)
Event: 4.896 Thread 0x0000025657a4e800 nmethod 5775 0x000002563c924a10 code [0x000002563c924bc0, 0x000002563c924cd8]
Event: 4.902 Thread 0x0000025657a4e800 5776       3       java.lang.reflect.AccessibleObject::checkAccess (40 bytes)
Event: 4.902 Thread 0x0000025657a4e800 nmethod 5776 0x000002563c924d90 code [0x000002563c924fa0, 0x000002563c9253c8]
Event: 4.910 Thread 0x0000025657a4e800 5777       3       io.netty.util.HashedWheelTimer$HashedWheelBucket::<init> (5 bytes)
Event: 4.910 Thread 0x0000025657a4e800 nmethod 5777 0x000002563c925610 code [0x000002563c9257c0, 0x000002563c925978]
Event: 4.910 Thread 0x0000025657a4e800 5778       3       io.netty.util.HashedWheelTimer$HashedWheelBucket::<init> (5 bytes)
Event: 4.910 Thread 0x0000025657a4e800 nmethod 5778 0x000002563c925a90 code [0x000002563c925c40, 0x000002563c925d98]
Event: 4.947 Thread 0x0000025657a4e800 5779       3       java.lang.String::getBytes (25 bytes)
Event: 4.948 Thread 0x0000025657a4e800 nmethod 5779 0x000002563c925e90 code [0x000002563c926060, 0x000002563c926338]
Event: 4.948 Thread 0x0000025657a4e800 5780   !   3       java.lang.StringCoding::encode (324 bytes)
Event: 4.949 Thread 0x0000025657a4e800 nmethod 5780 0x000002563c926490 code [0x000002563c926980, 0x000002563c929758]

GC Heap History (14 events):
Event: 0.456 GC heap before
{Heap before GC invocations=0 (full 0):
 garbage-first heap   total 260096K, used 24576K [0x0000000702200000, 0x0000000800000000)
  region size 1024K, 24 young (24576K), 0 survivors (0K)
 Metaspace       used 11440K, capacity 11710K, committed 11904K, reserved 1060864K
  class space    used 1066K, capacity 1133K, committed 1152K, reserved 1048576K
}
Event: 0.459 GC heap after
{Heap after GC invocations=1 (full 0):
 garbage-first heap   total 260096K, used 7597K [0x0000000702200000, 0x0000000800000000)
  region size 1024K, 3 young (3072K), 3 survivors (3072K)
 Metaspace       used 11440K, capacity 11710K, committed 11904K, reserved 1060864K
  class space    used 1066K, capacity 1133K, committed 1152K, reserved 1048576K
}
Event: 0.893 GC heap before
{Heap before GC invocations=1 (full 0):
 garbage-first heap   total 260096K, used 54701K [0x0000000702200000, 0x0000000800000000)
  region size 1024K, 50 young (51200K), 3 survivors (3072K)
 Metaspace       used 20643K, capacity 21117K, committed 21248K, reserved 1069056K
  class space    used 2289K, capacity 2470K, committed 2560K, reserved 1048576K
}
Event: 0.897 GC heap after
{Heap after GC invocations=2 (full 0):
 garbage-first heap   total 260096K, used 9582K [0x0000000702200000, 0x0000000800000000)
  region size 1024K, 5 young (5120K), 5 survivors (5120K)
 Metaspace       used 20643K, capacity 21117K, committed 21248K, reserved 1069056K
  class space    used 2289K, capacity 2470K, committed 2560K, reserved 1048576K
}
Event: 1.191 GC heap before
{Heap before GC invocations=3 (full 0):
 garbage-first heap   total 260096K, used 56686K [0x0000000702200000, 0x0000000800000000)
  region size 1024K, 52 young (53248K), 5 survivors (5120K)
 Metaspace       used 27355K, capacity 27989K, committed 28288K, reserved 1075200K
  class space    used 3106K, capacity 3352K, committed 3456K, reserved 1048576K
}
Event: 1.195 GC heap after
{Heap after GC invocations=4 (full 0):
 garbage-first heap   total 260096K, used 11818K [0x0000000702200000, 0x0000000800000000)
  region size 1024K, 5 young (5120K), 5 survivors (5120K)
 Metaspace       used 27355K, capacity 27989K, committed 28288K, reserved 1075200K
  class space    used 3106K, capacity 3352K, committed 3456K, reserved 1048576K
}
Event: 1.685 GC heap before
{Heap before GC invocations=4 (full 0):
 garbage-first heap   total 260096K, used 82474K [0x0000000702200000, 0x0000000800000000)
  region size 1024K, 75 young (76800K), 5 survivors (5120K)
 Metaspace       used 34226K, capacity 35007K, committed 35328K, reserved 1081344K
  class space    used 3960K, capacity 4259K, committed 4352K, reserved 1048576K
}
Event: 1.687 GC heap after
{Heap after GC invocations=5 (full 0):
 garbage-first heap   total 260096K, used 13962K [0x0000000702200000, 0x0000000800000000)
  region size 1024K, 7 young (7168K), 7 survivors (7168K)
 Metaspace       used 34226K, capacity 35007K, committed 35328K, reserved 1081344K
  class space    used 3960K, capacity 4259K, committed 4352K, reserved 1048576K
}
Event: 1.753 GC heap before
{Heap before GC invocations=5 (full 0):
 garbage-first heap   total 260096K, used 21130K [0x0000000702200000, 0x0000000800000000)
  region size 1024K, 15 young (15360K), 7 survivors (7168K)
 Metaspace       used 34998K, capacity 35796K, committed 35840K, reserved 1081344K
  class space    used 4132K, capacity 4460K, committed 4480K, reserved 1048576K
}
Event: 1.757 GC heap after
{Heap after GC invocations=6 (full 0):
 garbage-first heap   total 260096K, used 14324K [0x0000000702200000, 0x0000000800000000)
  region size 1024K, 7 young (7168K), 7 survivors (7168K)
 Metaspace       used 34998K, capacity 35796K, committed 35840K, reserved 1081344K
  class space    used 4132K, capacity 4460K, committed 4480K, reserved 1048576K
}
Event: 3.823 GC heap before
{Heap before GC invocations=7 (full 0):
 garbage-first heap   total 260096K, used 162804K [0x0000000702200000, 0x0000000800000000)
  region size 1024K, 152 young (155648K), 7 survivors (7168K)
 Metaspace       used 58661K, capacity 59971K, committed 60160K, reserved 1101824K
  class space    used 7298K, capacity 7844K, committed 7936K, reserved 1048576K
}
Event: 3.830 GC heap after
{Heap after GC invocations=8 (full 0):
 garbage-first heap   total 312320K, used 22638K [0x0000000702200000, 0x0000000800000000)
  region size 1024K, 15 young (15360K), 15 survivors (15360K)
 Metaspace       used 58661K, capacity 59971K, committed 60160K, reserved 1101824K
  class space    used 7298K, capacity 7844K, committed 7936K, reserved 1048576K
}
Event: 3.840 GC heap before
{Heap before GC invocations=8 (full 0):
 garbage-first heap   total 312320K, used 22638K [0x0000000702200000, 0x0000000800000000)
  region size 1024K, 16 young (16384K), 15 survivors (15360K)
 Metaspace       used 58753K, capacity 60038K, committed 60160K, reserved 1101824K
  class space    used 7314K, capacity 7845K, committed 7936K, reserved 1048576K
}
Event: 3.850 GC heap after
{Heap after GC invocations=9 (full 0):
 garbage-first heap   total 312320K, used 22984K [0x0000000702200000, 0x0000000800000000)
  region size 1024K, 12 young (12288K), 12 survivors (12288K)
 Metaspace       used 58753K, capacity 60038K, committed 60160K, reserved 1101824K
  class space    used 7314K, capacity 7845K, committed 7936K, reserved 1048576K
}

Deoptimization events (20 events):
Event: 4.778 Thread 0x0000025632f04800 Uncommon trap: trap_request=0xffffffde fr.pc=0x000002564340e818 relative=0x0000000000007698
Event: 4.778 Thread 0x0000025632f04800 Uncommon trap: reason=class_check action=maybe_recompile pc=0x000002564340e818 method=org.springframework.beans.factory.support.AbstractBeanFactory.isTypeMatch(Ljava/lang/String;Lorg/springframework/core/ResolvableType;Z)Z @ 53 c2
Event: 4.778 Thread 0x0000025632f04800 DEOPT PACKING pc=0x000002564340e818 sp=0x000000ae690fe180
Event: 4.778 Thread 0x0000025632f04800 DEOPT UNPACKING pc=0x000002563b75a1af sp=0x000000ae690fe170 mode 2
Event: 4.788 Thread 0x0000025632f04800 Uncommon trap: trap_request=0xffffffde fr.pc=0x000002564340e818 relative=0x0000000000007698
Event: 4.788 Thread 0x0000025632f04800 Uncommon trap: reason=class_check action=maybe_recompile pc=0x000002564340e818 method=org.springframework.beans.factory.support.AbstractBeanFactory.isTypeMatch(Ljava/lang/String;Lorg/springframework/core/ResolvableType;Z)Z @ 53 c2
Event: 4.788 Thread 0x0000025632f04800 DEOPT PACKING pc=0x000002564340e818 sp=0x000000ae690fe180
Event: 4.788 Thread 0x0000025632f04800 DEOPT UNPACKING pc=0x000002563b75a1af sp=0x000000ae690fe170 mode 2
Event: 4.789 Thread 0x0000025632f04800 Uncommon trap: trap_request=0xffffffde fr.pc=0x000002564340e818 relative=0x0000000000007698
Event: 4.789 Thread 0x0000025632f04800 Uncommon trap: reason=class_check action=maybe_recompile pc=0x000002564340e818 method=org.springframework.beans.factory.support.AbstractBeanFactory.isTypeMatch(Ljava/lang/String;Lorg/springframework/core/ResolvableType;Z)Z @ 53 c2
Event: 4.789 Thread 0x0000025632f04800 DEOPT PACKING pc=0x000002564340e818 sp=0x000000ae690fd570
Event: 4.789 Thread 0x0000025632f04800 DEOPT UNPACKING pc=0x000002563b75a1af sp=0x000000ae690fd560 mode 2
Event: 4.789 Thread 0x0000025632f04800 Uncommon trap: trap_request=0xffffffde fr.pc=0x000002564340e818 relative=0x0000000000007698
Event: 4.789 Thread 0x0000025632f04800 Uncommon trap: reason=class_check action=maybe_recompile pc=0x000002564340e818 method=org.springframework.beans.factory.support.AbstractBeanFactory.isTypeMatch(Ljava/lang/String;Lorg/springframework/core/ResolvableType;Z)Z @ 53 c2
Event: 4.789 Thread 0x0000025632f04800 DEOPT PACKING pc=0x000002564340e818 sp=0x000000ae690fc970
Event: 4.789 Thread 0x0000025632f04800 DEOPT UNPACKING pc=0x000002563b75a1af sp=0x000000ae690fc960 mode 2
Event: 4.900 Thread 0x0000025632f04800 Uncommon trap: trap_request=0xffffff4d fr.pc=0x000002564357a714 relative=0x00000000000002d4
Event: 4.900 Thread 0x0000025632f04800 Uncommon trap: reason=unstable_if action=reinterpret pc=0x000002564357a714 method=java.lang.reflect.AccessibleObject.checkAccess(Ljava/lang/Class;Ljava/lang/Class;Ljava/lang/Class;I)V @ 9 c2
Event: 4.900 Thread 0x0000025632f04800 DEOPT PACKING pc=0x000002564357a714 sp=0x000000ae690f8de0
Event: 4.900 Thread 0x0000025632f04800 DEOPT UNPACKING pc=0x000002563b75a1af sp=0x000000ae690f8dc0 mode 2

Classes redefined (0 events):
No events

Internal exceptions (20 events):
Event: 2.285 Thread 0x0000025632f04800 Exception <a 'java/lang/NoSuchMethodError'{0x000000070e8f53b8}: 'java.lang.Object java.lang.invoke.DirectMethodHandle$Holder.invokeStaticInit(java.lang.Object, int, int, int, int)'> (0x000000070e8f53b8) thrown at [./src/hotspot/share/interpreter/linkResolver.cpp, line 773]
Event: 2.621 Thread 0x0000025632f04800 Exception <a 'java/lang/NoSuchMethodError'{0x000000070e7c00b8}: 'java.lang.Object java.lang.invoke.DirectMethodHandle$Holder.invokeStaticInit(java.lang.Object, java.lang.Object, int, int, int, int)'> (0x000000070e7c00b8) thrown at [./src/hotspot/share/interpreter/linkResolver.cpp, line 773]
Event: 2.724 Thread 0x0000025632f04800 Implicit null exception at 0x000002564328be88 to 0x000002564328d5e0
Event: 2.795 Thread 0x0000025632f04800 Exception <a 'java/io/FileNotFoundException'{0x000000070d42bc28}> (0x000000070d42bc28) thrown at [./src/hotspot/share/prims/jni.cpp, line 617]
Event: 2.795 Thread 0x0000025632f04800 Exception <a 'java/io/FileNotFoundException'{0x000000070d42d7c0}> (0x000000070d42d7c0) thrown at [./src/hotspot/share/prims/jni.cpp, line 617]
Event: 2.817 Thread 0x0000025632f04800 Exception <a 'java/lang/NoSuchMethodError'{0x000000070d267fb0}: 'int java.lang.invoke.DirectMethodHandle$Holder.invokeInterface(java.lang.Object, java.lang.Object, java.lang.Object, java.lang.Object)'> (0x000000070d267fb0) thrown at [./src/hotspot/share/interpreter/linkResolver.cpp, line 773]
Event: 2.855 Thread 0x0000025632f04800 Exception <a 'java/lang/NoSuchMethodError'{0x000000070ceef880}: 'long java.lang.invoke.DirectMethodHandle$Holder.invokeVirtual(java.lang.Object, java.lang.Object)'> (0x000000070ceef880) thrown at [./src/hotspot/share/interpreter/linkResolver.cpp, line 773]
Event: 2.858 Thread 0x0000025632f04800 Exception <a 'java/io/FileNotFoundException'{0x000000070cd45578}> (0x000000070cd45578) thrown at [./src/hotspot/share/prims/jni.cpp, line 617]
Event: 2.923 Thread 0x0000025632f04800 Implicit null exception at 0x00000256433975eb to 0x0000025643397920
Event: 3.468 Thread 0x0000025632f04800 Exception <a 'sun/nio/fs/WindowsException'{0x0000000709813788}> (0x0000000709813788) thrown at [./src/hotspot/share/prims/jni.cpp, line 617]
Event: 3.472 Thread 0x0000025632f04800 Exception <a 'java/lang/NoSuchMethodError'{0x0000000709836a18}: 'int java.lang.invoke.DirectMethodHandle$Holder.invokeStaticInit(java.lang.Object, java.lang.Object, java.lang.Object, java.lang.Object)'> (0x0000000709836a18) thrown at [./src/hotspot/share/interpreter/linkResolver.cpp, line 773]
Event: 3.670 Thread 0x0000025632f04800 Implicit null exception at 0x000002564324ba94 to 0x000002564324c094
Event: 3.670 Thread 0x0000025632f04800 Implicit null exception at 0x0000025643225f14 to 0x0000025643226500
Event: 3.731 Thread 0x0000025632f04800 Exception <a 'java/lang/NoSuchMethodError'{0x0000000709087bf0}: 'java.lang.Object java.lang.invoke.DirectMethodHandle$Holder.invokeStaticInit(java.lang.Object, java.lang.Object, java.lang.Object, java.lang.Object)'> (0x0000000709087bf0) thrown at [./src/hotspot/share/interpreter/linkResolver.cpp, line 773]
Event: 3.874 Thread 0x0000025632f04800 Implicit null exception at 0x000002564348339a to 0x0000025643483a94
Event: 3.939 Thread 0x0000025632f04800 Exception <a 'java/lang/NoSuchMethodError'{0x0000000713f795b8}: 'java.lang.Object java.lang.invoke.DirectMethodHandle$Holder.newInvokeSpecial(java.lang.Object, java.lang.Object, int, java.lang.Object, java.lang.Object)'> (0x0000000713f795b8) thrown at [./src/hotspot/share/interpreter/linkResolver.cpp, line 773]
Event: 4.327 Thread 0x0000025632f04800 Exception <a 'java/lang/NoSuchMethodError'{0x00000007115fae40}: 'void java.lang.invoke.DirectMethodHandle$Holder.invokeInterface(java.lang.Object, java.lang.Object)'> (0x00000007115fae40) thrown at [./src/hotspot/share/interpreter/linkResolver.cpp, line 773]
Event: 4.336 Thread 0x0000025632f04800 Exception <a 'java/lang/NoSuchMethodError'{0x00000007114dac28}: 'java.lang.Object java.lang.invoke.DirectMethodHandle$Holder.invokeStaticInit(java.lang.Object, java.lang.Object, java.lang.Object, java.lang.Object, int, int)'> (0x00000007114dac28) thrown at [./src/hotspot/share/interpreter/linkResolver.cpp, line 773]
Event: 4.827 Thread 0x0000025632f04800 Exception <a 'java/lang/NoSuchMethodError'{0x00000007101b4c00}: 'java.lang.Object java.lang.invoke.DirectMethodHandle$Holder.invokeStatic(java.lang.Object, long)'> (0x00000007101b4c00) thrown at [./src/hotspot/share/interpreter/linkResolver.cpp, line 773]
Event: 4.827 Thread 0x0000025632f04800 Exception <a 'java/lang/NoSuchMethodError'{0x00000007101ba488}: 'java.lang.Object java.lang.invoke.DirectMethodHandle$Holder.invokeStaticInit(java.lang.Object, long)'> (0x00000007101ba488) thrown at [./src/hotspot/share/interpreter/linkResolver.cpp, line 773]

Events (20 events):
Event: 4.951 loading class org/springframework/data/redis/connection/ReactiveScriptingCommands
Event: 4.951 loading class org/springframework/data/redis/connection/ReactiveScriptingCommands done
Event: 4.951 loading class org/springframework/data/redis/connection/ReactiveServerCommands
Event: 4.951 loading class org/springframework/data/redis/connection/ReactiveServerCommands done
Event: 4.951 loading class org/springframework/data/redis/connection/ReactiveGeoCommands
Event: 4.951 loading class org/springframework/data/redis/connection/ReactiveGeoCommands done
Event: 4.952 loading class org/springframework/data/redis/connection/ReactiveZSetCommands
Event: 4.952 loading class org/springframework/data/redis/connection/ReactiveZSetCommands done
Event: 4.953 loading class org/springframework/data/redis/connection/ReactiveStreamCommands
Event: 4.953 loading class org/springframework/data/redis/connection/ReactiveStreamCommands done
Event: 4.953 loading class org/springframework/data/redis/connection/ReactiveStringCommands
Event: 4.953 loading class org/springframework/data/redis/connection/ReactiveStringCommands done
Event: 4.954 loading class org/springframework/data/redis/connection/ReactiveListCommands
Event: 4.954 loading class org/springframework/data/redis/connection/ReactiveListCommands done
Event: 4.954 loading class org/springframework/data/redis/connection/ReactiveHashCommands
Event: 4.954 loading class org/springframework/data/redis/connection/ReactiveHashCommands done
Event: 4.955 loading class org/springframework/data/redis/connection/ReactiveKeyCommands
Event: 4.955 loading class org/springframework/data/redis/connection/ReactiveKeyCommands done
Event: 4.955 loading class org/springframework/data/redis/connection/ReactivePubSubCommands
Event: 4.955 loading class org/springframework/data/redis/connection/ReactivePubSubCommands done


Dynamic libraries:
0x00007ff705970000 - 0x00007ff70597d000 	C:\Program Files\Zulu\zulu-11\bin\java.exe
0x00007ffa9a0f0000 - 0x00007ffa9a2e8000 	C:\Windows\SYSTEM32\ntdll.dll
0x00007ffa99f90000 - 0x00007ffa9a04f000 	C:\Windows\System32\KERNEL32.DLL
0x00007ffa97850000 - 0x00007ffa97b22000 	C:\Windows\System32\KERNELBASE.dll
0x00007ffa97cc0000 - 0x00007ffa97dc0000 	C:\Windows\System32\ucrtbase.dll
0x00007ffa7d1e0000 - 0x00007ffa7d1f7000 	C:\Program Files\Zulu\zulu-11\bin\jli.dll
0x00007ffa7d1c0000 - 0x00007ffa7d1d5000 	C:\Program Files\Zulu\zulu-11\bin\VCRUNTIME140.dll
0x00007ffa991f0000 - 0x00007ffa99391000 	C:\Windows\System32\USER32.dll
0x00007ffa97c90000 - 0x00007ffa97cb2000 	C:\Windows\System32\win32u.dll
0x00007ffa98ad0000 - 0x00007ffa98afb000 	C:\Windows\System32\GDI32.dll
0x00007ffa97f20000 - 0x00007ffa9802f000 	C:\Windows\System32\gdi32full.dll
0x00007ffa88160000 - 0x00007ffa883fa000 	C:\Windows\WinSxS\amd64_microsoft.windows.common-controls_6595b64144ccf1df_6.0.19041.1110_none_60b5254171f9507e\COMCTL32.dll
0x00007ffa97b60000 - 0x00007ffa97bfd000 	C:\Windows\System32\msvcp_win.dll
0x00007ffa98ba0000 - 0x00007ffa98c3e000 	C:\Windows\System32\msvcrt.dll
0x00007ffa99470000 - 0x00007ffa994a2000 	C:\Windows\System32\IMM32.DLL
0x00007ffa7d120000 - 0x00007ffa7d1bb000 	C:\Program Files\Zulu\zulu-11\bin\msvcp140.dll
0x00007ffa426a0000 - 0x00007ffa43236000 	C:\Program Files\Zulu\zulu-11\bin\server\jvm.dll
0x00007ffa982d0000 - 0x00007ffa9837e000 	C:\Windows\System32\ADVAPI32.dll
0x00007ffa98b00000 - 0x00007ffa98b9c000 	C:\Windows\System32\sechost.dll
0x00007ffa990b0000 - 0x00007ffa991d5000 	C:\Windows\System32\RPCRT4.dll
0x00007ffa996c0000 - 0x00007ffa996c8000 	C:\Windows\System32\PSAPI.DLL
0x00007ffa91330000 - 0x00007ffa9133a000 	C:\Windows\SYSTEM32\VERSION.dll
0x00007ffa80b90000 - 0x00007ffa80b99000 	C:\Windows\SYSTEM32\WSOCK32.dll
0x00007ffa993a0000 - 0x00007ffa9940b000 	C:\Windows\System32\WS2_32.dll
0x00007ffa90250000 - 0x00007ffa90277000 	C:\Windows\SYSTEM32\WINMM.dll
0x00007ffa95680000 - 0x00007ffa95692000 	C:\Windows\SYSTEM32\kernel.appcore.dll
0x00007ffa7d110000 - 0x00007ffa7d120000 	C:\Program Files\Zulu\zulu-11\bin\verify.dll
0x00007ffa88d40000 - 0x00007ffa88f24000 	C:\Windows\SYSTEM32\DBGHELP.DLL
0x00007ffa7dd50000 - 0x00007ffa7dd85000 	C:\Windows\SYSTEM32\dbgcore.DLL
0x00007ffa97c00000 - 0x00007ffa97c82000 	C:\Windows\System32\bcryptPrimitives.dll
0x00007ffa7d0e0000 - 0x00007ffa7d108000 	C:\Program Files\Zulu\zulu-11\bin\java.dll
0x00007ffa7d0d0000 - 0x00007ffa7d0da000 	C:\Program Files\Zulu\zulu-11\bin\jimage.dll
0x00007ffa92dc0000 - 0x00007ffa92dce000 	C:\Program Files\Zulu\zulu-11\bin\instrument.dll
0x00007ffa7d0b0000 - 0x00007ffa7d0c8000 	C:\Program Files\Zulu\zulu-11\bin\zip.dll
0x00007ffa98380000 - 0x00007ffa98ac4000 	C:\Windows\System32\SHELL32.dll
0x00007ffa95880000 - 0x00007ffa96012000 	C:\Windows\SYSTEM32\windows.storage.dll
0x00007ffa99b80000 - 0x00007ffa99ed5000 	C:\Windows\System32\combase.dll
0x00007ffa97160000 - 0x00007ffa97190000 	C:\Windows\SYSTEM32\Wldp.dll
0x00007ffa99ee0000 - 0x00007ffa99f8d000 	C:\Windows\System32\SHCORE.dll
0x00007ffa99410000 - 0x00007ffa99465000 	C:\Windows\System32\shlwapi.dll
0x00007ffa97720000 - 0x00007ffa9773f000 	C:\Windows\SYSTEM32\profapi.dll
0x00007ffa7d090000 - 0x00007ffa7d0a9000 	C:\Program Files\Zulu\zulu-11\bin\net.dll
0x00007ffa92a50000 - 0x00007ffa92b5c000 	C:\Windows\SYSTEM32\WINHTTP.dll
0x00007ffa96ea0000 - 0x00007ffa96f0a000 	C:\Windows\system32\mswsock.dll
0x00007ffa7bd60000 - 0x00007ffa7bd73000 	C:\Program Files\Zulu\zulu-11\bin\nio.dll
0x00007ffa84310000 - 0x00007ffa8432a000 	C:\Program Files\JetBrains\IntelliJ IDEA Community Edition 2022.3.2\bin\breakgen64.dll
0x00007ffa92e40000 - 0x00007ffa92e49000 	C:\Program Files\Zulu\zulu-11\bin\management.dll
0x00007ffa90b10000 - 0x00007ffa90b1b000 	C:\Program Files\Zulu\zulu-11\bin\management_ext.dll
0x00007ffa85ee0000 - 0x00007ffa85ef7000 	C:\Windows\system32\napinsp.dll
0x00007ffa85ea0000 - 0x00007ffa85ebb000 	C:\Windows\system32\pnrpnsp.dll
0x00007ffa85e60000 - 0x00007ffa85e75000 	C:\Windows\system32\wshbth.dll
0x00007ffa92cd0000 - 0x00007ffa92ced000 	C:\Windows\system32\NLAapi.dll
0x00007ffa96b90000 - 0x00007ffa96bcb000 	C:\Windows\SYSTEM32\IPHLPAPI.DLL
0x00007ffa96bd0000 - 0x00007ffa96c9a000 	C:\Windows\SYSTEM32\DNSAPI.dll
0x00007ffa991e0000 - 0x00007ffa991e8000 	C:\Windows\System32\NSI.dll
0x00007ffa85cc0000 - 0x00007ffa85cd2000 	C:\Windows\System32\winrnr.dll
0x00007ffa86100000 - 0x00007ffa8610a000 	C:\Windows\System32\rasadhlp.dll
0x00007ffa91340000 - 0x00007ffa913c0000 	C:\Windows\System32\fwpuclnt.dll
0x00007ffa97b30000 - 0x00007ffa97b57000 	C:\Windows\System32\bcrypt.dll
0x00007ffa970c0000 - 0x00007ffa970d8000 	C:\Windows\SYSTEM32\CRYPTSP.dll
0x00007ffa967a0000 - 0x00007ffa967d4000 	C:\Windows\system32\rsaenh.dll
0x00007ffa976a0000 - 0x00007ffa976ce000 	C:\Windows\SYSTEM32\USERENV.dll
0x00007ffa970b0000 - 0x00007ffa970bc000 	C:\Windows\SYSTEM32\CRYPTBASE.dll
0x00007ffa92cb0000 - 0x00007ffa92cc7000 	C:\Windows\SYSTEM32\dhcpcsvc6.DLL
0x00007ffa94860000 - 0x00007ffa9487d000 	C:\Windows\SYSTEM32\dhcpcsvc.DLL
0x00007ffa6f360000 - 0x00007ffa6f385000 	C:\Program Files\Zulu\zulu-11\bin\sunec.dll
0x00007ffa919f0000 - 0x00007ffa919fe000 	C:\Program Files\Zulu\zulu-11\bin\sunmscapi.dll
0x00007ffa97dc0000 - 0x00007ffa97f16000 	C:\Windows\System32\CRYPT32.dll
0x00007ffa971d0000 - 0x00007ffa971f7000 	C:\Windows\SYSTEM32\ncrypt.dll
0x00007ffa97190000 - 0x00007ffa971cb000 	C:\Windows\SYSTEM32\NTASN1.dll

dbghelp: loaded successfully - version: 4.0.5 - missing functions: none
symbol engine: initialized successfully - sym options: 0x614 - pdb path: .;C:\Program Files\Zulu\zulu-11\bin;C:\Windows\SYSTEM32;C:\Windows\WinSxS\amd64_microsoft.windows.common-controls_6595b64144ccf1df_6.0.19041.1110_none_60b5254171f9507e;C:\Program Files\Zulu\zulu-11\bin\server;C:\Program Files\JetBrains\IntelliJ IDEA Community Edition 2022.3.2\bin

VM Arguments:
jvm_args: -javaagent:C:\Program Files\JetBrains\IntelliJ IDEA Community Edition 2022.3.2\lib\idea_rt.jar=60997:C:\Program Files\JetBrains\IntelliJ IDEA Community Edition 2022.3.2\bin -Dfile.encoding=UTF-8 
java_command: com.project.chamong.ChamongApplication
java_class_path (initial): C:\Users\Administrator\Desktop\chamong_main - 0321\seb42_main_003\server\out\production\classes;C:\Users\Administrator\Desktop\chamong_main - 0321\seb42_main_003\server\out\production\resources;C:\Users\Administrator\.gradle\caches\modules-2\files-2.1\org.springframework.boot\spring-boot-starter-data-jpa\2.7.9\5af4a206fd4eaac881b7d96ca1ef19b2111a355c\spring-boot-starter-data-jpa-2.7.9.jar;C:\Users\Administrator\.gradle\caches\modules-2\files-2.1\org.springframework.boot\spring-boot-starter-validation\2.7.9\7cfc9801c13eefd3d20499c2371d921eb11c328\spring-boot-starter-validation-2.7.9.jar;C:\Users\Administrator\.gradle\caches\modules-2\files-2.1\org.springframework.boot\spring-boot-starter-security\2.7.9\ca8e422a56493e99a7c8c9d56d92091256d9fed7\spring-boot-starter-security-2.7.9.jar;C:\Users\Administrator\.gradle\caches\modules-2\files-2.1\org.springframework.boot\spring-boot-starter-web\2.7.9\e745a069e2b7ca51e378fcbc397d14dd82178199\spring-boot-starter-web-2.7.9.jar;C:\Users\Administrator\.gradle\caches\modules-2\files-2.1\org.springframework.boot\spring-boot-starter-data-redis\2.7.9\7aa0e971c046ade09793b1f1b1af26a5ef24cbf2\spring-boot-starter-data-redis-2.7.9.jar;C:\Users\Administrator\.gradle\caches\modules-2\files-2.1\org.apache.httpcomponents.client5\httpclient5\5.2.1\c900514d3446d9ce5d9dbd90c21192048125440\httpclient5-5.2.1.jar;C:\Users\Administrator\.gradle\caches\modules-2\files-2.1\org.json\json\20200518\41a767de4bde8f01d53856b905c49b2db8862f13\json-20200518.jar;C:\Users\Administrator\.gradle\caches\modules-2\files-2.1\org.mapstruct\mapstruct\1.5.3.Final\5f5d063858957ef086858bc3d003f702082297f3\mapstruct-1.5.3.Final.jar;C:\Users\Administrator\.gradle\caches\modules-2\files-2.1\com.google.code.gson\gson\2.9.1\2cc2131b98ebfb04e2b2c7dfb84431f4045096b\gson-2.9.1.jar;C:\Users\Administrator\.gradle\caches\modules-2\files-2.1\io.jsonwebtoken\jjwt-api\0.11.5\f742940045619d06383e7df37b21ac422b476cf1\jjwt-api-0.11.5.jar;C:\Users\Administrato
Launcher Type: SUN_STANDARD

[Global flags]
     intx CICompilerCount                          = 4                                         {product} {ergonomic}
     uint ConcGCThreads                            = 3                                         {product} {ergonomic}
     uint G1ConcRefinementThreads                  = 10                                        {product} {ergonomic}
   size_t G1HeapRegionSize                         = 1048576                                   {product} {ergonomic}
    uintx GCDrainStackTargetSize                   = 64                                        {product} {ergonomic}
   size_t InitialHeapSize                          = 266338304                                 {product} {ergonomic}
   size_t MarkStackSize                            = 4194304                                   {product} {ergonomic}
   size_t MaxHeapSize                              = 4259315712                                {product} {ergonomic}
   size_t MaxNewSize                               = 2555379712                                {product} {ergonomic}
   size_t MinHeapDeltaBytes                        = 1048576                                   {product} {ergonomic}
    uintx NonNMethodCodeHeapSize                   = 5836300                                {pd product} {ergonomic}
    uintx NonProfiledCodeHeapSize                  = 122910970                              {pd product} {ergonomic}
    uintx ProfiledCodeHeapSize                     = 122910970                              {pd product} {ergonomic}
    uintx ReservedCodeCacheSize                    = 251658240                              {pd product} {ergonomic}
     bool SegmentedCodeCache                       = true                                      {product} {ergonomic}
     bool UseCompressedClassPointers               = true                                 {lp64_product} {ergonomic}
     bool UseCompressedOops                        = true                                 {lp64_product} {ergonomic}
     bool UseG1GC                                  = true                                      {product} {ergonomic}
     bool UseLargePagesIndividualAllocation        = false                                  {pd product} {ergonomic}

Logging:
Log output configuration:
 #0: stdout all=warning uptime,level,tags
 #1: stderr all=off uptime,level,tags

Environment Variables:
JAVA_HOME=C:\Program Files\Zulu\zulu-11
JRE_HOME=C:\Program Files\Zulu\zulu-11\jre\
CLASSPATH=C:\Program Files\Zulu\zulu-11\lib
PATH=C:\Program Files\Zulu\zulu-11\bin\;C:\Windows\system32;C:\Windows;C:\Windows\system32;C:\Windows;C:\Program Files (x86)\NAT Service;C:\Windows\system32;C:\Windows;C:\Windows\System32\Wbem;C:\Windows\System32\WindowsPowerShell\v1.0\;C:\Windows\System32\OpenSSH\;C:\Program Files\Bandizip\;C:\Program Files\Zulu\zulu-11\bin;C:\Program Files (x86)\NVIDIA Corporation\PhysX\Common;C:\Program Files\NVIDIA Corporation\NVIDIA NvDLISR;C:\Program Files\dotnet\;C:\Program Files\Git\cmd;C:\Apache24\bin;C:\Program Files\PuTTY\;C:\Users\Administrator\AppData\Local\Microsoft\WindowsApps;
USERNAME=Administrator
OS=Windows_NT
PROCESSOR_IDENTIFIER=Intel64 Family 6 Model 151 Stepping 5, GenuineIntel
TMP=C:\Users\ADMINI~1\AppData\Local\Temp
TEMP=C:\Users\ADMINI~1\AppData\Local\Temp



---------------  S Y S T E M  ---------------

OS: Windows 10 , 64 bit Build 19041 (10.0.19041.2364)
OS uptime: 0 days 12:23 hours
Hyper-V role detected

CPU:total 12 (initial active 12) (6 cores per cpu, 2 threads per core) family 6 model 151 stepping 5 microcode 0x1a, cmov, cx8, fxsr, mmx, sse, sse2, sse3, ssse3, sse4.1, sse4.2, popcnt, avx, avx2, aes, clmul, erms, 3dnowpref, lzcnt, ht, tsc, tscinvbit, bmi1, bmi2, adx, sha, fma

Memory: 4k page, system-wide physical 16243M (4217M free)
TotalPageFile size 19169M (AvailPageFile size 3M)
current process WorkingSet (physical memory assigned to process): 469M, peak: 469M
current process commit charge ("private bytes"): 590M, peak: 591M

vm_info: OpenJDK 64-Bit Server VM (11.0.18+10-LTS) for windows-amd64 JRE (Zulu11.62+17-CA) (11.0.18+10-LTS), built on Jan  4 2023 15:02:54 by "zulu_re" with MS VC++ 15.9 (VS2017)

END.
