#
# There is insufficient memory for the Java Runtime Environment to continue.
# Native memory allocation (mmap) failed to map 53477376 bytes for Failed to commit area from 0x0000000712000000 to 0x0000000715300000 of length 53477376.
# Possible reasons:
#   The system is out of physical RAM or swap space
#   The process is running with CompressedOops enabled, and the Java Heap may be blocking the growth of the native heap
# Possible solutions:
#   Reduce memory load on the system
#   Increase physical memory or swap space
#   Check if swap backing store is full
#   Decrease Java heap size (-Xmx/-Xms)
#   Decrease number of Java threads
#   Decrease Java thread stack sizes (-Xss)
#   Set larger code cache with -XX:ReservedCodeCacheSize=
#   JVM is running with Zero Based Compressed Oops mode in which the Java heap is
#     placed in the first 32GB address space. The Java Heap base address is the
#     maximum limit for the native heap growth. Please use -XX:HeapBaseMinAddress
#     to set the Java Heap base and to place the Java Heap above 32GB virtual address.
# This output file may be truncated or incomplete.
#
#  Out of Memory Error (./src/hotspot/os/windows/os_windows.cpp:3386), pid=4748, tid=7484
#
# JRE version: OpenJDK Runtime Environment Zulu11.62+17-CA (11.0.18+10) (build 11.0.18+10-LTS)
# Java VM: OpenJDK 64-Bit Server VM Zulu11.62+17-CA (11.0.18+10-LTS, mixed mode, tiered, compressed oops, g1 gc, windows-amd64)
# No core dump will be written. Minidumps are not enabled by default on client versions of Windows
#

---------------  S U M M A R Y ------------

Command Line: -javaagent:C:\Program Files\JetBrains\IntelliJ IDEA Community Edition 2022.3.2\lib\idea_rt.jar=64184:C:\Program Files\JetBrains\IntelliJ IDEA Community Edition 2022.3.2\bin -Dfile.encoding=UTF-8 com.project.chamong.ChamongApplication

Host: 12th Gen Intel(R) Core(TM) i5-12400F, 12 cores, 15G,  Windows 10 , 64 bit Build 19041 (10.0.19041.2364)
Time: Wed Mar 22 22:30:43 2023  Windows 10 , 64 bit Build 19041 (10.0.19041.2364) elapsed time: 3.144798 seconds (0d 0h 0m 3s)

---------------  T H R E A D  ---------------

Current thread (0x00000247527b2800):  VMThread "VM Thread" [stack: 0x000000b24eb00000,0x000000b24ec00000] [id=7484]

Stack: [0x000000b24eb00000,0x000000b24ec00000]
[error occurred during error reporting (printing stack bounds), id 0xc0000005, EXCEPTION_ACCESS_VIOLATION (0xc0000005) at pc=0x0000024736df112d]

Native frames: (J=compiled Java code, j=interpreted, Vv=VM code, C=native code)
V  [jvm.dll+0x62bdca]
V  [jvm.dll+0x7b9bc9]
V  [jvm.dll+0x7bb2b8]
V  [jvm.dll+0x7bb8f5]
V  [jvm.dll+0x7bb8ab]
V  [jvm.dll+0x62b157]
V  [jvm.dll+0x62b868]
C  [ntdll.dll+0xa241f]
C  [ntdll.dll+0x514a4]
C  [ntdll.dll+0xa0f4e]
C  0x0000024736df112d

VM_Operation (0x000000b24e5fbb10): G1CollectForAllocation, mode: safepoint, requested by thread 0x000002472e5e3800


---------------  P R O C E S S  ---------------

Threads class SMR info:
_java_thread_list=0x0000024758f076a0, length=17, elements={
0x000002472e5e3800, 0x00000247527b5800, 0x00000247527b6800, 0x00000247530d0800,
0x00000247530d1000, 0x00000247530d2800, 0x00000247530e6000, 0x0000024753108800,
0x000002475311a000, 0x0000024753294000, 0x00000247534d0800, 0x00000247532a0800,
0x000002475a8a8800, 0x0000024757867000, 0x00000247596ee800, 0x0000024759903000,
0x000002475922e000
}

Java Threads: ( => current thread )
  0x000002472e5e3800 JavaThread "main" [_thread_blocked, id=4776, stack(0x000000b24e500000,0x000000b24e600000)]
  0x00000247527b5800 JavaThread "Reference Handler" daemon [_thread_blocked, id=5112, stack(0x000000b24ec00000,0x000000b24ed00000)]
  0x00000247527b6800 JavaThread "Finalizer" daemon [_thread_blocked, id=14136, stack(0x000000b24ed00000,0x000000b24ee00000)]
  0x00000247530d0800 JavaThread "Signal Dispatcher" daemon [_thread_blocked, id=13268, stack(0x000000b24ee00000,0x000000b24ef00000)]
  0x00000247530d1000 JavaThread "Attach Listener" daemon [_thread_blocked, id=14180, stack(0x000000b24ef00000,0x000000b24f000000)]
  0x00000247530d2800 JavaThread "Service Thread" daemon [_thread_blocked, id=2104, stack(0x000000b24f000000,0x000000b24f100000)]
  0x00000247530e6000 JavaThread "C2 CompilerThread0" daemon [_thread_blocked, id=3588, stack(0x000000b24f100000,0x000000b24f200000)]
  0x0000024753108800 JavaThread "C1 CompilerThread0" daemon [_thread_blocked, id=16292, stack(0x000000b24f200000,0x000000b24f300000)]
  0x000002475311a000 JavaThread "Sweeper thread" daemon [_thread_blocked, id=9572, stack(0x000000b24f300000,0x000000b24f400000)]
  0x0000024753294000 JavaThread "Common-Cleaner" daemon [_thread_blocked, id=7316, stack(0x000000b24f400000,0x000000b24f500000)]
  0x00000247534d0800 JavaThread "Monitor Ctrl-Break" daemon [_thread_in_native, id=8928, stack(0x000000b24f600000,0x000000b24f700000)]
  0x00000247532a0800 JavaThread "C2 CompilerThread1" daemon [_thread_blocked, id=4572, stack(0x000000b24f500000,0x000000b24f600000)]
  0x000002475a8a8800 JavaThread "C2 CompilerThread2" daemon [_thread_blocked, id=14436, stack(0x000000b24f800000,0x000000b24f900000)]
  0x0000024757867000 JavaThread "Catalina-utility-1" [_thread_blocked, id=13836, stack(0x000000b24fe00000,0x000000b24ff00000)]
  0x00000247596ee800 JavaThread "Catalina-utility-2" [_thread_blocked, id=10200, stack(0x000000b250100000,0x000000b250200000)]
  0x0000024759903000 JavaThread "container-0" [_thread_blocked, id=11012, stack(0x000000b250200000,0x000000b250300000)]
  0x000002475922e000 JavaThread "mysql-cj-abandoned-connection-cleanup" daemon [_thread_blocked, id=12964, stack(0x000000b250300000,0x000000b250400000)]

Other Threads:
=>0x00000247527b2800 VMThread "VM Thread" [stack: 0x000000b24eb00000,0x000000b24ec00000] [id=7484]
  0x00000247534b6000 WatcherThread [stack: 0x000000b24f700000,0x000000b24f800000] [id=13012]
  0x000002472e5fa800 GCTaskThread "GC Thread#0" [stack: 0x000000b24e600000,0x000000b24e700000] [id=14600]
  0x0000024753c0c800 GCTaskThread "GC Thread#1" [stack: 0x000000b24f900000,0x000000b24fa00000] [id=13096]
  0x0000024753b2a000 GCTaskThread "GC Thread#2" [stack: 0x000000b24fa00000,0x000000b24fb00000] [id=9988]
  0x0000024753d55800 GCTaskThread "GC Thread#3" [stack: 0x000000b24fb00000,0x000000b24fc00000] [id=4004]
  0x0000024753d56800 GCTaskThread "GC Thread#4" [stack: 0x000000b24fc00000,0x000000b24fd00000] [id=11812]
  0x0000024753e15800 GCTaskThread "GC Thread#5" [stack: 0x000000b24fd00000,0x000000b24fe00000] [id=12700]
  0x0000024754563000 GCTaskThread "GC Thread#6" [stack: 0x000000b250400000,0x000000b250500000] [id=7420]
  0x0000024754567000 GCTaskThread "GC Thread#7" [stack: 0x000000b250500000,0x000000b250600000] [id=8312]
  0x000002472e659800 ConcurrentGCThread "G1 Main Marker" [stack: 0x000000b24e700000,0x000000b24e800000] [id=4388]
  0x000002472e65c800 ConcurrentGCThread "G1 Conc#0" [stack: 0x000000b24e800000,0x000000b24e900000] [id=12888]
  0x0000024754565800 ConcurrentGCThread "G1 Conc#1" [stack: 0x000000b24ff00000,0x000000b250000000] [id=13396]
  0x0000024754566800 ConcurrentGCThread "G1 Conc#2" [stack: 0x000000b250000000,0x000000b250100000] [id=5272]
  0x0000024752696800 ConcurrentGCThread "G1 Refine#0" [stack: 0x000000b24e900000,0x000000b24ea00000] [id=15484]
  0x0000024752697800 ConcurrentGCThread "G1 Young RemSet Sampling" [stack: 0x000000b24ea00000,0x000000b24eb00000] [id=12284]

Threads with active compile tasks:
C2 CompilerThread0     3152 4057       4       jdk.internal.loader.ClassLoaders$BootClassLoader::loadClassOrNull (11 bytes)
C2 CompilerThread1     3152 4052       4       jdk.internal.loader.ClassLoaders$AppClassLoader::defineOrCheckPackage (8 bytes)
C2 CompilerThread2     3152 4048       4       jdk.internal.loader.BuiltinClassLoader::defineClass (121 bytes)

VM state:at safepoint (normal execution)

VM Mutex/Monitor currently owned by a thread:  ([mutex/lock_event])
[0x000002472e5df0c0] Threads_lock - owner thread: 0x00000247527b2800
[0x000002472e5df1e0] Heap_lock - owner thread: 0x000002472e5e3800

Heap address: 0x0000000702200000, size: 4062 MB, Compressed Oops mode: Zero based, Oop shift amount: 3
Narrow klass base: 0x0000000800000000, Narrow klass shift: 0
Compressed class space size: 1073741824 Address: 0x0000000800000000

Heap:
 garbage-first heap   total 312320K, used 19607K [0x0000000702200000, 0x0000000800000000)
  region size 1024K, 12 young (12288K), 12 survivors (12288K)
 Metaspace       used 48690K, capacity 49921K, committed 50048K, reserved 1093632K
  class space    used 6019K, capacity 6491K, committed 6528K, reserved 1048576K
Heap Regions: E=young(eden), S=young(survivor), O=old, HS=humongous(starts), HC=humongous(continues), CS=collection set, F=free, A=archive, TAMS=top-at-mark-start (previous, next)
|   0|0x0000000702200000, 0x0000000702300000, 0x0000000702300000|100%|HS|  |TAMS 0x0000000702300000, 0x0000000702200000| Complete 
|   1|0x0000000702300000, 0x0000000702400000, 0x0000000702400000|100%| O|  |TAMS 0x0000000702400000, 0x0000000702300000| Untracked 
|   2|0x0000000702400000, 0x0000000702500000, 0x0000000702500000|100%| O|  |TAMS 0x0000000702500000, 0x0000000702400000| Untracked 
|   3|0x0000000702500000, 0x0000000702600000, 0x0000000702600000|100%| O|  |TAMS 0x0000000702600000, 0x0000000702500000| Untracked 
|   4|0x0000000702600000, 0x0000000702700000, 0x0000000702700000|100%| O|  |TAMS 0x0000000702700000, 0x0000000702600000| Untracked 
|   5|0x0000000702700000, 0x0000000702800000, 0x0000000702800000|100%| O|  |TAMS 0x0000000702800000, 0x0000000702700000| Untracked 
|   6|0x0000000702800000, 0x0000000702900000, 0x0000000702900000|100%| O|  |TAMS 0x0000000702900000, 0x0000000702800000| Untracked 
|   7|0x0000000702900000, 0x000000070298d800, 0x0000000702a00000| 55%| O|  |TAMS 0x000000070298d800, 0x0000000702900000| Untracked 
|   8|0x0000000702a00000, 0x0000000702a00000, 0x0000000702b00000|  0%| F|  |TAMS 0x0000000702a00000, 0x0000000702a00000| Untracked 
|   9|0x0000000702b00000, 0x0000000702b00000, 0x0000000702c00000|  0%| F|  |TAMS 0x0000000702b00000, 0x0000000702b00000| Untracked 
|  10|0x0000000702c00000, 0x0000000702c00000, 0x0000000702d00000|  0%| F|  |TAMS 0x0000000702c00000, 0x0000000702c00000| Untracked 
|  11|0x0000000702d00000, 0x0000000702d00000, 0x0000000702e00000|  0%| F|  |TAMS 0x0000000702d00000, 0x0000000702d00000| Untracked 
|  12|0x0000000702e00000, 0x0000000702e00000, 0x0000000702f00000|  0%| F|  |TAMS 0x0000000702e00000, 0x0000000702e00000| Untracked 
|  13|0x0000000702f00000, 0x0000000702f00000, 0x0000000703000000|  0%| F|  |TAMS 0x0000000702f00000, 0x0000000702f00000| Untracked 
|  14|0x0000000703000000, 0x0000000703000000, 0x0000000703100000|  0%| F|  |TAMS 0x0000000703000000, 0x0000000703000000| Untracked 
|  15|0x0000000703100000, 0x0000000703100000, 0x0000000703200000|  0%| F|  |TAMS 0x0000000703100000, 0x0000000703100000| Untracked 
|  16|0x0000000703200000, 0x0000000703200000, 0x0000000703300000|  0%| F|  |TAMS 0x0000000703200000, 0x0000000703200000| Untracked 
|  17|0x0000000703300000, 0x0000000703300000, 0x0000000703400000|  0%| F|  |TAMS 0x0000000703300000, 0x0000000703300000| Untracked 
|  18|0x0000000703400000, 0x0000000703400000, 0x0000000703500000|  0%| F|  |TAMS 0x0000000703400000, 0x0000000703400000| Untracked 
|  19|0x0000000703500000, 0x0000000703500000, 0x0000000703600000|  0%| F|  |TAMS 0x0000000703500000, 0x0000000703500000| Untracked 
|  20|0x0000000703600000, 0x0000000703600000, 0x0000000703700000|  0%| F|  |TAMS 0x0000000703600000, 0x0000000703600000| Untracked 
|  21|0x0000000703700000, 0x0000000703700000, 0x0000000703800000|  0%| F|  |TAMS 0x0000000703700000, 0x0000000703700000| Untracked 
|  22|0x0000000703800000, 0x0000000703800000, 0x0000000703900000|  0%| F|  |TAMS 0x0000000703800000, 0x0000000703800000| Untracked 
|  23|0x0000000703900000, 0x0000000703900000, 0x0000000703a00000|  0%| F|  |TAMS 0x0000000703900000, 0x0000000703900000| Untracked 
|  24|0x0000000703a00000, 0x0000000703a00000, 0x0000000703b00000|  0%| F|  |TAMS 0x0000000703a00000, 0x0000000703a00000| Untracked 
|  25|0x0000000703b00000, 0x0000000703b00000, 0x0000000703c00000|  0%| F|  |TAMS 0x0000000703b00000, 0x0000000703b00000| Untracked 
|  26|0x0000000703c00000, 0x0000000703c00000, 0x0000000703d00000|  0%| F|  |TAMS 0x0000000703c00000, 0x0000000703c00000| Untracked 
|  27|0x0000000703d00000, 0x0000000703d00000, 0x0000000703e00000|  0%| F|  |TAMS 0x0000000703d00000, 0x0000000703d00000| Untracked 
|  28|0x0000000703e00000, 0x0000000703e00000, 0x0000000703f00000|  0%| F|  |TAMS 0x0000000703e00000, 0x0000000703e00000| Untracked 
|  29|0x0000000703f00000, 0x0000000703f00000, 0x0000000704000000|  0%| F|  |TAMS 0x0000000703f00000, 0x0000000703f00000| Untracked 
|  30|0x0000000704000000, 0x0000000704000000, 0x0000000704100000|  0%| F|  |TAMS 0x0000000704000000, 0x0000000704000000| Untracked 
|  31|0x0000000704100000, 0x0000000704100000, 0x0000000704200000|  0%| F|  |TAMS 0x0000000704100000, 0x0000000704100000| Untracked 
|  32|0x0000000704200000, 0x0000000704200000, 0x0000000704300000|  0%| F|  |TAMS 0x0000000704200000, 0x0000000704200000| Untracked 
|  33|0x0000000704300000, 0x0000000704300000, 0x0000000704400000|  0%| F|  |TAMS 0x0000000704300000, 0x0000000704300000| Untracked 
|  34|0x0000000704400000, 0x0000000704400000, 0x0000000704500000|  0%| F|  |TAMS 0x0000000704400000, 0x0000000704400000| Untracked 
|  35|0x0000000704500000, 0x0000000704500000, 0x0000000704600000|  0%| F|  |TAMS 0x0000000704500000, 0x0000000704500000| Untracked 
|  36|0x0000000704600000, 0x0000000704600000, 0x0000000704700000|  0%| F|  |TAMS 0x0000000704600000, 0x0000000704600000| Untracked 
|  37|0x0000000704700000, 0x0000000704700000, 0x0000000704800000|  0%| F|  |TAMS 0x0000000704700000, 0x0000000704700000| Untracked 
|  38|0x0000000704800000, 0x0000000704800000, 0x0000000704900000|  0%| F|  |TAMS 0x0000000704800000, 0x0000000704800000| Untracked 
|  39|0x0000000704900000, 0x0000000704900000, 0x0000000704a00000|  0%| F|  |TAMS 0x0000000704900000, 0x0000000704900000| Untracked 
|  40|0x0000000704a00000, 0x0000000704a00000, 0x0000000704b00000|  0%| F|  |TAMS 0x0000000704a00000, 0x0000000704a00000| Untracked 
|  41|0x0000000704b00000, 0x0000000704b00000, 0x0000000704c00000|  0%| F|  |TAMS 0x0000000704b00000, 0x0000000704b00000| Untracked 
|  42|0x0000000704c00000, 0x0000000704c00000, 0x0000000704d00000|  0%| F|  |TAMS 0x0000000704c00000, 0x0000000704c00000| Untracked 
|  43|0x0000000704d00000, 0x0000000704d00000, 0x0000000704e00000|  0%| F|  |TAMS 0x0000000704d00000, 0x0000000704d00000| Untracked 
|  44|0x0000000704e00000, 0x0000000704e00000, 0x0000000704f00000|  0%| F|  |TAMS 0x0000000704e00000, 0x0000000704e00000| Untracked 
|  45|0x0000000704f00000, 0x0000000704f00000, 0x0000000705000000|  0%| F|  |TAMS 0x0000000704f00000, 0x0000000704f00000| Untracked 
|  46|0x0000000705000000, 0x0000000705000000, 0x0000000705100000|  0%| F|  |TAMS 0x0000000705000000, 0x0000000705000000| Untracked 
|  47|0x0000000705100000, 0x0000000705100000, 0x0000000705200000|  0%| F|  |TAMS 0x0000000705100000, 0x0000000705100000| Untracked 
|  48|0x0000000705200000, 0x0000000705200000, 0x0000000705300000|  0%| F|  |TAMS 0x0000000705200000, 0x0000000705200000| Untracked 
|  49|0x0000000705300000, 0x0000000705300000, 0x0000000705400000|  0%| F|  |TAMS 0x0000000705300000, 0x0000000705300000| Untracked 
|  50|0x0000000705400000, 0x0000000705400000, 0x0000000705500000|  0%| F|  |TAMS 0x0000000705400000, 0x0000000705400000| Untracked 
|  51|0x0000000705500000, 0x0000000705500000, 0x0000000705600000|  0%| F|  |TAMS 0x0000000705500000, 0x0000000705500000| Untracked 
|  52|0x0000000705600000, 0x0000000705600000, 0x0000000705700000|  0%| F|  |TAMS 0x0000000705600000, 0x0000000705600000| Untracked 
|  53|0x0000000705700000, 0x0000000705700000, 0x0000000705800000|  0%| F|  |TAMS 0x0000000705700000, 0x0000000705700000| Untracked 
|  54|0x0000000705800000, 0x0000000705800000, 0x0000000705900000|  0%| F|  |TAMS 0x0000000705800000, 0x0000000705800000| Untracked 
|  55|0x0000000705900000, 0x0000000705900000, 0x0000000705a00000|  0%| F|  |TAMS 0x0000000705900000, 0x0000000705900000| Untracked 
|  56|0x0000000705a00000, 0x0000000705a00000, 0x0000000705b00000|  0%| F|  |TAMS 0x0000000705a00000, 0x0000000705a00000| Untracked 
|  57|0x0000000705b00000, 0x0000000705b00000, 0x0000000705c00000|  0%| F|  |TAMS 0x0000000705b00000, 0x0000000705b00000| Untracked 
|  58|0x0000000705c00000, 0x0000000705c00000, 0x0000000705d00000|  0%| F|  |TAMS 0x0000000705c00000, 0x0000000705c00000| Untracked 
|  59|0x0000000705d00000, 0x0000000705d00000, 0x0000000705e00000|  0%| F|  |TAMS 0x0000000705d00000, 0x0000000705d00000| Untracked 
|  60|0x0000000705e00000, 0x0000000705e00000, 0x0000000705f00000|  0%| F|  |TAMS 0x0000000705e00000, 0x0000000705e00000| Untracked 
|  61|0x0000000705f00000, 0x0000000705f00000, 0x0000000706000000|  0%| F|  |TAMS 0x0000000705f00000, 0x0000000705f00000| Untracked 
|  62|0x0000000706000000, 0x0000000706000000, 0x0000000706100000|  0%| F|  |TAMS 0x0000000706000000, 0x0000000706000000| Untracked 
|  63|0x0000000706100000, 0x0000000706100000, 0x0000000706200000|  0%| F|  |TAMS 0x0000000706100000, 0x0000000706100000| Untracked 
|  64|0x0000000706200000, 0x0000000706200000, 0x0000000706300000|  0%| F|  |TAMS 0x0000000706200000, 0x0000000706200000| Untracked 
|  65|0x0000000706300000, 0x0000000706300000, 0x0000000706400000|  0%| F|  |TAMS 0x0000000706300000, 0x0000000706300000| Untracked 
|  66|0x0000000706400000, 0x0000000706400000, 0x0000000706500000|  0%| F|  |TAMS 0x0000000706400000, 0x0000000706400000| Untracked 
|  67|0x0000000706500000, 0x0000000706500000, 0x0000000706600000|  0%| F|  |TAMS 0x0000000706500000, 0x0000000706500000| Untracked 
|  68|0x0000000706600000, 0x0000000706600000, 0x0000000706700000|  0%| F|  |TAMS 0x0000000706600000, 0x0000000706600000| Untracked 
|  69|0x0000000706700000, 0x0000000706700000, 0x0000000706800000|  0%| F|  |TAMS 0x0000000706700000, 0x0000000706700000| Untracked 
|  70|0x0000000706800000, 0x0000000706800000, 0x0000000706900000|  0%| F|  |TAMS 0x0000000706800000, 0x0000000706800000| Untracked 
|  71|0x0000000706900000, 0x0000000706900000, 0x0000000706a00000|  0%| F|  |TAMS 0x0000000706900000, 0x0000000706900000| Untracked 
|  72|0x0000000706a00000, 0x0000000706a00000, 0x0000000706b00000|  0%| F|  |TAMS 0x0000000706a00000, 0x0000000706a00000| Untracked 
|  73|0x0000000706b00000, 0x0000000706b00000, 0x0000000706c00000|  0%| F|  |TAMS 0x0000000706b00000, 0x0000000706b00000| Untracked 
|  74|0x0000000706c00000, 0x0000000706c00000, 0x0000000706d00000|  0%| F|  |TAMS 0x0000000706c00000, 0x0000000706c00000| Untracked 
|  75|0x0000000706d00000, 0x0000000706d00000, 0x0000000706e00000|  0%| F|  |TAMS 0x0000000706d00000, 0x0000000706d00000| Untracked 
|  76|0x0000000706e00000, 0x0000000706e00000, 0x0000000706f00000|  0%| F|  |TAMS 0x0000000706e00000, 0x0000000706e00000| Untracked 
|  77|0x0000000706f00000, 0x0000000706f00000, 0x0000000707000000|  0%| F|  |TAMS 0x0000000706f00000, 0x0000000706f00000| Untracked 
|  78|0x0000000707000000, 0x0000000707000000, 0x0000000707100000|  0%| F|  |TAMS 0x0000000707000000, 0x0000000707000000| Untracked 
|  79|0x0000000707100000, 0x0000000707100000, 0x0000000707200000|  0%| F|  |TAMS 0x0000000707100000, 0x0000000707100000| Untracked 
|  80|0x0000000707200000, 0x0000000707200000, 0x0000000707300000|  0%| F|  |TAMS 0x0000000707200000, 0x0000000707200000| Untracked 
|  81|0x0000000707300000, 0x0000000707300000, 0x0000000707400000|  0%| F|  |TAMS 0x0000000707300000, 0x0000000707300000| Untracked 
|  82|0x0000000707400000, 0x0000000707400000, 0x0000000707500000|  0%| F|  |TAMS 0x0000000707400000, 0x0000000707400000| Untracked 
|  83|0x0000000707500000, 0x0000000707500000, 0x0000000707600000|  0%| F|  |TAMS 0x0000000707500000, 0x0000000707500000| Untracked 
|  84|0x0000000707600000, 0x0000000707600000, 0x0000000707700000|  0%| F|  |TAMS 0x0000000707600000, 0x0000000707600000| Untracked 
|  85|0x0000000707700000, 0x0000000707700000, 0x0000000707800000|  0%| F|  |TAMS 0x0000000707700000, 0x0000000707700000| Untracked 
|  86|0x0000000707800000, 0x0000000707800000, 0x0000000707900000|  0%| F|  |TAMS 0x0000000707800000, 0x0000000707800000| Untracked 
|  87|0x0000000707900000, 0x0000000707900000, 0x0000000707a00000|  0%| F|  |TAMS 0x0000000707900000, 0x0000000707900000| Untracked 
|  88|0x0000000707a00000, 0x0000000707a00000, 0x0000000707b00000|  0%| F|  |TAMS 0x0000000707a00000, 0x0000000707a00000| Untracked 
|  89|0x0000000707b00000, 0x0000000707b00000, 0x0000000707c00000|  0%| F|  |TAMS 0x0000000707b00000, 0x0000000707b00000| Untracked 
|  90|0x0000000707c00000, 0x0000000707c00000, 0x0000000707d00000|  0%| F|  |TAMS 0x0000000707c00000, 0x0000000707c00000| Untracked 
|  91|0x0000000707d00000, 0x0000000707d00000, 0x0000000707e00000|  0%| F|  |TAMS 0x0000000707d00000, 0x0000000707d00000| Untracked 
|  92|0x0000000707e00000, 0x0000000707e00000, 0x0000000707f00000|  0%| F|  |TAMS 0x0000000707e00000, 0x0000000707e00000| Untracked 
|  93|0x0000000707f00000, 0x0000000707f00000, 0x0000000708000000|  0%| F|  |TAMS 0x0000000707f00000, 0x0000000707f00000| Untracked 
|  94|0x0000000708000000, 0x0000000708000000, 0x0000000708100000|  0%| F|  |TAMS 0x0000000708000000, 0x0000000708000000| Untracked 
|  95|0x0000000708100000, 0x0000000708100000, 0x0000000708200000|  0%| F|  |TAMS 0x0000000708100000, 0x0000000708100000| Untracked 
|  96|0x0000000708200000, 0x0000000708200000, 0x0000000708300000|  0%| F|  |TAMS 0x0000000708200000, 0x0000000708200000| Untracked 
|  97|0x0000000708300000, 0x0000000708300000, 0x0000000708400000|  0%| F|  |TAMS 0x0000000708300000, 0x0000000708300000| Untracked 
|  98|0x0000000708400000, 0x0000000708400000, 0x0000000708500000|  0%| F|  |TAMS 0x0000000708400000, 0x0000000708400000| Untracked 
|  99|0x0000000708500000, 0x0000000708500000, 0x0000000708600000|  0%| F|  |TAMS 0x0000000708500000, 0x0000000708500000| Untracked 
| 100|0x0000000708600000, 0x0000000708600000, 0x0000000708700000|  0%| F|  |TAMS 0x0000000708600000, 0x0000000708600000| Untracked 
| 101|0x0000000708700000, 0x0000000708700000, 0x0000000708800000|  0%| F|  |TAMS 0x0000000708700000, 0x0000000708700000| Untracked 
| 102|0x0000000708800000, 0x0000000708800000, 0x0000000708900000|  0%| F|  |TAMS 0x0000000708800000, 0x0000000708800000| Untracked 
| 103|0x0000000708900000, 0x0000000708900000, 0x0000000708a00000|  0%| F|  |TAMS 0x0000000708900000, 0x0000000708900000| Untracked 
| 104|0x0000000708a00000, 0x0000000708a00000, 0x0000000708b00000|  0%| F|  |TAMS 0x0000000708a00000, 0x0000000708a00000| Untracked 
| 105|0x0000000708b00000, 0x0000000708b00000, 0x0000000708c00000|  0%| F|  |TAMS 0x0000000708b00000, 0x0000000708b00000| Untracked 
| 106|0x0000000708c00000, 0x0000000708c00000, 0x0000000708d00000|  0%| F|  |TAMS 0x0000000708c00000, 0x0000000708c00000| Untracked 
| 107|0x0000000708d00000, 0x0000000708d00000, 0x0000000708e00000|  0%| F|  |TAMS 0x0000000708d00000, 0x0000000708d00000| Untracked 
| 108|0x0000000708e00000, 0x0000000708e00000, 0x0000000708f00000|  0%| F|  |TAMS 0x0000000708e00000, 0x0000000708e00000| Untracked 
| 109|0x0000000708f00000, 0x0000000708f00000, 0x0000000709000000|  0%| F|  |TAMS 0x0000000708f00000, 0x0000000708f00000| Untracked 
| 110|0x0000000709000000, 0x0000000709000000, 0x0000000709100000|  0%| F|  |TAMS 0x0000000709000000, 0x0000000709000000| Untracked 
| 111|0x0000000709100000, 0x0000000709100000, 0x0000000709200000|  0%| F|  |TAMS 0x0000000709100000, 0x0000000709100000| Untracked 
| 112|0x0000000709200000, 0x0000000709200000, 0x0000000709300000|  0%| F|  |TAMS 0x0000000709200000, 0x0000000709200000| Untracked 
| 113|0x0000000709300000, 0x0000000709300000, 0x0000000709400000|  0%| F|  |TAMS 0x0000000709300000, 0x0000000709300000| Untracked 
| 114|0x0000000709400000, 0x0000000709400000, 0x0000000709500000|  0%| F|  |TAMS 0x0000000709400000, 0x0000000709400000| Untracked 
| 115|0x0000000709500000, 0x0000000709500000, 0x0000000709600000|  0%| F|  |TAMS 0x0000000709500000, 0x0000000709500000| Untracked 
| 116|0x0000000709600000, 0x0000000709600000, 0x0000000709700000|  0%| F|  |TAMS 0x0000000709600000, 0x0000000709600000| Untracked 
| 117|0x0000000709700000, 0x0000000709700000, 0x0000000709800000|  0%| F|  |TAMS 0x0000000709700000, 0x0000000709700000| Untracked 
| 118|0x0000000709800000, 0x0000000709800000, 0x0000000709900000|  0%| F|  |TAMS 0x0000000709800000, 0x0000000709800000| Untracked 
| 119|0x0000000709900000, 0x0000000709900000, 0x0000000709a00000|  0%| F|  |TAMS 0x0000000709900000, 0x0000000709900000| Untracked 
| 120|0x0000000709a00000, 0x0000000709a00000, 0x0000000709b00000|  0%| F|  |TAMS 0x0000000709a00000, 0x0000000709a00000| Untracked 
| 121|0x0000000709b00000, 0x0000000709b00000, 0x0000000709c00000|  0%| F|  |TAMS 0x0000000709b00000, 0x0000000709b00000| Untracked 
| 122|0x0000000709c00000, 0x0000000709c00000, 0x0000000709d00000|  0%| F|  |TAMS 0x0000000709c00000, 0x0000000709c00000| Untracked 
| 123|0x0000000709d00000, 0x0000000709d00000, 0x0000000709e00000|  0%| F|  |TAMS 0x0000000709d00000, 0x0000000709d00000| Untracked 
| 124|0x0000000709e00000, 0x0000000709e00000, 0x0000000709f00000|  0%| F|  |TAMS 0x0000000709e00000, 0x0000000709e00000| Untracked 
| 125|0x0000000709f00000, 0x0000000709f00000, 0x000000070a000000|  0%| F|  |TAMS 0x0000000709f00000, 0x0000000709f00000| Untracked 
| 126|0x000000070a000000, 0x000000070a098440, 0x000000070a100000| 59%| S|CS|TAMS 0x000000070a000000, 0x000000070a000000| Complete 
| 127|0x000000070a100000, 0x000000070a200000, 0x000000070a200000|100%| S|CS|TAMS 0x000000070a100000, 0x000000070a100000| Complete 
| 128|0x000000070a200000, 0x000000070a300000, 0x000000070a300000|100%| S|CS|TAMS 0x000000070a200000, 0x000000070a200000| Complete 
| 129|0x000000070a300000, 0x000000070a400000, 0x000000070a400000|100%| S|CS|TAMS 0x000000070a300000, 0x000000070a300000| Complete 
| 130|0x000000070a400000, 0x000000070a500000, 0x000000070a500000|100%| S|CS|TAMS 0x000000070a400000, 0x000000070a400000| Complete 
| 131|0x000000070a500000, 0x000000070a600000, 0x000000070a600000|100%| S|CS|TAMS 0x000000070a500000, 0x000000070a500000| Complete 
| 132|0x000000070a600000, 0x000000070a700000, 0x000000070a700000|100%| S|CS|TAMS 0x000000070a600000, 0x000000070a600000| Complete 
| 133|0x000000070a700000, 0x000000070a800000, 0x000000070a800000|100%| S|CS|TAMS 0x000000070a700000, 0x000000070a700000| Complete 
| 134|0x000000070a800000, 0x000000070a900000, 0x000000070a900000|100%| S|CS|TAMS 0x000000070a800000, 0x000000070a800000| Complete 
| 135|0x000000070a900000, 0x000000070aa00000, 0x000000070aa00000|100%| S|CS|TAMS 0x000000070a900000, 0x000000070a900000| Complete 
| 136|0x000000070aa00000, 0x000000070ab00000, 0x000000070ab00000|100%| S|CS|TAMS 0x000000070aa00000, 0x000000070aa00000| Complete 
| 137|0x000000070ab00000, 0x000000070ac00000, 0x000000070ac00000|100%| S|CS|TAMS 0x000000070ab00000, 0x000000070ab00000| Complete 
| 138|0x000000070ac00000, 0x000000070ac00000, 0x000000070ad00000|  0%| F|  |TAMS 0x000000070ac00000, 0x000000070ac00000| Untracked 
| 139|0x000000070ad00000, 0x000000070ad00000, 0x000000070ae00000|  0%| F|  |TAMS 0x000000070ad00000, 0x000000070ad00000| Untracked 
| 140|0x000000070ae00000, 0x000000070ae00000, 0x000000070af00000|  0%| F|  |TAMS 0x000000070ae00000, 0x000000070ae00000| Untracked 
| 141|0x000000070af00000, 0x000000070af00000, 0x000000070b000000|  0%| F|  |TAMS 0x000000070af00000, 0x000000070af00000| Untracked 
| 142|0x000000070b000000, 0x000000070b000000, 0x000000070b100000|  0%| F|  |TAMS 0x000000070b000000, 0x000000070b000000| Untracked 
| 143|0x000000070b100000, 0x000000070b100000, 0x000000070b200000|  0%| F|  |TAMS 0x000000070b100000, 0x000000070b100000| Untracked 
| 144|0x000000070b200000, 0x000000070b200000, 0x000000070b300000|  0%| F|  |TAMS 0x000000070b200000, 0x000000070b200000| Untracked 
| 145|0x000000070b300000, 0x000000070b300000, 0x000000070b400000|  0%| F|  |TAMS 0x000000070b300000, 0x000000070b300000| Untracked 
| 146|0x000000070b400000, 0x000000070b400000, 0x000000070b500000|  0%| F|  |TAMS 0x000000070b400000, 0x000000070b400000| Untracked 
| 147|0x000000070b500000, 0x000000070b500000, 0x000000070b600000|  0%| F|  |TAMS 0x000000070b500000, 0x000000070b500000| Untracked 
| 148|0x000000070b600000, 0x000000070b600000, 0x000000070b700000|  0%| F|  |TAMS 0x000000070b600000, 0x000000070b600000| Untracked 
| 149|0x000000070b700000, 0x000000070b700000, 0x000000070b800000|  0%| F|  |TAMS 0x000000070b700000, 0x000000070b700000| Untracked 
| 150|0x000000070b800000, 0x000000070b800000, 0x000000070b900000|  0%| F|  |TAMS 0x000000070b800000, 0x000000070b800000| Untracked 
| 151|0x000000070b900000, 0x000000070b900000, 0x000000070ba00000|  0%| F|  |TAMS 0x000000070b900000, 0x000000070b900000| Untracked 
| 152|0x000000070ba00000, 0x000000070ba00000, 0x000000070bb00000|  0%| F|  |TAMS 0x000000070ba00000, 0x000000070ba00000| Untracked 
| 153|0x000000070bb00000, 0x000000070bb00000, 0x000000070bc00000|  0%| F|  |TAMS 0x000000070bb00000, 0x000000070bb00000| Untracked 
| 154|0x000000070bc00000, 0x000000070bc00000, 0x000000070bd00000|  0%| F|  |TAMS 0x000000070bc00000, 0x000000070bc00000| Untracked 
| 155|0x000000070bd00000, 0x000000070bd00000, 0x000000070be00000|  0%| F|  |TAMS 0x000000070bd00000, 0x000000070bd00000| Untracked 
| 156|0x000000070be00000, 0x000000070be00000, 0x000000070bf00000|  0%| F|  |TAMS 0x000000070be00000, 0x000000070be00000| Untracked 
| 157|0x000000070bf00000, 0x000000070bf00000, 0x000000070c000000|  0%| F|  |TAMS 0x000000070bf00000, 0x000000070bf00000| Untracked 
| 158|0x000000070c000000, 0x000000070c000000, 0x000000070c100000|  0%| F|  |TAMS 0x000000070c000000, 0x000000070c000000| Untracked 
| 159|0x000000070c100000, 0x000000070c100000, 0x000000070c200000|  0%| F|  |TAMS 0x000000070c100000, 0x000000070c100000| Untracked 
| 160|0x000000070c200000, 0x000000070c200000, 0x000000070c300000|  0%| F|  |TAMS 0x000000070c200000, 0x000000070c200000| Untracked 
| 161|0x000000070c300000, 0x000000070c300000, 0x000000070c400000|  0%| F|  |TAMS 0x000000070c300000, 0x000000070c300000| Untracked 
| 162|0x000000070c400000, 0x000000070c400000, 0x000000070c500000|  0%| F|  |TAMS 0x000000070c400000, 0x000000070c400000| Untracked 
| 163|0x000000070c500000, 0x000000070c500000, 0x000000070c600000|  0%| F|  |TAMS 0x000000070c500000, 0x000000070c500000| Untracked 
| 164|0x000000070c600000, 0x000000070c600000, 0x000000070c700000|  0%| F|  |TAMS 0x000000070c600000, 0x000000070c600000| Untracked 
| 165|0x000000070c700000, 0x000000070c700000, 0x000000070c800000|  0%| F|  |TAMS 0x000000070c700000, 0x000000070c700000| Untracked 
| 166|0x000000070c800000, 0x000000070c800000, 0x000000070c900000|  0%| F|  |TAMS 0x000000070c800000, 0x000000070c800000| Untracked 
| 167|0x000000070c900000, 0x000000070c900000, 0x000000070ca00000|  0%| F|  |TAMS 0x000000070c900000, 0x000000070c900000| Untracked 
| 168|0x000000070ca00000, 0x000000070ca00000, 0x000000070cb00000|  0%| F|  |TAMS 0x000000070ca00000, 0x000000070ca00000| Untracked 
| 169|0x000000070cb00000, 0x000000070cb00000, 0x000000070cc00000|  0%| F|  |TAMS 0x000000070cb00000, 0x000000070cb00000| Untracked 
| 170|0x000000070cc00000, 0x000000070cc00000, 0x000000070cd00000|  0%| F|  |TAMS 0x000000070cc00000, 0x000000070cc00000| Untracked 
| 171|0x000000070cd00000, 0x000000070cd00000, 0x000000070ce00000|  0%| F|  |TAMS 0x000000070cd00000, 0x000000070cd00000| Untracked 
| 172|0x000000070ce00000, 0x000000070ce00000, 0x000000070cf00000|  0%| F|  |TAMS 0x000000070ce00000, 0x000000070ce00000| Untracked 
| 173|0x000000070cf00000, 0x000000070cf00000, 0x000000070d000000|  0%| F|  |TAMS 0x000000070cf00000, 0x000000070cf00000| Untracked 
| 174|0x000000070d000000, 0x000000070d000000, 0x000000070d100000|  0%| F|  |TAMS 0x000000070d000000, 0x000000070d000000| Untracked 
| 175|0x000000070d100000, 0x000000070d100000, 0x000000070d200000|  0%| F|  |TAMS 0x000000070d100000, 0x000000070d100000| Untracked 
| 176|0x000000070d200000, 0x000000070d200000, 0x000000070d300000|  0%| F|  |TAMS 0x000000070d200000, 0x000000070d200000| Untracked 
| 177|0x000000070d300000, 0x000000070d300000, 0x000000070d400000|  0%| F|  |TAMS 0x000000070d300000, 0x000000070d300000| Untracked 
| 178|0x000000070d400000, 0x000000070d400000, 0x000000070d500000|  0%| F|  |TAMS 0x000000070d400000, 0x000000070d400000| Untracked 
| 179|0x000000070d500000, 0x000000070d500000, 0x000000070d600000|  0%| F|  |TAMS 0x000000070d500000, 0x000000070d500000| Untracked 
| 180|0x000000070d600000, 0x000000070d600000, 0x000000070d700000|  0%| F|  |TAMS 0x000000070d600000, 0x000000070d600000| Untracked 
| 181|0x000000070d700000, 0x000000070d700000, 0x000000070d800000|  0%| F|  |TAMS 0x000000070d700000, 0x000000070d700000| Untracked 
| 182|0x000000070d800000, 0x000000070d800000, 0x000000070d900000|  0%| F|  |TAMS 0x000000070d800000, 0x000000070d800000| Untracked 
| 183|0x000000070d900000, 0x000000070d900000, 0x000000070da00000|  0%| F|  |TAMS 0x000000070d900000, 0x000000070d900000| Untracked 
| 184|0x000000070da00000, 0x000000070da00000, 0x000000070db00000|  0%| F|  |TAMS 0x000000070da00000, 0x000000070da00000| Untracked 
| 185|0x000000070db00000, 0x000000070db00000, 0x000000070dc00000|  0%| F|  |TAMS 0x000000070db00000, 0x000000070db00000| Untracked 
| 186|0x000000070dc00000, 0x000000070dc00000, 0x000000070dd00000|  0%| F|  |TAMS 0x000000070dc00000, 0x000000070dc00000| Untracked 
| 187|0x000000070dd00000, 0x000000070dd00000, 0x000000070de00000|  0%| F|  |TAMS 0x000000070dd00000, 0x000000070dd00000| Untracked 
| 188|0x000000070de00000, 0x000000070de00000, 0x000000070df00000|  0%| F|  |TAMS 0x000000070de00000, 0x000000070de00000| Untracked 
| 189|0x000000070df00000, 0x000000070df00000, 0x000000070e000000|  0%| F|  |TAMS 0x000000070df00000, 0x000000070df00000| Untracked 
| 190|0x000000070e000000, 0x000000070e000000, 0x000000070e100000|  0%| F|  |TAMS 0x000000070e000000, 0x000000070e000000| Untracked 
| 191|0x000000070e100000, 0x000000070e100000, 0x000000070e200000|  0%| F|  |TAMS 0x000000070e100000, 0x000000070e100000| Untracked 
| 192|0x000000070e200000, 0x000000070e200000, 0x000000070e300000|  0%| F|  |TAMS 0x000000070e200000, 0x000000070e200000| Untracked 
| 193|0x000000070e300000, 0x000000070e300000, 0x000000070e400000|  0%| F|  |TAMS 0x000000070e300000, 0x000000070e300000| Untracked 
| 194|0x000000070e400000, 0x000000070e400000, 0x000000070e500000|  0%| F|  |TAMS 0x000000070e400000, 0x000000070e400000| Untracked 
| 195|0x000000070e500000, 0x000000070e500000, 0x000000070e600000|  0%| F|  |TAMS 0x000000070e500000, 0x000000070e500000| Untracked 
| 196|0x000000070e600000, 0x000000070e600000, 0x000000070e700000|  0%| F|  |TAMS 0x000000070e600000, 0x000000070e600000| Untracked 
| 197|0x000000070e700000, 0x000000070e700000, 0x000000070e800000|  0%| F|  |TAMS 0x000000070e700000, 0x000000070e700000| Untracked 
| 198|0x000000070e800000, 0x000000070e800000, 0x000000070e900000|  0%| F|  |TAMS 0x000000070e800000, 0x000000070e800000| Untracked 
| 199|0x000000070e900000, 0x000000070e900000, 0x000000070ea00000|  0%| F|  |TAMS 0x000000070e900000, 0x000000070e900000| Untracked 
| 200|0x000000070ea00000, 0x000000070ea00000, 0x000000070eb00000|  0%| F|  |TAMS 0x000000070ea00000, 0x000000070ea00000| Untracked 
| 201|0x000000070eb00000, 0x000000070eb00000, 0x000000070ec00000|  0%| F|  |TAMS 0x000000070eb00000, 0x000000070eb00000| Untracked 
| 202|0x000000070ec00000, 0x000000070ec00000, 0x000000070ed00000|  0%| F|  |TAMS 0x000000070ec00000, 0x000000070ec00000| Untracked 
| 203|0x000000070ed00000, 0x000000070ed00000, 0x000000070ee00000|  0%| F|  |TAMS 0x000000070ed00000, 0x000000070ed00000| Untracked 
| 204|0x000000070ee00000, 0x000000070ee00000, 0x000000070ef00000|  0%| F|  |TAMS 0x000000070ee00000, 0x000000070ee00000| Untracked 
| 205|0x000000070ef00000, 0x000000070ef00000, 0x000000070f000000|  0%| F|  |TAMS 0x000000070ef00000, 0x000000070ef00000| Untracked 
| 206|0x000000070f000000, 0x000000070f000000, 0x000000070f100000|  0%| F|  |TAMS 0x000000070f000000, 0x000000070f000000| Untracked 
| 207|0x000000070f100000, 0x000000070f100000, 0x000000070f200000|  0%| F|  |TAMS 0x000000070f100000, 0x000000070f100000| Untracked 
| 208|0x000000070f200000, 0x000000070f200000, 0x000000070f300000|  0%| F|  |TAMS 0x000000070f200000, 0x000000070f200000| Untracked 
| 209|0x000000070f300000, 0x000000070f300000, 0x000000070f400000|  0%| F|  |TAMS 0x000000070f300000, 0x000000070f300000| Untracked 
| 210|0x000000070f400000, 0x000000070f400000, 0x000000070f500000|  0%| F|  |TAMS 0x000000070f400000, 0x000000070f400000| Untracked 
| 211|0x000000070f500000, 0x000000070f500000, 0x000000070f600000|  0%| F|  |TAMS 0x000000070f500000, 0x000000070f500000| Untracked 
| 212|0x000000070f600000, 0x000000070f600000, 0x000000070f700000|  0%| F|  |TAMS 0x000000070f600000, 0x000000070f600000| Untracked 
| 213|0x000000070f700000, 0x000000070f700000, 0x000000070f800000|  0%| F|  |TAMS 0x000000070f700000, 0x000000070f700000| Untracked 
| 214|0x000000070f800000, 0x000000070f800000, 0x000000070f900000|  0%| F|  |TAMS 0x000000070f800000, 0x000000070f800000| Untracked 
| 215|0x000000070f900000, 0x000000070f900000, 0x000000070fa00000|  0%| F|  |TAMS 0x000000070f900000, 0x000000070f900000| Untracked 
| 216|0x000000070fa00000, 0x000000070fa00000, 0x000000070fb00000|  0%| F|  |TAMS 0x000000070fa00000, 0x000000070fa00000| Untracked 
| 217|0x000000070fb00000, 0x000000070fb00000, 0x000000070fc00000|  0%| F|  |TAMS 0x000000070fb00000, 0x000000070fb00000| Untracked 
| 218|0x000000070fc00000, 0x000000070fc00000, 0x000000070fd00000|  0%| F|  |TAMS 0x000000070fc00000, 0x000000070fc00000| Untracked 
| 219|0x000000070fd00000, 0x000000070fd00000, 0x000000070fe00000|  0%| F|  |TAMS 0x000000070fd00000, 0x000000070fd00000| Untracked 
| 220|0x000000070fe00000, 0x000000070fe00000, 0x000000070ff00000|  0%| F|  |TAMS 0x000000070fe00000, 0x000000070fe00000| Untracked 
| 221|0x000000070ff00000, 0x000000070ff00000, 0x0000000710000000|  0%| F|  |TAMS 0x000000070ff00000, 0x000000070ff00000| Untracked 
| 222|0x0000000710000000, 0x0000000710000000, 0x0000000710100000|  0%| F|  |TAMS 0x0000000710000000, 0x0000000710000000| Untracked 
| 223|0x0000000710100000, 0x0000000710100000, 0x0000000710200000|  0%| F|  |TAMS 0x0000000710100000, 0x0000000710100000| Untracked 
| 224|0x0000000710200000, 0x0000000710200000, 0x0000000710300000|  0%| F|  |TAMS 0x0000000710200000, 0x0000000710200000| Untracked 
| 225|0x0000000710300000, 0x0000000710300000, 0x0000000710400000|  0%| F|  |TAMS 0x0000000710300000, 0x0000000710300000| Untracked 
| 226|0x0000000710400000, 0x0000000710400000, 0x0000000710500000|  0%| F|  |TAMS 0x0000000710400000, 0x0000000710400000| Untracked 
| 227|0x0000000710500000, 0x0000000710500000, 0x0000000710600000|  0%| F|  |TAMS 0x0000000710500000, 0x0000000710500000| Untracked 
| 228|0x0000000710600000, 0x0000000710600000, 0x0000000710700000|  0%| F|  |TAMS 0x0000000710600000, 0x0000000710600000| Untracked 
| 229|0x0000000710700000, 0x0000000710700000, 0x0000000710800000|  0%| F|  |TAMS 0x0000000710700000, 0x0000000710700000| Untracked 
| 230|0x0000000710800000, 0x0000000710800000, 0x0000000710900000|  0%| F|  |TAMS 0x0000000710800000, 0x0000000710800000| Untracked 
| 231|0x0000000710900000, 0x0000000710900000, 0x0000000710a00000|  0%| F|  |TAMS 0x0000000710900000, 0x0000000710900000| Untracked 
| 232|0x0000000710a00000, 0x0000000710a00000, 0x0000000710b00000|  0%| F|  |TAMS 0x0000000710a00000, 0x0000000710a00000| Untracked 
| 233|0x0000000710b00000, 0x0000000710b00000, 0x0000000710c00000|  0%| F|  |TAMS 0x0000000710b00000, 0x0000000710b00000| Untracked 
| 234|0x0000000710c00000, 0x0000000710c00000, 0x0000000710d00000|  0%| F|  |TAMS 0x0000000710c00000, 0x0000000710c00000| Untracked 
| 235|0x0000000710d00000, 0x0000000710d00000, 0x0000000710e00000|  0%| F|  |TAMS 0x0000000710d00000, 0x0000000710d00000| Untracked 
| 236|0x0000000710e00000, 0x0000000710e00000, 0x0000000710f00000|  0%| F|  |TAMS 0x0000000710e00000, 0x0000000710e00000| Untracked 
| 237|0x0000000710f00000, 0x0000000710f00000, 0x0000000711000000|  0%| F|  |TAMS 0x0000000710f00000, 0x0000000710f00000| Untracked 
| 238|0x0000000711000000, 0x0000000711000000, 0x0000000711100000|  0%| F|  |TAMS 0x0000000711000000, 0x0000000711000000| Untracked 
| 239|0x0000000711100000, 0x0000000711100000, 0x0000000711200000|  0%| F|  |TAMS 0x0000000711100000, 0x0000000711100000| Untracked 
| 240|0x0000000711200000, 0x0000000711200000, 0x0000000711300000|  0%| F|  |TAMS 0x0000000711200000, 0x0000000711200000| Untracked 
| 241|0x0000000711300000, 0x0000000711300000, 0x0000000711400000|  0%| F|  |TAMS 0x0000000711300000, 0x0000000711300000| Untracked 
| 242|0x0000000711400000, 0x0000000711400000, 0x0000000711500000|  0%| F|  |TAMS 0x0000000711400000, 0x0000000711400000| Untracked 
| 243|0x0000000711500000, 0x0000000711500000, 0x0000000711600000|  0%| F|  |TAMS 0x0000000711500000, 0x0000000711500000| Untracked 
| 244|0x0000000711600000, 0x0000000711600000, 0x0000000711700000|  0%| F|  |TAMS 0x0000000711600000, 0x0000000711600000| Untracked 
| 245|0x0000000711700000, 0x0000000711700000, 0x0000000711800000|  0%| F|  |TAMS 0x0000000711700000, 0x0000000711700000| Untracked 
| 246|0x0000000711800000, 0x0000000711800000, 0x0000000711900000|  0%| F|  |TAMS 0x0000000711800000, 0x0000000711800000| Untracked 
| 247|0x0000000711900000, 0x0000000711900000, 0x0000000711a00000|  0%| F|  |TAMS 0x0000000711900000, 0x0000000711900000| Untracked 
| 248|0x0000000711a00000, 0x0000000711a00000, 0x0000000711b00000|  0%| F|  |TAMS 0x0000000711a00000, 0x0000000711a00000| Untracked 
| 249|0x0000000711b00000, 0x0000000711b00000, 0x0000000711c00000|  0%| F|  |TAMS 0x0000000711b00000, 0x0000000711b00000| Untracked 
| 250|0x0000000711c00000, 0x0000000711c00000, 0x0000000711d00000|  0%| F|  |TAMS 0x0000000711c00000, 0x0000000711c00000| Untracked 
| 251|0x0000000711d00000, 0x0000000711d00000, 0x0000000711e00000|  0%| F|  |TAMS 0x0000000711d00000, 0x0000000711d00000| Untracked 
| 252|0x0000000711e00000, 0x0000000711e00000, 0x0000000711f00000|  0%| F|  |TAMS 0x0000000711e00000, 0x0000000711e00000| Untracked 
| 253|0x0000000711f00000, 0x0000000711f00000, 0x0000000712000000|  0%| F|  |TAMS 0x0000000711f00000, 0x0000000711f00000| Untracked 

Card table byte_map: [0x0000024746b30000,0x0000024747320000] _byte_map_base: 0x000002474331f000

Marking Bits (Prev, Next): (CMBitMap*) 0x000002472e6489a8, (CMBitMap*) 0x000002472e6489e0
 Prev Bits: [0x0000024747b10000, 0x000002474ba88000)
 Next Bits: [0x000002474ba90000, 0x000002474fa08000)

Polling page: 0x000002472c270000

Metaspace:

Usage:
  Non-class:     42.41 MB capacity,    41.67 MB ( 98%) used,   607.79 KB (  1%) free+waste,   151.25 KB ( <1%) overhead. 
      Class:      6.34 MB capacity,     5.88 MB ( 93%) used,   400.28 KB (  6%) free+waste,    70.94 KB (  1%) overhead. 
       Both:     48.75 MB capacity,    47.55 MB ( 98%) used,  1008.07 KB (  2%) free+waste,   222.19 KB ( <1%) overhead. 

Virtual space:
  Non-class space:       44.00 MB reserved,      42.50 MB ( 97%) committed 
      Class space:        1.00 GB reserved,       6.38 MB ( <1%) committed 
             Both:        1.04 GB reserved,      48.88 MB (  5%) committed 

Chunk freelists:
   Non-Class:  26.00 KB
       Class:  5.00 KB
        Both:  31.00 KB

MaxMetaspaceSize: 17179869184.00 GB
CompressedClassSpaceSize: 1.00 GB
Initial GC threshold: 20.80 MB
Current GC threshold: 58.75 MB
CDS: off

CodeHeap 'non-profiled nmethods': size=120000Kb used=2902Kb max_used=2902Kb free=117098Kb
 bounds [0x000002473e8c0000, 0x000002473eba0000, 0x0000024745df0000]
CodeHeap 'profiled nmethods': size=120000Kb used=9454Kb max_used=9454Kb free=110545Kb
 bounds [0x0000024737390000, 0x0000024737cd0000, 0x000002473e8c0000]
CodeHeap 'non-nmethods': size=5760Kb used=1213Kb max_used=1273Kb free=4546Kb
 bounds [0x0000024736df0000, 0x0000024737060000, 0x0000024737390000]
 total_blobs=4535 nmethods=4051 adapters=396
 compilation: enabled
              stopped_count=0, restarted_count=0
 full_count=0

Compilation events (20 events):
Event: 3.070 Thread 0x00000247530e6000 nmethod 4045 0x000002473eb8c490 code [0x000002473eb8c640, 0x000002473eb8c788]
Event: 3.070 Thread 0x000002475a8a8800 nmethod 4046 0x000002473eb8c910 code [0x000002473eb8cae0, 0x000002473eb8cd38]
Event: 3.071 Thread 0x00000247532a0800 nmethod 4033 0x000002473eb8cf90 code [0x000002473eb8d260, 0x000002473eb90508]
Event: 3.073 Thread 0x00000247530e6000 4047       4       java.security.CodeSource::<init> (52 bytes)
Event: 3.075 Thread 0x00000247530e6000 nmethod 4047 0x000002473eb92210 code [0x000002473eb923c0, 0x000002473eb92748]
Event: 3.076 Thread 0x000002475a8a8800 4048       4       jdk.internal.loader.BuiltinClassLoader::defineClass (121 bytes)
Event: 3.078 Thread 0x00000247532a0800 4049       4       java.lang.ClassLoader::addClass (9 bytes)
Event: 3.080 Thread 0x00000247532a0800 nmethod 4049 0x000002473eb92810 code [0x000002473eb929c0, 0x000002473eb92e88]
Event: 3.085 Thread 0x00000247530e6000 4050       4       java.security.CodeSource::matchCerts (254 bytes)
Event: 3.086 Thread 0x00000247530e6000 nmethod 4050 0x000002473eb93090 code [0x000002473eb93220, 0x000002473eb93318]
Event: 3.086 Thread 0x0000024753108800 4051   !   3       java.util.zip.Inflater$InflaterZStreamRef::get (52 bytes)
Event: 3.086 Thread 0x0000024753108800 nmethod 4051 0x0000024737cca390 code [0x0000024737cca600, 0x0000024737ccb048]
Event: 3.086 Thread 0x00000247532a0800 4052       4       jdk.internal.loader.ClassLoaders$AppClassLoader::defineOrCheckPackage (8 bytes)
Event: 3.090 Thread 0x0000024753108800 4053       3       java.util.Locale::hasExtensions (13 bytes)
Event: 3.090 Thread 0x0000024753108800 nmethod 4053 0x0000024737ccb510 code [0x0000024737ccb6c0, 0x0000024737ccb818]
Event: 3.093 Thread 0x00000247530e6000 4054       4       java.security.SecureClassLoader$CodeSourceKey::equals (56 bytes)
Event: 3.094 Thread 0x00000247530e6000 nmethod 4054 0x000002473eb93490 code [0x000002473eb93640, 0x000002473eb93958]
Event: 3.105 Thread 0x00000247530e6000 4055       4       java.lang.ClassLoader::preDefineClass (116 bytes)
Event: 3.118 Thread 0x00000247530e6000 nmethod 4055 0x000002473eb93c10 code [0x000002473eb93e60, 0x000002473eb94d20]
Event: 3.118 Thread 0x00000247530e6000 4057       4       jdk.internal.loader.ClassLoaders$BootClassLoader::loadClassOrNull (11 bytes)

GC Heap History (11 events):
Event: 0.433 GC heap before
{Heap before GC invocations=0 (full 0):
 garbage-first heap   total 260096K, used 24576K [0x0000000702200000, 0x0000000800000000)
  region size 1024K, 24 young (24576K), 0 survivors (0K)
 Metaspace       used 11441K, capacity 11710K, committed 11904K, reserved 1060864K
  class space    used 1067K, capacity 1133K, committed 1152K, reserved 1048576K
}
Event: 0.436 GC heap after
{Heap after GC invocations=1 (full 0):
 garbage-first heap   total 260096K, used 7725K [0x0000000702200000, 0x0000000800000000)
  region size 1024K, 3 young (3072K), 3 survivors (3072K)
 Metaspace       used 11441K, capacity 11710K, committed 11904K, reserved 1060864K
  class space    used 1067K, capacity 1133K, committed 1152K, reserved 1048576K
}
Event: 0.865 GC heap before
{Heap before GC invocations=1 (full 0):
 garbage-first heap   total 260096K, used 53805K [0x0000000702200000, 0x0000000800000000)
  region size 1024K, 49 young (50176K), 3 survivors (3072K)
 Metaspace       used 20624K, capacity 21110K, committed 21248K, reserved 1069056K
  class space    used 2281K, capacity 2468K, committed 2560K, reserved 1048576K
}
Event: 0.869 GC heap after
{Heap after GC invocations=2 (full 0):
 garbage-first heap   total 260096K, used 9773K [0x0000000702200000, 0x0000000800000000)
  region size 1024K, 5 young (5120K), 5 survivors (5120K)
 Metaspace       used 20624K, capacity 21110K, committed 21248K, reserved 1069056K
  class space    used 2281K, capacity 2468K, committed 2560K, reserved 1048576K
}
Event: 1.132 GC heap before
{Heap before GC invocations=3 (full 0):
 garbage-first heap   total 260096K, used 53805K [0x0000000702200000, 0x0000000800000000)
  region size 1024K, 48 young (49152K), 5 survivors (5120K)
 Metaspace       used 26781K, capacity 27389K, committed 27648K, reserved 1073152K
  class space    used 3057K, capacity 3279K, committed 3328K, reserved 1048576K
}
Event: 1.135 GC heap after
{Heap after GC invocations=4 (full 0):
 garbage-first heap   total 260096K, used 11827K [0x0000000702200000, 0x0000000800000000)
  region size 1024K, 4 young (4096K), 4 survivors (4096K)
 Metaspace       used 26781K, capacity 27389K, committed 27648K, reserved 1073152K
  class space    used 3057K, capacity 3279K, committed 3328K, reserved 1048576K
}
Event: 1.572 GC heap before
{Heap before GC invocations=4 (full 0):
 garbage-first heap   total 260096K, used 79411K [0x0000000702200000, 0x0000000800000000)
  region size 1024K, 71 young (72704K), 4 survivors (4096K)
 Metaspace       used 33617K, capacity 34365K, committed 34688K, reserved 1079296K
  class space    used 3863K, capacity 4131K, committed 4224K, reserved 1048576K
}
Event: 1.574 GC heap after
{Heap after GC invocations=5 (full 0):
 garbage-first heap   total 260096K, used 14118K [0x0000000702200000, 0x0000000800000000)
  region size 1024K, 7 young (7168K), 7 survivors (7168K)
 Metaspace       used 33617K, capacity 34365K, committed 34688K, reserved 1079296K
  class space    used 3863K, capacity 4131K, committed 4224K, reserved 1048576K
}
Event: 1.697 GC heap before
{Heap before GC invocations=5 (full 0):
 garbage-first heap   total 260096K, used 27430K [0x0000000702200000, 0x0000000800000000)
  region size 1024K, 21 young (21504K), 7 survivors (7168K)
 Metaspace       used 35015K, capacity 35793K, committed 35840K, reserved 1081344K
  class space    used 4131K, capacity 4460K, committed 4480K, reserved 1048576K
}
Event: 1.701 GC heap after
{Heap after GC invocations=6 (full 0):
 garbage-first heap   total 260096K, used 14786K [0x0000000702200000, 0x0000000800000000)
  region size 1024K, 7 young (7168K), 7 survivors (7168K)
 Metaspace       used 35015K, capacity 35793K, committed 35840K, reserved 1081344K
  class space    used 4131K, capacity 4460K, committed 4480K, reserved 1048576K
}
Event: 3.120 GC heap before
{Heap before GC invocations=7 (full 0):
 garbage-first heap   total 260096K, used 126402K [0x0000000702200000, 0x0000000800000000)
  region size 1024K, 116 young (118784K), 7 survivors (7168K)
 Metaspace       used 48690K, capacity 49921K, committed 50048K, reserved 1093632K
  class space    used 6019K, capacity 6491K, committed 6528K, reserved 1048576K
}

Deoptimization events (20 events):
Event: 2.815 Thread 0x000002472e5e3800 Uncommon trap: trap_request=0xffffffd6 fr.pc=0x000002473eb3adc8 relative=0x0000000000000368
Event: 2.815 Thread 0x000002472e5e3800 Uncommon trap: reason=array_check action=maybe_recompile pc=0x000002473eb3adc8 method=java.util.AbstractCollection.toArray([Ljava/lang/Object;)[Ljava/lang/Object; @ 116 c2
Event: 2.815 Thread 0x000002472e5e3800 DEOPT PACKING pc=0x000002473eb3adc8 sp=0x000000b24e5fd1c0
Event: 2.815 Thread 0x000002472e5e3800 DEOPT UNPACKING pc=0x0000024736e3a1af sp=0x000000b24e5fd160 mode 2
Event: 2.815 Thread 0x000002472e5e3800 Uncommon trap: trap_request=0xffffffd6 fr.pc=0x000002473eb3adc8 relative=0x0000000000000368
Event: 2.815 Thread 0x000002472e5e3800 Uncommon trap: reason=array_check action=maybe_recompile pc=0x000002473eb3adc8 method=java.util.AbstractCollection.toArray([Ljava/lang/Object;)[Ljava/lang/Object; @ 116 c2
Event: 2.815 Thread 0x000002472e5e3800 DEOPT PACKING pc=0x000002473eb3adc8 sp=0x000000b24e5fd1c0
Event: 2.815 Thread 0x000002472e5e3800 DEOPT UNPACKING pc=0x0000024736e3a1af sp=0x000000b24e5fd160 mode 2
Event: 2.815 Thread 0x000002472e5e3800 Uncommon trap: trap_request=0xffffffd6 fr.pc=0x000002473eb3adc8 relative=0x0000000000000368
Event: 2.815 Thread 0x000002472e5e3800 Uncommon trap: reason=array_check action=maybe_recompile pc=0x000002473eb3adc8 method=java.util.AbstractCollection.toArray([Ljava/lang/Object;)[Ljava/lang/Object; @ 116 c2
Event: 2.815 Thread 0x000002472e5e3800 DEOPT PACKING pc=0x000002473eb3adc8 sp=0x000000b24e5fd1c0
Event: 2.816 Thread 0x000002472e5e3800 DEOPT UNPACKING pc=0x0000024736e3a1af sp=0x000000b24e5fd160 mode 2
Event: 2.833 Thread 0x000002472e5e3800 Uncommon trap: trap_request=0xfffffff4 fr.pc=0x000002473ea682c4 relative=0x0000000000000764
Event: 2.833 Thread 0x000002472e5e3800 Uncommon trap: reason=null_check action=make_not_entrant pc=0x000002473ea682c4 method=org.springframework.beans.factory.support.DefaultListableBeanFactory.getBeanDefinition(Ljava/lang/String;)Lorg/springframework/beans/factory/config/BeanDefinition; @ 10 
Event: 2.833 Thread 0x000002472e5e3800 DEOPT PACKING pc=0x000002473ea682c4 sp=0x000000b24e5fd4f0
Event: 2.833 Thread 0x000002472e5e3800 DEOPT UNPACKING pc=0x0000024736e3a1af sp=0x000000b24e5fd428 mode 2
Event: 2.857 Thread 0x000002472e5e3800 DEOPT PACKING pc=0x0000024737c04524 sp=0x000000b24e5fd980
Event: 2.858 Thread 0x000002472e5e3800 DEOPT UNPACKING pc=0x0000024736e3a95e sp=0x000000b24e5fcf20 mode 0
Event: 2.858 Thread 0x000002472e5e3800 DEOPT PACKING pc=0x0000024737c04524 sp=0x000000b24e5fd980
Event: 2.858 Thread 0x000002472e5e3800 DEOPT UNPACKING pc=0x0000024736e3a95e sp=0x000000b24e5fcf20 mode 0

Classes redefined (0 events):
No events

Internal exceptions (20 events):
Event: 2.052 Thread 0x000002472e5e3800 Exception <a 'java/lang/ClassNotFoundException'{0x000000070f504948}: org/springframework/transaction/annotation/AbstractTransactionManagementConfigurationCustomizer> (0x000000070f504948) thrown at [./src/hotspot/share/classfile/systemDictionary.cpp, line 233]
Event: 2.053 Thread 0x000002472e5e3800 Exception <a 'java/lang/ClassNotFoundException'{0x000000070f51de80}: org/springframework/transaction/annotation/ProxyTransactionManagementConfigurationCustomizer> (0x000000070f51de80) thrown at [./src/hotspot/share/classfile/systemDictionary.cpp, line 233]
Event: 2.053 Thread 0x000002472e5e3800 Exception <a 'java/lang/ClassNotFoundException'{0x000000070f534030}: org/springframework/context/annotation/ImportAwareCustomizer> (0x000000070f534030) thrown at [./src/hotspot/share/classfile/systemDictionary.cpp, line 233]
Event: 2.054 Thread 0x000002472e5e3800 Exception <a 'java/lang/ClassNotFoundException'{0x000000070f545528}: org/springframework/beans/factory/AwareCustomizer> (0x000000070f545528) thrown at [./src/hotspot/share/classfile/systemDictionary.cpp, line 233]
Event: 2.103 Thread 0x000002472e5e3800 Implicit null exception at 0x000002473e9d5353 to 0x000002473e9d64b8
Event: 2.140 Thread 0x000002472e5e3800 Implicit null exception at 0x000002473e9aac50 to 0x000002473e9ab0bc
Event: 2.141 Thread 0x000002472e5e3800 Exception <a 'java/lang/NoSuchMethodError'{0x000000070eec7700}: 'void java.lang.invoke.DelegatingMethodHandle$Holder.delegate(java.lang.Object, java.lang.Object, int, java.lang.Object)'> (0x000000070eec7700) thrown at [./src/hotspot/share/interpreter/linkResolver.cpp, line 773]
Event: 2.159 Thread 0x000002472e5e3800 Exception <a 'java/lang/NoSuchMethodError'{0x000000070ec19f78}: 'void java.lang.invoke.DirectMethodHandle$Holder.invokeInterface(java.lang.Object, java.lang.Object, int)'> (0x000000070ec19f78) thrown at [./src/hotspot/share/interpreter/linkResolver.cpp, line 773]
Event: 2.159 Thread 0x000002472e5e3800 Exception <a 'java/lang/NoSuchMethodError'{0x000000070ec32030}: 'int java.lang.invoke.DirectMethodHandle$Holder.invokeVirtual(java.lang.Object, java.lang.Object)'> (0x000000070ec32030) thrown at [./src/hotspot/share/interpreter/linkResolver.cpp, line 773]
Event: 2.161 Thread 0x000002472e5e3800 Exception <a 'java/lang/IncompatibleClassChangeError'{0x000000070ec67c10}: Found class java.lang.Object, but interface was expected> (0x000000070ec67c10) thrown at [./src/hotspot/share/interpreter/linkResolver.cpp, line 839]
Event: 2.162 Thread 0x000002472e5e3800 Exception <a 'java/lang/NoSuchMethodError'{0x000000070ec6d048}: 'void java.lang.invoke.DirectMethodHandle$Holder.invokeStatic(java.lang.Object, int, java.lang.Object)'> (0x000000070ec6d048) thrown at [./src/hotspot/share/interpreter/linkResolver.cpp, line 773]
Event: 2.211 Thread 0x000002472e5e3800 Exception <a 'java/lang/NoSuchMethodError'{0x000000070e7a2588}: 'java.lang.Object java.lang.invoke.DirectMethodHandle$Holder.invokeStaticInit(java.lang.Object, int, int, int, int)'> (0x000000070e7a2588) thrown at [./src/hotspot/share/interpreter/linkResolver.cpp, line 773]
Event: 2.533 Thread 0x000002472e5e3800 Exception <a 'java/lang/NoSuchMethodError'{0x000000070e66e3c8}: 'java.lang.Object java.lang.invoke.DirectMethodHandle$Holder.invokeStaticInit(java.lang.Object, java.lang.Object, int, int, int, int)'> (0x000000070e66e3c8) thrown at [./src/hotspot/share/interpreter/linkResolver.cpp, line 773]
Event: 2.633 Thread 0x000002472e5e3800 Implicit null exception at 0x000002473e968690 to 0x000002473e969de0
Event: 2.701 Thread 0x000002472e5e3800 Exception <a 'java/io/FileNotFoundException'{0x000000070d4da320}> (0x000000070d4da320) thrown at [./src/hotspot/share/prims/jni.cpp, line 617]
Event: 2.701 Thread 0x000002472e5e3800 Exception <a 'java/io/FileNotFoundException'{0x000000070d4dbeb8}> (0x000000070d4dbeb8) thrown at [./src/hotspot/share/prims/jni.cpp, line 617]
Event: 2.723 Thread 0x000002472e5e3800 Exception <a 'java/lang/NoSuchMethodError'{0x000000070d117a58}: 'int java.lang.invoke.DirectMethodHandle$Holder.invokeInterface(java.lang.Object, java.lang.Object, java.lang.Object, java.lang.Object)'> (0x000000070d117a58) thrown at [./src/hotspot/share/interpreter/linkResolver.cpp, line 773]
Event: 2.762 Thread 0x000002472e5e3800 Exception <a 'java/lang/NoSuchMethodError'{0x000000070cd26b30}: 'long java.lang.invoke.DirectMethodHandle$Holder.invokeVirtual(java.lang.Object, java.lang.Object)'> (0x000000070cd26b30) thrown at [./src/hotspot/share/interpreter/linkResolver.cpp, line 773]
Event: 2.766 Thread 0x000002472e5e3800 Exception <a 'java/io/FileNotFoundException'{0x000000070cd7c398}> (0x000000070cd7c398) thrown at [./src/hotspot/share/prims/jni.cpp, line 617]
Event: 2.833 Thread 0x000002472e5e3800 Implicit null exception at 0x000002473ea67f6b to 0x000002473ea682b0

Events (20 events):
Event: 3.117 loading class org/hibernate/internal/util/compare/ComparableComparator done
Event: 3.118 loading class org/hibernate/type/NumericBooleanType
Event: 3.118 loading class org/hibernate/type/NumericBooleanType done
Event: 3.118 loading class org/hibernate/type/TrueFalseType
Event: 3.118 loading class org/hibernate/type/TrueFalseType done
Event: 3.118 loading class org/hibernate/type/YesNoType
Event: 3.118 loading class org/hibernate/type/YesNoType done
Event: 3.119 loading class org/hibernate/type/ByteType
Event: 3.119 loading class org/hibernate/type/ByteType done
Event: 3.119 loading class org/hibernate/type/descriptor/java/ByteTypeDescriptor
Event: 3.119 loading class org/hibernate/type/descriptor/java/ByteTypeDescriptor done
Event: 3.119 loading class org/hibernate/type/CharacterType
Event: 3.119 loading class org/hibernate/type/CharacterType done
Event: 3.119 loading class org/hibernate/type/descriptor/java/CharacterTypeDescriptor
Event: 3.119 loading class org/hibernate/type/descriptor/java/CharacterTypeDescriptor done
Event: 3.120 loading class org/hibernate/type/ShortType
Event: 3.120 loading class org/hibernate/type/ShortType done
Event: 3.120 loading class org/hibernate/type/descriptor/java/ShortTypeDescriptor
Event: 3.120 loading class org/hibernate/type/descriptor/java/ShortTypeDescriptor done
Event: 3.120 Executing VM operation: G1CollectForAllocation


Dynamic libraries:
0x00007ff705970000 - 0x00007ff70597d000 	C:\Program Files\Zulu\zulu-11\bin\java.exe
0x00007ffa9a0f0000 - 0x00007ffa9a2e8000 	C:\Windows\SYSTEM32\ntdll.dll
0x00007ffa99f90000 - 0x00007ffa9a04f000 	C:\Windows\System32\KERNEL32.DLL
0x00007ffa97850000 - 0x00007ffa97b22000 	C:\Windows\System32\KERNELBASE.dll
0x00007ffa97cc0000 - 0x00007ffa97dc0000 	C:\Windows\System32\ucrtbase.dll
0x00007ffa7d1c0000 - 0x00007ffa7d1d5000 	C:\Program Files\Zulu\zulu-11\bin\VCRUNTIME140.dll
0x00007ffa7d1e0000 - 0x00007ffa7d1f7000 	C:\Program Files\Zulu\zulu-11\bin\jli.dll
0x00007ffa991f0000 - 0x00007ffa99391000 	C:\Windows\System32\USER32.dll
0x00007ffa97c90000 - 0x00007ffa97cb2000 	C:\Windows\System32\win32u.dll
0x00007ffa98ad0000 - 0x00007ffa98afb000 	C:\Windows\System32\GDI32.dll
0x00007ffa97f20000 - 0x00007ffa9802f000 	C:\Windows\System32\gdi32full.dll
0x00007ffa88160000 - 0x00007ffa883fa000 	C:\Windows\WinSxS\amd64_microsoft.windows.common-controls_6595b64144ccf1df_6.0.19041.1110_none_60b5254171f9507e\COMCTL32.dll
0x00007ffa97b60000 - 0x00007ffa97bfd000 	C:\Windows\System32\msvcp_win.dll
0x00007ffa98ba0000 - 0x00007ffa98c3e000 	C:\Windows\System32\msvcrt.dll
0x00007ffa99470000 - 0x00007ffa994a2000 	C:\Windows\System32\IMM32.DLL
0x00007ffa7d120000 - 0x00007ffa7d1bb000 	C:\Program Files\Zulu\zulu-11\bin\msvcp140.dll
0x00007ffa426a0000 - 0x00007ffa43236000 	C:\Program Files\Zulu\zulu-11\bin\server\jvm.dll
0x00007ffa982d0000 - 0x00007ffa9837e000 	C:\Windows\System32\ADVAPI32.dll
0x00007ffa98b00000 - 0x00007ffa98b9c000 	C:\Windows\System32\sechost.dll
0x00007ffa990b0000 - 0x00007ffa991d5000 	C:\Windows\System32\RPCRT4.dll
0x00007ffa996c0000 - 0x00007ffa996c8000 	C:\Windows\System32\PSAPI.DLL
0x00007ffa91330000 - 0x00007ffa9133a000 	C:\Windows\SYSTEM32\VERSION.dll
0x00007ffa80b90000 - 0x00007ffa80b99000 	C:\Windows\SYSTEM32\WSOCK32.dll
0x00007ffa90250000 - 0x00007ffa90277000 	C:\Windows\SYSTEM32\WINMM.dll
0x00007ffa993a0000 - 0x00007ffa9940b000 	C:\Windows\System32\WS2_32.dll
0x00007ffa95680000 - 0x00007ffa95692000 	C:\Windows\SYSTEM32\kernel.appcore.dll
0x00007ffa7d110000 - 0x00007ffa7d120000 	C:\Program Files\Zulu\zulu-11\bin\verify.dll
0x00007ffa88d40000 - 0x00007ffa88f24000 	C:\Windows\SYSTEM32\DBGHELP.DLL
0x00007ffa7dd50000 - 0x00007ffa7dd85000 	C:\Windows\SYSTEM32\dbgcore.DLL
0x00007ffa97c00000 - 0x00007ffa97c82000 	C:\Windows\System32\bcryptPrimitives.dll
0x00007ffa7d0e0000 - 0x00007ffa7d108000 	C:\Program Files\Zulu\zulu-11\bin\java.dll
0x00007ffa7d0d0000 - 0x00007ffa7d0da000 	C:\Program Files\Zulu\zulu-11\bin\jimage.dll
0x00007ffa92dc0000 - 0x00007ffa92dce000 	C:\Program Files\Zulu\zulu-11\bin\instrument.dll
0x00007ffa7d0b0000 - 0x00007ffa7d0c8000 	C:\Program Files\Zulu\zulu-11\bin\zip.dll
0x00007ffa98380000 - 0x00007ffa98ac4000 	C:\Windows\System32\SHELL32.dll
0x00007ffa95880000 - 0x00007ffa96012000 	C:\Windows\SYSTEM32\windows.storage.dll
0x00007ffa99b80000 - 0x00007ffa99ed5000 	C:\Windows\System32\combase.dll
0x00007ffa97160000 - 0x00007ffa97190000 	C:\Windows\SYSTEM32\Wldp.dll
0x00007ffa99ee0000 - 0x00007ffa99f8d000 	C:\Windows\System32\SHCORE.dll
0x00007ffa99410000 - 0x00007ffa99465000 	C:\Windows\System32\shlwapi.dll
0x00007ffa97720000 - 0x00007ffa9773f000 	C:\Windows\SYSTEM32\profapi.dll
0x00007ffa7d090000 - 0x00007ffa7d0a9000 	C:\Program Files\Zulu\zulu-11\bin\net.dll
0x00007ffa92a50000 - 0x00007ffa92b5c000 	C:\Windows\SYSTEM32\WINHTTP.dll
0x00007ffa96ea0000 - 0x00007ffa96f0a000 	C:\Windows\system32\mswsock.dll
0x00007ffa7bd60000 - 0x00007ffa7bd73000 	C:\Program Files\Zulu\zulu-11\bin\nio.dll
0x00007ffa842f0000 - 0x00007ffa8430a000 	C:\Program Files\JetBrains\IntelliJ IDEA Community Edition 2022.3.2\bin\breakgen64.dll
0x00007ffa92e40000 - 0x00007ffa92e49000 	C:\Program Files\Zulu\zulu-11\bin\management.dll
0x00007ffa90b10000 - 0x00007ffa90b1b000 	C:\Program Files\Zulu\zulu-11\bin\management_ext.dll
0x00007ffa85ee0000 - 0x00007ffa85ef7000 	C:\Windows\system32\napinsp.dll
0x00007ffa85ea0000 - 0x00007ffa85ebb000 	C:\Windows\system32\pnrpnsp.dll
0x00007ffa85e60000 - 0x00007ffa85e75000 	C:\Windows\system32\wshbth.dll
0x00007ffa92cd0000 - 0x00007ffa92ced000 	C:\Windows\system32\NLAapi.dll
0x00007ffa96b90000 - 0x00007ffa96bcb000 	C:\Windows\SYSTEM32\IPHLPAPI.DLL
0x00007ffa96bd0000 - 0x00007ffa96c9a000 	C:\Windows\SYSTEM32\DNSAPI.dll
0x00007ffa991e0000 - 0x00007ffa991e8000 	C:\Windows\System32\NSI.dll
0x00007ffa85cc0000 - 0x00007ffa85cd2000 	C:\Windows\System32\winrnr.dll
0x00007ffa86100000 - 0x00007ffa8610a000 	C:\Windows\System32\rasadhlp.dll
0x00007ffa91340000 - 0x00007ffa913c0000 	C:\Windows\System32\fwpuclnt.dll
0x00007ffa97b30000 - 0x00007ffa97b57000 	C:\Windows\System32\bcrypt.dll
0x00007ffa970c0000 - 0x00007ffa970d8000 	C:\Windows\SYSTEM32\CRYPTSP.dll
0x00007ffa967a0000 - 0x00007ffa967d4000 	C:\Windows\system32\rsaenh.dll
0x00007ffa976a0000 - 0x00007ffa976ce000 	C:\Windows\SYSTEM32\USERENV.dll
0x00007ffa970b0000 - 0x00007ffa970bc000 	C:\Windows\SYSTEM32\CRYPTBASE.dll
0x00007ffa92cb0000 - 0x00007ffa92cc7000 	C:\Windows\SYSTEM32\dhcpcsvc6.DLL
0x00007ffa94860000 - 0x00007ffa9487d000 	C:\Windows\SYSTEM32\dhcpcsvc.DLL
0x00007ffa7d2b0000 - 0x00007ffa7d2d5000 	C:\Program Files\Zulu\zulu-11\bin\sunec.dll
0x00007ffa919f0000 - 0x00007ffa919fe000 	C:\Program Files\Zulu\zulu-11\bin\sunmscapi.dll
0x00007ffa97dc0000 - 0x00007ffa97f16000 	C:\Windows\System32\CRYPT32.dll
0x00007ffa971d0000 - 0x00007ffa971f7000 	C:\Windows\SYSTEM32\ncrypt.dll
0x00007ffa97190000 - 0x00007ffa971cb000 	C:\Windows\SYSTEM32\NTASN1.dll

dbghelp: loaded successfully - version: 4.0.5 - missing functions: none
symbol engine: initialized successfully - sym options: 0x614 - pdb path: .;C:\Program Files\Zulu\zulu-11\bin;C:\Windows\SYSTEM32;C:\Windows\WinSxS\amd64_microsoft.windows.common-controls_6595b64144ccf1df_6.0.19041.1110_none_60b5254171f9507e;C:\Program Files\Zulu\zulu-11\bin\server;C:\Program Files\JetBrains\IntelliJ IDEA Community Edition 2022.3.2\bin

VM Arguments:
jvm_args: -javaagent:C:\Program Files\JetBrains\IntelliJ IDEA Community Edition 2022.3.2\lib\idea_rt.jar=64184:C:\Program Files\JetBrains\IntelliJ IDEA Community Edition 2022.3.2\bin -Dfile.encoding=UTF-8 
java_command: com.project.chamong.ChamongApplication
java_class_path (initial): C:\Users\Administrator\Desktop\chamong_main - 0321\seb42_main_003\server\out\production\classes;C:\Users\Administrator\Desktop\chamong_main - 0321\seb42_main_003\server\out\production\resources;C:\Users\Administrator\.gradle\caches\modules-2\files-2.1\org.springframework.boot\spring-boot-starter-data-jpa\2.7.9\5af4a206fd4eaac881b7d96ca1ef19b2111a355c\spring-boot-starter-data-jpa-2.7.9.jar;C:\Users\Administrator\.gradle\caches\modules-2\files-2.1\org.springframework.boot\spring-boot-starter-validation\2.7.9\7cfc9801c13eefd3d20499c2371d921eb11c328\spring-boot-starter-validation-2.7.9.jar;C:\Users\Administrator\.gradle\caches\modules-2\files-2.1\org.springframework.boot\spring-boot-starter-security\2.7.9\ca8e422a56493e99a7c8c9d56d92091256d9fed7\spring-boot-starter-security-2.7.9.jar;C:\Users\Administrator\.gradle\caches\modules-2\files-2.1\org.springframework.boot\spring-boot-starter-web\2.7.9\e745a069e2b7ca51e378fcbc397d14dd82178199\spring-boot-starter-web-2.7.9.jar;C:\Users\Administrator\.gradle\caches\modules-2\files-2.1\org.springframework.boot\spring-boot-starter-data-redis\2.7.9\7aa0e971c046ade09793b1f1b1af26a5ef24cbf2\spring-boot-starter-data-redis-2.7.9.jar;C:\Users\Administrator\.gradle\caches\modules-2\files-2.1\org.apache.httpcomponents.client5\httpclient5\5.2.1\c900514d3446d9ce5d9dbd90c21192048125440\httpclient5-5.2.1.jar;C:\Users\Administrator\.gradle\caches\modules-2\files-2.1\org.json\json\20200518\41a767de4bde8f01d53856b905c49b2db8862f13\json-20200518.jar;C:\Users\Administrator\.gradle\caches\modules-2\files-2.1\org.mapstruct\mapstruct\1.5.3.Final\5f5d063858957ef086858bc3d003f702082297f3\mapstruct-1.5.3.Final.jar;C:\Users\Administrator\.gradle\caches\modules-2\files-2.1\com.google.code.gson\gson\2.9.1\2cc2131b98ebfb04e2b2c7dfb84431f4045096b\gson-2.9.1.jar;C:\Users\Administrator\.gradle\caches\modules-2\files-2.1\io.jsonwebtoken\jjwt-api\0.11.5\f742940045619d06383e7df37b21ac422b476cf1\jjwt-api-0.11.5.jar;C:\Users\Administrato
Launcher Type: SUN_STANDARD

[Global flags]
     intx CICompilerCount                          = 4                                         {product} {ergonomic}
     uint ConcGCThreads                            = 3                                         {product} {ergonomic}
     uint G1ConcRefinementThreads                  = 10                                        {product} {ergonomic}
   size_t G1HeapRegionSize                         = 1048576                                   {product} {ergonomic}
    uintx GCDrainStackTargetSize                   = 64                                        {product} {ergonomic}
   size_t InitialHeapSize                          = 266338304                                 {product} {ergonomic}
   size_t MarkStackSize                            = 4194304                                   {product} {ergonomic}
   size_t MaxHeapSize                              = 4259315712                                {product} {ergonomic}
   size_t MaxNewSize                               = 2555379712                                {product} {ergonomic}
   size_t MinHeapDeltaBytes                        = 1048576                                   {product} {ergonomic}
    uintx NonNMethodCodeHeapSize                   = 5836300                                {pd product} {ergonomic}
    uintx NonProfiledCodeHeapSize                  = 122910970                              {pd product} {ergonomic}
    uintx ProfiledCodeHeapSize                     = 122910970                              {pd product} {ergonomic}
    uintx ReservedCodeCacheSize                    = 251658240                              {pd product} {ergonomic}
     bool SegmentedCodeCache                       = true                                      {product} {ergonomic}
     bool UseCompressedClassPointers               = true                                 {lp64_product} {ergonomic}
     bool UseCompressedOops                        = true                                 {lp64_product} {ergonomic}
     bool UseG1GC                                  = true                                      {product} {ergonomic}
     bool UseLargePagesIndividualAllocation        = false                                  {pd product} {ergonomic}

Logging:
Log output configuration:
 #0: stdout all=warning uptime,level,tags
 #1: stderr all=off uptime,level,tags

Environment Variables:
JAVA_HOME=C:\Program Files\Zulu\zulu-11
JRE_HOME=C:\Program Files\Zulu\zulu-11\jre\
CLASSPATH=C:\Program Files\Zulu\zulu-11\lib
PATH=C:\Program Files\Zulu\zulu-11\bin\;C:\Windows\system32;C:\Windows;C:\Windows\system32;C:\Windows;C:\Program Files (x86)\NAT Service;C:\Windows\system32;C:\Windows;C:\Windows\System32\Wbem;C:\Windows\System32\WindowsPowerShell\v1.0\;C:\Windows\System32\OpenSSH\;C:\Program Files\Bandizip\;C:\Program Files\Zulu\zulu-11\bin;C:\Program Files (x86)\NVIDIA Corporation\PhysX\Common;C:\Program Files\NVIDIA Corporation\NVIDIA NvDLISR;C:\Program Files\dotnet\;C:\Program Files\Git\cmd;C:\Apache24\bin;C:\Program Files\PuTTY\;C:\Users\Administrator\AppData\Local\Microsoft\WindowsApps;
USERNAME=Administrator
OS=Windows_NT
PROCESSOR_IDENTIFIER=Intel64 Family 6 Model 151 Stepping 5, GenuineIntel
TMP=C:\Users\ADMINI~1\AppData\Local\Temp
TEMP=C:\Users\ADMINI~1\AppData\Local\Temp



---------------  S Y S T E M  ---------------

OS: Windows 10 , 64 bit Build 19041 (10.0.19041.2364)
OS uptime: 0 days 13:44 hours
Hyper-V role detected

CPU:total 12 (initial active 12) (6 cores per cpu, 2 threads per core) family 6 model 151 stepping 5 microcode 0x1a, cmov, cx8, fxsr, mmx, sse, sse2, sse3, ssse3, sse4.1, sse4.2, popcnt, avx, avx2, aes, clmul, erms, 3dnowpref, lzcnt, ht, tsc, tscinvbit, bmi1, bmi2, adx, sha, fma

Memory: 4k page, system-wide physical 16243M (5099M free)
TotalPageFile size 19169M (AvailPageFile size 11M)
current process WorkingSet (physical memory assigned to process): 317M, peak: 317M
current process commit charge ("private bytes"): 481M, peak: 532M

vm_info: OpenJDK 64-Bit Server VM (11.0.18+10-LTS) for windows-amd64 JRE (Zulu11.62+17-CA) (11.0.18+10-LTS), built on Jan  4 2023 15:02:54 by "zulu_re" with MS VC++ 15.9 (VS2017)

END.
